ARM GAS  C:\Users\rober\AppData\Local\Temp\ccCYNS7b.s 			page 1


   1              		.syntax unified
   2              		.cpu cortex-m4
   3              		.eabi_attribute 27, 1
   4              		.fpu fpv4-sp-d16
   5              		.eabi_attribute 20, 1
   6              		.eabi_attribute 21, 1
   7              		.eabi_attribute 23, 3
   8              		.eabi_attribute 24, 1
   9              		.eabi_attribute 25, 1
  10              		.eabi_attribute 26, 1
  11              		.eabi_attribute 30, 6
  12              		.eabi_attribute 34, 1
  13              		.eabi_attribute 18, 4
  14              		.thumb
  15              		.syntax unified
  16              		.file	"cy_tcpwm_quaddec.c"
  17              		.text
  18              	.Ltext0:
  19              		.cfi_sections	.debug_frame
  20              		.section	.text.Cy_TCPWM_QuadDec_Init,"ax",%progbits
  21              		.align	2
  22              		.global	Cy_TCPWM_QuadDec_Init
  23              		.thumb
  24              		.thumb_func
  25              		.type	Cy_TCPWM_QuadDec_Init, %function
  26              	Cy_TCPWM_QuadDec_Init:
  27              	.LFB144:
  28              		.file 1 "Generated_Source\\PSoC6\\pdl\\drivers\\peripheral\\tcpwm\\cy_tcpwm_quaddec.c"
   1:Generated_Source\PSoC6\pdl\drivers\peripheral\tcpwm/cy_tcpwm_quaddec.c **** /***************************************************************************//**
   2:Generated_Source\PSoC6\pdl\drivers\peripheral\tcpwm/cy_tcpwm_quaddec.c **** * \file cy_tcpwm_quaddec.c
   3:Generated_Source\PSoC6\pdl\drivers\peripheral\tcpwm/cy_tcpwm_quaddec.c **** * \version 1.0.1
   4:Generated_Source\PSoC6\pdl\drivers\peripheral\tcpwm/cy_tcpwm_quaddec.c **** *
   5:Generated_Source\PSoC6\pdl\drivers\peripheral\tcpwm/cy_tcpwm_quaddec.c **** * \brief
   6:Generated_Source\PSoC6\pdl\drivers\peripheral\tcpwm/cy_tcpwm_quaddec.c **** *  The source file of the tcpwm driver.
   7:Generated_Source\PSoC6\pdl\drivers\peripheral\tcpwm/cy_tcpwm_quaddec.c **** *
   8:Generated_Source\PSoC6\pdl\drivers\peripheral\tcpwm/cy_tcpwm_quaddec.c **** ********************************************************************************
   9:Generated_Source\PSoC6\pdl\drivers\peripheral\tcpwm/cy_tcpwm_quaddec.c **** * \copyright
  10:Generated_Source\PSoC6\pdl\drivers\peripheral\tcpwm/cy_tcpwm_quaddec.c **** * Copyright 2016-2018, Cypress Semiconductor Corporation.  All rights reserved.
  11:Generated_Source\PSoC6\pdl\drivers\peripheral\tcpwm/cy_tcpwm_quaddec.c **** * You may use this file only in accordance with the license, terms, conditions,
  12:Generated_Source\PSoC6\pdl\drivers\peripheral\tcpwm/cy_tcpwm_quaddec.c **** * disclaimers, and limitations in the end user license agreement accompanying
  13:Generated_Source\PSoC6\pdl\drivers\peripheral\tcpwm/cy_tcpwm_quaddec.c **** * the software package with which this file was provided.
  14:Generated_Source\PSoC6\pdl\drivers\peripheral\tcpwm/cy_tcpwm_quaddec.c **** *******************************************************************************/
  15:Generated_Source\PSoC6\pdl\drivers\peripheral\tcpwm/cy_tcpwm_quaddec.c **** 
  16:Generated_Source\PSoC6\pdl\drivers\peripheral\tcpwm/cy_tcpwm_quaddec.c **** #include "cy_tcpwm_quaddec.h"
  17:Generated_Source\PSoC6\pdl\drivers\peripheral\tcpwm/cy_tcpwm_quaddec.c **** 
  18:Generated_Source\PSoC6\pdl\drivers\peripheral\tcpwm/cy_tcpwm_quaddec.c **** #if defined(__cplusplus)
  19:Generated_Source\PSoC6\pdl\drivers\peripheral\tcpwm/cy_tcpwm_quaddec.c **** extern "C" {
  20:Generated_Source\PSoC6\pdl\drivers\peripheral\tcpwm/cy_tcpwm_quaddec.c **** #endif
  21:Generated_Source\PSoC6\pdl\drivers\peripheral\tcpwm/cy_tcpwm_quaddec.c **** 
  22:Generated_Source\PSoC6\pdl\drivers\peripheral\tcpwm/cy_tcpwm_quaddec.c **** 
  23:Generated_Source\PSoC6\pdl\drivers\peripheral\tcpwm/cy_tcpwm_quaddec.c **** /*******************************************************************************
  24:Generated_Source\PSoC6\pdl\drivers\peripheral\tcpwm/cy_tcpwm_quaddec.c **** * Function Name: Cy_TCPWM_QuadDec_Init
  25:Generated_Source\PSoC6\pdl\drivers\peripheral\tcpwm/cy_tcpwm_quaddec.c **** ****************************************************************************//**
  26:Generated_Source\PSoC6\pdl\drivers\peripheral\tcpwm/cy_tcpwm_quaddec.c **** *
  27:Generated_Source\PSoC6\pdl\drivers\peripheral\tcpwm/cy_tcpwm_quaddec.c **** * Initializes the counter in the TCPWM block for the QuadDec operation.
  28:Generated_Source\PSoC6\pdl\drivers\peripheral\tcpwm/cy_tcpwm_quaddec.c **** *
  29:Generated_Source\PSoC6\pdl\drivers\peripheral\tcpwm/cy_tcpwm_quaddec.c **** * \param base
ARM GAS  C:\Users\rober\AppData\Local\Temp\ccCYNS7b.s 			page 2


  30:Generated_Source\PSoC6\pdl\drivers\peripheral\tcpwm/cy_tcpwm_quaddec.c **** * The pointer to a TCPWM instance.
  31:Generated_Source\PSoC6\pdl\drivers\peripheral\tcpwm/cy_tcpwm_quaddec.c **** *
  32:Generated_Source\PSoC6\pdl\drivers\peripheral\tcpwm/cy_tcpwm_quaddec.c **** * \param cntNum
  33:Generated_Source\PSoC6\pdl\drivers\peripheral\tcpwm/cy_tcpwm_quaddec.c **** * The Counter instance number in the selected TCPWM.
  34:Generated_Source\PSoC6\pdl\drivers\peripheral\tcpwm/cy_tcpwm_quaddec.c **** *
  35:Generated_Source\PSoC6\pdl\drivers\peripheral\tcpwm/cy_tcpwm_quaddec.c **** * \param config
  36:Generated_Source\PSoC6\pdl\drivers\peripheral\tcpwm/cy_tcpwm_quaddec.c **** * The pointer to a configuration structure. See \ref cy_stc_tcpwm_quaddec_config_t.
  37:Generated_Source\PSoC6\pdl\drivers\peripheral\tcpwm/cy_tcpwm_quaddec.c **** *
  38:Generated_Source\PSoC6\pdl\drivers\peripheral\tcpwm/cy_tcpwm_quaddec.c **** * \return error / status code. See \ref cy_en_tcpwm_status_t.
  39:Generated_Source\PSoC6\pdl\drivers\peripheral\tcpwm/cy_tcpwm_quaddec.c **** *
  40:Generated_Source\PSoC6\pdl\drivers\peripheral\tcpwm/cy_tcpwm_quaddec.c **** * \funcusage
  41:Generated_Source\PSoC6\pdl\drivers\peripheral\tcpwm/cy_tcpwm_quaddec.c **** * \snippet tcpwm/tcpwm_v1_0_quaddec_sut_01.cydsn/main_cm4.c snippet_Cy_TCPWM_QuadDec_Config
  42:Generated_Source\PSoC6\pdl\drivers\peripheral\tcpwm/cy_tcpwm_quaddec.c **** * \snippet tcpwm/tcpwm_v1_0_quaddec_sut_01.cydsn/main_cm4.c snippet_Cy_TCPWM_QuadDec_Init
  43:Generated_Source\PSoC6\pdl\drivers\peripheral\tcpwm/cy_tcpwm_quaddec.c **** *
  44:Generated_Source\PSoC6\pdl\drivers\peripheral\tcpwm/cy_tcpwm_quaddec.c **** *******************************************************************************/
  45:Generated_Source\PSoC6\pdl\drivers\peripheral\tcpwm/cy_tcpwm_quaddec.c **** cy_en_tcpwm_status_t Cy_TCPWM_QuadDec_Init(TCPWM_Type *base, uint32_t cntNum, 
  46:Generated_Source\PSoC6\pdl\drivers\peripheral\tcpwm/cy_tcpwm_quaddec.c ****                                            cy_stc_tcpwm_quaddec_config_t const *config)
  47:Generated_Source\PSoC6\pdl\drivers\peripheral\tcpwm/cy_tcpwm_quaddec.c **** {
  29              		.loc 1 47 0
  30              		.cfi_startproc
  31              		@ args = 0, pretend = 0, frame = 24
  32              		@ frame_needed = 1, uses_anonymous_args = 0
  33              		@ link register save eliminated.
  34 0000 80B4     		push	{r7}
  35              		.cfi_def_cfa_offset 4
  36              		.cfi_offset 7, -4
  37 0002 87B0     		sub	sp, sp, #28
  38              		.cfi_def_cfa_offset 32
  39 0004 00AF     		add	r7, sp, #0
  40              		.cfi_def_cfa_register 7
  41 0006 F860     		str	r0, [r7, #12]
  42 0008 B960     		str	r1, [r7, #8]
  43 000a 7A60     		str	r2, [r7, #4]
  48:Generated_Source\PSoC6\pdl\drivers\peripheral\tcpwm/cy_tcpwm_quaddec.c ****     cy_en_tcpwm_status_t status = CY_TCPWM_BAD_PARAM;
  44              		.loc 1 48 0
  45 000c 2E4B     		ldr	r3, .L5
  46 000e 7B61     		str	r3, [r7, #20]
  49:Generated_Source\PSoC6\pdl\drivers\peripheral\tcpwm/cy_tcpwm_quaddec.c **** 
  50:Generated_Source\PSoC6\pdl\drivers\peripheral\tcpwm/cy_tcpwm_quaddec.c ****     if ((NULL != base) && (NULL != config))
  47              		.loc 1 50 0
  48 0010 FB68     		ldr	r3, [r7, #12]
  49 0012 002B     		cmp	r3, #0
  50 0014 50D0     		beq	.L2
  51              		.loc 1 50 0 is_stmt 0 discriminator 1
  52 0016 7B68     		ldr	r3, [r7, #4]
  53 0018 002B     		cmp	r3, #0
  54 001a 4DD0     		beq	.L2
  51:Generated_Source\PSoC6\pdl\drivers\peripheral\tcpwm/cy_tcpwm_quaddec.c ****     {
  52:Generated_Source\PSoC6\pdl\drivers\peripheral\tcpwm/cy_tcpwm_quaddec.c ****         base->CNT[cntNum].CTRL = ( _VAL2FLD(TCPWM_CNT_CTRL_QUADRATURE_MODE, config->resolution) |
  55              		.loc 1 52 0 is_stmt 1
  56 001c 7B68     		ldr	r3, [r7, #4]
  57 001e 1B68     		ldr	r3, [r3]
  58 0020 1B05     		lsls	r3, r3, #20
  59 0022 03F44013 		and	r3, r3, #3145728
  60 0026 43F04072 		orr	r2, r3, #50331648
  61 002a F968     		ldr	r1, [r7, #12]
  62 002c BB68     		ldr	r3, [r7, #8]
ARM GAS  C:\Users\rober\AppData\Local\Temp\ccCYNS7b.s 			page 3


  63 002e 0433     		adds	r3, r3, #4
  64 0030 9B01     		lsls	r3, r3, #6
  65 0032 0B44     		add	r3, r3, r1
  66 0034 1A60     		str	r2, [r3]
  53:Generated_Source\PSoC6\pdl\drivers\peripheral\tcpwm/cy_tcpwm_quaddec.c ****                             _VAL2FLD(TCPWM_CNT_CTRL_MODE, CY_TCPWM_QUADDEC_CTRL_QUADDEC_MODE));
  54:Generated_Source\PSoC6\pdl\drivers\peripheral\tcpwm/cy_tcpwm_quaddec.c **** 
  55:Generated_Source\PSoC6\pdl\drivers\peripheral\tcpwm/cy_tcpwm_quaddec.c ****         if (CY_TCPWM_INPUT_CREATOR != config->phiAInput)
  67              		.loc 1 55 0
  68 0036 7B68     		ldr	r3, [r7, #4]
  69 0038 9B69     		ldr	r3, [r3, #24]
  70 003a B3F1FF3F 		cmp	r3, #-1
  71 003e 1BD0     		beq	.L3
  56:Generated_Source\PSoC6\pdl\drivers\peripheral\tcpwm/cy_tcpwm_quaddec.c ****         {        
  57:Generated_Source\PSoC6\pdl\drivers\peripheral\tcpwm/cy_tcpwm_quaddec.c ****             base->CNT[cntNum].TR_CTRL0 = (_VAL2FLD(TCPWM_CNT_TR_CTRL0_COUNT_SEL, config->phiAInput)
  72              		.loc 1 57 0
  73 0040 7B68     		ldr	r3, [r7, #4]
  74 0042 9B69     		ldr	r3, [r3, #24]
  75 0044 1B01     		lsls	r3, r3, #4
  76 0046 DAB2     		uxtb	r2, r3
  58:Generated_Source\PSoC6\pdl\drivers\peripheral\tcpwm/cy_tcpwm_quaddec.c ****                                           _VAL2FLD(TCPWM_CNT_TR_CTRL0_START_SEL, config->phiBInput)
  77              		.loc 1 58 0
  78 0048 7B68     		ldr	r3, [r7, #4]
  79 004a DB69     		ldr	r3, [r3, #28]
  80 004c 1B04     		lsls	r3, r3, #16
  81 004e 03F47023 		and	r3, r3, #983040
  57:Generated_Source\PSoC6\pdl\drivers\peripheral\tcpwm/cy_tcpwm_quaddec.c ****                                           _VAL2FLD(TCPWM_CNT_TR_CTRL0_START_SEL, config->phiBInput)
  82              		.loc 1 57 0
  83 0052 1A43     		orrs	r2, r2, r3
  59:Generated_Source\PSoC6\pdl\drivers\peripheral\tcpwm/cy_tcpwm_quaddec.c ****                                           _VAL2FLD(TCPWM_CNT_TR_CTRL0_RELOAD_SEL, config->indexInpu
  84              		.loc 1 59 0
  85 0054 7B68     		ldr	r3, [r7, #4]
  86 0056 DB68     		ldr	r3, [r3, #12]
  87 0058 1B02     		lsls	r3, r3, #8
  88 005a 03F47063 		and	r3, r3, #3840
  58:Generated_Source\PSoC6\pdl\drivers\peripheral\tcpwm/cy_tcpwm_quaddec.c ****                                           _VAL2FLD(TCPWM_CNT_TR_CTRL0_START_SEL, config->phiBInput)
  89              		.loc 1 58 0
  90 005e 1A43     		orrs	r2, r2, r3
  60:Generated_Source\PSoC6\pdl\drivers\peripheral\tcpwm/cy_tcpwm_quaddec.c ****                                           _VAL2FLD(TCPWM_CNT_TR_CTRL0_STOP_SEL, config->stopInput))
  91              		.loc 1 60 0
  92 0060 7B68     		ldr	r3, [r7, #4]
  93 0062 5B69     		ldr	r3, [r3, #20]
  94 0064 1B03     		lsls	r3, r3, #12
  95 0066 9BB2     		uxth	r3, r3
  59:Generated_Source\PSoC6\pdl\drivers\peripheral\tcpwm/cy_tcpwm_quaddec.c ****                                           _VAL2FLD(TCPWM_CNT_TR_CTRL0_RELOAD_SEL, config->indexInpu
  96              		.loc 1 59 0
  97 0068 1A43     		orrs	r2, r2, r3
  57:Generated_Source\PSoC6\pdl\drivers\peripheral\tcpwm/cy_tcpwm_quaddec.c ****                                           _VAL2FLD(TCPWM_CNT_TR_CTRL0_START_SEL, config->phiBInput)
  98              		.loc 1 57 0
  99 006a F968     		ldr	r1, [r7, #12]
 100 006c BB68     		ldr	r3, [r7, #8]
 101 006e 9B01     		lsls	r3, r3, #6
 102 0070 0B44     		add	r3, r3, r1
 103 0072 03F59073 		add	r3, r3, #288
 104 0076 1A60     		str	r2, [r3]
 105              	.L3:
  61:Generated_Source\PSoC6\pdl\drivers\peripheral\tcpwm/cy_tcpwm_quaddec.c ****         }
  62:Generated_Source\PSoC6\pdl\drivers\peripheral\tcpwm/cy_tcpwm_quaddec.c ****         
ARM GAS  C:\Users\rober\AppData\Local\Temp\ccCYNS7b.s 			page 4


  63:Generated_Source\PSoC6\pdl\drivers\peripheral\tcpwm/cy_tcpwm_quaddec.c ****         base->CNT[cntNum].TR_CTRL1 = (_VAL2FLD(TCPWM_CNT_TR_CTRL1_CAPTURE_EDGE, CY_TCPWM_INPUT_LEVE
  64:Generated_Source\PSoC6\pdl\drivers\peripheral\tcpwm/cy_tcpwm_quaddec.c ****                                       _VAL2FLD(TCPWM_CNT_TR_CTRL1_COUNT_EDGE, CY_TCPWM_INPUT_LEVEL)
  65:Generated_Source\PSoC6\pdl\drivers\peripheral\tcpwm/cy_tcpwm_quaddec.c ****                                       _VAL2FLD(TCPWM_CNT_TR_CTRL1_START_EDGE, CY_TCPWM_INPUT_LEVEL)
  66:Generated_Source\PSoC6\pdl\drivers\peripheral\tcpwm/cy_tcpwm_quaddec.c ****                                       _VAL2FLD(TCPWM_CNT_TR_CTRL1_RELOAD_EDGE, config->indexInputMo
 106              		.loc 1 66 0
 107 0078 7B68     		ldr	r3, [r7, #4]
 108 007a 9B68     		ldr	r3, [r3, #8]
 109 007c 1B01     		lsls	r3, r3, #4
 110 007e 03F03002 		and	r2, r3, #48
  67:Generated_Source\PSoC6\pdl\drivers\peripheral\tcpwm/cy_tcpwm_quaddec.c ****                                       _VAL2FLD(TCPWM_CNT_TR_CTRL1_STOP_EDGE, config->stopInputMode)
 111              		.loc 1 67 0
 112 0082 7B68     		ldr	r3, [r7, #4]
 113 0084 1B69     		ldr	r3, [r3, #16]
 114 0086 9B01     		lsls	r3, r3, #6
 115 0088 DBB2     		uxtb	r3, r3
  66:Generated_Source\PSoC6\pdl\drivers\peripheral\tcpwm/cy_tcpwm_quaddec.c ****                                       _VAL2FLD(TCPWM_CNT_TR_CTRL1_STOP_EDGE, config->stopInputMode)
 116              		.loc 1 66 0
 117 008a 1343     		orrs	r3, r3, r2
 118 008c 43F44373 		orr	r3, r3, #780
 119 0090 43F00303 		orr	r3, r3, #3
  63:Generated_Source\PSoC6\pdl\drivers\peripheral\tcpwm/cy_tcpwm_quaddec.c ****                                       _VAL2FLD(TCPWM_CNT_TR_CTRL1_COUNT_EDGE, CY_TCPWM_INPUT_LEVEL)
 120              		.loc 1 63 0
 121 0094 F968     		ldr	r1, [r7, #12]
 122 0096 BA68     		ldr	r2, [r7, #8]
 123 0098 9201     		lsls	r2, r2, #6
 124 009a 0A44     		add	r2, r2, r1
 125 009c 02F59272 		add	r2, r2, #292
 126 00a0 1360     		str	r3, [r2]
  68:Generated_Source\PSoC6\pdl\drivers\peripheral\tcpwm/cy_tcpwm_quaddec.c **** 
  69:Generated_Source\PSoC6\pdl\drivers\peripheral\tcpwm/cy_tcpwm_quaddec.c ****         base->CNT[cntNum].INTR_MASK = config->interruptSources;
 127              		.loc 1 69 0
 128 00a2 7B68     		ldr	r3, [r7, #4]
 129 00a4 5A68     		ldr	r2, [r3, #4]
 130 00a6 F968     		ldr	r1, [r7, #12]
 131 00a8 BB68     		ldr	r3, [r7, #8]
 132 00aa 9B01     		lsls	r3, r3, #6
 133 00ac 0B44     		add	r3, r3, r1
 134 00ae 03F59C73 		add	r3, r3, #312
 135 00b2 1A60     		str	r2, [r3]
  70:Generated_Source\PSoC6\pdl\drivers\peripheral\tcpwm/cy_tcpwm_quaddec.c **** 
  71:Generated_Source\PSoC6\pdl\drivers\peripheral\tcpwm/cy_tcpwm_quaddec.c ****         status = CY_TCPWM_SUCCESS;
 136              		.loc 1 71 0
 137 00b4 0023     		movs	r3, #0
 138 00b6 7B61     		str	r3, [r7, #20]
 139              	.L2:
  72:Generated_Source\PSoC6\pdl\drivers\peripheral\tcpwm/cy_tcpwm_quaddec.c ****     }
  73:Generated_Source\PSoC6\pdl\drivers\peripheral\tcpwm/cy_tcpwm_quaddec.c **** 
  74:Generated_Source\PSoC6\pdl\drivers\peripheral\tcpwm/cy_tcpwm_quaddec.c ****     return(status);
 140              		.loc 1 74 0
 141 00b8 7B69     		ldr	r3, [r7, #20]
  75:Generated_Source\PSoC6\pdl\drivers\peripheral\tcpwm/cy_tcpwm_quaddec.c **** }
 142              		.loc 1 75 0
 143 00ba 1846     		mov	r0, r3
 144 00bc 1C37     		adds	r7, r7, #28
 145              		.cfi_def_cfa_offset 4
 146 00be BD46     		mov	sp, r7
 147              		.cfi_def_cfa_register 13
ARM GAS  C:\Users\rober\AppData\Local\Temp\ccCYNS7b.s 			page 5


 148              		@ sp needed
 149 00c0 5DF8047B 		ldr	r7, [sp], #4
 150              		.cfi_restore 7
 151              		.cfi_def_cfa_offset 0
 152 00c4 7047     		bx	lr
 153              	.L6:
 154 00c6 00BF     		.align	2
 155              	.L5:
 156 00c8 0100B600 		.word	11927553
 157              		.cfi_endproc
 158              	.LFE144:
 159              		.size	Cy_TCPWM_QuadDec_Init, .-Cy_TCPWM_QuadDec_Init
 160              		.section	.text.Cy_TCPWM_QuadDec_DeInit,"ax",%progbits
 161              		.align	2
 162              		.global	Cy_TCPWM_QuadDec_DeInit
 163              		.thumb
 164              		.thumb_func
 165              		.type	Cy_TCPWM_QuadDec_DeInit, %function
 166              	Cy_TCPWM_QuadDec_DeInit:
 167              	.LFB145:
  76:Generated_Source\PSoC6\pdl\drivers\peripheral\tcpwm/cy_tcpwm_quaddec.c **** 
  77:Generated_Source\PSoC6\pdl\drivers\peripheral\tcpwm/cy_tcpwm_quaddec.c **** 
  78:Generated_Source\PSoC6\pdl\drivers\peripheral\tcpwm/cy_tcpwm_quaddec.c **** /*******************************************************************************
  79:Generated_Source\PSoC6\pdl\drivers\peripheral\tcpwm/cy_tcpwm_quaddec.c **** * Function Name: Cy_TCPWM_QuadDec_DeInit
  80:Generated_Source\PSoC6\pdl\drivers\peripheral\tcpwm/cy_tcpwm_quaddec.c **** ****************************************************************************//**
  81:Generated_Source\PSoC6\pdl\drivers\peripheral\tcpwm/cy_tcpwm_quaddec.c **** *
  82:Generated_Source\PSoC6\pdl\drivers\peripheral\tcpwm/cy_tcpwm_quaddec.c **** * De-initializes the counter in the TCPWM block, returns register values to 
  83:Generated_Source\PSoC6\pdl\drivers\peripheral\tcpwm/cy_tcpwm_quaddec.c **** * default.
  84:Generated_Source\PSoC6\pdl\drivers\peripheral\tcpwm/cy_tcpwm_quaddec.c **** *
  85:Generated_Source\PSoC6\pdl\drivers\peripheral\tcpwm/cy_tcpwm_quaddec.c **** * \param base
  86:Generated_Source\PSoC6\pdl\drivers\peripheral\tcpwm/cy_tcpwm_quaddec.c **** * The pointer to a TCPWM instance.
  87:Generated_Source\PSoC6\pdl\drivers\peripheral\tcpwm/cy_tcpwm_quaddec.c **** *
  88:Generated_Source\PSoC6\pdl\drivers\peripheral\tcpwm/cy_tcpwm_quaddec.c **** * \param cntNum
  89:Generated_Source\PSoC6\pdl\drivers\peripheral\tcpwm/cy_tcpwm_quaddec.c **** * The Counter instance number in the selected TCPWM.
  90:Generated_Source\PSoC6\pdl\drivers\peripheral\tcpwm/cy_tcpwm_quaddec.c **** *
  91:Generated_Source\PSoC6\pdl\drivers\peripheral\tcpwm/cy_tcpwm_quaddec.c **** * \param config
  92:Generated_Source\PSoC6\pdl\drivers\peripheral\tcpwm/cy_tcpwm_quaddec.c **** * The pointer to a configuration structure. See \ref cy_stc_tcpwm_quaddec_config_t.
  93:Generated_Source\PSoC6\pdl\drivers\peripheral\tcpwm/cy_tcpwm_quaddec.c **** *
  94:Generated_Source\PSoC6\pdl\drivers\peripheral\tcpwm/cy_tcpwm_quaddec.c **** * \funcusage
  95:Generated_Source\PSoC6\pdl\drivers\peripheral\tcpwm/cy_tcpwm_quaddec.c **** * \snippet tcpwm/tcpwm_v1_0_quaddec_sut_01.cydsn/main_cm4.c snippet_Cy_TCPWM_QuadDec_DeInit
  96:Generated_Source\PSoC6\pdl\drivers\peripheral\tcpwm/cy_tcpwm_quaddec.c **** *
  97:Generated_Source\PSoC6\pdl\drivers\peripheral\tcpwm/cy_tcpwm_quaddec.c **** *******************************************************************************/
  98:Generated_Source\PSoC6\pdl\drivers\peripheral\tcpwm/cy_tcpwm_quaddec.c **** void Cy_TCPWM_QuadDec_DeInit(TCPWM_Type *base, uint32_t cntNum, cy_stc_tcpwm_quaddec_config_t const
  99:Generated_Source\PSoC6\pdl\drivers\peripheral\tcpwm/cy_tcpwm_quaddec.c **** {
 168              		.loc 1 99 0
 169              		.cfi_startproc
 170              		@ args = 0, pretend = 0, frame = 16
 171              		@ frame_needed = 1, uses_anonymous_args = 0
 172              		@ link register save eliminated.
 173 0000 80B4     		push	{r7}
 174              		.cfi_def_cfa_offset 4
 175              		.cfi_offset 7, -4
 176 0002 85B0     		sub	sp, sp, #20
 177              		.cfi_def_cfa_offset 24
 178 0004 00AF     		add	r7, sp, #0
 179              		.cfi_def_cfa_register 7
 180 0006 F860     		str	r0, [r7, #12]
ARM GAS  C:\Users\rober\AppData\Local\Temp\ccCYNS7b.s 			page 6


 181 0008 B960     		str	r1, [r7, #8]
 182 000a 7A60     		str	r2, [r7, #4]
 100:Generated_Source\PSoC6\pdl\drivers\peripheral\tcpwm/cy_tcpwm_quaddec.c ****     base->CNT[cntNum].CTRL = CY_TCPWM_CNT_CTRL_DEFAULT;
 183              		.loc 1 100 0
 184 000c FA68     		ldr	r2, [r7, #12]
 185 000e BB68     		ldr	r3, [r7, #8]
 186 0010 0433     		adds	r3, r3, #4
 187 0012 9B01     		lsls	r3, r3, #6
 188 0014 1344     		add	r3, r3, r2
 189 0016 0022     		movs	r2, #0
 190 0018 1A60     		str	r2, [r3]
 101:Generated_Source\PSoC6\pdl\drivers\peripheral\tcpwm/cy_tcpwm_quaddec.c ****     base->CNT[cntNum].COUNTER = CY_TCPWM_CNT_COUNTER_DEFAULT;
 191              		.loc 1 101 0
 192 001a FA68     		ldr	r2, [r7, #12]
 193 001c BB68     		ldr	r3, [r7, #8]
 194 001e 9B01     		lsls	r3, r3, #6
 195 0020 1344     		add	r3, r3, r2
 196 0022 03F58473 		add	r3, r3, #264
 197 0026 0022     		movs	r2, #0
 198 0028 1A60     		str	r2, [r3]
 102:Generated_Source\PSoC6\pdl\drivers\peripheral\tcpwm/cy_tcpwm_quaddec.c ****     base->CNT[cntNum].CC = CY_TCPWM_CNT_CC_DEFAULT;
 199              		.loc 1 102 0
 200 002a FA68     		ldr	r2, [r7, #12]
 201 002c BB68     		ldr	r3, [r7, #8]
 202 002e 9B01     		lsls	r3, r3, #6
 203 0030 1344     		add	r3, r3, r2
 204 0032 03F58673 		add	r3, r3, #268
 205 0036 4FF0FF32 		mov	r2, #-1
 206 003a 1A60     		str	r2, [r3]
 103:Generated_Source\PSoC6\pdl\drivers\peripheral\tcpwm/cy_tcpwm_quaddec.c ****     base->CNT[cntNum].CC_BUFF = CY_TCPWM_CNT_CC_BUFF_DEFAULT;
 207              		.loc 1 103 0
 208 003c FA68     		ldr	r2, [r7, #12]
 209 003e BB68     		ldr	r3, [r7, #8]
 210 0040 9B01     		lsls	r3, r3, #6
 211 0042 1344     		add	r3, r3, r2
 212 0044 03F58873 		add	r3, r3, #272
 213 0048 4FF0FF32 		mov	r2, #-1
 214 004c 1A60     		str	r2, [r3]
 104:Generated_Source\PSoC6\pdl\drivers\peripheral\tcpwm/cy_tcpwm_quaddec.c ****     base->CNT[cntNum].PERIOD = CY_TCPWM_CNT_PERIOD_DEFAULT;
 215              		.loc 1 104 0
 216 004e FA68     		ldr	r2, [r7, #12]
 217 0050 BB68     		ldr	r3, [r7, #8]
 218 0052 9B01     		lsls	r3, r3, #6
 219 0054 1344     		add	r3, r3, r2
 220 0056 03F58A73 		add	r3, r3, #276
 221 005a 4FF0FF32 		mov	r2, #-1
 222 005e 1A60     		str	r2, [r3]
 105:Generated_Source\PSoC6\pdl\drivers\peripheral\tcpwm/cy_tcpwm_quaddec.c ****     base->CNT[cntNum].PERIOD_BUFF = CY_TCPWM_CNT_PERIOD_BUFF_DEFAULT;
 223              		.loc 1 105 0
 224 0060 FA68     		ldr	r2, [r7, #12]
 225 0062 BB68     		ldr	r3, [r7, #8]
 226 0064 9B01     		lsls	r3, r3, #6
 227 0066 1344     		add	r3, r3, r2
 228 0068 03F58C73 		add	r3, r3, #280
 229 006c 4FF0FF32 		mov	r2, #-1
 230 0070 1A60     		str	r2, [r3]
 106:Generated_Source\PSoC6\pdl\drivers\peripheral\tcpwm/cy_tcpwm_quaddec.c ****     base->CNT[cntNum].TR_CTRL1 = CY_TCPWM_CNT_TR_CTRL1_DEFAULT;
ARM GAS  C:\Users\rober\AppData\Local\Temp\ccCYNS7b.s 			page 7


 231              		.loc 1 106 0
 232 0072 FA68     		ldr	r2, [r7, #12]
 233 0074 BB68     		ldr	r3, [r7, #8]
 234 0076 9B01     		lsls	r3, r3, #6
 235 0078 1344     		add	r3, r3, r2
 236 007a 03F59273 		add	r3, r3, #292
 237 007e 40F2FF32 		movw	r2, #1023
 238 0082 1A60     		str	r2, [r3]
 107:Generated_Source\PSoC6\pdl\drivers\peripheral\tcpwm/cy_tcpwm_quaddec.c ****     base->CNT[cntNum].TR_CTRL2 = CY_TCPWM_CNT_TR_CTRL2_DEFAULT;
 239              		.loc 1 107 0
 240 0084 FA68     		ldr	r2, [r7, #12]
 241 0086 BB68     		ldr	r3, [r7, #8]
 242 0088 9B01     		lsls	r3, r3, #6
 243 008a 1344     		add	r3, r3, r2
 244 008c 03F59473 		add	r3, r3, #296
 245 0090 3F22     		movs	r2, #63
 246 0092 1A60     		str	r2, [r3]
 108:Generated_Source\PSoC6\pdl\drivers\peripheral\tcpwm/cy_tcpwm_quaddec.c ****     base->CNT[cntNum].INTR = CY_TCPWM_CNT_INTR_DEFAULT;
 247              		.loc 1 108 0
 248 0094 FA68     		ldr	r2, [r7, #12]
 249 0096 BB68     		ldr	r3, [r7, #8]
 250 0098 9B01     		lsls	r3, r3, #6
 251 009a 1344     		add	r3, r3, r2
 252 009c 03F59873 		add	r3, r3, #304
 253 00a0 0322     		movs	r2, #3
 254 00a2 1A60     		str	r2, [r3]
 109:Generated_Source\PSoC6\pdl\drivers\peripheral\tcpwm/cy_tcpwm_quaddec.c ****     base->CNT[cntNum].INTR_SET = CY_TCPWM_CNT_INTR_SET_DEFAULT;
 255              		.loc 1 109 0
 256 00a4 FA68     		ldr	r2, [r7, #12]
 257 00a6 BB68     		ldr	r3, [r7, #8]
 258 00a8 9B01     		lsls	r3, r3, #6
 259 00aa 1344     		add	r3, r3, r2
 260 00ac 03F59A73 		add	r3, r3, #308
 261 00b0 0022     		movs	r2, #0
 262 00b2 1A60     		str	r2, [r3]
 110:Generated_Source\PSoC6\pdl\drivers\peripheral\tcpwm/cy_tcpwm_quaddec.c ****     base->CNT[cntNum].INTR_MASK = CY_TCPWM_CNT_INTR_MASK_DEFAULT;
 263              		.loc 1 110 0
 264 00b4 FA68     		ldr	r2, [r7, #12]
 265 00b6 BB68     		ldr	r3, [r7, #8]
 266 00b8 9B01     		lsls	r3, r3, #6
 267 00ba 1344     		add	r3, r3, r2
 268 00bc 03F59C73 		add	r3, r3, #312
 269 00c0 0022     		movs	r2, #0
 270 00c2 1A60     		str	r2, [r3]
 111:Generated_Source\PSoC6\pdl\drivers\peripheral\tcpwm/cy_tcpwm_quaddec.c **** 
 112:Generated_Source\PSoC6\pdl\drivers\peripheral\tcpwm/cy_tcpwm_quaddec.c ****     if (CY_TCPWM_INPUT_CREATOR != config->phiAInput)
 271              		.loc 1 112 0
 272 00c4 7B68     		ldr	r3, [r7, #4]
 273 00c6 9B69     		ldr	r3, [r3, #24]
 274 00c8 B3F1FF3F 		cmp	r3, #-1
 275 00cc 07D0     		beq	.L9
 113:Generated_Source\PSoC6\pdl\drivers\peripheral\tcpwm/cy_tcpwm_quaddec.c ****     {        
 114:Generated_Source\PSoC6\pdl\drivers\peripheral\tcpwm/cy_tcpwm_quaddec.c ****         base->CNT[cntNum].TR_CTRL0 = CY_TCPWM_CNT_TR_CTRL0_DEFAULT;
 276              		.loc 1 114 0
 277 00ce FA68     		ldr	r2, [r7, #12]
 278 00d0 BB68     		ldr	r3, [r7, #8]
 279 00d2 9B01     		lsls	r3, r3, #6
ARM GAS  C:\Users\rober\AppData\Local\Temp\ccCYNS7b.s 			page 8


 280 00d4 1344     		add	r3, r3, r2
 281 00d6 03F59073 		add	r3, r3, #288
 282 00da 1022     		movs	r2, #16
 283 00dc 1A60     		str	r2, [r3]
 284              	.L9:
 115:Generated_Source\PSoC6\pdl\drivers\peripheral\tcpwm/cy_tcpwm_quaddec.c ****     }
 116:Generated_Source\PSoC6\pdl\drivers\peripheral\tcpwm/cy_tcpwm_quaddec.c **** }
 285              		.loc 1 116 0
 286 00de 00BF     		nop
 287 00e0 1437     		adds	r7, r7, #20
 288              		.cfi_def_cfa_offset 4
 289 00e2 BD46     		mov	sp, r7
 290              		.cfi_def_cfa_register 13
 291              		@ sp needed
 292 00e4 5DF8047B 		ldr	r7, [sp], #4
 293              		.cfi_restore 7
 294              		.cfi_def_cfa_offset 0
 295 00e8 7047     		bx	lr
 296              		.cfi_endproc
 297              	.LFE145:
 298              		.size	Cy_TCPWM_QuadDec_DeInit, .-Cy_TCPWM_QuadDec_DeInit
 299 00ea 00BF     		.text
 300              	.Letext0:
 301              		.file 2 "c:\\program files (x86)\\cypress\\psoc creator\\4.2\\psoc creator\\import\\gnu\\arm\\5.4.
 302              		.file 3 "c:\\program files (x86)\\cypress\\psoc creator\\4.2\\psoc creator\\import\\gnu\\arm\\5.4.
 303              		.file 4 "Generated_Source\\PSoC6\\pdl\\devices/psoc6/ip/cyip_tcpwm.h"
 304              		.file 5 "Generated_Source\\PSoC6\\pdl\\drivers\\peripheral\\tcpwm\\cy_tcpwm.h"
 305              		.file 6 "Generated_Source\\PSoC6\\pdl\\drivers\\peripheral\\tcpwm\\cy_tcpwm_quaddec.h"
 306              		.file 7 "Generated_Source\\PSoC6\\pdl\\cmsis/include/core_cm4.h"
 307              		.section	.debug_info,"",%progbits
 308              	.Ldebug_info0:
 309 0000 A1030000 		.4byte	0x3a1
 310 0004 0400     		.2byte	0x4
 311 0006 00000000 		.4byte	.Ldebug_abbrev0
 312 000a 04       		.byte	0x4
 313 000b 01       		.uleb128 0x1
 314 000c F6000000 		.4byte	.LASF57
 315 0010 0C       		.byte	0xc
 316 0011 1E000000 		.4byte	.LASF58
 317 0015 FE010000 		.4byte	.LASF59
 318 0019 00000000 		.4byte	.Ldebug_ranges0+0
 319 001d 00000000 		.4byte	0
 320 0021 00000000 		.4byte	.Ldebug_line0
 321 0025 02       		.uleb128 0x2
 322 0026 01       		.byte	0x1
 323 0027 06       		.byte	0x6
 324 0028 C4020000 		.4byte	.LASF0
 325 002c 02       		.uleb128 0x2
 326 002d 01       		.byte	0x1
 327 002e 08       		.byte	0x8
 328 002f A6020000 		.4byte	.LASF1
 329 0033 02       		.uleb128 0x2
 330 0034 02       		.byte	0x2
 331 0035 05       		.byte	0x5
 332 0036 74000000 		.4byte	.LASF2
 333 003a 02       		.uleb128 0x2
 334 003b 02       		.byte	0x2
ARM GAS  C:\Users\rober\AppData\Local\Temp\ccCYNS7b.s 			page 9


 335 003c 07       		.byte	0x7
 336 003d 2F030000 		.4byte	.LASF3
 337 0041 03       		.uleb128 0x3
 338 0042 DE030000 		.4byte	.LASF5
 339 0046 02       		.byte	0x2
 340 0047 3F       		.byte	0x3f
 341 0048 4C000000 		.4byte	0x4c
 342 004c 02       		.uleb128 0x2
 343 004d 04       		.byte	0x4
 344 004e 05       		.byte	0x5
 345 004f F5010000 		.4byte	.LASF4
 346 0053 03       		.uleb128 0x3
 347 0054 D1000000 		.4byte	.LASF6
 348 0058 02       		.byte	0x2
 349 0059 41       		.byte	0x41
 350 005a 5E000000 		.4byte	0x5e
 351 005e 02       		.uleb128 0x2
 352 005f 04       		.byte	0x4
 353 0060 07       		.byte	0x7
 354 0061 9E030000 		.4byte	.LASF7
 355 0065 02       		.uleb128 0x2
 356 0066 08       		.byte	0x8
 357 0067 05       		.byte	0x5
 358 0068 E0010000 		.4byte	.LASF8
 359 006c 02       		.uleb128 0x2
 360 006d 08       		.byte	0x8
 361 006e 07       		.byte	0x7
 362 006f D9020000 		.4byte	.LASF9
 363 0073 04       		.uleb128 0x4
 364 0074 04       		.byte	0x4
 365 0075 05       		.byte	0x5
 366 0076 696E7400 		.ascii	"int\000"
 367 007a 02       		.uleb128 0x2
 368 007b 04       		.byte	0x4
 369 007c 07       		.byte	0x7
 370 007d 04030000 		.4byte	.LASF10
 371 0081 03       		.uleb128 0x3
 372 0082 4E030000 		.4byte	.LASF11
 373 0086 03       		.byte	0x3
 374 0087 2C       		.byte	0x2c
 375 0088 41000000 		.4byte	0x41
 376 008c 03       		.uleb128 0x3
 377 008d F0020000 		.4byte	.LASF12
 378 0091 03       		.byte	0x3
 379 0092 30       		.byte	0x30
 380 0093 53000000 		.4byte	0x53
 381 0097 02       		.uleb128 0x2
 382 0098 08       		.byte	0x8
 383 0099 04       		.byte	0x4
 384 009a 84020000 		.4byte	.LASF13
 385 009e 02       		.uleb128 0x2
 386 009f 04       		.byte	0x4
 387 00a0 07       		.byte	0x7
 388 00a1 7E000000 		.4byte	.LASF14
 389 00a5 05       		.uleb128 0x5
 390 00a6 8C000000 		.4byte	0x8c
 391 00aa 06       		.uleb128 0x6
ARM GAS  C:\Users\rober\AppData\Local\Temp\ccCYNS7b.s 			page 10


 392 00ab A5000000 		.4byte	0xa5
 393 00af 07       		.uleb128 0x7
 394 00b0 40       		.byte	0x40
 395 00b1 04       		.byte	0x4
 396 00b2 22       		.byte	0x22
 397 00b3 77010000 		.4byte	0x177
 398 00b7 08       		.uleb128 0x8
 399 00b8 B4020000 		.4byte	.LASF15
 400 00bc 04       		.byte	0x4
 401 00bd 23       		.byte	0x23
 402 00be A5000000 		.4byte	0xa5
 403 00c2 00       		.byte	0
 404 00c3 08       		.uleb128 0x8
 405 00c4 EE010000 		.4byte	.LASF16
 406 00c8 04       		.byte	0x4
 407 00c9 24       		.byte	0x24
 408 00ca AA000000 		.4byte	0xaa
 409 00ce 04       		.byte	0x4
 410 00cf 08       		.uleb128 0x8
 411 00d0 FF030000 		.4byte	.LASF17
 412 00d4 04       		.byte	0x4
 413 00d5 25       		.byte	0x25
 414 00d6 A5000000 		.4byte	0xa5
 415 00da 08       		.byte	0x8
 416 00db 09       		.uleb128 0x9
 417 00dc 434300   		.ascii	"CC\000"
 418 00df 04       		.byte	0x4
 419 00e0 26       		.byte	0x26
 420 00e1 A5000000 		.4byte	0xa5
 421 00e5 0C       		.byte	0xc
 422 00e6 08       		.uleb128 0x8
 423 00e7 7C020000 		.4byte	.LASF18
 424 00eb 04       		.byte	0x4
 425 00ec 27       		.byte	0x27
 426 00ed A5000000 		.4byte	0xa5
 427 00f1 10       		.byte	0x10
 428 00f2 08       		.uleb128 0x8
 429 00f3 9C000000 		.4byte	.LASF19
 430 00f7 04       		.byte	0x4
 431 00f8 28       		.byte	0x28
 432 00f9 A5000000 		.4byte	0xa5
 433 00fd 14       		.byte	0x14
 434 00fe 08       		.uleb128 0x8
 435 00ff 87000000 		.4byte	.LASF20
 436 0103 04       		.byte	0x4
 437 0104 29       		.byte	0x29
 438 0105 A5000000 		.4byte	0xa5
 439 0109 18       		.byte	0x18
 440 010a 08       		.uleb128 0x8
 441 010b 07040000 		.4byte	.LASF21
 442 010f 04       		.byte	0x4
 443 0110 2A       		.byte	0x2a
 444 0111 AA000000 		.4byte	0xaa
 445 0115 1C       		.byte	0x1c
 446 0116 08       		.uleb128 0x8
 447 0117 E6000000 		.4byte	.LASF22
 448 011b 04       		.byte	0x4
ARM GAS  C:\Users\rober\AppData\Local\Temp\ccCYNS7b.s 			page 11


 449 011c 2B       		.byte	0x2b
 450 011d A5000000 		.4byte	0xa5
 451 0121 20       		.byte	0x20
 452 0122 08       		.uleb128 0x8
 453 0123 AE000000 		.4byte	.LASF23
 454 0127 04       		.byte	0x4
 455 0128 2C       		.byte	0x2c
 456 0129 A5000000 		.4byte	0xa5
 457 012d 24       		.byte	0x24
 458 012e 08       		.uleb128 0x8
 459 012f B7000000 		.4byte	.LASF24
 460 0133 04       		.byte	0x4
 461 0134 2D       		.byte	0x2d
 462 0135 A5000000 		.4byte	0xa5
 463 0139 28       		.byte	0x28
 464 013a 08       		.uleb128 0x8
 465 013b 8A030000 		.4byte	.LASF25
 466 013f 04       		.byte	0x4
 467 0140 2E       		.byte	0x2e
 468 0141 AA000000 		.4byte	0xaa
 469 0145 2C       		.byte	0x2c
 470 0146 08       		.uleb128 0x8
 471 0147 85030000 		.4byte	.LASF26
 472 014b 04       		.byte	0x4
 473 014c 2F       		.byte	0x2f
 474 014d A5000000 		.4byte	0xa5
 475 0151 30       		.byte	0x30
 476 0152 08       		.uleb128 0x8
 477 0153 D0020000 		.4byte	.LASF27
 478 0157 04       		.byte	0x4
 479 0158 30       		.byte	0x30
 480 0159 A5000000 		.4byte	0xa5
 481 015d 34       		.byte	0x34
 482 015e 08       		.uleb128 0x8
 483 015f 25030000 		.4byte	.LASF28
 484 0163 04       		.byte	0x4
 485 0164 31       		.byte	0x31
 486 0165 A5000000 		.4byte	0xa5
 487 0169 38       		.byte	0x38
 488 016a 08       		.uleb128 0x8
 489 016b 70020000 		.4byte	.LASF29
 490 016f 04       		.byte	0x4
 491 0170 32       		.byte	0x32
 492 0171 AA000000 		.4byte	0xaa
 493 0175 3C       		.byte	0x3c
 494 0176 00       		.byte	0
 495 0177 03       		.uleb128 0x3
 496 0178 65000000 		.4byte	.LASF30
 497 017c 04       		.byte	0x4
 498 017d 33       		.byte	0x33
 499 017e AF000000 		.4byte	0xaf
 500 0182 0A       		.uleb128 0xa
 501 0183 0009     		.2byte	0x900
 502 0185 04       		.byte	0x4
 503 0186 38       		.byte	0x38
 504 0187 05020000 		.4byte	0x205
 505 018b 08       		.uleb128 0x8
ARM GAS  C:\Users\rober\AppData\Local\Temp\ccCYNS7b.s 			page 12


 506 018c B4020000 		.4byte	.LASF15
 507 0190 04       		.byte	0x4
 508 0191 39       		.byte	0x39
 509 0192 A5000000 		.4byte	0xa5
 510 0196 00       		.byte	0
 511 0197 08       		.uleb128 0x8
 512 0198 F6030000 		.4byte	.LASF31
 513 019c 04       		.byte	0x4
 514 019d 3A       		.byte	0x3a
 515 019e A5000000 		.4byte	0xa5
 516 01a2 04       		.byte	0x4
 517 01a3 08       		.uleb128 0x8
 518 01a4 93000000 		.4byte	.LASF32
 519 01a8 04       		.byte	0x4
 520 01a9 3B       		.byte	0x3b
 521 01aa A5000000 		.4byte	0xa5
 522 01ae 08       		.byte	0x8
 523 01af 08       		.uleb128 0x8
 524 01b0 B3010000 		.4byte	.LASF33
 525 01b4 04       		.byte	0x4
 526 01b5 3C       		.byte	0x3c
 527 01b6 A5000000 		.4byte	0xa5
 528 01ba 0C       		.byte	0xc
 529 01bb 08       		.uleb128 0x8
 530 01bc A3000000 		.4byte	.LASF34
 531 01c0 04       		.byte	0x4
 532 01c1 3D       		.byte	0x3d
 533 01c2 A5000000 		.4byte	0xa5
 534 01c6 10       		.byte	0x10
 535 01c7 08       		.uleb128 0x8
 536 01c8 1C030000 		.4byte	.LASF35
 537 01cc 04       		.byte	0x4
 538 01cd 3E       		.byte	0x3e
 539 01ce A5000000 		.4byte	0xa5
 540 01d2 14       		.byte	0x14
 541 01d3 08       		.uleb128 0x8
 542 01d4 D0010000 		.4byte	.LASF36
 543 01d8 04       		.byte	0x4
 544 01d9 3F       		.byte	0x3f
 545 01da A5000000 		.4byte	0xa5
 546 01de 18       		.byte	0x18
 547 01df 08       		.uleb128 0x8
 548 01e0 B9020000 		.4byte	.LASF37
 549 01e4 04       		.byte	0x4
 550 01e5 40       		.byte	0x40
 551 01e6 AA000000 		.4byte	0xaa
 552 01ea 1C       		.byte	0x1c
 553 01eb 08       		.uleb128 0x8
 554 01ec 07040000 		.4byte	.LASF21
 555 01f0 04       		.byte	0x4
 556 01f1 41       		.byte	0x41
 557 01f2 1A020000 		.4byte	0x21a
 558 01f6 20       		.byte	0x20
 559 01f7 0B       		.uleb128 0xb
 560 01f8 434E5400 		.ascii	"CNT\000"
 561 01fc 04       		.byte	0x4
 562 01fd 42       		.byte	0x42
ARM GAS  C:\Users\rober\AppData\Local\Temp\ccCYNS7b.s 			page 13


 563 01fe 1F020000 		.4byte	0x21f
 564 0202 0001     		.2byte	0x100
 565 0204 00       		.byte	0
 566 0205 0C       		.uleb128 0xc
 567 0206 AA000000 		.4byte	0xaa
 568 020a 15020000 		.4byte	0x215
 569 020e 0D       		.uleb128 0xd
 570 020f 9E000000 		.4byte	0x9e
 571 0213 37       		.byte	0x37
 572 0214 00       		.byte	0
 573 0215 05       		.uleb128 0x5
 574 0216 05020000 		.4byte	0x205
 575 021a 06       		.uleb128 0x6
 576 021b 15020000 		.4byte	0x215
 577 021f 0C       		.uleb128 0xc
 578 0220 77010000 		.4byte	0x177
 579 0224 2F020000 		.4byte	0x22f
 580 0228 0D       		.uleb128 0xd
 581 0229 9E000000 		.4byte	0x9e
 582 022d 1F       		.byte	0x1f
 583 022e 00       		.byte	0
 584 022f 03       		.uleb128 0x3
 585 0230 32040000 		.4byte	.LASF38
 586 0234 04       		.byte	0x4
 587 0235 43       		.byte	0x43
 588 0236 82010000 		.4byte	0x182
 589 023a 02       		.uleb128 0x2
 590 023b 01       		.byte	0x1
 591 023c 08       		.byte	0x8
 592 023d 49030000 		.4byte	.LASF39
 593 0241 02       		.uleb128 0x2
 594 0242 04       		.byte	0x4
 595 0243 04       		.byte	0x4
 596 0244 DA010000 		.4byte	.LASF40
 597 0248 02       		.uleb128 0x2
 598 0249 08       		.byte	0x8
 599 024a 04       		.byte	0x4
 600 024b B0030000 		.4byte	.LASF41
 601 024f 0E       		.uleb128 0xe
 602 0250 04       		.byte	0x4
 603 0251 7A000000 		.4byte	0x7a
 604 0255 05       		.byte	0x5
 605 0256 4B01     		.2byte	0x14b
 606 0258 6C020000 		.4byte	0x26c
 607 025c 0F       		.uleb128 0xf
 608 025d C0000000 		.4byte	.LASF42
 609 0261 00       		.byte	0
 610 0262 10       		.uleb128 0x10
 611 0263 56030000 		.4byte	.LASF43
 612 0267 0100B600 		.4byte	0xb60001
 613 026b 00       		.byte	0
 614 026c 11       		.uleb128 0x11
 615 026d 10040000 		.4byte	.LASF44
 616 0271 05       		.byte	0x5
 617 0272 4E01     		.2byte	0x14e
 618 0274 4F020000 		.4byte	0x24f
 619 0278 12       		.uleb128 0x12
ARM GAS  C:\Users\rober\AppData\Local\Temp\ccCYNS7b.s 			page 14


 620 0279 69030000 		.4byte	.LASF60
 621 027d 20       		.byte	0x20
 622 027e 06       		.byte	0x6
 623 027f 2B       		.byte	0x2b
 624 0280 E5020000 		.4byte	0x2e5
 625 0284 08       		.uleb128 0x8
 626 0285 11030000 		.4byte	.LASF45
 627 0289 06       		.byte	0x6
 628 028a 2E       		.byte	0x2e
 629 028b 8C000000 		.4byte	0x8c
 630 028f 00       		.byte	0
 631 0290 08       		.uleb128 0x8
 632 0291 BF010000 		.4byte	.LASF46
 633 0295 06       		.byte	0x6
 634 0296 30       		.byte	0x30
 635 0297 8C000000 		.4byte	0x8c
 636 029b 04       		.byte	0x4
 637 029c 08       		.uleb128 0x8
 638 029d CF030000 		.4byte	.LASF47
 639 02a1 06       		.byte	0x6
 640 02a2 32       		.byte	0x32
 641 02a3 8C000000 		.4byte	0x8c
 642 02a7 08       		.byte	0x8
 643 02a8 08       		.uleb128 0x8
 644 02a9 F9020000 		.4byte	.LASF48
 645 02ad 06       		.byte	0x6
 646 02ae 34       		.byte	0x34
 647 02af 8C000000 		.4byte	0x8c
 648 02b3 0C       		.byte	0xc
 649 02b4 08       		.uleb128 0x8
 650 02b5 E8030000 		.4byte	.LASF49
 651 02b9 06       		.byte	0x6
 652 02ba 36       		.byte	0x36
 653 02bb 8C000000 		.4byte	0x8c
 654 02bf 10       		.byte	0x10
 655 02c0 08       		.uleb128 0x8
 656 02c1 DC000000 		.4byte	.LASF50
 657 02c5 06       		.byte	0x6
 658 02c6 38       		.byte	0x38
 659 02c7 8C000000 		.4byte	0x8c
 660 02cb 14       		.byte	0x14
 661 02cc 08       		.uleb128 0x8
 662 02cd 94030000 		.4byte	.LASF51
 663 02d1 06       		.byte	0x6
 664 02d2 3A       		.byte	0x3a
 665 02d3 8C000000 		.4byte	0x8c
 666 02d7 18       		.byte	0x18
 667 02d8 08       		.uleb128 0x8
 668 02d9 A9010000 		.4byte	.LASF52
 669 02dd 06       		.byte	0x6
 670 02de 3C       		.byte	0x3c
 671 02df 8C000000 		.4byte	0x8c
 672 02e3 1C       		.byte	0x1c
 673 02e4 00       		.byte	0
 674 02e5 03       		.uleb128 0x3
 675 02e6 00000000 		.4byte	.LASF53
 676 02ea 06       		.byte	0x6
ARM GAS  C:\Users\rober\AppData\Local\Temp\ccCYNS7b.s 			page 15


 677 02eb 3E       		.byte	0x3e
 678 02ec 78020000 		.4byte	0x278
 679 02f0 13       		.uleb128 0x13
 680 02f1 90020000 		.4byte	.LASF61
 681 02f5 01       		.byte	0x1
 682 02f6 2D       		.byte	0x2d
 683 02f7 6C020000 		.4byte	0x26c
 684 02fb 00000000 		.4byte	.LFB144
 685 02ff CC000000 		.4byte	.LFE144-.LFB144
 686 0303 01       		.uleb128 0x1
 687 0304 9C       		.byte	0x9c
 688 0305 42030000 		.4byte	0x342
 689 0309 14       		.uleb128 0x14
 690 030a 3D040000 		.4byte	.LASF54
 691 030e 01       		.byte	0x1
 692 030f 2D       		.byte	0x2d
 693 0310 42030000 		.4byte	0x342
 694 0314 02       		.uleb128 0x2
 695 0315 91       		.byte	0x91
 696 0316 6C       		.sleb128 -20
 697 0317 14       		.uleb128 0x14
 698 0318 69020000 		.4byte	.LASF55
 699 031c 01       		.byte	0x1
 700 031d 2D       		.byte	0x2d
 701 031e 8C000000 		.4byte	0x8c
 702 0322 02       		.uleb128 0x2
 703 0323 91       		.byte	0x91
 704 0324 68       		.sleb128 -24
 705 0325 14       		.uleb128 0x14
 706 0326 EF000000 		.4byte	.LASF56
 707 032a 01       		.byte	0x1
 708 032b 2E       		.byte	0x2e
 709 032c 48030000 		.4byte	0x348
 710 0330 02       		.uleb128 0x2
 711 0331 91       		.byte	0x91
 712 0332 64       		.sleb128 -28
 713 0333 15       		.uleb128 0x15
 714 0334 42030000 		.4byte	.LASF62
 715 0338 01       		.byte	0x1
 716 0339 30       		.byte	0x30
 717 033a 6C020000 		.4byte	0x26c
 718 033e 02       		.uleb128 0x2
 719 033f 91       		.byte	0x91
 720 0340 74       		.sleb128 -12
 721 0341 00       		.byte	0
 722 0342 16       		.uleb128 0x16
 723 0343 04       		.byte	0x4
 724 0344 2F020000 		.4byte	0x22f
 725 0348 16       		.uleb128 0x16
 726 0349 04       		.byte	0x4
 727 034a 4E030000 		.4byte	0x34e
 728 034e 06       		.uleb128 0x6
 729 034f E5020000 		.4byte	0x2e5
 730 0353 17       		.uleb128 0x17
 731 0354 B7030000 		.4byte	.LASF63
 732 0358 01       		.byte	0x1
 733 0359 62       		.byte	0x62
ARM GAS  C:\Users\rober\AppData\Local\Temp\ccCYNS7b.s 			page 16


 734 035a 00000000 		.4byte	.LFB145
 735 035e EA000000 		.4byte	.LFE145-.LFB145
 736 0362 01       		.uleb128 0x1
 737 0363 9C       		.byte	0x9c
 738 0364 93030000 		.4byte	0x393
 739 0368 14       		.uleb128 0x14
 740 0369 3D040000 		.4byte	.LASF54
 741 036d 01       		.byte	0x1
 742 036e 62       		.byte	0x62
 743 036f 42030000 		.4byte	0x342
 744 0373 02       		.uleb128 0x2
 745 0374 91       		.byte	0x91
 746 0375 74       		.sleb128 -12
 747 0376 14       		.uleb128 0x14
 748 0377 69020000 		.4byte	.LASF55
 749 037b 01       		.byte	0x1
 750 037c 62       		.byte	0x62
 751 037d 8C000000 		.4byte	0x8c
 752 0381 02       		.uleb128 0x2
 753 0382 91       		.byte	0x91
 754 0383 70       		.sleb128 -16
 755 0384 14       		.uleb128 0x14
 756 0385 EF000000 		.4byte	.LASF56
 757 0389 01       		.byte	0x1
 758 038a 62       		.byte	0x62
 759 038b 48030000 		.4byte	0x348
 760 038f 02       		.uleb128 0x2
 761 0390 91       		.byte	0x91
 762 0391 6C       		.sleb128 -20
 763 0392 00       		.byte	0
 764 0393 18       		.uleb128 0x18
 765 0394 25040000 		.4byte	.LASF64
 766 0398 07       		.byte	0x7
 767 0399 EA07     		.2byte	0x7ea
 768 039b 9F030000 		.4byte	0x39f
 769 039f 05       		.uleb128 0x5
 770 03a0 81000000 		.4byte	0x81
 771 03a4 00       		.byte	0
 772              		.section	.debug_abbrev,"",%progbits
 773              	.Ldebug_abbrev0:
 774 0000 01       		.uleb128 0x1
 775 0001 11       		.uleb128 0x11
 776 0002 01       		.byte	0x1
 777 0003 25       		.uleb128 0x25
 778 0004 0E       		.uleb128 0xe
 779 0005 13       		.uleb128 0x13
 780 0006 0B       		.uleb128 0xb
 781 0007 03       		.uleb128 0x3
 782 0008 0E       		.uleb128 0xe
 783 0009 1B       		.uleb128 0x1b
 784 000a 0E       		.uleb128 0xe
 785 000b 55       		.uleb128 0x55
 786 000c 17       		.uleb128 0x17
 787 000d 11       		.uleb128 0x11
 788 000e 01       		.uleb128 0x1
 789 000f 10       		.uleb128 0x10
 790 0010 17       		.uleb128 0x17
ARM GAS  C:\Users\rober\AppData\Local\Temp\ccCYNS7b.s 			page 17


 791 0011 00       		.byte	0
 792 0012 00       		.byte	0
 793 0013 02       		.uleb128 0x2
 794 0014 24       		.uleb128 0x24
 795 0015 00       		.byte	0
 796 0016 0B       		.uleb128 0xb
 797 0017 0B       		.uleb128 0xb
 798 0018 3E       		.uleb128 0x3e
 799 0019 0B       		.uleb128 0xb
 800 001a 03       		.uleb128 0x3
 801 001b 0E       		.uleb128 0xe
 802 001c 00       		.byte	0
 803 001d 00       		.byte	0
 804 001e 03       		.uleb128 0x3
 805 001f 16       		.uleb128 0x16
 806 0020 00       		.byte	0
 807 0021 03       		.uleb128 0x3
 808 0022 0E       		.uleb128 0xe
 809 0023 3A       		.uleb128 0x3a
 810 0024 0B       		.uleb128 0xb
 811 0025 3B       		.uleb128 0x3b
 812 0026 0B       		.uleb128 0xb
 813 0027 49       		.uleb128 0x49
 814 0028 13       		.uleb128 0x13
 815 0029 00       		.byte	0
 816 002a 00       		.byte	0
 817 002b 04       		.uleb128 0x4
 818 002c 24       		.uleb128 0x24
 819 002d 00       		.byte	0
 820 002e 0B       		.uleb128 0xb
 821 002f 0B       		.uleb128 0xb
 822 0030 3E       		.uleb128 0x3e
 823 0031 0B       		.uleb128 0xb
 824 0032 03       		.uleb128 0x3
 825 0033 08       		.uleb128 0x8
 826 0034 00       		.byte	0
 827 0035 00       		.byte	0
 828 0036 05       		.uleb128 0x5
 829 0037 35       		.uleb128 0x35
 830 0038 00       		.byte	0
 831 0039 49       		.uleb128 0x49
 832 003a 13       		.uleb128 0x13
 833 003b 00       		.byte	0
 834 003c 00       		.byte	0
 835 003d 06       		.uleb128 0x6
 836 003e 26       		.uleb128 0x26
 837 003f 00       		.byte	0
 838 0040 49       		.uleb128 0x49
 839 0041 13       		.uleb128 0x13
 840 0042 00       		.byte	0
 841 0043 00       		.byte	0
 842 0044 07       		.uleb128 0x7
 843 0045 13       		.uleb128 0x13
 844 0046 01       		.byte	0x1
 845 0047 0B       		.uleb128 0xb
 846 0048 0B       		.uleb128 0xb
 847 0049 3A       		.uleb128 0x3a
ARM GAS  C:\Users\rober\AppData\Local\Temp\ccCYNS7b.s 			page 18


 848 004a 0B       		.uleb128 0xb
 849 004b 3B       		.uleb128 0x3b
 850 004c 0B       		.uleb128 0xb
 851 004d 01       		.uleb128 0x1
 852 004e 13       		.uleb128 0x13
 853 004f 00       		.byte	0
 854 0050 00       		.byte	0
 855 0051 08       		.uleb128 0x8
 856 0052 0D       		.uleb128 0xd
 857 0053 00       		.byte	0
 858 0054 03       		.uleb128 0x3
 859 0055 0E       		.uleb128 0xe
 860 0056 3A       		.uleb128 0x3a
 861 0057 0B       		.uleb128 0xb
 862 0058 3B       		.uleb128 0x3b
 863 0059 0B       		.uleb128 0xb
 864 005a 49       		.uleb128 0x49
 865 005b 13       		.uleb128 0x13
 866 005c 38       		.uleb128 0x38
 867 005d 0B       		.uleb128 0xb
 868 005e 00       		.byte	0
 869 005f 00       		.byte	0
 870 0060 09       		.uleb128 0x9
 871 0061 0D       		.uleb128 0xd
 872 0062 00       		.byte	0
 873 0063 03       		.uleb128 0x3
 874 0064 08       		.uleb128 0x8
 875 0065 3A       		.uleb128 0x3a
 876 0066 0B       		.uleb128 0xb
 877 0067 3B       		.uleb128 0x3b
 878 0068 0B       		.uleb128 0xb
 879 0069 49       		.uleb128 0x49
 880 006a 13       		.uleb128 0x13
 881 006b 38       		.uleb128 0x38
 882 006c 0B       		.uleb128 0xb
 883 006d 00       		.byte	0
 884 006e 00       		.byte	0
 885 006f 0A       		.uleb128 0xa
 886 0070 13       		.uleb128 0x13
 887 0071 01       		.byte	0x1
 888 0072 0B       		.uleb128 0xb
 889 0073 05       		.uleb128 0x5
 890 0074 3A       		.uleb128 0x3a
 891 0075 0B       		.uleb128 0xb
 892 0076 3B       		.uleb128 0x3b
 893 0077 0B       		.uleb128 0xb
 894 0078 01       		.uleb128 0x1
 895 0079 13       		.uleb128 0x13
 896 007a 00       		.byte	0
 897 007b 00       		.byte	0
 898 007c 0B       		.uleb128 0xb
 899 007d 0D       		.uleb128 0xd
 900 007e 00       		.byte	0
 901 007f 03       		.uleb128 0x3
 902 0080 08       		.uleb128 0x8
 903 0081 3A       		.uleb128 0x3a
 904 0082 0B       		.uleb128 0xb
ARM GAS  C:\Users\rober\AppData\Local\Temp\ccCYNS7b.s 			page 19


 905 0083 3B       		.uleb128 0x3b
 906 0084 0B       		.uleb128 0xb
 907 0085 49       		.uleb128 0x49
 908 0086 13       		.uleb128 0x13
 909 0087 38       		.uleb128 0x38
 910 0088 05       		.uleb128 0x5
 911 0089 00       		.byte	0
 912 008a 00       		.byte	0
 913 008b 0C       		.uleb128 0xc
 914 008c 01       		.uleb128 0x1
 915 008d 01       		.byte	0x1
 916 008e 49       		.uleb128 0x49
 917 008f 13       		.uleb128 0x13
 918 0090 01       		.uleb128 0x1
 919 0091 13       		.uleb128 0x13
 920 0092 00       		.byte	0
 921 0093 00       		.byte	0
 922 0094 0D       		.uleb128 0xd
 923 0095 21       		.uleb128 0x21
 924 0096 00       		.byte	0
 925 0097 49       		.uleb128 0x49
 926 0098 13       		.uleb128 0x13
 927 0099 2F       		.uleb128 0x2f
 928 009a 0B       		.uleb128 0xb
 929 009b 00       		.byte	0
 930 009c 00       		.byte	0
 931 009d 0E       		.uleb128 0xe
 932 009e 04       		.uleb128 0x4
 933 009f 01       		.byte	0x1
 934 00a0 0B       		.uleb128 0xb
 935 00a1 0B       		.uleb128 0xb
 936 00a2 49       		.uleb128 0x49
 937 00a3 13       		.uleb128 0x13
 938 00a4 3A       		.uleb128 0x3a
 939 00a5 0B       		.uleb128 0xb
 940 00a6 3B       		.uleb128 0x3b
 941 00a7 05       		.uleb128 0x5
 942 00a8 01       		.uleb128 0x1
 943 00a9 13       		.uleb128 0x13
 944 00aa 00       		.byte	0
 945 00ab 00       		.byte	0
 946 00ac 0F       		.uleb128 0xf
 947 00ad 28       		.uleb128 0x28
 948 00ae 00       		.byte	0
 949 00af 03       		.uleb128 0x3
 950 00b0 0E       		.uleb128 0xe
 951 00b1 1C       		.uleb128 0x1c
 952 00b2 0B       		.uleb128 0xb
 953 00b3 00       		.byte	0
 954 00b4 00       		.byte	0
 955 00b5 10       		.uleb128 0x10
 956 00b6 28       		.uleb128 0x28
 957 00b7 00       		.byte	0
 958 00b8 03       		.uleb128 0x3
 959 00b9 0E       		.uleb128 0xe
 960 00ba 1C       		.uleb128 0x1c
 961 00bb 06       		.uleb128 0x6
ARM GAS  C:\Users\rober\AppData\Local\Temp\ccCYNS7b.s 			page 20


 962 00bc 00       		.byte	0
 963 00bd 00       		.byte	0
 964 00be 11       		.uleb128 0x11
 965 00bf 16       		.uleb128 0x16
 966 00c0 00       		.byte	0
 967 00c1 03       		.uleb128 0x3
 968 00c2 0E       		.uleb128 0xe
 969 00c3 3A       		.uleb128 0x3a
 970 00c4 0B       		.uleb128 0xb
 971 00c5 3B       		.uleb128 0x3b
 972 00c6 05       		.uleb128 0x5
 973 00c7 49       		.uleb128 0x49
 974 00c8 13       		.uleb128 0x13
 975 00c9 00       		.byte	0
 976 00ca 00       		.byte	0
 977 00cb 12       		.uleb128 0x12
 978 00cc 13       		.uleb128 0x13
 979 00cd 01       		.byte	0x1
 980 00ce 03       		.uleb128 0x3
 981 00cf 0E       		.uleb128 0xe
 982 00d0 0B       		.uleb128 0xb
 983 00d1 0B       		.uleb128 0xb
 984 00d2 3A       		.uleb128 0x3a
 985 00d3 0B       		.uleb128 0xb
 986 00d4 3B       		.uleb128 0x3b
 987 00d5 0B       		.uleb128 0xb
 988 00d6 01       		.uleb128 0x1
 989 00d7 13       		.uleb128 0x13
 990 00d8 00       		.byte	0
 991 00d9 00       		.byte	0
 992 00da 13       		.uleb128 0x13
 993 00db 2E       		.uleb128 0x2e
 994 00dc 01       		.byte	0x1
 995 00dd 3F       		.uleb128 0x3f
 996 00de 19       		.uleb128 0x19
 997 00df 03       		.uleb128 0x3
 998 00e0 0E       		.uleb128 0xe
 999 00e1 3A       		.uleb128 0x3a
 1000 00e2 0B       		.uleb128 0xb
 1001 00e3 3B       		.uleb128 0x3b
 1002 00e4 0B       		.uleb128 0xb
 1003 00e5 27       		.uleb128 0x27
 1004 00e6 19       		.uleb128 0x19
 1005 00e7 49       		.uleb128 0x49
 1006 00e8 13       		.uleb128 0x13
 1007 00e9 11       		.uleb128 0x11
 1008 00ea 01       		.uleb128 0x1
 1009 00eb 12       		.uleb128 0x12
 1010 00ec 06       		.uleb128 0x6
 1011 00ed 40       		.uleb128 0x40
 1012 00ee 18       		.uleb128 0x18
 1013 00ef 9742     		.uleb128 0x2117
 1014 00f1 19       		.uleb128 0x19
 1015 00f2 01       		.uleb128 0x1
 1016 00f3 13       		.uleb128 0x13
 1017 00f4 00       		.byte	0
 1018 00f5 00       		.byte	0
ARM GAS  C:\Users\rober\AppData\Local\Temp\ccCYNS7b.s 			page 21


 1019 00f6 14       		.uleb128 0x14
 1020 00f7 05       		.uleb128 0x5
 1021 00f8 00       		.byte	0
 1022 00f9 03       		.uleb128 0x3
 1023 00fa 0E       		.uleb128 0xe
 1024 00fb 3A       		.uleb128 0x3a
 1025 00fc 0B       		.uleb128 0xb
 1026 00fd 3B       		.uleb128 0x3b
 1027 00fe 0B       		.uleb128 0xb
 1028 00ff 49       		.uleb128 0x49
 1029 0100 13       		.uleb128 0x13
 1030 0101 02       		.uleb128 0x2
 1031 0102 18       		.uleb128 0x18
 1032 0103 00       		.byte	0
 1033 0104 00       		.byte	0
 1034 0105 15       		.uleb128 0x15
 1035 0106 34       		.uleb128 0x34
 1036 0107 00       		.byte	0
 1037 0108 03       		.uleb128 0x3
 1038 0109 0E       		.uleb128 0xe
 1039 010a 3A       		.uleb128 0x3a
 1040 010b 0B       		.uleb128 0xb
 1041 010c 3B       		.uleb128 0x3b
 1042 010d 0B       		.uleb128 0xb
 1043 010e 49       		.uleb128 0x49
 1044 010f 13       		.uleb128 0x13
 1045 0110 02       		.uleb128 0x2
 1046 0111 18       		.uleb128 0x18
 1047 0112 00       		.byte	0
 1048 0113 00       		.byte	0
 1049 0114 16       		.uleb128 0x16
 1050 0115 0F       		.uleb128 0xf
 1051 0116 00       		.byte	0
 1052 0117 0B       		.uleb128 0xb
 1053 0118 0B       		.uleb128 0xb
 1054 0119 49       		.uleb128 0x49
 1055 011a 13       		.uleb128 0x13
 1056 011b 00       		.byte	0
 1057 011c 00       		.byte	0
 1058 011d 17       		.uleb128 0x17
 1059 011e 2E       		.uleb128 0x2e
 1060 011f 01       		.byte	0x1
 1061 0120 3F       		.uleb128 0x3f
 1062 0121 19       		.uleb128 0x19
 1063 0122 03       		.uleb128 0x3
 1064 0123 0E       		.uleb128 0xe
 1065 0124 3A       		.uleb128 0x3a
 1066 0125 0B       		.uleb128 0xb
 1067 0126 3B       		.uleb128 0x3b
 1068 0127 0B       		.uleb128 0xb
 1069 0128 27       		.uleb128 0x27
 1070 0129 19       		.uleb128 0x19
 1071 012a 11       		.uleb128 0x11
 1072 012b 01       		.uleb128 0x1
 1073 012c 12       		.uleb128 0x12
 1074 012d 06       		.uleb128 0x6
 1075 012e 40       		.uleb128 0x40
ARM GAS  C:\Users\rober\AppData\Local\Temp\ccCYNS7b.s 			page 22


 1076 012f 18       		.uleb128 0x18
 1077 0130 9742     		.uleb128 0x2117
 1078 0132 19       		.uleb128 0x19
 1079 0133 01       		.uleb128 0x1
 1080 0134 13       		.uleb128 0x13
 1081 0135 00       		.byte	0
 1082 0136 00       		.byte	0
 1083 0137 18       		.uleb128 0x18
 1084 0138 34       		.uleb128 0x34
 1085 0139 00       		.byte	0
 1086 013a 03       		.uleb128 0x3
 1087 013b 0E       		.uleb128 0xe
 1088 013c 3A       		.uleb128 0x3a
 1089 013d 0B       		.uleb128 0xb
 1090 013e 3B       		.uleb128 0x3b
 1091 013f 05       		.uleb128 0x5
 1092 0140 49       		.uleb128 0x49
 1093 0141 13       		.uleb128 0x13
 1094 0142 3F       		.uleb128 0x3f
 1095 0143 19       		.uleb128 0x19
 1096 0144 3C       		.uleb128 0x3c
 1097 0145 19       		.uleb128 0x19
 1098 0146 00       		.byte	0
 1099 0147 00       		.byte	0
 1100 0148 00       		.byte	0
 1101              		.section	.debug_aranges,"",%progbits
 1102 0000 24000000 		.4byte	0x24
 1103 0004 0200     		.2byte	0x2
 1104 0006 00000000 		.4byte	.Ldebug_info0
 1105 000a 04       		.byte	0x4
 1106 000b 00       		.byte	0
 1107 000c 0000     		.2byte	0
 1108 000e 0000     		.2byte	0
 1109 0010 00000000 		.4byte	.LFB144
 1110 0014 CC000000 		.4byte	.LFE144-.LFB144
 1111 0018 00000000 		.4byte	.LFB145
 1112 001c EA000000 		.4byte	.LFE145-.LFB145
 1113 0020 00000000 		.4byte	0
 1114 0024 00000000 		.4byte	0
 1115              		.section	.debug_ranges,"",%progbits
 1116              	.Ldebug_ranges0:
 1117 0000 00000000 		.4byte	.LFB144
 1118 0004 CC000000 		.4byte	.LFE144
 1119 0008 00000000 		.4byte	.LFB145
 1120 000c EA000000 		.4byte	.LFE145
 1121 0010 00000000 		.4byte	0
 1122 0014 00000000 		.4byte	0
 1123              		.section	.debug_line,"",%progbits
 1124              	.Ldebug_line0:
 1125 0000 41020000 		.section	.debug_str,"MS",%progbits,1
 1125      0200F101 
 1125      00000201 
 1125      FB0E0D00 
 1125      01010101 
 1126              	.LASF53:
 1127 0000 63795F73 		.ascii	"cy_stc_tcpwm_quaddec_config_t\000"
 1127      74635F74 
ARM GAS  C:\Users\rober\AppData\Local\Temp\ccCYNS7b.s 			page 23


 1127      6370776D 
 1127      5F717561 
 1127      64646563 
 1128              	.LASF58:
 1129 001e 47656E65 		.ascii	"Generated_Source\\PSoC6\\pdl\\drivers\\peripheral\\"
 1129      72617465 
 1129      645F536F 
 1129      75726365 
 1129      5C50536F 
 1130 004c 74637077 		.ascii	"tcpwm\\cy_tcpwm_quaddec.c\000"
 1130      6D5C6379 
 1130      5F746370 
 1130      776D5F71 
 1130      75616464 
 1131              	.LASF30:
 1132 0065 54435057 		.ascii	"TCPWM_CNT_Type\000"
 1132      4D5F434E 
 1132      545F5479 
 1132      706500
 1133              	.LASF2:
 1134 0074 73686F72 		.ascii	"short int\000"
 1134      7420696E 
 1134      7400
 1135              	.LASF14:
 1136 007e 73697A65 		.ascii	"sizetype\000"
 1136      74797065 
 1136      00
 1137              	.LASF20:
 1138 0087 50455249 		.ascii	"PERIOD_BUFF\000"
 1138      4F445F42 
 1138      55464600 
 1139              	.LASF32:
 1140 0093 4354524C 		.ascii	"CTRL_SET\000"
 1140      5F534554 
 1140      00
 1141              	.LASF19:
 1142 009c 50455249 		.ascii	"PERIOD\000"
 1142      4F4400
 1143              	.LASF34:
 1144 00a3 434D445F 		.ascii	"CMD_RELOAD\000"
 1144      52454C4F 
 1144      414400
 1145              	.LASF23:
 1146 00ae 54525F43 		.ascii	"TR_CTRL1\000"
 1146      54524C31 
 1146      00
 1147              	.LASF24:
 1148 00b7 54525F43 		.ascii	"TR_CTRL2\000"
 1148      54524C32 
 1148      00
 1149              	.LASF42:
 1150 00c0 43595F54 		.ascii	"CY_TCPWM_SUCCESS\000"
 1150      4350574D 
 1150      5F535543 
 1150      43455353 
 1150      00
 1151              	.LASF6:
ARM GAS  C:\Users\rober\AppData\Local\Temp\ccCYNS7b.s 			page 24


 1152 00d1 5F5F7569 		.ascii	"__uint32_t\000"
 1152      6E743332 
 1152      5F7400
 1153              	.LASF50:
 1154 00dc 73746F70 		.ascii	"stopInput\000"
 1154      496E7075 
 1154      7400
 1155              	.LASF22:
 1156 00e6 54525F43 		.ascii	"TR_CTRL0\000"
 1156      54524C30 
 1156      00
 1157              	.LASF56:
 1158 00ef 636F6E66 		.ascii	"config\000"
 1158      696700
 1159              	.LASF57:
 1160 00f6 474E5520 		.ascii	"GNU C11 5.4.1 20160609 (release) [ARM/embedded-5-br"
 1160      43313120 
 1160      352E342E 
 1160      31203230 
 1160      31363036 
 1161 0129 616E6368 		.ascii	"anch revision 237715] -mcpu=cortex-m4 -mfloat-abi=s"
 1161      20726576 
 1161      6973696F 
 1161      6E203233 
 1161      37373135 
 1162 015c 6F667466 		.ascii	"oftfp -mfpu=fpv4-sp-d16 -mthumb -g -O0 -ffunction-s"
 1162      70202D6D 
 1162      6670753D 
 1162      66707634 
 1162      2D73702D 
 1163 018f 65637469 		.ascii	"ections -ffat-lto-objects\000"
 1163      6F6E7320 
 1163      2D666661 
 1163      742D6C74 
 1163      6F2D6F62 
 1164              	.LASF52:
 1165 01a9 70686942 		.ascii	"phiBInput\000"
 1165      496E7075 
 1165      7400
 1166              	.LASF33:
 1167 01b3 434D445F 		.ascii	"CMD_CAPTURE\000"
 1167      43415054 
 1167      55524500 
 1168              	.LASF46:
 1169 01bf 696E7465 		.ascii	"interruptSources\000"
 1169      72727570 
 1169      74536F75 
 1169      72636573 
 1169      00
 1170              	.LASF36:
 1171 01d0 434D445F 		.ascii	"CMD_START\000"
 1171      53544152 
 1171      5400
 1172              	.LASF40:
 1173 01da 666C6F61 		.ascii	"float\000"
 1173      7400
 1174              	.LASF8:
ARM GAS  C:\Users\rober\AppData\Local\Temp\ccCYNS7b.s 			page 25


 1175 01e0 6C6F6E67 		.ascii	"long long int\000"
 1175      206C6F6E 
 1175      6720696E 
 1175      7400
 1176              	.LASF16:
 1177 01ee 53544154 		.ascii	"STATUS\000"
 1177      555300
 1178              	.LASF4:
 1179 01f5 6C6F6E67 		.ascii	"long int\000"
 1179      20696E74 
 1179      00
 1180              	.LASF59:
 1181 01fe 433A5C55 		.ascii	"C:\\Users\\rober\\Desktop\\SMIW\\projekt_smiw\\CE22"
 1181      73657273 
 1181      5C726F62 
 1181      65725C44 
 1181      65736B74 
 1182 022b 33373237 		.ascii	"3727_EmWin_EInk_Display01\\CE223727_EmWin_EInk_Disp"
 1182      5F456D57 
 1182      696E5F45 
 1182      496E6B5F 
 1182      44697370 
 1183 025d 6C617930 		.ascii	"lay01.cydsn\000"
 1183      312E6379 
 1183      64736E00 
 1184              	.LASF55:
 1185 0269 636E744E 		.ascii	"cntNum\000"
 1185      756D00
 1186              	.LASF29:
 1187 0270 494E5452 		.ascii	"INTR_MASKED\000"
 1187      5F4D4153 
 1187      4B454400 
 1188              	.LASF18:
 1189 027c 43435F42 		.ascii	"CC_BUFF\000"
 1189      55464600 
 1190              	.LASF13:
 1191 0284 6C6F6E67 		.ascii	"long double\000"
 1191      20646F75 
 1191      626C6500 
 1192              	.LASF61:
 1193 0290 43795F54 		.ascii	"Cy_TCPWM_QuadDec_Init\000"
 1193      4350574D 
 1193      5F517561 
 1193      64446563 
 1193      5F496E69 
 1194              	.LASF1:
 1195 02a6 756E7369 		.ascii	"unsigned char\000"
 1195      676E6564 
 1195      20636861 
 1195      7200
 1196              	.LASF15:
 1197 02b4 4354524C 		.ascii	"CTRL\000"
 1197      00
 1198              	.LASF37:
 1199 02b9 494E5452 		.ascii	"INTR_CAUSE\000"
 1199      5F434155 
 1199      534500
ARM GAS  C:\Users\rober\AppData\Local\Temp\ccCYNS7b.s 			page 26


 1200              	.LASF0:
 1201 02c4 7369676E 		.ascii	"signed char\000"
 1201      65642063 
 1201      68617200 
 1202              	.LASF27:
 1203 02d0 494E5452 		.ascii	"INTR_SET\000"
 1203      5F534554 
 1203      00
 1204              	.LASF9:
 1205 02d9 6C6F6E67 		.ascii	"long long unsigned int\000"
 1205      206C6F6E 
 1205      6720756E 
 1205      7369676E 
 1205      65642069 
 1206              	.LASF12:
 1207 02f0 75696E74 		.ascii	"uint32_t\000"
 1207      33325F74 
 1207      00
 1208              	.LASF48:
 1209 02f9 696E6465 		.ascii	"indexInput\000"
 1209      78496E70 
 1209      757400
 1210              	.LASF10:
 1211 0304 756E7369 		.ascii	"unsigned int\000"
 1211      676E6564 
 1211      20696E74 
 1211      00
 1212              	.LASF45:
 1213 0311 7265736F 		.ascii	"resolution\000"
 1213      6C757469 
 1213      6F6E00
 1214              	.LASF35:
 1215 031c 434D445F 		.ascii	"CMD_STOP\000"
 1215      53544F50 
 1215      00
 1216              	.LASF28:
 1217 0325 494E5452 		.ascii	"INTR_MASK\000"
 1217      5F4D4153 
 1217      4B00
 1218              	.LASF3:
 1219 032f 73686F72 		.ascii	"short unsigned int\000"
 1219      7420756E 
 1219      7369676E 
 1219      65642069 
 1219      6E7400
 1220              	.LASF62:
 1221 0342 73746174 		.ascii	"status\000"
 1221      757300
 1222              	.LASF39:
 1223 0349 63686172 		.ascii	"char\000"
 1223      00
 1224              	.LASF11:
 1225 034e 696E7433 		.ascii	"int32_t\000"
 1225      325F7400 
 1226              	.LASF43:
 1227 0356 43595F54 		.ascii	"CY_TCPWM_BAD_PARAM\000"
 1227      4350574D 
ARM GAS  C:\Users\rober\AppData\Local\Temp\ccCYNS7b.s 			page 27


 1227      5F424144 
 1227      5F504152 
 1227      414D00
 1228              	.LASF60:
 1229 0369 63795F73 		.ascii	"cy_stc_tcpwm_quaddec_config\000"
 1229      74635F74 
 1229      6370776D 
 1229      5F717561 
 1229      64646563 
 1230              	.LASF26:
 1231 0385 494E5452 		.ascii	"INTR\000"
 1231      00
 1232              	.LASF25:
 1233 038a 52455345 		.ascii	"RESERVED1\000"
 1233      52564544 
 1233      3100
 1234              	.LASF51:
 1235 0394 70686941 		.ascii	"phiAInput\000"
 1235      496E7075 
 1235      7400
 1236              	.LASF7:
 1237 039e 6C6F6E67 		.ascii	"long unsigned int\000"
 1237      20756E73 
 1237      69676E65 
 1237      6420696E 
 1237      7400
 1238              	.LASF41:
 1239 03b0 646F7562 		.ascii	"double\000"
 1239      6C6500
 1240              	.LASF63:
 1241 03b7 43795F54 		.ascii	"Cy_TCPWM_QuadDec_DeInit\000"
 1241      4350574D 
 1241      5F517561 
 1241      64446563 
 1241      5F446549 
 1242              	.LASF47:
 1243 03cf 696E6465 		.ascii	"indexInputMode\000"
 1243      78496E70 
 1243      75744D6F 
 1243      646500
 1244              	.LASF5:
 1245 03de 5F5F696E 		.ascii	"__int32_t\000"
 1245      7433325F 
 1245      7400
 1246              	.LASF49:
 1247 03e8 73746F70 		.ascii	"stopInputMode\000"
 1247      496E7075 
 1247      744D6F64 
 1247      6500
 1248              	.LASF31:
 1249 03f6 4354524C 		.ascii	"CTRL_CLR\000"
 1249      5F434C52 
 1249      00
 1250              	.LASF17:
 1251 03ff 434F554E 		.ascii	"COUNTER\000"
 1251      54455200 
 1252              	.LASF21:
ARM GAS  C:\Users\rober\AppData\Local\Temp\ccCYNS7b.s 			page 28


 1253 0407 52455345 		.ascii	"RESERVED\000"
 1253      52564544 
 1253      00
 1254              	.LASF44:
 1255 0410 63795F65 		.ascii	"cy_en_tcpwm_status_t\000"
 1255      6E5F7463 
 1255      70776D5F 
 1255      73746174 
 1255      75735F74 
 1256              	.LASF64:
 1257 0425 49544D5F 		.ascii	"ITM_RxBuffer\000"
 1257      52784275 
 1257      66666572 
 1257      00
 1258              	.LASF38:
 1259 0432 54435057 		.ascii	"TCPWM_Type\000"
 1259      4D5F5479 
 1259      706500
 1260              	.LASF54:
 1261 043d 62617365 		.ascii	"base\000"
 1261      00
 1262              		.ident	"GCC: (GNU Tools for ARM Embedded Processors) 5.4.1 20160609 (release) [ARM/embedded-5-bran
