ARM GAS  C:\Users\rober\AppData\Local\Temp\cc33ycwh.s 			page 1


   1              		.syntax unified
   2              		.cpu cortex-m4
   3              		.eabi_attribute 27, 1
   4              		.fpu fpv4-sp-d16
   5              		.eabi_attribute 20, 1
   6              		.eabi_attribute 21, 1
   7              		.eabi_attribute 23, 3
   8              		.eabi_attribute 24, 1
   9              		.eabi_attribute 25, 1
  10              		.eabi_attribute 26, 1
  11              		.eabi_attribute 30, 6
  12              		.eabi_attribute 34, 1
  13              		.eabi_attribute 18, 4
  14              		.thumb
  15              		.syntax unified
  16              		.file	"cy_tcpwm_counter.c"
  17              		.text
  18              	.Ltext0:
  19              		.cfi_sections	.debug_frame
  20              		.section	.text.Cy_TCPWM_Counter_Init,"ax",%progbits
  21              		.align	2
  22              		.global	Cy_TCPWM_Counter_Init
  23              		.thumb
  24              		.thumb_func
  25              		.type	Cy_TCPWM_Counter_Init, %function
  26              	Cy_TCPWM_Counter_Init:
  27              	.LFB151:
  28              		.file 1 "Generated_Source\\PSoC6\\pdl\\drivers\\peripheral\\tcpwm\\cy_tcpwm_counter.c"
   1:Generated_Source\PSoC6\pdl\drivers\peripheral\tcpwm/cy_tcpwm_counter.c **** /***************************************************************************//**
   2:Generated_Source\PSoC6\pdl\drivers\peripheral\tcpwm/cy_tcpwm_counter.c **** * \file cy_tcpwm_counter.c
   3:Generated_Source\PSoC6\pdl\drivers\peripheral\tcpwm/cy_tcpwm_counter.c **** * \version 1.0.1
   4:Generated_Source\PSoC6\pdl\drivers\peripheral\tcpwm/cy_tcpwm_counter.c **** *
   5:Generated_Source\PSoC6\pdl\drivers\peripheral\tcpwm/cy_tcpwm_counter.c **** * \brief
   6:Generated_Source\PSoC6\pdl\drivers\peripheral\tcpwm/cy_tcpwm_counter.c **** *  The source file of the tcpwm driver.
   7:Generated_Source\PSoC6\pdl\drivers\peripheral\tcpwm/cy_tcpwm_counter.c **** *
   8:Generated_Source\PSoC6\pdl\drivers\peripheral\tcpwm/cy_tcpwm_counter.c **** ********************************************************************************
   9:Generated_Source\PSoC6\pdl\drivers\peripheral\tcpwm/cy_tcpwm_counter.c **** * \copyright
  10:Generated_Source\PSoC6\pdl\drivers\peripheral\tcpwm/cy_tcpwm_counter.c **** * Copyright 2016-2018, Cypress Semiconductor Corporation.  All rights reserved.
  11:Generated_Source\PSoC6\pdl\drivers\peripheral\tcpwm/cy_tcpwm_counter.c **** * You may use this file only in accordance with the license, terms, conditions,
  12:Generated_Source\PSoC6\pdl\drivers\peripheral\tcpwm/cy_tcpwm_counter.c **** * disclaimers, and limitations in the end user license agreement accompanying
  13:Generated_Source\PSoC6\pdl\drivers\peripheral\tcpwm/cy_tcpwm_counter.c **** * the software package with which this file was provided.
  14:Generated_Source\PSoC6\pdl\drivers\peripheral\tcpwm/cy_tcpwm_counter.c **** *******************************************************************************/
  15:Generated_Source\PSoC6\pdl\drivers\peripheral\tcpwm/cy_tcpwm_counter.c **** 
  16:Generated_Source\PSoC6\pdl\drivers\peripheral\tcpwm/cy_tcpwm_counter.c **** #include "cy_tcpwm_counter.h"
  17:Generated_Source\PSoC6\pdl\drivers\peripheral\tcpwm/cy_tcpwm_counter.c **** 
  18:Generated_Source\PSoC6\pdl\drivers\peripheral\tcpwm/cy_tcpwm_counter.c **** #if defined(__cplusplus)
  19:Generated_Source\PSoC6\pdl\drivers\peripheral\tcpwm/cy_tcpwm_counter.c **** extern "C" {
  20:Generated_Source\PSoC6\pdl\drivers\peripheral\tcpwm/cy_tcpwm_counter.c **** #endif
  21:Generated_Source\PSoC6\pdl\drivers\peripheral\tcpwm/cy_tcpwm_counter.c **** 
  22:Generated_Source\PSoC6\pdl\drivers\peripheral\tcpwm/cy_tcpwm_counter.c **** 
  23:Generated_Source\PSoC6\pdl\drivers\peripheral\tcpwm/cy_tcpwm_counter.c **** /*******************************************************************************
  24:Generated_Source\PSoC6\pdl\drivers\peripheral\tcpwm/cy_tcpwm_counter.c **** * Function Name: Cy_TCPWM_Counter_Init
  25:Generated_Source\PSoC6\pdl\drivers\peripheral\tcpwm/cy_tcpwm_counter.c **** ****************************************************************************//**
  26:Generated_Source\PSoC6\pdl\drivers\peripheral\tcpwm/cy_tcpwm_counter.c **** *
  27:Generated_Source\PSoC6\pdl\drivers\peripheral\tcpwm/cy_tcpwm_counter.c **** * Initializes the counter in the TCPWM block for the Counter operation.
  28:Generated_Source\PSoC6\pdl\drivers\peripheral\tcpwm/cy_tcpwm_counter.c **** *
  29:Generated_Source\PSoC6\pdl\drivers\peripheral\tcpwm/cy_tcpwm_counter.c **** * \param base
ARM GAS  C:\Users\rober\AppData\Local\Temp\cc33ycwh.s 			page 2


  30:Generated_Source\PSoC6\pdl\drivers\peripheral\tcpwm/cy_tcpwm_counter.c **** * The pointer to a TCPWM instance.
  31:Generated_Source\PSoC6\pdl\drivers\peripheral\tcpwm/cy_tcpwm_counter.c **** *
  32:Generated_Source\PSoC6\pdl\drivers\peripheral\tcpwm/cy_tcpwm_counter.c **** * \param cntNum
  33:Generated_Source\PSoC6\pdl\drivers\peripheral\tcpwm/cy_tcpwm_counter.c **** * The Counter instance number in the selected TCPWM.
  34:Generated_Source\PSoC6\pdl\drivers\peripheral\tcpwm/cy_tcpwm_counter.c **** *
  35:Generated_Source\PSoC6\pdl\drivers\peripheral\tcpwm/cy_tcpwm_counter.c **** * \param config
  36:Generated_Source\PSoC6\pdl\drivers\peripheral\tcpwm/cy_tcpwm_counter.c **** * The pointer to configuration structure. See \ref cy_stc_tcpwm_counter_config_t.
  37:Generated_Source\PSoC6\pdl\drivers\peripheral\tcpwm/cy_tcpwm_counter.c **** *
  38:Generated_Source\PSoC6\pdl\drivers\peripheral\tcpwm/cy_tcpwm_counter.c **** * \return error / status code. See \ref cy_en_tcpwm_status_t.
  39:Generated_Source\PSoC6\pdl\drivers\peripheral\tcpwm/cy_tcpwm_counter.c **** *
  40:Generated_Source\PSoC6\pdl\drivers\peripheral\tcpwm/cy_tcpwm_counter.c **** * \funcusage
  41:Generated_Source\PSoC6\pdl\drivers\peripheral\tcpwm/cy_tcpwm_counter.c **** * \snippet tcpwm/tcpwm_v1_0_counter_sut_01.cydsn/main_cm4.c snippet_Cy_TCPWM_Counter_Config
  42:Generated_Source\PSoC6\pdl\drivers\peripheral\tcpwm/cy_tcpwm_counter.c **** * \snippet tcpwm/tcpwm_v1_0_counter_sut_01.cydsn/main_cm4.c snippet_Cy_TCPWM_Counter_Init
  43:Generated_Source\PSoC6\pdl\drivers\peripheral\tcpwm/cy_tcpwm_counter.c **** *
  44:Generated_Source\PSoC6\pdl\drivers\peripheral\tcpwm/cy_tcpwm_counter.c **** *******************************************************************************/
  45:Generated_Source\PSoC6\pdl\drivers\peripheral\tcpwm/cy_tcpwm_counter.c **** cy_en_tcpwm_status_t Cy_TCPWM_Counter_Init(TCPWM_Type *base, uint32_t cntNum, 
  46:Generated_Source\PSoC6\pdl\drivers\peripheral\tcpwm/cy_tcpwm_counter.c ****                                            cy_stc_tcpwm_counter_config_t const *config)
  47:Generated_Source\PSoC6\pdl\drivers\peripheral\tcpwm/cy_tcpwm_counter.c **** {
  29              		.loc 1 47 0
  30              		.cfi_startproc
  31              		@ args = 0, pretend = 0, frame = 24
  32              		@ frame_needed = 1, uses_anonymous_args = 0
  33              		@ link register save eliminated.
  34 0000 80B4     		push	{r7}
  35              		.cfi_def_cfa_offset 4
  36              		.cfi_offset 7, -4
  37 0002 87B0     		sub	sp, sp, #28
  38              		.cfi_def_cfa_offset 32
  39 0004 00AF     		add	r7, sp, #0
  40              		.cfi_def_cfa_register 7
  41 0006 F860     		str	r0, [r7, #12]
  42 0008 B960     		str	r1, [r7, #8]
  43 000a 7A60     		str	r2, [r7, #4]
  48:Generated_Source\PSoC6\pdl\drivers\peripheral\tcpwm/cy_tcpwm_counter.c ****     cy_en_tcpwm_status_t status = CY_TCPWM_BAD_PARAM;
  44              		.loc 1 48 0
  45 000c 644B     		ldr	r3, .L11
  46 000e 7B61     		str	r3, [r7, #20]
  49:Generated_Source\PSoC6\pdl\drivers\peripheral\tcpwm/cy_tcpwm_counter.c **** 
  50:Generated_Source\PSoC6\pdl\drivers\peripheral\tcpwm/cy_tcpwm_counter.c ****     if ((NULL != base) && (NULL != config))
  47              		.loc 1 50 0
  48 0010 FB68     		ldr	r3, [r7, #12]
  49 0012 002B     		cmp	r3, #0
  50 0014 00F0BD80 		beq	.L2
  51              		.loc 1 50 0 is_stmt 0 discriminator 1
  52 0018 7B68     		ldr	r3, [r7, #4]
  53 001a 002B     		cmp	r3, #0
  54 001c 00F0B980 		beq	.L2
  51:Generated_Source\PSoC6\pdl\drivers\peripheral\tcpwm/cy_tcpwm_counter.c ****     {
  52:Generated_Source\PSoC6\pdl\drivers\peripheral\tcpwm/cy_tcpwm_counter.c ****         base->CNT[cntNum].CTRL = (_VAL2FLD(TCPWM_CNT_CTRL_GENERIC, config->clockPrescaler) |
  55              		.loc 1 52 0 is_stmt 1
  56 0020 7B68     		ldr	r3, [r7, #4]
  57 0022 5B68     		ldr	r3, [r3, #4]
  58 0024 1B02     		lsls	r3, r3, #8
  59 0026 9AB2     		uxth	r2, r3
  53:Generated_Source\PSoC6\pdl\drivers\peripheral\tcpwm/cy_tcpwm_counter.c ****                                   _VAL2FLD(TCPWM_CNT_CTRL_ONE_SHOT, config->runMode) |
  60              		.loc 1 53 0
  61 0028 7B68     		ldr	r3, [r7, #4]
ARM GAS  C:\Users\rober\AppData\Local\Temp\cc33ycwh.s 			page 3


  62 002a 9B68     		ldr	r3, [r3, #8]
  63 002c 9B04     		lsls	r3, r3, #18
  64 002e 03F48023 		and	r3, r3, #262144
  52:Generated_Source\PSoC6\pdl\drivers\peripheral\tcpwm/cy_tcpwm_counter.c ****                                   _VAL2FLD(TCPWM_CNT_CTRL_ONE_SHOT, config->runMode) |
  65              		.loc 1 52 0
  66 0032 1A43     		orrs	r2, r2, r3
  54:Generated_Source\PSoC6\pdl\drivers\peripheral\tcpwm/cy_tcpwm_counter.c ****                                   _VAL2FLD(TCPWM_CNT_CTRL_UP_DOWN_MODE, config->countDirection) |
  67              		.loc 1 54 0
  68 0034 7B68     		ldr	r3, [r7, #4]
  69 0036 DB68     		ldr	r3, [r3, #12]
  70 0038 1B04     		lsls	r3, r3, #16
  71 003a 03F44033 		and	r3, r3, #196608
  53:Generated_Source\PSoC6\pdl\drivers\peripheral\tcpwm/cy_tcpwm_counter.c ****                                   _VAL2FLD(TCPWM_CNT_CTRL_ONE_SHOT, config->runMode) |
  72              		.loc 1 53 0
  73 003e 1A43     		orrs	r2, r2, r3
  55:Generated_Source\PSoC6\pdl\drivers\peripheral\tcpwm/cy_tcpwm_counter.c ****                                   _VAL2FLD(TCPWM_CNT_CTRL_MODE, config->compareOrCapture) |
  74              		.loc 1 55 0
  75 0040 7B68     		ldr	r3, [r7, #4]
  76 0042 1B69     		ldr	r3, [r3, #16]
  77 0044 1B06     		lsls	r3, r3, #24
  78 0046 03F0E063 		and	r3, r3, #117440512
  54:Generated_Source\PSoC6\pdl\drivers\peripheral\tcpwm/cy_tcpwm_counter.c ****                                   _VAL2FLD(TCPWM_CNT_CTRL_UP_DOWN_MODE, config->countDirection) |
  79              		.loc 1 54 0
  80 004a 1A43     		orrs	r2, r2, r3
  56:Generated_Source\PSoC6\pdl\drivers\peripheral\tcpwm/cy_tcpwm_counter.c ****                                   (config->enableCompareSwap ? TCPWM_CNT_CTRL_AUTO_RELOAD_CC_Msk : 
  81              		.loc 1 56 0
  82 004c 7B68     		ldr	r3, [r7, #4]
  83 004e 1B7F     		ldrb	r3, [r3, #28]	@ zero_extendqisi2
  84 0050 002B     		cmp	r3, #0
  85 0052 01D0     		beq	.L3
  86              		.loc 1 56 0 is_stmt 0 discriminator 1
  87 0054 0123     		movs	r3, #1
  88 0056 00E0     		b	.L4
  89              	.L3:
  90              		.loc 1 56 0 discriminator 2
  91 0058 0023     		movs	r3, #0
  92              	.L4:
  55:Generated_Source\PSoC6\pdl\drivers\peripheral\tcpwm/cy_tcpwm_counter.c ****                                   _VAL2FLD(TCPWM_CNT_CTRL_MODE, config->compareOrCapture) |
  93              		.loc 1 55 0 is_stmt 1
  94 005a 1A43     		orrs	r2, r2, r3
  52:Generated_Source\PSoC6\pdl\drivers\peripheral\tcpwm/cy_tcpwm_counter.c ****                                   _VAL2FLD(TCPWM_CNT_CTRL_ONE_SHOT, config->runMode) |
  95              		.loc 1 52 0
  96 005c F968     		ldr	r1, [r7, #12]
  97 005e BB68     		ldr	r3, [r7, #8]
  98 0060 0433     		adds	r3, r3, #4
  99 0062 9B01     		lsls	r3, r3, #6
 100 0064 0B44     		add	r3, r3, r1
 101 0066 1A60     		str	r2, [r3]
  57:Generated_Source\PSoC6\pdl\drivers\peripheral\tcpwm/cy_tcpwm_counter.c **** 
  58:Generated_Source\PSoC6\pdl\drivers\peripheral\tcpwm/cy_tcpwm_counter.c ****         if (CY_TCPWM_COUNTER_COUNT_UP == config->countDirection)
 102              		.loc 1 58 0
 103 0068 7B68     		ldr	r3, [r7, #4]
 104 006a DB68     		ldr	r3, [r3, #12]
 105 006c 002B     		cmp	r3, #0
 106 006e 08D1     		bne	.L5
  59:Generated_Source\PSoC6\pdl\drivers\peripheral\tcpwm/cy_tcpwm_counter.c ****         {
  60:Generated_Source\PSoC6\pdl\drivers\peripheral\tcpwm/cy_tcpwm_counter.c ****             base->CNT[cntNum].COUNTER = CY_TCPWM_CNT_UP_INIT_VAL;
ARM GAS  C:\Users\rober\AppData\Local\Temp\cc33ycwh.s 			page 4


 107              		.loc 1 60 0
 108 0070 FA68     		ldr	r2, [r7, #12]
 109 0072 BB68     		ldr	r3, [r7, #8]
 110 0074 9B01     		lsls	r3, r3, #6
 111 0076 1344     		add	r3, r3, r2
 112 0078 03F58473 		add	r3, r3, #264
 113 007c 0022     		movs	r2, #0
 114 007e 1A60     		str	r2, [r3]
 115 0080 15E0     		b	.L6
 116              	.L5:
  61:Generated_Source\PSoC6\pdl\drivers\peripheral\tcpwm/cy_tcpwm_counter.c ****         }
  62:Generated_Source\PSoC6\pdl\drivers\peripheral\tcpwm/cy_tcpwm_counter.c ****         else if (CY_TCPWM_COUNTER_COUNT_DOWN == config->countDirection)
 117              		.loc 1 62 0
 118 0082 7B68     		ldr	r3, [r7, #4]
 119 0084 DB68     		ldr	r3, [r3, #12]
 120 0086 012B     		cmp	r3, #1
 121 0088 09D1     		bne	.L7
  63:Generated_Source\PSoC6\pdl\drivers\peripheral\tcpwm/cy_tcpwm_counter.c ****         {
  64:Generated_Source\PSoC6\pdl\drivers\peripheral\tcpwm/cy_tcpwm_counter.c ****             base->CNT[cntNum].COUNTER = config->period;
 122              		.loc 1 64 0
 123 008a 7B68     		ldr	r3, [r7, #4]
 124 008c 1A68     		ldr	r2, [r3]
 125 008e F968     		ldr	r1, [r7, #12]
 126 0090 BB68     		ldr	r3, [r7, #8]
 127 0092 9B01     		lsls	r3, r3, #6
 128 0094 0B44     		add	r3, r3, r1
 129 0096 03F58473 		add	r3, r3, #264
 130 009a 1A60     		str	r2, [r3]
 131 009c 07E0     		b	.L6
 132              	.L7:
  65:Generated_Source\PSoC6\pdl\drivers\peripheral\tcpwm/cy_tcpwm_counter.c ****         }
  66:Generated_Source\PSoC6\pdl\drivers\peripheral\tcpwm/cy_tcpwm_counter.c ****         else
  67:Generated_Source\PSoC6\pdl\drivers\peripheral\tcpwm/cy_tcpwm_counter.c ****         {
  68:Generated_Source\PSoC6\pdl\drivers\peripheral\tcpwm/cy_tcpwm_counter.c ****             base->CNT[cntNum].COUNTER = CY_TCPWM_CNT_UP_DOWN_INIT_VAL;
 133              		.loc 1 68 0
 134 009e FA68     		ldr	r2, [r7, #12]
 135 00a0 BB68     		ldr	r3, [r7, #8]
 136 00a2 9B01     		lsls	r3, r3, #6
 137 00a4 1344     		add	r3, r3, r2
 138 00a6 03F58473 		add	r3, r3, #264
 139 00aa 0122     		movs	r2, #1
 140 00ac 1A60     		str	r2, [r3]
 141              	.L6:
  69:Generated_Source\PSoC6\pdl\drivers\peripheral\tcpwm/cy_tcpwm_counter.c ****         }
  70:Generated_Source\PSoC6\pdl\drivers\peripheral\tcpwm/cy_tcpwm_counter.c **** 
  71:Generated_Source\PSoC6\pdl\drivers\peripheral\tcpwm/cy_tcpwm_counter.c ****         if (CY_TCPWM_COUNTER_MODE_COMPARE == config->compareOrCapture)
 142              		.loc 1 71 0
 143 00ae 7B68     		ldr	r3, [r7, #4]
 144 00b0 1B69     		ldr	r3, [r3, #16]
 145 00b2 002B     		cmp	r3, #0
 146 00b4 11D1     		bne	.L8
  72:Generated_Source\PSoC6\pdl\drivers\peripheral\tcpwm/cy_tcpwm_counter.c ****         {
  73:Generated_Source\PSoC6\pdl\drivers\peripheral\tcpwm/cy_tcpwm_counter.c ****             base->CNT[cntNum].CC = config->compare0;
 147              		.loc 1 73 0
 148 00b6 7B68     		ldr	r3, [r7, #4]
 149 00b8 5A69     		ldr	r2, [r3, #20]
 150 00ba F968     		ldr	r1, [r7, #12]
ARM GAS  C:\Users\rober\AppData\Local\Temp\cc33ycwh.s 			page 5


 151 00bc BB68     		ldr	r3, [r7, #8]
 152 00be 9B01     		lsls	r3, r3, #6
 153 00c0 0B44     		add	r3, r3, r1
 154 00c2 03F58673 		add	r3, r3, #268
 155 00c6 1A60     		str	r2, [r3]
  74:Generated_Source\PSoC6\pdl\drivers\peripheral\tcpwm/cy_tcpwm_counter.c ****             base->CNT[cntNum].CC_BUFF = config->compare1;
 156              		.loc 1 74 0
 157 00c8 7B68     		ldr	r3, [r7, #4]
 158 00ca 9A69     		ldr	r2, [r3, #24]
 159 00cc F968     		ldr	r1, [r7, #12]
 160 00ce BB68     		ldr	r3, [r7, #8]
 161 00d0 9B01     		lsls	r3, r3, #6
 162 00d2 0B44     		add	r3, r3, r1
 163 00d4 03F58873 		add	r3, r3, #272
 164 00d8 1A60     		str	r2, [r3]
 165              	.L8:
  75:Generated_Source\PSoC6\pdl\drivers\peripheral\tcpwm/cy_tcpwm_counter.c ****         }
  76:Generated_Source\PSoC6\pdl\drivers\peripheral\tcpwm/cy_tcpwm_counter.c **** 
  77:Generated_Source\PSoC6\pdl\drivers\peripheral\tcpwm/cy_tcpwm_counter.c ****         base->CNT[cntNum].PERIOD = config->period;
 166              		.loc 1 77 0
 167 00da 7B68     		ldr	r3, [r7, #4]
 168 00dc 1A68     		ldr	r2, [r3]
 169 00de F968     		ldr	r1, [r7, #12]
 170 00e0 BB68     		ldr	r3, [r7, #8]
 171 00e2 9B01     		lsls	r3, r3, #6
 172 00e4 0B44     		add	r3, r3, r1
 173 00e6 03F58A73 		add	r3, r3, #276
 174 00ea 1A60     		str	r2, [r3]
  78:Generated_Source\PSoC6\pdl\drivers\peripheral\tcpwm/cy_tcpwm_counter.c **** 
  79:Generated_Source\PSoC6\pdl\drivers\peripheral\tcpwm/cy_tcpwm_counter.c ****         if (CY_TCPWM_INPUT_CREATOR != config->countInput)
 175              		.loc 1 79 0
 176 00ec 7B68     		ldr	r3, [r7, #4]
 177 00ee 9B6C     		ldr	r3, [r3, #72]
 178 00f0 B3F1FF3F 		cmp	r3, #-1
 179 00f4 20D0     		beq	.L9
  80:Generated_Source\PSoC6\pdl\drivers\peripheral\tcpwm/cy_tcpwm_counter.c ****         {
  81:Generated_Source\PSoC6\pdl\drivers\peripheral\tcpwm/cy_tcpwm_counter.c ****             base->CNT[cntNum].TR_CTRL0 = (_VAL2FLD(TCPWM_CNT_TR_CTRL0_CAPTURE_SEL, config->captureI
 180              		.loc 1 81 0
 181 00f6 7B68     		ldr	r3, [r7, #4]
 182 00f8 9B6A     		ldr	r3, [r3, #40]
 183 00fa 03F00F02 		and	r2, r3, #15
  82:Generated_Source\PSoC6\pdl\drivers\peripheral\tcpwm/cy_tcpwm_counter.c ****                                           _VAL2FLD(TCPWM_CNT_TR_CTRL0_RELOAD_SEL, config->reloadInp
 184              		.loc 1 82 0
 185 00fe 7B68     		ldr	r3, [r7, #4]
 186 0100 1B6B     		ldr	r3, [r3, #48]
 187 0102 1B02     		lsls	r3, r3, #8
 188 0104 03F47063 		and	r3, r3, #3840
  81:Generated_Source\PSoC6\pdl\drivers\peripheral\tcpwm/cy_tcpwm_counter.c ****                                           _VAL2FLD(TCPWM_CNT_TR_CTRL0_RELOAD_SEL, config->reloadInp
 189              		.loc 1 81 0
 190 0108 1A43     		orrs	r2, r2, r3
  83:Generated_Source\PSoC6\pdl\drivers\peripheral\tcpwm/cy_tcpwm_counter.c ****                                           _VAL2FLD(TCPWM_CNT_TR_CTRL0_START_SEL, config->startInput
 191              		.loc 1 83 0
 192 010a 7B68     		ldr	r3, [r7, #4]
 193 010c 9B6B     		ldr	r3, [r3, #56]
 194 010e 1B04     		lsls	r3, r3, #16
 195 0110 03F47023 		and	r3, r3, #983040
  82:Generated_Source\PSoC6\pdl\drivers\peripheral\tcpwm/cy_tcpwm_counter.c ****                                           _VAL2FLD(TCPWM_CNT_TR_CTRL0_RELOAD_SEL, config->reloadInp
ARM GAS  C:\Users\rober\AppData\Local\Temp\cc33ycwh.s 			page 6


 196              		.loc 1 82 0
 197 0114 1A43     		orrs	r2, r2, r3
  84:Generated_Source\PSoC6\pdl\drivers\peripheral\tcpwm/cy_tcpwm_counter.c ****                                           _VAL2FLD(TCPWM_CNT_TR_CTRL0_STOP_SEL, config->stopInput) 
 198              		.loc 1 84 0
 199 0116 7B68     		ldr	r3, [r7, #4]
 200 0118 1B6C     		ldr	r3, [r3, #64]
 201 011a 1B03     		lsls	r3, r3, #12
 202 011c 9BB2     		uxth	r3, r3
  83:Generated_Source\PSoC6\pdl\drivers\peripheral\tcpwm/cy_tcpwm_counter.c ****                                           _VAL2FLD(TCPWM_CNT_TR_CTRL0_START_SEL, config->startInput
 203              		.loc 1 83 0
 204 011e 1A43     		orrs	r2, r2, r3
  85:Generated_Source\PSoC6\pdl\drivers\peripheral\tcpwm/cy_tcpwm_counter.c ****                                           _VAL2FLD(TCPWM_CNT_TR_CTRL0_COUNT_SEL, config->countInput
 205              		.loc 1 85 0
 206 0120 7B68     		ldr	r3, [r7, #4]
 207 0122 9B6C     		ldr	r3, [r3, #72]
 208 0124 1B01     		lsls	r3, r3, #4
 209 0126 DBB2     		uxtb	r3, r3
  84:Generated_Source\PSoC6\pdl\drivers\peripheral\tcpwm/cy_tcpwm_counter.c ****                                           _VAL2FLD(TCPWM_CNT_TR_CTRL0_STOP_SEL, config->stopInput) 
 210              		.loc 1 84 0
 211 0128 1A43     		orrs	r2, r2, r3
  81:Generated_Source\PSoC6\pdl\drivers\peripheral\tcpwm/cy_tcpwm_counter.c ****                                           _VAL2FLD(TCPWM_CNT_TR_CTRL0_RELOAD_SEL, config->reloadInp
 212              		.loc 1 81 0
 213 012a F968     		ldr	r1, [r7, #12]
 214 012c BB68     		ldr	r3, [r7, #8]
 215 012e 9B01     		lsls	r3, r3, #6
 216 0130 0B44     		add	r3, r3, r1
 217 0132 03F59073 		add	r3, r3, #288
 218 0136 1A60     		str	r2, [r3]
 219              	.L9:
  86:Generated_Source\PSoC6\pdl\drivers\peripheral\tcpwm/cy_tcpwm_counter.c ****         }
  87:Generated_Source\PSoC6\pdl\drivers\peripheral\tcpwm/cy_tcpwm_counter.c **** 
  88:Generated_Source\PSoC6\pdl\drivers\peripheral\tcpwm/cy_tcpwm_counter.c ****         base->CNT[cntNum].TR_CTRL1 = (_VAL2FLD(TCPWM_CNT_TR_CTRL1_CAPTURE_EDGE, config->captureInpu
 220              		.loc 1 88 0
 221 0138 7B68     		ldr	r3, [r7, #4]
 222 013a 5B6A     		ldr	r3, [r3, #36]
 223 013c 03F00302 		and	r2, r3, #3
  89:Generated_Source\PSoC6\pdl\drivers\peripheral\tcpwm/cy_tcpwm_counter.c ****                                       _VAL2FLD(TCPWM_CNT_TR_CTRL1_RELOAD_EDGE, config->reloadInputM
 224              		.loc 1 89 0
 225 0140 7B68     		ldr	r3, [r7, #4]
 226 0142 DB6A     		ldr	r3, [r3, #44]
 227 0144 1B01     		lsls	r3, r3, #4
 228 0146 03F03003 		and	r3, r3, #48
  88:Generated_Source\PSoC6\pdl\drivers\peripheral\tcpwm/cy_tcpwm_counter.c ****                                       _VAL2FLD(TCPWM_CNT_TR_CTRL1_RELOAD_EDGE, config->reloadInputM
 229              		.loc 1 88 0
 230 014a 1A43     		orrs	r2, r2, r3
  90:Generated_Source\PSoC6\pdl\drivers\peripheral\tcpwm/cy_tcpwm_counter.c ****                                       _VAL2FLD(TCPWM_CNT_TR_CTRL1_START_EDGE, config->startInputMod
 231              		.loc 1 90 0
 232 014c 7B68     		ldr	r3, [r7, #4]
 233 014e 5B6B     		ldr	r3, [r3, #52]
 234 0150 1B02     		lsls	r3, r3, #8
 235 0152 03F44073 		and	r3, r3, #768
  89:Generated_Source\PSoC6\pdl\drivers\peripheral\tcpwm/cy_tcpwm_counter.c ****                                       _VAL2FLD(TCPWM_CNT_TR_CTRL1_RELOAD_EDGE, config->reloadInputM
 236              		.loc 1 89 0
 237 0156 1A43     		orrs	r2, r2, r3
  91:Generated_Source\PSoC6\pdl\drivers\peripheral\tcpwm/cy_tcpwm_counter.c ****                                       _VAL2FLD(TCPWM_CNT_TR_CTRL1_STOP_EDGE, config->stopInputMode)
 238              		.loc 1 91 0
 239 0158 7B68     		ldr	r3, [r7, #4]
ARM GAS  C:\Users\rober\AppData\Local\Temp\cc33ycwh.s 			page 7


 240 015a DB6B     		ldr	r3, [r3, #60]
 241 015c 9B01     		lsls	r3, r3, #6
 242 015e DBB2     		uxtb	r3, r3
  90:Generated_Source\PSoC6\pdl\drivers\peripheral\tcpwm/cy_tcpwm_counter.c ****                                       _VAL2FLD(TCPWM_CNT_TR_CTRL1_START_EDGE, config->startInputMod
 243              		.loc 1 90 0
 244 0160 1A43     		orrs	r2, r2, r3
  92:Generated_Source\PSoC6\pdl\drivers\peripheral\tcpwm/cy_tcpwm_counter.c ****                                       _VAL2FLD(TCPWM_CNT_TR_CTRL1_COUNT_EDGE, config->countInputMod
 245              		.loc 1 92 0
 246 0162 7B68     		ldr	r3, [r7, #4]
 247 0164 5B6C     		ldr	r3, [r3, #68]
 248 0166 9B00     		lsls	r3, r3, #2
 249 0168 03F00C03 		and	r3, r3, #12
  91:Generated_Source\PSoC6\pdl\drivers\peripheral\tcpwm/cy_tcpwm_counter.c ****                                       _VAL2FLD(TCPWM_CNT_TR_CTRL1_STOP_EDGE, config->stopInputMode)
 250              		.loc 1 91 0
 251 016c 1A43     		orrs	r2, r2, r3
  88:Generated_Source\PSoC6\pdl\drivers\peripheral\tcpwm/cy_tcpwm_counter.c ****                                       _VAL2FLD(TCPWM_CNT_TR_CTRL1_RELOAD_EDGE, config->reloadInputM
 252              		.loc 1 88 0
 253 016e F968     		ldr	r1, [r7, #12]
 254 0170 BB68     		ldr	r3, [r7, #8]
 255 0172 9B01     		lsls	r3, r3, #6
 256 0174 0B44     		add	r3, r3, r1
 257 0176 03F59273 		add	r3, r3, #292
 258 017a 1A60     		str	r2, [r3]
  93:Generated_Source\PSoC6\pdl\drivers\peripheral\tcpwm/cy_tcpwm_counter.c **** 
  94:Generated_Source\PSoC6\pdl\drivers\peripheral\tcpwm/cy_tcpwm_counter.c ****         base->CNT[cntNum].INTR_MASK = config->interruptSources;
 259              		.loc 1 94 0
 260 017c 7B68     		ldr	r3, [r7, #4]
 261 017e 1A6A     		ldr	r2, [r3, #32]
 262 0180 F968     		ldr	r1, [r7, #12]
 263 0182 BB68     		ldr	r3, [r7, #8]
 264 0184 9B01     		lsls	r3, r3, #6
 265 0186 0B44     		add	r3, r3, r1
 266 0188 03F59C73 		add	r3, r3, #312
 267 018c 1A60     		str	r2, [r3]
  95:Generated_Source\PSoC6\pdl\drivers\peripheral\tcpwm/cy_tcpwm_counter.c **** 
  96:Generated_Source\PSoC6\pdl\drivers\peripheral\tcpwm/cy_tcpwm_counter.c ****         status = CY_TCPWM_SUCCESS;
 268              		.loc 1 96 0
 269 018e 0023     		movs	r3, #0
 270 0190 7B61     		str	r3, [r7, #20]
 271              	.L2:
  97:Generated_Source\PSoC6\pdl\drivers\peripheral\tcpwm/cy_tcpwm_counter.c ****     }
  98:Generated_Source\PSoC6\pdl\drivers\peripheral\tcpwm/cy_tcpwm_counter.c **** 
  99:Generated_Source\PSoC6\pdl\drivers\peripheral\tcpwm/cy_tcpwm_counter.c ****     return(status);
 272              		.loc 1 99 0
 273 0192 7B69     		ldr	r3, [r7, #20]
 100:Generated_Source\PSoC6\pdl\drivers\peripheral\tcpwm/cy_tcpwm_counter.c **** }
 274              		.loc 1 100 0
 275 0194 1846     		mov	r0, r3
 276 0196 1C37     		adds	r7, r7, #28
 277              		.cfi_def_cfa_offset 4
 278 0198 BD46     		mov	sp, r7
 279              		.cfi_def_cfa_register 13
 280              		@ sp needed
 281 019a 5DF8047B 		ldr	r7, [sp], #4
 282              		.cfi_restore 7
 283              		.cfi_def_cfa_offset 0
 284 019e 7047     		bx	lr
ARM GAS  C:\Users\rober\AppData\Local\Temp\cc33ycwh.s 			page 8


 285              	.L12:
 286              		.align	2
 287              	.L11:
 288 01a0 0100B600 		.word	11927553
 289              		.cfi_endproc
 290              	.LFE151:
 291              		.size	Cy_TCPWM_Counter_Init, .-Cy_TCPWM_Counter_Init
 292              		.section	.text.Cy_TCPWM_Counter_DeInit,"ax",%progbits
 293              		.align	2
 294              		.global	Cy_TCPWM_Counter_DeInit
 295              		.thumb
 296              		.thumb_func
 297              		.type	Cy_TCPWM_Counter_DeInit, %function
 298              	Cy_TCPWM_Counter_DeInit:
 299              	.LFB152:
 101:Generated_Source\PSoC6\pdl\drivers\peripheral\tcpwm/cy_tcpwm_counter.c **** 
 102:Generated_Source\PSoC6\pdl\drivers\peripheral\tcpwm/cy_tcpwm_counter.c **** 
 103:Generated_Source\PSoC6\pdl\drivers\peripheral\tcpwm/cy_tcpwm_counter.c **** /*******************************************************************************
 104:Generated_Source\PSoC6\pdl\drivers\peripheral\tcpwm/cy_tcpwm_counter.c **** * Function Name: Cy_TCPWM_Counter_DeInit
 105:Generated_Source\PSoC6\pdl\drivers\peripheral\tcpwm/cy_tcpwm_counter.c **** ****************************************************************************//**
 106:Generated_Source\PSoC6\pdl\drivers\peripheral\tcpwm/cy_tcpwm_counter.c **** *
 107:Generated_Source\PSoC6\pdl\drivers\peripheral\tcpwm/cy_tcpwm_counter.c **** * De-initializes the counter in the TCPWM block, returns register values to 
 108:Generated_Source\PSoC6\pdl\drivers\peripheral\tcpwm/cy_tcpwm_counter.c **** * default.
 109:Generated_Source\PSoC6\pdl\drivers\peripheral\tcpwm/cy_tcpwm_counter.c **** *
 110:Generated_Source\PSoC6\pdl\drivers\peripheral\tcpwm/cy_tcpwm_counter.c **** * \param base
 111:Generated_Source\PSoC6\pdl\drivers\peripheral\tcpwm/cy_tcpwm_counter.c **** * The pointer to a TCPWM instance.
 112:Generated_Source\PSoC6\pdl\drivers\peripheral\tcpwm/cy_tcpwm_counter.c **** *
 113:Generated_Source\PSoC6\pdl\drivers\peripheral\tcpwm/cy_tcpwm_counter.c **** * \param cntNum
 114:Generated_Source\PSoC6\pdl\drivers\peripheral\tcpwm/cy_tcpwm_counter.c **** * The Counter instance number in the selected TCPWM.
 115:Generated_Source\PSoC6\pdl\drivers\peripheral\tcpwm/cy_tcpwm_counter.c **** *
 116:Generated_Source\PSoC6\pdl\drivers\peripheral\tcpwm/cy_tcpwm_counter.c **** * \param config
 117:Generated_Source\PSoC6\pdl\drivers\peripheral\tcpwm/cy_tcpwm_counter.c **** * The pointer to configuration structure. See \ref cy_stc_tcpwm_counter_config_t.
 118:Generated_Source\PSoC6\pdl\drivers\peripheral\tcpwm/cy_tcpwm_counter.c **** *
 119:Generated_Source\PSoC6\pdl\drivers\peripheral\tcpwm/cy_tcpwm_counter.c **** * \funcusage
 120:Generated_Source\PSoC6\pdl\drivers\peripheral\tcpwm/cy_tcpwm_counter.c **** * \snippet tcpwm/tcpwm_v1_0_counter_sut_01.cydsn/main_cm4.c snippet_Cy_TCPWM_Counter_DeInit
 121:Generated_Source\PSoC6\pdl\drivers\peripheral\tcpwm/cy_tcpwm_counter.c **** *
 122:Generated_Source\PSoC6\pdl\drivers\peripheral\tcpwm/cy_tcpwm_counter.c **** *******************************************************************************/
 123:Generated_Source\PSoC6\pdl\drivers\peripheral\tcpwm/cy_tcpwm_counter.c **** void Cy_TCPWM_Counter_DeInit(TCPWM_Type *base, uint32_t cntNum, cy_stc_tcpwm_counter_config_t const
 124:Generated_Source\PSoC6\pdl\drivers\peripheral\tcpwm/cy_tcpwm_counter.c **** {
 300              		.loc 1 124 0
 301              		.cfi_startproc
 302              		@ args = 0, pretend = 0, frame = 16
 303              		@ frame_needed = 1, uses_anonymous_args = 0
 304              		@ link register save eliminated.
 305 0000 80B4     		push	{r7}
 306              		.cfi_def_cfa_offset 4
 307              		.cfi_offset 7, -4
 308 0002 85B0     		sub	sp, sp, #20
 309              		.cfi_def_cfa_offset 24
 310 0004 00AF     		add	r7, sp, #0
 311              		.cfi_def_cfa_register 7
 312 0006 F860     		str	r0, [r7, #12]
 313 0008 B960     		str	r1, [r7, #8]
 314 000a 7A60     		str	r2, [r7, #4]
 125:Generated_Source\PSoC6\pdl\drivers\peripheral\tcpwm/cy_tcpwm_counter.c ****     base->CNT[cntNum].CTRL = CY_TCPWM_CNT_CTRL_DEFAULT;
 315              		.loc 1 125 0
 316 000c FA68     		ldr	r2, [r7, #12]
ARM GAS  C:\Users\rober\AppData\Local\Temp\cc33ycwh.s 			page 9


 317 000e BB68     		ldr	r3, [r7, #8]
 318 0010 0433     		adds	r3, r3, #4
 319 0012 9B01     		lsls	r3, r3, #6
 320 0014 1344     		add	r3, r3, r2
 321 0016 0022     		movs	r2, #0
 322 0018 1A60     		str	r2, [r3]
 126:Generated_Source\PSoC6\pdl\drivers\peripheral\tcpwm/cy_tcpwm_counter.c ****     base->CNT[cntNum].COUNTER = CY_TCPWM_CNT_COUNTER_DEFAULT;
 323              		.loc 1 126 0
 324 001a FA68     		ldr	r2, [r7, #12]
 325 001c BB68     		ldr	r3, [r7, #8]
 326 001e 9B01     		lsls	r3, r3, #6
 327 0020 1344     		add	r3, r3, r2
 328 0022 03F58473 		add	r3, r3, #264
 329 0026 0022     		movs	r2, #0
 330 0028 1A60     		str	r2, [r3]
 127:Generated_Source\PSoC6\pdl\drivers\peripheral\tcpwm/cy_tcpwm_counter.c ****     base->CNT[cntNum].CC = CY_TCPWM_CNT_CC_DEFAULT;
 331              		.loc 1 127 0
 332 002a FA68     		ldr	r2, [r7, #12]
 333 002c BB68     		ldr	r3, [r7, #8]
 334 002e 9B01     		lsls	r3, r3, #6
 335 0030 1344     		add	r3, r3, r2
 336 0032 03F58673 		add	r3, r3, #268
 337 0036 4FF0FF32 		mov	r2, #-1
 338 003a 1A60     		str	r2, [r3]
 128:Generated_Source\PSoC6\pdl\drivers\peripheral\tcpwm/cy_tcpwm_counter.c ****     base->CNT[cntNum].CC_BUFF = CY_TCPWM_CNT_CC_BUFF_DEFAULT;
 339              		.loc 1 128 0
 340 003c FA68     		ldr	r2, [r7, #12]
 341 003e BB68     		ldr	r3, [r7, #8]
 342 0040 9B01     		lsls	r3, r3, #6
 343 0042 1344     		add	r3, r3, r2
 344 0044 03F58873 		add	r3, r3, #272
 345 0048 4FF0FF32 		mov	r2, #-1
 346 004c 1A60     		str	r2, [r3]
 129:Generated_Source\PSoC6\pdl\drivers\peripheral\tcpwm/cy_tcpwm_counter.c ****     base->CNT[cntNum].PERIOD = CY_TCPWM_CNT_PERIOD_DEFAULT;
 347              		.loc 1 129 0
 348 004e FA68     		ldr	r2, [r7, #12]
 349 0050 BB68     		ldr	r3, [r7, #8]
 350 0052 9B01     		lsls	r3, r3, #6
 351 0054 1344     		add	r3, r3, r2
 352 0056 03F58A73 		add	r3, r3, #276
 353 005a 4FF0FF32 		mov	r2, #-1
 354 005e 1A60     		str	r2, [r3]
 130:Generated_Source\PSoC6\pdl\drivers\peripheral\tcpwm/cy_tcpwm_counter.c ****     base->CNT[cntNum].PERIOD_BUFF = CY_TCPWM_CNT_PERIOD_BUFF_DEFAULT;
 355              		.loc 1 130 0
 356 0060 FA68     		ldr	r2, [r7, #12]
 357 0062 BB68     		ldr	r3, [r7, #8]
 358 0064 9B01     		lsls	r3, r3, #6
 359 0066 1344     		add	r3, r3, r2
 360 0068 03F58C73 		add	r3, r3, #280
 361 006c 4FF0FF32 		mov	r2, #-1
 362 0070 1A60     		str	r2, [r3]
 131:Generated_Source\PSoC6\pdl\drivers\peripheral\tcpwm/cy_tcpwm_counter.c ****     base->CNT[cntNum].TR_CTRL1 = CY_TCPWM_CNT_TR_CTRL1_DEFAULT;
 363              		.loc 1 131 0
 364 0072 FA68     		ldr	r2, [r7, #12]
 365 0074 BB68     		ldr	r3, [r7, #8]
 366 0076 9B01     		lsls	r3, r3, #6
 367 0078 1344     		add	r3, r3, r2
ARM GAS  C:\Users\rober\AppData\Local\Temp\cc33ycwh.s 			page 10


 368 007a 03F59273 		add	r3, r3, #292
 369 007e 40F2FF32 		movw	r2, #1023
 370 0082 1A60     		str	r2, [r3]
 132:Generated_Source\PSoC6\pdl\drivers\peripheral\tcpwm/cy_tcpwm_counter.c ****     base->CNT[cntNum].TR_CTRL2 = CY_TCPWM_CNT_TR_CTRL2_DEFAULT;
 371              		.loc 1 132 0
 372 0084 FA68     		ldr	r2, [r7, #12]
 373 0086 BB68     		ldr	r3, [r7, #8]
 374 0088 9B01     		lsls	r3, r3, #6
 375 008a 1344     		add	r3, r3, r2
 376 008c 03F59473 		add	r3, r3, #296
 377 0090 3F22     		movs	r2, #63
 378 0092 1A60     		str	r2, [r3]
 133:Generated_Source\PSoC6\pdl\drivers\peripheral\tcpwm/cy_tcpwm_counter.c ****     base->CNT[cntNum].INTR = CY_TCPWM_CNT_INTR_DEFAULT;
 379              		.loc 1 133 0
 380 0094 FA68     		ldr	r2, [r7, #12]
 381 0096 BB68     		ldr	r3, [r7, #8]
 382 0098 9B01     		lsls	r3, r3, #6
 383 009a 1344     		add	r3, r3, r2
 384 009c 03F59873 		add	r3, r3, #304
 385 00a0 0322     		movs	r2, #3
 386 00a2 1A60     		str	r2, [r3]
 134:Generated_Source\PSoC6\pdl\drivers\peripheral\tcpwm/cy_tcpwm_counter.c ****     base->CNT[cntNum].INTR_SET = CY_TCPWM_CNT_INTR_SET_DEFAULT;
 387              		.loc 1 134 0
 388 00a4 FA68     		ldr	r2, [r7, #12]
 389 00a6 BB68     		ldr	r3, [r7, #8]
 390 00a8 9B01     		lsls	r3, r3, #6
 391 00aa 1344     		add	r3, r3, r2
 392 00ac 03F59A73 		add	r3, r3, #308
 393 00b0 0022     		movs	r2, #0
 394 00b2 1A60     		str	r2, [r3]
 135:Generated_Source\PSoC6\pdl\drivers\peripheral\tcpwm/cy_tcpwm_counter.c ****     base->CNT[cntNum].INTR_MASK = CY_TCPWM_CNT_INTR_MASK_DEFAULT;
 395              		.loc 1 135 0
 396 00b4 FA68     		ldr	r2, [r7, #12]
 397 00b6 BB68     		ldr	r3, [r7, #8]
 398 00b8 9B01     		lsls	r3, r3, #6
 399 00ba 1344     		add	r3, r3, r2
 400 00bc 03F59C73 		add	r3, r3, #312
 401 00c0 0022     		movs	r2, #0
 402 00c2 1A60     		str	r2, [r3]
 136:Generated_Source\PSoC6\pdl\drivers\peripheral\tcpwm/cy_tcpwm_counter.c ****     
 137:Generated_Source\PSoC6\pdl\drivers\peripheral\tcpwm/cy_tcpwm_counter.c ****     if (CY_TCPWM_INPUT_CREATOR != config->countInput)
 403              		.loc 1 137 0
 404 00c4 7B68     		ldr	r3, [r7, #4]
 405 00c6 9B6C     		ldr	r3, [r3, #72]
 406 00c8 B3F1FF3F 		cmp	r3, #-1
 407 00cc 07D0     		beq	.L15
 138:Generated_Source\PSoC6\pdl\drivers\peripheral\tcpwm/cy_tcpwm_counter.c ****     {
 139:Generated_Source\PSoC6\pdl\drivers\peripheral\tcpwm/cy_tcpwm_counter.c ****         base->CNT[cntNum].TR_CTRL0 = CY_TCPWM_CNT_TR_CTRL0_DEFAULT;
 408              		.loc 1 139 0
 409 00ce FA68     		ldr	r2, [r7, #12]
 410 00d0 BB68     		ldr	r3, [r7, #8]
 411 00d2 9B01     		lsls	r3, r3, #6
 412 00d4 1344     		add	r3, r3, r2
 413 00d6 03F59073 		add	r3, r3, #288
 414 00da 1022     		movs	r2, #16
 415 00dc 1A60     		str	r2, [r3]
 416              	.L15:
ARM GAS  C:\Users\rober\AppData\Local\Temp\cc33ycwh.s 			page 11


 140:Generated_Source\PSoC6\pdl\drivers\peripheral\tcpwm/cy_tcpwm_counter.c ****     }
 141:Generated_Source\PSoC6\pdl\drivers\peripheral\tcpwm/cy_tcpwm_counter.c **** }
 417              		.loc 1 141 0
 418 00de 00BF     		nop
 419 00e0 1437     		adds	r7, r7, #20
 420              		.cfi_def_cfa_offset 4
 421 00e2 BD46     		mov	sp, r7
 422              		.cfi_def_cfa_register 13
 423              		@ sp needed
 424 00e4 5DF8047B 		ldr	r7, [sp], #4
 425              		.cfi_restore 7
 426              		.cfi_def_cfa_offset 0
 427 00e8 7047     		bx	lr
 428              		.cfi_endproc
 429              	.LFE152:
 430              		.size	Cy_TCPWM_Counter_DeInit, .-Cy_TCPWM_Counter_DeInit
 431 00ea 00BF     		.text
 432              	.Letext0:
 433              		.file 2 "c:\\program files (x86)\\cypress\\psoc creator\\4.2\\psoc creator\\import\\gnu\\arm\\5.4.
 434              		.file 3 "c:\\program files (x86)\\cypress\\psoc creator\\4.2\\psoc creator\\import\\gnu\\arm\\5.4.
 435              		.file 4 "Generated_Source\\PSoC6\\pdl\\devices/psoc6/ip/cyip_tcpwm.h"
 436              		.file 5 "Generated_Source\\PSoC6\\pdl\\drivers\\peripheral\\tcpwm\\cy_tcpwm.h"
 437              		.file 6 "Generated_Source\\PSoC6\\pdl\\drivers\\peripheral\\tcpwm\\cy_tcpwm_counter.h"
 438              		.file 7 "Generated_Source\\PSoC6\\pdl\\cmsis/include/core_cm4.h"
 439              		.section	.debug_info,"",%progbits
 440              	.Ldebug_info0:
 441 0000 2C040000 		.4byte	0x42c
 442 0004 0400     		.2byte	0x4
 443 0006 00000000 		.4byte	.Ldebug_abbrev0
 444 000a 04       		.byte	0x4
 445 000b 01       		.uleb128 0x1
 446 000c 1C010000 		.4byte	.LASF69
 447 0010 0C       		.byte	0xc
 448 0011 BB000000 		.4byte	.LASF70
 449 0015 62020000 		.4byte	.LASF71
 450 0019 00000000 		.4byte	.Ldebug_ranges0+0
 451 001d 00000000 		.4byte	0
 452 0021 00000000 		.4byte	.Ldebug_line0
 453 0025 02       		.uleb128 0x2
 454 0026 01       		.byte	0x1
 455 0027 06       		.byte	0x6
 456 0028 30030000 		.4byte	.LASF0
 457 002c 02       		.uleb128 0x2
 458 002d 01       		.byte	0x1
 459 002e 08       		.byte	0x8
 460 002f 03030000 		.4byte	.LASF1
 461 0033 02       		.uleb128 0x2
 462 0034 02       		.byte	0x2
 463 0035 05       		.byte	0x5
 464 0036 53000000 		.4byte	.LASF2
 465 003a 02       		.uleb128 0x2
 466 003b 02       		.byte	0x2
 467 003c 07       		.byte	0x7
 468 003d B9030000 		.4byte	.LASF3
 469 0041 03       		.uleb128 0x3
 470 0042 58040000 		.4byte	.LASF5
 471 0046 02       		.byte	0x2
ARM GAS  C:\Users\rober\AppData\Local\Temp\cc33ycwh.s 			page 12


 472 0047 3F       		.byte	0x3f
 473 0048 4C000000 		.4byte	0x4c
 474 004c 02       		.uleb128 0x2
 475 004d 04       		.byte	0x4
 476 004e 05       		.byte	0x5
 477 004f 52020000 		.4byte	.LASF4
 478 0053 03       		.uleb128 0x3
 479 0054 B0000000 		.4byte	.LASF6
 480 0058 02       		.byte	0x2
 481 0059 41       		.byte	0x41
 482 005a 5E000000 		.4byte	0x5e
 483 005e 02       		.uleb128 0x2
 484 005f 04       		.byte	0x4
 485 0060 07       		.byte	0x7
 486 0061 18040000 		.4byte	.LASF7
 487 0065 02       		.uleb128 0x2
 488 0066 08       		.byte	0x8
 489 0067 05       		.byte	0x5
 490 0068 26020000 		.4byte	.LASF8
 491 006c 02       		.uleb128 0x2
 492 006d 08       		.byte	0x8
 493 006e 07       		.byte	0x7
 494 006f 45030000 		.4byte	.LASF9
 495 0073 04       		.uleb128 0x4
 496 0074 04       		.byte	0x4
 497 0075 05       		.byte	0x5
 498 0076 696E7400 		.ascii	"int\000"
 499 007a 02       		.uleb128 0x2
 500 007b 04       		.byte	0x4
 501 007c 07       		.byte	0x7
 502 007d 09020000 		.4byte	.LASF10
 503 0081 03       		.uleb128 0x3
 504 0082 00000000 		.4byte	.LASF11
 505 0086 03       		.byte	0x3
 506 0087 2C       		.byte	0x2c
 507 0088 41000000 		.4byte	0x41
 508 008c 03       		.uleb128 0x3
 509 008d 5C030000 		.4byte	.LASF12
 510 0091 03       		.byte	0x3
 511 0092 30       		.byte	0x30
 512 0093 53000000 		.4byte	0x53
 513 0097 02       		.uleb128 0x2
 514 0098 08       		.byte	0x8
 515 0099 04       		.byte	0x4
 516 009a E8020000 		.4byte	.LASF13
 517 009e 02       		.uleb128 0x2
 518 009f 04       		.byte	0x4
 519 00a0 07       		.byte	0x7
 520 00a1 5D000000 		.4byte	.LASF14
 521 00a5 05       		.uleb128 0x5
 522 00a6 8C000000 		.4byte	0x8c
 523 00aa 06       		.uleb128 0x6
 524 00ab A5000000 		.4byte	0xa5
 525 00af 07       		.uleb128 0x7
 526 00b0 40       		.byte	0x40
 527 00b1 04       		.byte	0x4
 528 00b2 22       		.byte	0x22
ARM GAS  C:\Users\rober\AppData\Local\Temp\cc33ycwh.s 			page 13


 529 00b3 77010000 		.4byte	0x177
 530 00b7 08       		.uleb128 0x8
 531 00b8 20030000 		.4byte	.LASF15
 532 00bc 04       		.byte	0x4
 533 00bd 23       		.byte	0x23
 534 00be A5000000 		.4byte	0xa5
 535 00c2 00       		.byte	0
 536 00c3 08       		.uleb128 0x8
 537 00c4 D8030000 		.4byte	.LASF16
 538 00c8 04       		.byte	0x4
 539 00c9 24       		.byte	0x24
 540 00ca AA000000 		.4byte	0xaa
 541 00ce 04       		.byte	0x4
 542 00cf 08       		.uleb128 0x8
 543 00d0 91040000 		.4byte	.LASF17
 544 00d4 04       		.byte	0x4
 545 00d5 25       		.byte	0x25
 546 00d6 A5000000 		.4byte	0xa5
 547 00da 08       		.byte	0x8
 548 00db 09       		.uleb128 0x9
 549 00dc 434300   		.ascii	"CC\000"
 550 00df 04       		.byte	0x4
 551 00e0 26       		.byte	0x26
 552 00e1 A5000000 		.4byte	0xa5
 553 00e5 0C       		.byte	0xc
 554 00e6 08       		.uleb128 0x8
 555 00e7 E0020000 		.4byte	.LASF18
 556 00eb 04       		.byte	0x4
 557 00ec 27       		.byte	0x27
 558 00ed A5000000 		.4byte	0xa5
 559 00f1 10       		.byte	0x10
 560 00f2 08       		.uleb128 0x8
 561 00f3 7B000000 		.4byte	.LASF19
 562 00f7 04       		.byte	0x4
 563 00f8 28       		.byte	0x28
 564 00f9 A5000000 		.4byte	0xa5
 565 00fd 14       		.byte	0x14
 566 00fe 08       		.uleb128 0x8
 567 00ff 66000000 		.4byte	.LASF20
 568 0103 04       		.byte	0x4
 569 0104 29       		.byte	0x29
 570 0105 A5000000 		.4byte	0xa5
 571 0109 18       		.byte	0x18
 572 010a 08       		.uleb128 0x8
 573 010b 99040000 		.4byte	.LASF21
 574 010f 04       		.byte	0x4
 575 0110 2A       		.byte	0x2a
 576 0111 AA000000 		.4byte	0xaa
 577 0115 1C       		.byte	0x1c
 578 0116 08       		.uleb128 0x8
 579 0117 0C010000 		.4byte	.LASF22
 580 011b 04       		.byte	0x4
 581 011c 2B       		.byte	0x2b
 582 011d A5000000 		.4byte	0xa5
 583 0121 20       		.byte	0x20
 584 0122 08       		.uleb128 0x8
 585 0123 8D000000 		.4byte	.LASF23
ARM GAS  C:\Users\rober\AppData\Local\Temp\cc33ycwh.s 			page 14


 586 0127 04       		.byte	0x4
 587 0128 2C       		.byte	0x2c
 588 0129 A5000000 		.4byte	0xa5
 589 012d 24       		.byte	0x24
 590 012e 08       		.uleb128 0x8
 591 012f 96000000 		.4byte	.LASF24
 592 0133 04       		.byte	0x4
 593 0134 2D       		.byte	0x2d
 594 0135 A5000000 		.4byte	0xa5
 595 0139 28       		.byte	0x28
 596 013a 08       		.uleb128 0x8
 597 013b 0E040000 		.4byte	.LASF25
 598 013f 04       		.byte	0x4
 599 0140 2E       		.byte	0x2e
 600 0141 AA000000 		.4byte	0xaa
 601 0145 2C       		.byte	0x2c
 602 0146 08       		.uleb128 0x8
 603 0147 F8030000 		.4byte	.LASF26
 604 014b 04       		.byte	0x4
 605 014c 2F       		.byte	0x2f
 606 014d A5000000 		.4byte	0xa5
 607 0151 30       		.byte	0x30
 608 0152 08       		.uleb128 0x8
 609 0153 3C030000 		.4byte	.LASF27
 610 0157 04       		.byte	0x4
 611 0158 30       		.byte	0x30
 612 0159 A5000000 		.4byte	0xa5
 613 015d 34       		.byte	0x34
 614 015e 08       		.uleb128 0x8
 615 015f AF030000 		.4byte	.LASF28
 616 0163 04       		.byte	0x4
 617 0164 31       		.byte	0x31
 618 0165 A5000000 		.4byte	0xa5
 619 0169 38       		.byte	0x38
 620 016a 08       		.uleb128 0x8
 621 016b D4020000 		.4byte	.LASF29
 622 016f 04       		.byte	0x4
 623 0170 32       		.byte	0x32
 624 0171 AA000000 		.4byte	0xaa
 625 0175 3C       		.byte	0x3c
 626 0176 00       		.byte	0
 627 0177 03       		.uleb128 0x3
 628 0178 44000000 		.4byte	.LASF30
 629 017c 04       		.byte	0x4
 630 017d 33       		.byte	0x33
 631 017e AF000000 		.4byte	0xaf
 632 0182 0A       		.uleb128 0xa
 633 0183 0009     		.2byte	0x900
 634 0185 04       		.byte	0x4
 635 0186 38       		.byte	0x38
 636 0187 05020000 		.4byte	0x205
 637 018b 08       		.uleb128 0x8
 638 018c 20030000 		.4byte	.LASF15
 639 0190 04       		.byte	0x4
 640 0191 39       		.byte	0x39
 641 0192 A5000000 		.4byte	0xa5
 642 0196 00       		.byte	0
ARM GAS  C:\Users\rober\AppData\Local\Temp\cc33ycwh.s 			page 15


 643 0197 08       		.uleb128 0x8
 644 0198 70040000 		.4byte	.LASF31
 645 019c 04       		.byte	0x4
 646 019d 3A       		.byte	0x3a
 647 019e A5000000 		.4byte	0xa5
 648 01a2 04       		.byte	0x4
 649 01a3 08       		.uleb128 0x8
 650 01a4 72000000 		.4byte	.LASF32
 651 01a8 04       		.byte	0x4
 652 01a9 3B       		.byte	0x3b
 653 01aa A5000000 		.4byte	0xa5
 654 01ae 08       		.byte	0x8
 655 01af 08       		.uleb128 0x8
 656 01b0 DC010000 		.4byte	.LASF33
 657 01b4 04       		.byte	0x4
 658 01b5 3C       		.byte	0x3c
 659 01b6 A5000000 		.4byte	0xa5
 660 01ba 0C       		.byte	0xc
 661 01bb 08       		.uleb128 0x8
 662 01bc 82000000 		.4byte	.LASF34
 663 01c0 04       		.byte	0x4
 664 01c1 3D       		.byte	0x3d
 665 01c2 A5000000 		.4byte	0xa5
 666 01c6 10       		.byte	0x10
 667 01c7 08       		.uleb128 0x8
 668 01c8 88030000 		.4byte	.LASF35
 669 01cc 04       		.byte	0x4
 670 01cd 3E       		.byte	0x3e
 671 01ce A5000000 		.4byte	0xa5
 672 01d2 14       		.byte	0x14
 673 01d3 08       		.uleb128 0x8
 674 01d4 F9010000 		.4byte	.LASF36
 675 01d8 04       		.byte	0x4
 676 01d9 3F       		.byte	0x3f
 677 01da A5000000 		.4byte	0xa5
 678 01de 18       		.byte	0x18
 679 01df 08       		.uleb128 0x8
 680 01e0 25030000 		.4byte	.LASF37
 681 01e4 04       		.byte	0x4
 682 01e5 40       		.byte	0x40
 683 01e6 AA000000 		.4byte	0xaa
 684 01ea 1C       		.byte	0x1c
 685 01eb 08       		.uleb128 0x8
 686 01ec 99040000 		.4byte	.LASF21
 687 01f0 04       		.byte	0x4
 688 01f1 41       		.byte	0x41
 689 01f2 1A020000 		.4byte	0x21a
 690 01f6 20       		.byte	0x20
 691 01f7 0B       		.uleb128 0xb
 692 01f8 434E5400 		.ascii	"CNT\000"
 693 01fc 04       		.byte	0x4
 694 01fd 42       		.byte	0x42
 695 01fe 1F020000 		.4byte	0x21f
 696 0202 0001     		.2byte	0x100
 697 0204 00       		.byte	0
 698 0205 0C       		.uleb128 0xc
 699 0206 AA000000 		.4byte	0xaa
ARM GAS  C:\Users\rober\AppData\Local\Temp\cc33ycwh.s 			page 16


 700 020a 15020000 		.4byte	0x215
 701 020e 0D       		.uleb128 0xd
 702 020f 9E000000 		.4byte	0x9e
 703 0213 37       		.byte	0x37
 704 0214 00       		.byte	0
 705 0215 05       		.uleb128 0x5
 706 0216 05020000 		.4byte	0x205
 707 021a 06       		.uleb128 0x6
 708 021b 15020000 		.4byte	0x215
 709 021f 0C       		.uleb128 0xc
 710 0220 77010000 		.4byte	0x177
 711 0224 2F020000 		.4byte	0x22f
 712 0228 0D       		.uleb128 0xd
 713 0229 9E000000 		.4byte	0x9e
 714 022d 1F       		.byte	0x1f
 715 022e 00       		.byte	0
 716 022f 03       		.uleb128 0x3
 717 0230 CF040000 		.4byte	.LASF38
 718 0234 04       		.byte	0x4
 719 0235 43       		.byte	0x43
 720 0236 82010000 		.4byte	0x182
 721 023a 02       		.uleb128 0x2
 722 023b 01       		.byte	0x1
 723 023c 08       		.byte	0x8
 724 023d D3030000 		.4byte	.LASF39
 725 0241 02       		.uleb128 0x2
 726 0242 04       		.byte	0x4
 727 0243 04       		.byte	0x4
 728 0244 03020000 		.4byte	.LASF40
 729 0248 02       		.uleb128 0x2
 730 0249 08       		.byte	0x8
 731 024a 04       		.byte	0x4
 732 024b 2A040000 		.4byte	.LASF41
 733 024f 0E       		.uleb128 0xe
 734 0250 04       		.byte	0x4
 735 0251 7A000000 		.4byte	0x7a
 736 0255 05       		.byte	0x5
 737 0256 4B01     		.2byte	0x14b
 738 0258 6C020000 		.4byte	0x26c
 739 025c 0F       		.uleb128 0xf
 740 025d 9F000000 		.4byte	.LASF42
 741 0261 00       		.byte	0
 742 0262 10       		.uleb128 0x10
 743 0263 DF030000 		.4byte	.LASF43
 744 0267 0100B600 		.4byte	0xb60001
 745 026b 00       		.byte	0
 746 026c 11       		.uleb128 0x11
 747 026d A2040000 		.4byte	.LASF44
 748 0271 05       		.byte	0x5
 749 0272 4E01     		.2byte	0x14e
 750 0274 4F020000 		.4byte	0x24f
 751 0278 12       		.uleb128 0x12
 752 0279 31040000 		.4byte	.LASF72
 753 027d 4C       		.byte	0x4c
 754 027e 06       		.byte	0x6
 755 027f 2B       		.byte	0x2b
 756 0280 69030000 		.4byte	0x369
ARM GAS  C:\Users\rober\AppData\Local\Temp\cc33ycwh.s 			page 17


 757 0284 08       		.uleb128 0x8
 758 0285 5B020000 		.4byte	.LASF45
 759 0289 06       		.byte	0x6
 760 028a 2D       		.byte	0x2d
 761 028b 8C000000 		.4byte	0x8c
 762 028f 00       		.byte	0
 763 0290 08       		.uleb128 0x8
 764 0291 14000000 		.4byte	.LASF46
 765 0295 06       		.byte	0x6
 766 0296 2F       		.byte	0x2f
 767 0297 8C000000 		.4byte	0x8c
 768 029b 04       		.byte	0x4
 769 029c 08       		.uleb128 0x8
 770 029d 34020000 		.4byte	.LASF47
 771 02a1 06       		.byte	0x6
 772 02a2 30       		.byte	0x30
 773 02a3 8C000000 		.4byte	0x8c
 774 02a7 08       		.byte	0x8
 775 02a8 08       		.uleb128 0x8
 776 02a9 11030000 		.4byte	.LASF48
 777 02ad 06       		.byte	0x6
 778 02ae 31       		.byte	0x31
 779 02af 8C000000 		.4byte	0x8c
 780 02b3 0C       		.byte	0xc
 781 02b4 08       		.uleb128 0x8
 782 02b5 65030000 		.4byte	.LASF49
 783 02b9 06       		.byte	0x6
 784 02ba 33       		.byte	0x33
 785 02bb 8C000000 		.4byte	0x8c
 786 02bf 10       		.byte	0x10
 787 02c0 08       		.uleb128 0x8
 788 02c1 32000000 		.4byte	.LASF50
 789 02c5 06       		.byte	0x6
 790 02c6 34       		.byte	0x34
 791 02c7 8C000000 		.4byte	0x8c
 792 02cb 14       		.byte	0x14
 793 02cc 08       		.uleb128 0x8
 794 02cd 3B000000 		.4byte	.LASF51
 795 02d1 06       		.byte	0x6
 796 02d2 35       		.byte	0x35
 797 02d3 8C000000 		.4byte	0x8c
 798 02d7 18       		.byte	0x18
 799 02d8 08       		.uleb128 0x8
 800 02d9 76030000 		.4byte	.LASF52
 801 02dd 06       		.byte	0x6
 802 02de 36       		.byte	0x36
 803 02df 69030000 		.4byte	0x369
 804 02e3 1C       		.byte	0x1c
 805 02e4 08       		.uleb128 0x8
 806 02e5 E8010000 		.4byte	.LASF53
 807 02e9 06       		.byte	0x6
 808 02ea 38       		.byte	0x38
 809 02eb 8C000000 		.4byte	0x8c
 810 02ef 20       		.byte	0x20
 811 02f0 08       		.uleb128 0x8
 812 02f1 FD030000 		.4byte	.LASF54
 813 02f5 06       		.byte	0x6
ARM GAS  C:\Users\rober\AppData\Local\Temp\cc33ycwh.s 			page 18


 814 02f6 39       		.byte	0x39
 815 02f7 8C000000 		.4byte	0x8c
 816 02fb 24       		.byte	0x24
 817 02fc 08       		.uleb128 0x8
 818 02fd CF010000 		.4byte	.LASF55
 819 0301 06       		.byte	0x6
 820 0302 3B       		.byte	0x3b
 821 0303 8C000000 		.4byte	0x8c
 822 0307 28       		.byte	0x28
 823 0308 08       		.uleb128 0x8
 824 0309 16020000 		.4byte	.LASF56
 825 030d 06       		.byte	0x6
 826 030e 3C       		.byte	0x3c
 827 030f 8C000000 		.4byte	0x8c
 828 0313 2C       		.byte	0x2c
 829 0314 08       		.uleb128 0x8
 830 0315 08000000 		.4byte	.LASF57
 831 0319 06       		.byte	0x6
 832 031a 3E       		.byte	0x3e
 833 031b 8C000000 		.4byte	0x8c
 834 031f 30       		.byte	0x30
 835 0320 08       		.uleb128 0x8
 836 0321 F4020000 		.4byte	.LASF58
 837 0325 06       		.byte	0x6
 838 0326 3F       		.byte	0x3f
 839 0327 8C000000 		.4byte	0x8c
 840 032b 34       		.byte	0x34
 841 032c 08       		.uleb128 0x8
 842 032d 4D040000 		.4byte	.LASF59
 843 0331 06       		.byte	0x6
 844 0332 41       		.byte	0x41
 845 0333 8C000000 		.4byte	0x8c
 846 0337 38       		.byte	0x38
 847 0338 08       		.uleb128 0x8
 848 0339 62040000 		.4byte	.LASF60
 849 033d 06       		.byte	0x6
 850 033e 42       		.byte	0x42
 851 033f 8C000000 		.4byte	0x8c
 852 0343 3C       		.byte	0x3c
 853 0344 08       		.uleb128 0x8
 854 0345 02010000 		.4byte	.LASF61
 855 0349 06       		.byte	0x6
 856 034a 44       		.byte	0x44
 857 034b 8C000000 		.4byte	0x8c
 858 034f 40       		.byte	0x40
 859 0350 08       		.uleb128 0x8
 860 0351 23000000 		.4byte	.LASF62
 861 0355 06       		.byte	0x6
 862 0356 45       		.byte	0x45
 863 0357 8C000000 		.4byte	0x8c
 864 035b 44       		.byte	0x44
 865 035c 08       		.uleb128 0x8
 866 035d B7040000 		.4byte	.LASF63
 867 0361 06       		.byte	0x6
 868 0362 47       		.byte	0x47
 869 0363 8C000000 		.4byte	0x8c
 870 0367 48       		.byte	0x48
ARM GAS  C:\Users\rober\AppData\Local\Temp\cc33ycwh.s 			page 19


 871 0368 00       		.byte	0
 872 0369 02       		.uleb128 0x2
 873 036a 01       		.byte	0x1
 874 036b 02       		.byte	0x2
 875 036c F2030000 		.4byte	.LASF64
 876 0370 03       		.uleb128 0x3
 877 0371 91030000 		.4byte	.LASF65
 878 0375 06       		.byte	0x6
 879 0376 48       		.byte	0x48
 880 0377 78020000 		.4byte	0x278
 881 037b 13       		.uleb128 0x13
 882 037c 3C020000 		.4byte	.LASF73
 883 0380 01       		.byte	0x1
 884 0381 2D       		.byte	0x2d
 885 0382 6C020000 		.4byte	0x26c
 886 0386 00000000 		.4byte	.LFB151
 887 038a A4010000 		.4byte	.LFE151-.LFB151
 888 038e 01       		.uleb128 0x1
 889 038f 9C       		.byte	0x9c
 890 0390 CD030000 		.4byte	0x3cd
 891 0394 14       		.uleb128 0x14
 892 0395 DA040000 		.4byte	.LASF66
 893 0399 01       		.byte	0x1
 894 039a 2D       		.byte	0x2d
 895 039b CD030000 		.4byte	0x3cd
 896 039f 02       		.uleb128 0x2
 897 03a0 91       		.byte	0x91
 898 03a1 6C       		.sleb128 -20
 899 03a2 14       		.uleb128 0x14
 900 03a3 CD020000 		.4byte	.LASF67
 901 03a7 01       		.byte	0x1
 902 03a8 2D       		.byte	0x2d
 903 03a9 8C000000 		.4byte	0x8c
 904 03ad 02       		.uleb128 0x2
 905 03ae 91       		.byte	0x91
 906 03af 68       		.sleb128 -24
 907 03b0 14       		.uleb128 0x14
 908 03b1 15010000 		.4byte	.LASF68
 909 03b5 01       		.byte	0x1
 910 03b6 2E       		.byte	0x2e
 911 03b7 D3030000 		.4byte	0x3d3
 912 03bb 02       		.uleb128 0x2
 913 03bc 91       		.byte	0x91
 914 03bd 64       		.sleb128 -28
 915 03be 15       		.uleb128 0x15
 916 03bf CC030000 		.4byte	.LASF74
 917 03c3 01       		.byte	0x1
 918 03c4 30       		.byte	0x30
 919 03c5 6C020000 		.4byte	0x26c
 920 03c9 02       		.uleb128 0x2
 921 03ca 91       		.byte	0x91
 922 03cb 74       		.sleb128 -12
 923 03cc 00       		.byte	0
 924 03cd 16       		.uleb128 0x16
 925 03ce 04       		.byte	0x4
 926 03cf 2F020000 		.4byte	0x22f
 927 03d3 16       		.uleb128 0x16
ARM GAS  C:\Users\rober\AppData\Local\Temp\cc33ycwh.s 			page 20


 928 03d4 04       		.byte	0x4
 929 03d5 D9030000 		.4byte	0x3d9
 930 03d9 06       		.uleb128 0x6
 931 03da 70030000 		.4byte	0x370
 932 03de 17       		.uleb128 0x17
 933 03df 79040000 		.4byte	.LASF75
 934 03e3 01       		.byte	0x1
 935 03e4 7B       		.byte	0x7b
 936 03e5 00000000 		.4byte	.LFB152
 937 03e9 EA000000 		.4byte	.LFE152-.LFB152
 938 03ed 01       		.uleb128 0x1
 939 03ee 9C       		.byte	0x9c
 940 03ef 1E040000 		.4byte	0x41e
 941 03f3 14       		.uleb128 0x14
 942 03f4 DA040000 		.4byte	.LASF66
 943 03f8 01       		.byte	0x1
 944 03f9 7B       		.byte	0x7b
 945 03fa CD030000 		.4byte	0x3cd
 946 03fe 02       		.uleb128 0x2
 947 03ff 91       		.byte	0x91
 948 0400 74       		.sleb128 -12
 949 0401 14       		.uleb128 0x14
 950 0402 CD020000 		.4byte	.LASF67
 951 0406 01       		.byte	0x1
 952 0407 7B       		.byte	0x7b
 953 0408 8C000000 		.4byte	0x8c
 954 040c 02       		.uleb128 0x2
 955 040d 91       		.byte	0x91
 956 040e 70       		.sleb128 -16
 957 040f 14       		.uleb128 0x14
 958 0410 15010000 		.4byte	.LASF68
 959 0414 01       		.byte	0x1
 960 0415 7B       		.byte	0x7b
 961 0416 D3030000 		.4byte	0x3d3
 962 041a 02       		.uleb128 0x2
 963 041b 91       		.byte	0x91
 964 041c 6C       		.sleb128 -20
 965 041d 00       		.byte	0
 966 041e 18       		.uleb128 0x18
 967 041f C2040000 		.4byte	.LASF76
 968 0423 07       		.byte	0x7
 969 0424 EA07     		.2byte	0x7ea
 970 0426 2A040000 		.4byte	0x42a
 971 042a 05       		.uleb128 0x5
 972 042b 81000000 		.4byte	0x81
 973 042f 00       		.byte	0
 974              		.section	.debug_abbrev,"",%progbits
 975              	.Ldebug_abbrev0:
 976 0000 01       		.uleb128 0x1
 977 0001 11       		.uleb128 0x11
 978 0002 01       		.byte	0x1
 979 0003 25       		.uleb128 0x25
 980 0004 0E       		.uleb128 0xe
 981 0005 13       		.uleb128 0x13
 982 0006 0B       		.uleb128 0xb
 983 0007 03       		.uleb128 0x3
 984 0008 0E       		.uleb128 0xe
ARM GAS  C:\Users\rober\AppData\Local\Temp\cc33ycwh.s 			page 21


 985 0009 1B       		.uleb128 0x1b
 986 000a 0E       		.uleb128 0xe
 987 000b 55       		.uleb128 0x55
 988 000c 17       		.uleb128 0x17
 989 000d 11       		.uleb128 0x11
 990 000e 01       		.uleb128 0x1
 991 000f 10       		.uleb128 0x10
 992 0010 17       		.uleb128 0x17
 993 0011 00       		.byte	0
 994 0012 00       		.byte	0
 995 0013 02       		.uleb128 0x2
 996 0014 24       		.uleb128 0x24
 997 0015 00       		.byte	0
 998 0016 0B       		.uleb128 0xb
 999 0017 0B       		.uleb128 0xb
 1000 0018 3E       		.uleb128 0x3e
 1001 0019 0B       		.uleb128 0xb
 1002 001a 03       		.uleb128 0x3
 1003 001b 0E       		.uleb128 0xe
 1004 001c 00       		.byte	0
 1005 001d 00       		.byte	0
 1006 001e 03       		.uleb128 0x3
 1007 001f 16       		.uleb128 0x16
 1008 0020 00       		.byte	0
 1009 0021 03       		.uleb128 0x3
 1010 0022 0E       		.uleb128 0xe
 1011 0023 3A       		.uleb128 0x3a
 1012 0024 0B       		.uleb128 0xb
 1013 0025 3B       		.uleb128 0x3b
 1014 0026 0B       		.uleb128 0xb
 1015 0027 49       		.uleb128 0x49
 1016 0028 13       		.uleb128 0x13
 1017 0029 00       		.byte	0
 1018 002a 00       		.byte	0
 1019 002b 04       		.uleb128 0x4
 1020 002c 24       		.uleb128 0x24
 1021 002d 00       		.byte	0
 1022 002e 0B       		.uleb128 0xb
 1023 002f 0B       		.uleb128 0xb
 1024 0030 3E       		.uleb128 0x3e
 1025 0031 0B       		.uleb128 0xb
 1026 0032 03       		.uleb128 0x3
 1027 0033 08       		.uleb128 0x8
 1028 0034 00       		.byte	0
 1029 0035 00       		.byte	0
 1030 0036 05       		.uleb128 0x5
 1031 0037 35       		.uleb128 0x35
 1032 0038 00       		.byte	0
 1033 0039 49       		.uleb128 0x49
 1034 003a 13       		.uleb128 0x13
 1035 003b 00       		.byte	0
 1036 003c 00       		.byte	0
 1037 003d 06       		.uleb128 0x6
 1038 003e 26       		.uleb128 0x26
 1039 003f 00       		.byte	0
 1040 0040 49       		.uleb128 0x49
 1041 0041 13       		.uleb128 0x13
ARM GAS  C:\Users\rober\AppData\Local\Temp\cc33ycwh.s 			page 22


 1042 0042 00       		.byte	0
 1043 0043 00       		.byte	0
 1044 0044 07       		.uleb128 0x7
 1045 0045 13       		.uleb128 0x13
 1046 0046 01       		.byte	0x1
 1047 0047 0B       		.uleb128 0xb
 1048 0048 0B       		.uleb128 0xb
 1049 0049 3A       		.uleb128 0x3a
 1050 004a 0B       		.uleb128 0xb
 1051 004b 3B       		.uleb128 0x3b
 1052 004c 0B       		.uleb128 0xb
 1053 004d 01       		.uleb128 0x1
 1054 004e 13       		.uleb128 0x13
 1055 004f 00       		.byte	0
 1056 0050 00       		.byte	0
 1057 0051 08       		.uleb128 0x8
 1058 0052 0D       		.uleb128 0xd
 1059 0053 00       		.byte	0
 1060 0054 03       		.uleb128 0x3
 1061 0055 0E       		.uleb128 0xe
 1062 0056 3A       		.uleb128 0x3a
 1063 0057 0B       		.uleb128 0xb
 1064 0058 3B       		.uleb128 0x3b
 1065 0059 0B       		.uleb128 0xb
 1066 005a 49       		.uleb128 0x49
 1067 005b 13       		.uleb128 0x13
 1068 005c 38       		.uleb128 0x38
 1069 005d 0B       		.uleb128 0xb
 1070 005e 00       		.byte	0
 1071 005f 00       		.byte	0
 1072 0060 09       		.uleb128 0x9
 1073 0061 0D       		.uleb128 0xd
 1074 0062 00       		.byte	0
 1075 0063 03       		.uleb128 0x3
 1076 0064 08       		.uleb128 0x8
 1077 0065 3A       		.uleb128 0x3a
 1078 0066 0B       		.uleb128 0xb
 1079 0067 3B       		.uleb128 0x3b
 1080 0068 0B       		.uleb128 0xb
 1081 0069 49       		.uleb128 0x49
 1082 006a 13       		.uleb128 0x13
 1083 006b 38       		.uleb128 0x38
 1084 006c 0B       		.uleb128 0xb
 1085 006d 00       		.byte	0
 1086 006e 00       		.byte	0
 1087 006f 0A       		.uleb128 0xa
 1088 0070 13       		.uleb128 0x13
 1089 0071 01       		.byte	0x1
 1090 0072 0B       		.uleb128 0xb
 1091 0073 05       		.uleb128 0x5
 1092 0074 3A       		.uleb128 0x3a
 1093 0075 0B       		.uleb128 0xb
 1094 0076 3B       		.uleb128 0x3b
 1095 0077 0B       		.uleb128 0xb
 1096 0078 01       		.uleb128 0x1
 1097 0079 13       		.uleb128 0x13
 1098 007a 00       		.byte	0
ARM GAS  C:\Users\rober\AppData\Local\Temp\cc33ycwh.s 			page 23


 1099 007b 00       		.byte	0
 1100 007c 0B       		.uleb128 0xb
 1101 007d 0D       		.uleb128 0xd
 1102 007e 00       		.byte	0
 1103 007f 03       		.uleb128 0x3
 1104 0080 08       		.uleb128 0x8
 1105 0081 3A       		.uleb128 0x3a
 1106 0082 0B       		.uleb128 0xb
 1107 0083 3B       		.uleb128 0x3b
 1108 0084 0B       		.uleb128 0xb
 1109 0085 49       		.uleb128 0x49
 1110 0086 13       		.uleb128 0x13
 1111 0087 38       		.uleb128 0x38
 1112 0088 05       		.uleb128 0x5
 1113 0089 00       		.byte	0
 1114 008a 00       		.byte	0
 1115 008b 0C       		.uleb128 0xc
 1116 008c 01       		.uleb128 0x1
 1117 008d 01       		.byte	0x1
 1118 008e 49       		.uleb128 0x49
 1119 008f 13       		.uleb128 0x13
 1120 0090 01       		.uleb128 0x1
 1121 0091 13       		.uleb128 0x13
 1122 0092 00       		.byte	0
 1123 0093 00       		.byte	0
 1124 0094 0D       		.uleb128 0xd
 1125 0095 21       		.uleb128 0x21
 1126 0096 00       		.byte	0
 1127 0097 49       		.uleb128 0x49
 1128 0098 13       		.uleb128 0x13
 1129 0099 2F       		.uleb128 0x2f
 1130 009a 0B       		.uleb128 0xb
 1131 009b 00       		.byte	0
 1132 009c 00       		.byte	0
 1133 009d 0E       		.uleb128 0xe
 1134 009e 04       		.uleb128 0x4
 1135 009f 01       		.byte	0x1
 1136 00a0 0B       		.uleb128 0xb
 1137 00a1 0B       		.uleb128 0xb
 1138 00a2 49       		.uleb128 0x49
 1139 00a3 13       		.uleb128 0x13
 1140 00a4 3A       		.uleb128 0x3a
 1141 00a5 0B       		.uleb128 0xb
 1142 00a6 3B       		.uleb128 0x3b
 1143 00a7 05       		.uleb128 0x5
 1144 00a8 01       		.uleb128 0x1
 1145 00a9 13       		.uleb128 0x13
 1146 00aa 00       		.byte	0
 1147 00ab 00       		.byte	0
 1148 00ac 0F       		.uleb128 0xf
 1149 00ad 28       		.uleb128 0x28
 1150 00ae 00       		.byte	0
 1151 00af 03       		.uleb128 0x3
 1152 00b0 0E       		.uleb128 0xe
 1153 00b1 1C       		.uleb128 0x1c
 1154 00b2 0B       		.uleb128 0xb
 1155 00b3 00       		.byte	0
ARM GAS  C:\Users\rober\AppData\Local\Temp\cc33ycwh.s 			page 24


 1156 00b4 00       		.byte	0
 1157 00b5 10       		.uleb128 0x10
 1158 00b6 28       		.uleb128 0x28
 1159 00b7 00       		.byte	0
 1160 00b8 03       		.uleb128 0x3
 1161 00b9 0E       		.uleb128 0xe
 1162 00ba 1C       		.uleb128 0x1c
 1163 00bb 06       		.uleb128 0x6
 1164 00bc 00       		.byte	0
 1165 00bd 00       		.byte	0
 1166 00be 11       		.uleb128 0x11
 1167 00bf 16       		.uleb128 0x16
 1168 00c0 00       		.byte	0
 1169 00c1 03       		.uleb128 0x3
 1170 00c2 0E       		.uleb128 0xe
 1171 00c3 3A       		.uleb128 0x3a
 1172 00c4 0B       		.uleb128 0xb
 1173 00c5 3B       		.uleb128 0x3b
 1174 00c6 05       		.uleb128 0x5
 1175 00c7 49       		.uleb128 0x49
 1176 00c8 13       		.uleb128 0x13
 1177 00c9 00       		.byte	0
 1178 00ca 00       		.byte	0
 1179 00cb 12       		.uleb128 0x12
 1180 00cc 13       		.uleb128 0x13
 1181 00cd 01       		.byte	0x1
 1182 00ce 03       		.uleb128 0x3
 1183 00cf 0E       		.uleb128 0xe
 1184 00d0 0B       		.uleb128 0xb
 1185 00d1 0B       		.uleb128 0xb
 1186 00d2 3A       		.uleb128 0x3a
 1187 00d3 0B       		.uleb128 0xb
 1188 00d4 3B       		.uleb128 0x3b
 1189 00d5 0B       		.uleb128 0xb
 1190 00d6 01       		.uleb128 0x1
 1191 00d7 13       		.uleb128 0x13
 1192 00d8 00       		.byte	0
 1193 00d9 00       		.byte	0
 1194 00da 13       		.uleb128 0x13
 1195 00db 2E       		.uleb128 0x2e
 1196 00dc 01       		.byte	0x1
 1197 00dd 3F       		.uleb128 0x3f
 1198 00de 19       		.uleb128 0x19
 1199 00df 03       		.uleb128 0x3
 1200 00e0 0E       		.uleb128 0xe
 1201 00e1 3A       		.uleb128 0x3a
 1202 00e2 0B       		.uleb128 0xb
 1203 00e3 3B       		.uleb128 0x3b
 1204 00e4 0B       		.uleb128 0xb
 1205 00e5 27       		.uleb128 0x27
 1206 00e6 19       		.uleb128 0x19
 1207 00e7 49       		.uleb128 0x49
 1208 00e8 13       		.uleb128 0x13
 1209 00e9 11       		.uleb128 0x11
 1210 00ea 01       		.uleb128 0x1
 1211 00eb 12       		.uleb128 0x12
 1212 00ec 06       		.uleb128 0x6
ARM GAS  C:\Users\rober\AppData\Local\Temp\cc33ycwh.s 			page 25


 1213 00ed 40       		.uleb128 0x40
 1214 00ee 18       		.uleb128 0x18
 1215 00ef 9742     		.uleb128 0x2117
 1216 00f1 19       		.uleb128 0x19
 1217 00f2 01       		.uleb128 0x1
 1218 00f3 13       		.uleb128 0x13
 1219 00f4 00       		.byte	0
 1220 00f5 00       		.byte	0
 1221 00f6 14       		.uleb128 0x14
 1222 00f7 05       		.uleb128 0x5
 1223 00f8 00       		.byte	0
 1224 00f9 03       		.uleb128 0x3
 1225 00fa 0E       		.uleb128 0xe
 1226 00fb 3A       		.uleb128 0x3a
 1227 00fc 0B       		.uleb128 0xb
 1228 00fd 3B       		.uleb128 0x3b
 1229 00fe 0B       		.uleb128 0xb
 1230 00ff 49       		.uleb128 0x49
 1231 0100 13       		.uleb128 0x13
 1232 0101 02       		.uleb128 0x2
 1233 0102 18       		.uleb128 0x18
 1234 0103 00       		.byte	0
 1235 0104 00       		.byte	0
 1236 0105 15       		.uleb128 0x15
 1237 0106 34       		.uleb128 0x34
 1238 0107 00       		.byte	0
 1239 0108 03       		.uleb128 0x3
 1240 0109 0E       		.uleb128 0xe
 1241 010a 3A       		.uleb128 0x3a
 1242 010b 0B       		.uleb128 0xb
 1243 010c 3B       		.uleb128 0x3b
 1244 010d 0B       		.uleb128 0xb
 1245 010e 49       		.uleb128 0x49
 1246 010f 13       		.uleb128 0x13
 1247 0110 02       		.uleb128 0x2
 1248 0111 18       		.uleb128 0x18
 1249 0112 00       		.byte	0
 1250 0113 00       		.byte	0
 1251 0114 16       		.uleb128 0x16
 1252 0115 0F       		.uleb128 0xf
 1253 0116 00       		.byte	0
 1254 0117 0B       		.uleb128 0xb
 1255 0118 0B       		.uleb128 0xb
 1256 0119 49       		.uleb128 0x49
 1257 011a 13       		.uleb128 0x13
 1258 011b 00       		.byte	0
 1259 011c 00       		.byte	0
 1260 011d 17       		.uleb128 0x17
 1261 011e 2E       		.uleb128 0x2e
 1262 011f 01       		.byte	0x1
 1263 0120 3F       		.uleb128 0x3f
 1264 0121 19       		.uleb128 0x19
 1265 0122 03       		.uleb128 0x3
 1266 0123 0E       		.uleb128 0xe
 1267 0124 3A       		.uleb128 0x3a
 1268 0125 0B       		.uleb128 0xb
 1269 0126 3B       		.uleb128 0x3b
ARM GAS  C:\Users\rober\AppData\Local\Temp\cc33ycwh.s 			page 26


 1270 0127 0B       		.uleb128 0xb
 1271 0128 27       		.uleb128 0x27
 1272 0129 19       		.uleb128 0x19
 1273 012a 11       		.uleb128 0x11
 1274 012b 01       		.uleb128 0x1
 1275 012c 12       		.uleb128 0x12
 1276 012d 06       		.uleb128 0x6
 1277 012e 40       		.uleb128 0x40
 1278 012f 18       		.uleb128 0x18
 1279 0130 9742     		.uleb128 0x2117
 1280 0132 19       		.uleb128 0x19
 1281 0133 01       		.uleb128 0x1
 1282 0134 13       		.uleb128 0x13
 1283 0135 00       		.byte	0
 1284 0136 00       		.byte	0
 1285 0137 18       		.uleb128 0x18
 1286 0138 34       		.uleb128 0x34
 1287 0139 00       		.byte	0
 1288 013a 03       		.uleb128 0x3
 1289 013b 0E       		.uleb128 0xe
 1290 013c 3A       		.uleb128 0x3a
 1291 013d 0B       		.uleb128 0xb
 1292 013e 3B       		.uleb128 0x3b
 1293 013f 05       		.uleb128 0x5
 1294 0140 49       		.uleb128 0x49
 1295 0141 13       		.uleb128 0x13
 1296 0142 3F       		.uleb128 0x3f
 1297 0143 19       		.uleb128 0x19
 1298 0144 3C       		.uleb128 0x3c
 1299 0145 19       		.uleb128 0x19
 1300 0146 00       		.byte	0
 1301 0147 00       		.byte	0
 1302 0148 00       		.byte	0
 1303              		.section	.debug_aranges,"",%progbits
 1304 0000 24000000 		.4byte	0x24
 1305 0004 0200     		.2byte	0x2
 1306 0006 00000000 		.4byte	.Ldebug_info0
 1307 000a 04       		.byte	0x4
 1308 000b 00       		.byte	0
 1309 000c 0000     		.2byte	0
 1310 000e 0000     		.2byte	0
 1311 0010 00000000 		.4byte	.LFB151
 1312 0014 A4010000 		.4byte	.LFE151-.LFB151
 1313 0018 00000000 		.4byte	.LFB152
 1314 001c EA000000 		.4byte	.LFE152-.LFB152
 1315 0020 00000000 		.4byte	0
 1316 0024 00000000 		.4byte	0
 1317              		.section	.debug_ranges,"",%progbits
 1318              	.Ldebug_ranges0:
 1319 0000 00000000 		.4byte	.LFB151
 1320 0004 A4010000 		.4byte	.LFE151
 1321 0008 00000000 		.4byte	.LFB152
 1322 000c EA000000 		.4byte	.LFE152
 1323 0010 00000000 		.4byte	0
 1324 0014 00000000 		.4byte	0
 1325              		.section	.debug_line,"",%progbits
 1326              	.Ldebug_line0:
ARM GAS  C:\Users\rober\AppData\Local\Temp\cc33ycwh.s 			page 27


 1327 0000 65020000 		.section	.debug_str,"MS",%progbits,1
 1327      0200F101 
 1327      00000201 
 1327      FB0E0D00 
 1327      01010101 
 1328              	.LASF11:
 1329 0000 696E7433 		.ascii	"int32_t\000"
 1329      325F7400 
 1330              	.LASF57:
 1331 0008 72656C6F 		.ascii	"reloadInput\000"
 1331      6164496E 
 1331      70757400 
 1332              	.LASF46:
 1333 0014 636C6F63 		.ascii	"clockPrescaler\000"
 1333      6B507265 
 1333      7363616C 
 1333      657200
 1334              	.LASF62:
 1335 0023 636F756E 		.ascii	"countInputMode\000"
 1335      74496E70 
 1335      75744D6F 
 1335      646500
 1336              	.LASF50:
 1337 0032 636F6D70 		.ascii	"compare0\000"
 1337      61726530 
 1337      00
 1338              	.LASF51:
 1339 003b 636F6D70 		.ascii	"compare1\000"
 1339      61726531 
 1339      00
 1340              	.LASF30:
 1341 0044 54435057 		.ascii	"TCPWM_CNT_Type\000"
 1341      4D5F434E 
 1341      545F5479 
 1341      706500
 1342              	.LASF2:
 1343 0053 73686F72 		.ascii	"short int\000"
 1343      7420696E 
 1343      7400
 1344              	.LASF14:
 1345 005d 73697A65 		.ascii	"sizetype\000"
 1345      74797065 
 1345      00
 1346              	.LASF20:
 1347 0066 50455249 		.ascii	"PERIOD_BUFF\000"
 1347      4F445F42 
 1347      55464600 
 1348              	.LASF32:
 1349 0072 4354524C 		.ascii	"CTRL_SET\000"
 1349      5F534554 
 1349      00
 1350              	.LASF19:
 1351 007b 50455249 		.ascii	"PERIOD\000"
 1351      4F4400
 1352              	.LASF34:
 1353 0082 434D445F 		.ascii	"CMD_RELOAD\000"
 1353      52454C4F 
ARM GAS  C:\Users\rober\AppData\Local\Temp\cc33ycwh.s 			page 28


 1353      414400
 1354              	.LASF23:
 1355 008d 54525F43 		.ascii	"TR_CTRL1\000"
 1355      54524C31 
 1355      00
 1356              	.LASF24:
 1357 0096 54525F43 		.ascii	"TR_CTRL2\000"
 1357      54524C32 
 1357      00
 1358              	.LASF42:
 1359 009f 43595F54 		.ascii	"CY_TCPWM_SUCCESS\000"
 1359      4350574D 
 1359      5F535543 
 1359      43455353 
 1359      00
 1360              	.LASF6:
 1361 00b0 5F5F7569 		.ascii	"__uint32_t\000"
 1361      6E743332 
 1361      5F7400
 1362              	.LASF70:
 1363 00bb 47656E65 		.ascii	"Generated_Source\\PSoC6\\pdl\\drivers\\peripheral\\"
 1363      72617465 
 1363      645F536F 
 1363      75726365 
 1363      5C50536F 
 1364 00e9 74637077 		.ascii	"tcpwm\\cy_tcpwm_counter.c\000"
 1364      6D5C6379 
 1364      5F746370 
 1364      776D5F63 
 1364      6F756E74 
 1365              	.LASF61:
 1366 0102 73746F70 		.ascii	"stopInput\000"
 1366      496E7075 
 1366      7400
 1367              	.LASF22:
 1368 010c 54525F43 		.ascii	"TR_CTRL0\000"
 1368      54524C30 
 1368      00
 1369              	.LASF68:
 1370 0115 636F6E66 		.ascii	"config\000"
 1370      696700
 1371              	.LASF69:
 1372 011c 474E5520 		.ascii	"GNU C11 5.4.1 20160609 (release) [ARM/embedded-5-br"
 1372      43313120 
 1372      352E342E 
 1372      31203230 
 1372      31363036 
 1373 014f 616E6368 		.ascii	"anch revision 237715] -mcpu=cortex-m4 -mfloat-abi=s"
 1373      20726576 
 1373      6973696F 
 1373      6E203233 
 1373      37373135 
 1374 0182 6F667466 		.ascii	"oftfp -mfpu=fpv4-sp-d16 -mthumb -g -O0 -ffunction-s"
 1374      70202D6D 
 1374      6670753D 
 1374      66707634 
 1374      2D73702D 
ARM GAS  C:\Users\rober\AppData\Local\Temp\cc33ycwh.s 			page 29


 1375 01b5 65637469 		.ascii	"ections -ffat-lto-objects\000"
 1375      6F6E7320 
 1375      2D666661 
 1375      742D6C74 
 1375      6F2D6F62 
 1376              	.LASF55:
 1377 01cf 63617074 		.ascii	"captureInput\000"
 1377      75726549 
 1377      6E707574 
 1377      00
 1378              	.LASF33:
 1379 01dc 434D445F 		.ascii	"CMD_CAPTURE\000"
 1379      43415054 
 1379      55524500 
 1380              	.LASF53:
 1381 01e8 696E7465 		.ascii	"interruptSources\000"
 1381      72727570 
 1381      74536F75 
 1381      72636573 
 1381      00
 1382              	.LASF36:
 1383 01f9 434D445F 		.ascii	"CMD_START\000"
 1383      53544152 
 1383      5400
 1384              	.LASF40:
 1385 0203 666C6F61 		.ascii	"float\000"
 1385      7400
 1386              	.LASF10:
 1387 0209 756E7369 		.ascii	"unsigned int\000"
 1387      676E6564 
 1387      20696E74 
 1387      00
 1388              	.LASF56:
 1389 0216 72656C6F 		.ascii	"reloadInputMode\000"
 1389      6164496E 
 1389      7075744D 
 1389      6F646500 
 1390              	.LASF8:
 1391 0226 6C6F6E67 		.ascii	"long long int\000"
 1391      206C6F6E 
 1391      6720696E 
 1391      7400
 1392              	.LASF47:
 1393 0234 72756E4D 		.ascii	"runMode\000"
 1393      6F646500 
 1394              	.LASF73:
 1395 023c 43795F54 		.ascii	"Cy_TCPWM_Counter_Init\000"
 1395      4350574D 
 1395      5F436F75 
 1395      6E746572 
 1395      5F496E69 
 1396              	.LASF4:
 1397 0252 6C6F6E67 		.ascii	"long int\000"
 1397      20696E74 
 1397      00
 1398              	.LASF45:
 1399 025b 70657269 		.ascii	"period\000"
ARM GAS  C:\Users\rober\AppData\Local\Temp\cc33ycwh.s 			page 30


 1399      6F6400
 1400              	.LASF71:
 1401 0262 433A5C55 		.ascii	"C:\\Users\\rober\\Desktop\\SMIW\\projekt_smiw\\CE22"
 1401      73657273 
 1401      5C726F62 
 1401      65725C44 
 1401      65736B74 
 1402 028f 33373237 		.ascii	"3727_EmWin_EInk_Display01\\CE223727_EmWin_EInk_Disp"
 1402      5F456D57 
 1402      696E5F45 
 1402      496E6B5F 
 1402      44697370 
 1403 02c1 6C617930 		.ascii	"lay01.cydsn\000"
 1403      312E6379 
 1403      64736E00 
 1404              	.LASF67:
 1405 02cd 636E744E 		.ascii	"cntNum\000"
 1405      756D00
 1406              	.LASF29:
 1407 02d4 494E5452 		.ascii	"INTR_MASKED\000"
 1407      5F4D4153 
 1407      4B454400 
 1408              	.LASF18:
 1409 02e0 43435F42 		.ascii	"CC_BUFF\000"
 1409      55464600 
 1410              	.LASF13:
 1411 02e8 6C6F6E67 		.ascii	"long double\000"
 1411      20646F75 
 1411      626C6500 
 1412              	.LASF58:
 1413 02f4 73746172 		.ascii	"startInputMode\000"
 1413      74496E70 
 1413      75744D6F 
 1413      646500
 1414              	.LASF1:
 1415 0303 756E7369 		.ascii	"unsigned char\000"
 1415      676E6564 
 1415      20636861 
 1415      7200
 1416              	.LASF48:
 1417 0311 636F756E 		.ascii	"countDirection\000"
 1417      74446972 
 1417      65637469 
 1417      6F6E00
 1418              	.LASF15:
 1419 0320 4354524C 		.ascii	"CTRL\000"
 1419      00
 1420              	.LASF37:
 1421 0325 494E5452 		.ascii	"INTR_CAUSE\000"
 1421      5F434155 
 1421      534500
 1422              	.LASF0:
 1423 0330 7369676E 		.ascii	"signed char\000"
 1423      65642063 
 1423      68617200 
 1424              	.LASF27:
 1425 033c 494E5452 		.ascii	"INTR_SET\000"
ARM GAS  C:\Users\rober\AppData\Local\Temp\cc33ycwh.s 			page 31


 1425      5F534554 
 1425      00
 1426              	.LASF9:
 1427 0345 6C6F6E67 		.ascii	"long long unsigned int\000"
 1427      206C6F6E 
 1427      6720756E 
 1427      7369676E 
 1427      65642069 
 1428              	.LASF12:
 1429 035c 75696E74 		.ascii	"uint32_t\000"
 1429      33325F74 
 1429      00
 1430              	.LASF49:
 1431 0365 636F6D70 		.ascii	"compareOrCapture\000"
 1431      6172654F 
 1431      72436170 
 1431      74757265 
 1431      00
 1432              	.LASF52:
 1433 0376 656E6162 		.ascii	"enableCompareSwap\000"
 1433      6C65436F 
 1433      6D706172 
 1433      65537761 
 1433      7000
 1434              	.LASF35:
 1435 0388 434D445F 		.ascii	"CMD_STOP\000"
 1435      53544F50 
 1435      00
 1436              	.LASF65:
 1437 0391 63795F73 		.ascii	"cy_stc_tcpwm_counter_config_t\000"
 1437      74635F74 
 1437      6370776D 
 1437      5F636F75 
 1437      6E746572 
 1438              	.LASF28:
 1439 03af 494E5452 		.ascii	"INTR_MASK\000"
 1439      5F4D4153 
 1439      4B00
 1440              	.LASF3:
 1441 03b9 73686F72 		.ascii	"short unsigned int\000"
 1441      7420756E 
 1441      7369676E 
 1441      65642069 
 1441      6E7400
 1442              	.LASF74:
 1443 03cc 73746174 		.ascii	"status\000"
 1443      757300
 1444              	.LASF39:
 1445 03d3 63686172 		.ascii	"char\000"
 1445      00
 1446              	.LASF16:
 1447 03d8 53544154 		.ascii	"STATUS\000"
 1447      555300
 1448              	.LASF43:
 1449 03df 43595F54 		.ascii	"CY_TCPWM_BAD_PARAM\000"
 1449      4350574D 
 1449      5F424144 
ARM GAS  C:\Users\rober\AppData\Local\Temp\cc33ycwh.s 			page 32


 1449      5F504152 
 1449      414D00
 1450              	.LASF64:
 1451 03f2 5F426F6F 		.ascii	"_Bool\000"
 1451      6C00
 1452              	.LASF26:
 1453 03f8 494E5452 		.ascii	"INTR\000"
 1453      00
 1454              	.LASF54:
 1455 03fd 63617074 		.ascii	"captureInputMode\000"
 1455      75726549 
 1455      6E707574 
 1455      4D6F6465 
 1455      00
 1456              	.LASF25:
 1457 040e 52455345 		.ascii	"RESERVED1\000"
 1457      52564544 
 1457      3100
 1458              	.LASF7:
 1459 0418 6C6F6E67 		.ascii	"long unsigned int\000"
 1459      20756E73 
 1459      69676E65 
 1459      6420696E 
 1459      7400
 1460              	.LASF41:
 1461 042a 646F7562 		.ascii	"double\000"
 1461      6C6500
 1462              	.LASF72:
 1463 0431 63795F73 		.ascii	"cy_stc_tcpwm_counter_config\000"
 1463      74635F74 
 1463      6370776D 
 1463      5F636F75 
 1463      6E746572 
 1464              	.LASF59:
 1465 044d 73746172 		.ascii	"startInput\000"
 1465      74496E70 
 1465      757400
 1466              	.LASF5:
 1467 0458 5F5F696E 		.ascii	"__int32_t\000"
 1467      7433325F 
 1467      7400
 1468              	.LASF60:
 1469 0462 73746F70 		.ascii	"stopInputMode\000"
 1469      496E7075 
 1469      744D6F64 
 1469      6500
 1470              	.LASF31:
 1471 0470 4354524C 		.ascii	"CTRL_CLR\000"
 1471      5F434C52 
 1471      00
 1472              	.LASF75:
 1473 0479 43795F54 		.ascii	"Cy_TCPWM_Counter_DeInit\000"
 1473      4350574D 
 1473      5F436F75 
 1473      6E746572 
 1473      5F446549 
 1474              	.LASF17:
ARM GAS  C:\Users\rober\AppData\Local\Temp\cc33ycwh.s 			page 33


 1475 0491 434F554E 		.ascii	"COUNTER\000"
 1475      54455200 
 1476              	.LASF21:
 1477 0499 52455345 		.ascii	"RESERVED\000"
 1477      52564544 
 1477      00
 1478              	.LASF44:
 1479 04a2 63795F65 		.ascii	"cy_en_tcpwm_status_t\000"
 1479      6E5F7463 
 1479      70776D5F 
 1479      73746174 
 1479      75735F74 
 1480              	.LASF63:
 1481 04b7 636F756E 		.ascii	"countInput\000"
 1481      74496E70 
 1481      757400
 1482              	.LASF76:
 1483 04c2 49544D5F 		.ascii	"ITM_RxBuffer\000"
 1483      52784275 
 1483      66666572 
 1483      00
 1484              	.LASF38:
 1485 04cf 54435057 		.ascii	"TCPWM_Type\000"
 1485      4D5F5479 
 1485      706500
 1486              	.LASF66:
 1487 04da 62617365 		.ascii	"base\000"
 1487      00
 1488              		.ident	"GCC: (GNU Tools for ARM Embedded Processors) 5.4.1 20160609 (release) [ARM/embedded-5-bran
