ARM GAS  C:\Users\rober\AppData\Local\Temp\ccfHmu2L.s 			page 1


   1              		.syntax unified
   2              		.cpu cortex-m4
   3              		.eabi_attribute 27, 1
   4              		.fpu fpv4-sp-d16
   5              		.eabi_attribute 20, 1
   6              		.eabi_attribute 21, 1
   7              		.eabi_attribute 23, 3
   8              		.eabi_attribute 24, 1
   9              		.eabi_attribute 25, 1
  10              		.eabi_attribute 26, 1
  11              		.eabi_attribute 30, 6
  12              		.eabi_attribute 34, 1
  13              		.eabi_attribute 18, 4
  14              		.thumb
  15              		.syntax unified
  16              		.file	"cyfitter_sysint_cfg.c"
  17              		.text
  18              	.Ltext0:
  19              		.cfi_sections	.debug_frame
  20              		.global	CY_EINK_SPIM_SCB_IRQ_cfg
  21              		.section	.rodata
  22              		.align	2
  23              		.type	CY_EINK_SPIM_SCB_IRQ_cfg, %object
  24              		.size	CY_EINK_SPIM_SCB_IRQ_cfg, 8
  25              	CY_EINK_SPIM_SCB_IRQ_cfg:
  26 0000 2F00     		.short	47
  27 0002 0000     		.space	2
  28 0004 07000000 		.word	7
  29              		.global	isrTimer_cfg
  30              		.align	2
  31              		.type	isrTimer_cfg, %object
  32              		.size	isrTimer_cfg, 8
  33              	isrTimer_cfg:
  34 0008 5B00     		.short	91
  35 000a 0000     		.space	2
  36 000c 07000000 		.word	7
  37              		.text
  38              	.Letext0:
  39              		.file 1 "Generated_Source\\PSoC6\\pdl\\devices/psoc6/psoc63/include/cy8c6347bzi_bld53.h"
  40              		.file 2 "c:\\program files (x86)\\cypress\\psoc creator\\4.2\\psoc creator\\import\\gnu\\arm\\5.4.
  41              		.file 3 "c:\\program files (x86)\\cypress\\psoc creator\\4.2\\psoc creator\\import\\gnu\\arm\\5.4.
  42              		.file 4 "Generated_Source\\PSoC6\\pdl\\drivers/peripheral/sysint/cy_sysint.h"
  43              		.file 5 "Generated_Source\\PSoC6\\pdl\\cmsis/include/core_cm4.h"
  44              		.file 6 "Generated_Source\\PSoC6\\cyfitter_sysint_cfg.c"
  45              		.section	.debug_info,"",%progbits
  46              	.Ldebug_info0:
  47 0000 DF040000 		.4byte	0x4df
  48 0004 0400     		.2byte	0x4
  49 0006 00000000 		.4byte	.Ldebug_abbrev0
  50 000a 04       		.byte	0x4
  51 000b 01       		.uleb128 0x1
  52 000c 8E100000 		.4byte	.LASF183
  53 0010 0C       		.byte	0xc
  54 0011 410D0000 		.4byte	.LASF184
  55 0015 D10C0000 		.4byte	.LASF185
  56 0019 00000000 		.4byte	.Ldebug_line0
  57 001d 02       		.uleb128 0x2
ARM GAS  C:\Users\rober\AppData\Local\Temp\ccfHmu2L.s 			page 2


  58 001e 02       		.byte	0x2
  59 001f DE030000 		.4byte	0x3de
  60 0023 01       		.byte	0x1
  61 0024 24       		.byte	0x24
  62 0025 DE030000 		.4byte	0x3de
  63 0029 03       		.uleb128 0x3
  64 002a 2C020000 		.4byte	.LASF0
  65 002e 71       		.sleb128 -15
  66 002f 03       		.uleb128 0x3
  67 0030 F60D0000 		.4byte	.LASF1
  68 0034 72       		.sleb128 -14
  69 0035 03       		.uleb128 0x3
  70 0036 600E0000 		.4byte	.LASF2
  71 003a 73       		.sleb128 -13
  72 003b 03       		.uleb128 0x3
  73 003c D3090000 		.4byte	.LASF3
  74 0040 74       		.sleb128 -12
  75 0041 03       		.uleb128 0x3
  76 0042 DA040000 		.4byte	.LASF4
  77 0046 75       		.sleb128 -11
  78 0047 03       		.uleb128 0x3
  79 0048 450C0000 		.4byte	.LASF5
  80 004c 76       		.sleb128 -10
  81 004d 03       		.uleb128 0x3
  82 004e 7F060000 		.4byte	.LASF6
  83 0052 7B       		.sleb128 -5
  84 0053 03       		.uleb128 0x3
  85 0054 8B0E0000 		.4byte	.LASF7
  86 0058 7C       		.sleb128 -4
  87 0059 03       		.uleb128 0x3
  88 005a BF0D0000 		.4byte	.LASF8
  89 005e 7E       		.sleb128 -2
  90 005f 03       		.uleb128 0x3
  91 0060 8F070000 		.4byte	.LASF9
  92 0064 7F       		.sleb128 -1
  93 0065 04       		.uleb128 0x4
  94 0066 A5010000 		.4byte	.LASF10
  95 006a 00       		.byte	0
  96 006b 04       		.uleb128 0x4
  97 006c 440E0000 		.4byte	.LASF11
  98 0070 01       		.byte	0x1
  99 0071 04       		.uleb128 0x4
 100 0072 0D000000 		.4byte	.LASF12
 101 0076 02       		.byte	0x2
 102 0077 04       		.uleb128 0x4
 103 0078 8B0D0000 		.4byte	.LASF13
 104 007c 03       		.byte	0x3
 105 007d 04       		.uleb128 0x4
 106 007e 870F0000 		.4byte	.LASF14
 107 0082 04       		.byte	0x4
 108 0083 04       		.uleb128 0x4
 109 0084 5F050000 		.4byte	.LASF15
 110 0088 05       		.byte	0x5
 111 0089 04       		.uleb128 0x4
 112 008a 25070000 		.4byte	.LASF16
 113 008e 06       		.byte	0x6
 114 008f 04       		.uleb128 0x4
ARM GAS  C:\Users\rober\AppData\Local\Temp\ccfHmu2L.s 			page 3


 115 0090 28090000 		.4byte	.LASF17
 116 0094 07       		.byte	0x7
 117 0095 04       		.uleb128 0x4
 118 0096 DD110000 		.4byte	.LASF18
 119 009a 08       		.byte	0x8
 120 009b 04       		.uleb128 0x4
 121 009c E1010000 		.4byte	.LASF19
 122 00a0 09       		.byte	0x9
 123 00a1 04       		.uleb128 0x4
 124 00a2 0A0B0000 		.4byte	.LASF20
 125 00a6 0A       		.byte	0xa
 126 00a7 04       		.uleb128 0x4
 127 00a8 B6090000 		.4byte	.LASF21
 128 00ac 0B       		.byte	0xb
 129 00ad 04       		.uleb128 0x4
 130 00ae B70F0000 		.4byte	.LASF22
 131 00b2 0C       		.byte	0xc
 132 00b3 04       		.uleb128 0x4
 133 00b4 AD050000 		.4byte	.LASF23
 134 00b8 0D       		.byte	0xd
 135 00b9 04       		.uleb128 0x4
 136 00ba 57070000 		.4byte	.LASF24
 137 00be 0E       		.byte	0xe
 138 00bf 04       		.uleb128 0x4
 139 00c0 0D040000 		.4byte	.LASF25
 140 00c4 0F       		.byte	0xf
 141 00c5 04       		.uleb128 0x4
 142 00c6 24100000 		.4byte	.LASF26
 143 00ca 10       		.byte	0x10
 144 00cb 04       		.uleb128 0x4
 145 00cc 0A030000 		.4byte	.LASF27
 146 00d0 11       		.byte	0x11
 147 00d1 04       		.uleb128 0x4
 148 00d2 6C000000 		.4byte	.LASF28
 149 00d6 12       		.byte	0x12
 150 00d7 04       		.uleb128 0x4
 151 00d8 26040000 		.4byte	.LASF29
 152 00dc 13       		.byte	0x13
 153 00dd 04       		.uleb128 0x4
 154 00de 14060000 		.4byte	.LASF30
 155 00e2 14       		.byte	0x14
 156 00e3 04       		.uleb128 0x4
 157 00e4 73100000 		.4byte	.LASF31
 158 00e8 15       		.byte	0x15
 159 00e9 04       		.uleb128 0x4
 160 00ea 58000000 		.4byte	.LASF32
 161 00ee 16       		.byte	0x16
 162 00ef 04       		.uleb128 0x4
 163 00f0 14050000 		.4byte	.LASF33
 164 00f4 17       		.byte	0x17
 165 00f5 04       		.uleb128 0x4
 166 00f6 B4000000 		.4byte	.LASF34
 167 00fa 18       		.byte	0x18
 168 00fb 04       		.uleb128 0x4
 169 00fc B00E0000 		.4byte	.LASF35
 170 0100 19       		.byte	0x19
 171 0101 04       		.uleb128 0x4
ARM GAS  C:\Users\rober\AppData\Local\Temp\ccfHmu2L.s 			page 4


 172 0102 B8060000 		.4byte	.LASF36
 173 0106 1A       		.byte	0x1a
 174 0107 04       		.uleb128 0x4
 175 0108 AA080000 		.4byte	.LASF37
 176 010c 1B       		.byte	0x1b
 177 010d 04       		.uleb128 0x4
 178 010e D40A0000 		.4byte	.LASF38
 179 0112 1C       		.byte	0x1c
 180 0113 04       		.uleb128 0x4
 181 0114 0E010000 		.4byte	.LASF39
 182 0118 1D       		.byte	0x1d
 183 0119 04       		.uleb128 0x4
 184 011a 5D030000 		.4byte	.LASF40
 185 011e 1E       		.byte	0x1e
 186 011f 04       		.uleb128 0x4
 187 0120 7B050000 		.4byte	.LASF41
 188 0124 1F       		.byte	0x1f
 189 0125 04       		.uleb128 0x4
 190 0126 550C0000 		.4byte	.LASF42
 191 012a 20       		.byte	0x20
 192 012b 04       		.uleb128 0x4
 193 012c 010F0000 		.4byte	.LASF43
 194 0130 21       		.byte	0x21
 195 0131 04       		.uleb128 0x4
 196 0132 F9110000 		.4byte	.LASF44
 197 0136 22       		.byte	0x22
 198 0137 04       		.uleb128 0x4
 199 0138 41110000 		.4byte	.LASF45
 200 013c 23       		.byte	0x23
 201 013d 04       		.uleb128 0x4
 202 013e 2A010000 		.4byte	.LASF46
 203 0142 24       		.byte	0x24
 204 0143 04       		.uleb128 0x4
 205 0144 95030000 		.4byte	.LASF47
 206 0148 25       		.byte	0x25
 207 0149 04       		.uleb128 0x4
 208 014a 2B120000 		.4byte	.LASF48
 209 014e 26       		.byte	0x26
 210 014f 04       		.uleb128 0x4
 211 0150 8D0C0000 		.4byte	.LASF49
 212 0154 27       		.byte	0x27
 213 0155 04       		.uleb128 0x4
 214 0156 390F0000 		.4byte	.LASF50
 215 015a 28       		.byte	0x28
 216 015b 04       		.uleb128 0x4
 217 015c DF000000 		.4byte	.LASF51
 218 0160 29       		.byte	0x29
 219 0161 04       		.uleb128 0x4
 220 0162 E8040000 		.4byte	.LASF52
 221 0166 2A       		.byte	0x2a
 222 0167 04       		.uleb128 0x4
 223 0168 2D050000 		.4byte	.LASF53
 224 016c 2B       		.byte	0x2b
 225 016d 04       		.uleb128 0x4
 226 016e CB0D0000 		.4byte	.LASF54
 227 0172 2C       		.byte	0x2c
 228 0173 04       		.uleb128 0x4
ARM GAS  C:\Users\rober\AppData\Local\Temp\ccfHmu2L.s 			page 5


 229 0174 13090000 		.4byte	.LASF55
 230 0178 2D       		.byte	0x2d
 231 0179 04       		.uleb128 0x4
 232 017a 29000000 		.4byte	.LASF56
 233 017e 2E       		.byte	0x2e
 234 017f 04       		.uleb128 0x4
 235 0180 2F0E0000 		.4byte	.LASF57
 236 0184 2F       		.byte	0x2f
 237 0185 04       		.uleb128 0x4
 238 0186 A0040000 		.4byte	.LASF58
 239 018a 30       		.byte	0x30
 240 018b 04       		.uleb128 0x4
 241 018c 9D0E0000 		.4byte	.LASF59
 242 0190 31       		.byte	0x31
 243 0191 04       		.uleb128 0x4
 244 0192 08100000 		.4byte	.LASF60
 245 0196 32       		.byte	0x32
 246 0197 04       		.uleb128 0x4
 247 0198 81000000 		.4byte	.LASF61
 248 019c 33       		.byte	0x33
 249 019d 04       		.uleb128 0x4
 250 019e D7020000 		.4byte	.LASF62
 251 01a2 34       		.byte	0x34
 252 01a3 04       		.uleb128 0x4
 253 01a4 9A090000 		.4byte	.LASF63
 254 01a8 35       		.byte	0x35
 255 01a9 04       		.uleb128 0x4
 256 01aa F1030000 		.4byte	.LASF64
 257 01ae 36       		.byte	0x36
 258 01af 04       		.uleb128 0x4
 259 01b0 6F0E0000 		.4byte	.LASF65
 260 01b4 37       		.byte	0x37
 261 01b5 04       		.uleb128 0x4
 262 01b6 64040000 		.4byte	.LASF66
 263 01ba 38       		.byte	0x38
 264 01bb 04       		.uleb128 0x4
 265 01bc 7A110000 		.4byte	.LASF67
 266 01c0 39       		.byte	0x39
 267 01c1 04       		.uleb128 0x4
 268 01c2 47080000 		.4byte	.LASF68
 269 01c6 3A       		.byte	0x3a
 270 01c7 04       		.uleb128 0x4
 271 01c8 6B0A0000 		.4byte	.LASF69
 272 01cc 3B       		.byte	0x3b
 273 01cd 04       		.uleb128 0x4
 274 01ce 73080000 		.4byte	.LASF70
 275 01d2 3C       		.byte	0x3c
 276 01d3 04       		.uleb128 0x4
 277 01d4 9D0A0000 		.4byte	.LASF71
 278 01d8 3D       		.byte	0x3d
 279 01d9 04       		.uleb128 0x4
 280 01da 6E0D0000 		.4byte	.LASF72
 281 01de 3E       		.byte	0x3e
 282 01df 04       		.uleb128 0x4
 283 01e0 44090000 		.4byte	.LASF73
 284 01e4 3F       		.byte	0x3f
 285 01e5 04       		.uleb128 0x4
ARM GAS  C:\Users\rober\AppData\Local\Temp\ccfHmu2L.s 			page 6


 286 01e6 42050000 		.4byte	.LASF74
 287 01ea 40       		.byte	0x40
 288 01eb 04       		.uleb128 0x4
 289 01ec 08070000 		.4byte	.LASF75
 290 01f0 41       		.byte	0x41
 291 01f1 04       		.uleb128 0x4
 292 01f2 380A0000 		.4byte	.LASF76
 293 01f6 42       		.byte	0x42
 294 01f7 04       		.uleb128 0x4
 295 01f8 710C0000 		.4byte	.LASF77
 296 01fc 43       		.byte	0x43
 297 01fd 04       		.uleb128 0x4
 298 01fe 1D0F0000 		.4byte	.LASF78
 299 0202 44       		.byte	0x44
 300 0203 04       		.uleb128 0x4
 301 0204 930B0000 		.4byte	.LASF79
 302 0208 45       		.byte	0x45
 303 0209 04       		.uleb128 0x4
 304 020a D4060000 		.4byte	.LASF80
 305 020e 46       		.byte	0x46
 306 020f 04       		.uleb128 0x4
 307 0210 C6080000 		.4byte	.LASF81
 308 0214 47       		.byte	0x47
 309 0215 04       		.uleb128 0x4
 310 0216 5E110000 		.4byte	.LASF82
 311 021a 48       		.byte	0x48
 312 021b 04       		.uleb128 0x4
 313 021c 79030000 		.4byte	.LASF83
 314 0220 49       		.byte	0x49
 315 0221 04       		.uleb128 0x4
 316 0222 B2030000 		.4byte	.LASF84
 317 0226 4A       		.byte	0x4a
 318 0227 04       		.uleb128 0x4
 319 0228 BB020000 		.4byte	.LASF85
 320 022c 4B       		.byte	0x4b
 321 022d 04       		.uleb128 0x4
 322 022e 56100000 		.4byte	.LASF86
 323 0232 4C       		.byte	0x4c
 324 0233 04       		.uleb128 0x4
 325 0234 C90B0000 		.4byte	.LASF87
 326 0238 4D       		.byte	0x4d
 327 0239 04       		.uleb128 0x4
 328 023a EB0F0000 		.4byte	.LASF88
 329 023e 4E       		.byte	0x4e
 330 023f 04       		.uleb128 0x4
 331 0240 E5050000 		.4byte	.LASF89
 332 0244 4F       		.byte	0x4f
 333 0245 04       		.uleb128 0x4
 334 0246 9C070000 		.4byte	.LASF90
 335 024a 50       		.byte	0x50
 336 024b 04       		.uleb128 0x4
 337 024c 61090000 		.4byte	.LASF91
 338 0250 51       		.byte	0x51
 339 0251 04       		.uleb128 0x4
 340 0252 61060000 		.4byte	.LASF92
 341 0256 52       		.byte	0x52
 342 0257 04       		.uleb128 0x4
ARM GAS  C:\Users\rober\AppData\Local\Temp\ccfHmu2L.s 			page 7


 343 0258 09080000 		.4byte	.LASF93
 344 025c 53       		.byte	0x53
 345 025d 04       		.uleb128 0x4
 346 025e 6B020000 		.4byte	.LASF94
 347 0262 54       		.byte	0x54
 348 0263 04       		.uleb128 0x4
 349 0264 F0060000 		.4byte	.LASF95
 350 0268 55       		.byte	0x55
 351 0269 04       		.uleb128 0x4
 352 026a BD110000 		.4byte	.LASF96
 353 026e 56       		.byte	0x56
 354 026f 04       		.uleb128 0x4
 355 0270 C1010000 		.4byte	.LASF97
 356 0274 57       		.byte	0x57
 357 0275 04       		.uleb128 0x4
 358 0276 580B0000 		.4byte	.LASF98
 359 027a 58       		.byte	0x58
 360 027b 04       		.uleb128 0x4
 361 027c 80040000 		.4byte	.LASF99
 362 0280 59       		.byte	0x59
 363 0281 04       		.uleb128 0x4
 364 0282 3C100000 		.4byte	.LASF100
 365 0286 5A       		.byte	0x5a
 366 0287 04       		.uleb128 0x4
 367 0288 30060000 		.4byte	.LASF101
 368 028c 5B       		.byte	0x5b
 369 028d 04       		.uleb128 0x4
 370 028e D4070000 		.4byte	.LASF102
 371 0292 5C       		.byte	0x5c
 372 0293 04       		.uleb128 0x4
 373 0294 E9090000 		.4byte	.LASF103
 374 0298 5D       		.byte	0x5d
 375 0299 04       		.uleb128 0x4
 376 029a 3E000000 		.4byte	.LASF104
 377 029e 5E       		.byte	0x5e
 378 029f 04       		.uleb128 0x4
 379 02a0 A1020000 		.4byte	.LASF105
 380 02a4 5F       		.byte	0x5f
 381 02a5 04       		.uleb128 0x4
 382 02a6 B5040000 		.4byte	.LASF106
 383 02aa 60       		.byte	0x60
 384 02ab 04       		.uleb128 0x4
 385 02ac AF0B0000 		.4byte	.LASF107
 386 02b0 61       		.byte	0x61
 387 02b1 04       		.uleb128 0x4
 388 02b2 20030000 		.4byte	.LASF108
 389 02b6 62       		.byte	0x62
 390 02b7 04       		.uleb128 0x4
 391 02b8 1E0A0000 		.4byte	.LASF109
 392 02bc 63       		.byte	0x63
 393 02bd 04       		.uleb128 0x4
 394 02be 2B0C0000 		.4byte	.LASF110
 395 02c2 64       		.byte	0x64
 396 02c3 04       		.uleb128 0x4
 397 02c4 E70E0000 		.4byte	.LASF111
 398 02c8 65       		.byte	0x65
 399 02c9 04       		.uleb128 0x4
ARM GAS  C:\Users\rober\AppData\Local\Temp\ccfHmu2L.s 			page 8


 400 02ca A3110000 		.4byte	.LASF112
 401 02ce 66       		.byte	0x66
 402 02cf 04       		.uleb128 0x4
 403 02d0 9E060000 		.4byte	.LASF113
 404 02d4 67       		.byte	0x67
 405 02d5 04       		.uleb128 0x4
 406 02d6 90080000 		.4byte	.LASF114
 407 02da 68       		.byte	0x68
 408 02db 04       		.uleb128 0x4
 409 02dc BA0A0000 		.4byte	.LASF115
 410 02e0 69       		.byte	0x69
 411 02e1 04       		.uleb128 0x4
 412 02e2 F4000000 		.4byte	.LASF116
 413 02e6 6A       		.byte	0x6a
 414 02e7 04       		.uleb128 0x4
 415 02e8 43030000 		.4byte	.LASF117
 416 02ec 6B       		.byte	0x6b
 417 02ed 04       		.uleb128 0x4
 418 02ee 8A010000 		.4byte	.LASF118
 419 02f2 6C       		.byte	0x6c
 420 02f3 04       		.uleb128 0x4
 421 02f4 D6030000 		.4byte	.LASF119
 422 02f8 6D       		.byte	0x6d
 423 02f9 04       		.uleb128 0x4
 424 02fa CA050000 		.4byte	.LASF120
 425 02fe 6E       		.byte	0x6e
 426 02ff 04       		.uleb128 0x4
 427 0300 EE070000 		.4byte	.LASF121
 428 0304 6F       		.byte	0x6f
 429 0305 04       		.uleb128 0x4
 430 0306 6C0F0000 		.4byte	.LASF122
 431 030a 70       		.byte	0x70
 432 030b 04       		.uleb128 0x4
 433 030c 74070000 		.4byte	.LASF123
 434 0310 71       		.byte	0x71
 435 0311 04       		.uleb128 0x4
 436 0312 37020000 		.4byte	.LASF124
 437 0316 72       		.byte	0x72
 438 0317 04       		.uleb128 0x4
 439 0318 F8080000 		.4byte	.LASF125
 440 031c 73       		.byte	0x73
 441 031d 04       		.uleb128 0x4
 442 031e 780B0000 		.4byte	.LASF126
 443 0322 74       		.byte	0x74
 444 0323 04       		.uleb128 0x4
 445 0324 140E0000 		.4byte	.LASF127
 446 0328 75       		.byte	0x75
 447 0329 04       		.uleb128 0x4
 448 032a 030A0000 		.4byte	.LASF128
 449 032e 76       		.byte	0x76
 450 032f 04       		.uleb128 0x4
 451 0330 070C0000 		.4byte	.LASF129
 452 0334 77       		.byte	0x77
 453 0335 04       		.uleb128 0x4
 454 0336 CC0E0000 		.4byte	.LASF130
 455 033a 78       		.byte	0x78
 456 033b 04       		.uleb128 0x4
ARM GAS  C:\Users\rober\AppData\Local\Temp\ccfHmu2L.s 			page 9


 457 033c B9070000 		.4byte	.LASF131
 458 0340 79       		.byte	0x79
 459 0341 04       		.uleb128 0x4
 460 0342 47010000 		.4byte	.LASF132
 461 0346 7A       		.byte	0x7a
 462 0347 04       		.uleb128 0x4
 463 0348 C9000000 		.4byte	.LASF133
 464 034c 7B       		.byte	0x7b
 465 034d 04       		.uleb128 0x4
 466 034e 97050000 		.4byte	.LASF134
 467 0352 7C       		.byte	0x7c
 468 0353 04       		.uleb128 0x4
 469 0354 41070000 		.4byte	.LASF135
 470 0358 7D       		.byte	0x7d
 471 0359 04       		.uleb128 0x4
 472 035a 560F0000 		.4byte	.LASF136
 473 035e 7E       		.byte	0x7e
 474 035f 04       		.uleb128 0x4
 475 0360 15120000 		.4byte	.LASF137
 476 0364 7F       		.byte	0x7f
 477 0365 04       		.uleb128 0x4
 478 0366 16020000 		.4byte	.LASF138
 479 036a 80       		.byte	0x80
 480 036b 04       		.uleb128 0x4
 481 036c E2080000 		.4byte	.LASF139
 482 0370 81       		.byte	0x81
 483 0371 04       		.uleb128 0x4
 484 0372 270B0000 		.4byte	.LASF140
 485 0376 82       		.byte	0x82
 486 0377 04       		.uleb128 0x4
 487 0378 E00D0000 		.4byte	.LASF141
 488 037c 83       		.byte	0x83
 489 037d 04       		.uleb128 0x4
 490 037e 30080000 		.4byte	.LASF142
 491 0382 84       		.byte	0x84
 492 0383 04       		.uleb128 0x4
 493 0384 540A0000 		.4byte	.LASF143
 494 0388 85       		.byte	0x85
 495 0389 04       		.uleb128 0x4
 496 038a 9D000000 		.4byte	.LASF144
 497 038e 86       		.byte	0x86
 498 038f 04       		.uleb128 0x4
 499 0390 F3020000 		.4byte	.LASF145
 500 0394 87       		.byte	0x87
 501 0395 04       		.uleb128 0x4
 502 0396 FD040000 		.4byte	.LASF146
 503 039a 88       		.byte	0x88
 504 039b 04       		.uleb128 0x4
 505 039c E60B0000 		.4byte	.LASF147
 506 03a0 89       		.byte	0x89
 507 03a1 04       		.uleb128 0x4
 508 03a2 A70D0000 		.4byte	.LASF148
 509 03a6 8A       		.byte	0x8a
 510 03a7 04       		.uleb128 0x4
 511 03a8 49040000 		.4byte	.LASF149
 512 03ac 8B       		.byte	0x8b
 513 03ad 04       		.uleb128 0x4
ARM GAS  C:\Users\rober\AppData\Local\Temp\ccfHmu2L.s 			page 10


 514 03ae AA0C0000 		.4byte	.LASF150
 515 03b2 8C       		.byte	0x8c
 516 03b3 04       		.uleb128 0x4
 517 03b4 D40F0000 		.4byte	.LASF151
 518 03b8 8D       		.byte	0x8d
 519 03b9 04       		.uleb128 0x4
 520 03ba A30F0000 		.4byte	.LASF152
 521 03be 8E       		.byte	0x8e
 522 03bf 04       		.uleb128 0x4
 523 03c0 7E090000 		.4byte	.LASF153
 524 03c4 8F       		.byte	0x8f
 525 03c5 04       		.uleb128 0x4
 526 03c6 4A060000 		.4byte	.LASF154
 527 03ca 90       		.byte	0x90
 528 03cb 04       		.uleb128 0x4
 529 03cc 74010000 		.4byte	.LASF155
 530 03d0 91       		.byte	0x91
 531 03d1 04       		.uleb128 0x4
 532 03d2 FD010000 		.4byte	.LASF156
 533 03d6 92       		.byte	0x92
 534 03d7 04       		.uleb128 0x4
 535 03d8 3D0B0000 		.4byte	.LASF157
 536 03dc F0       		.byte	0xf0
 537 03dd 00       		.byte	0
 538 03de 05       		.uleb128 0x5
 539 03df 02       		.byte	0x2
 540 03e0 05       		.byte	0x5
 541 03e1 4E0B0000 		.4byte	.LASF158
 542 03e5 06       		.uleb128 0x6
 543 03e6 FD0B0000 		.4byte	.LASF162
 544 03ea 01       		.byte	0x1
 545 03eb F4       		.byte	0xf4
 546 03ec 1D000000 		.4byte	0x1d
 547 03f0 05       		.uleb128 0x5
 548 03f1 01       		.byte	0x1
 549 03f2 06       		.byte	0x6
 550 03f3 95020000 		.4byte	.LASF159
 551 03f7 05       		.uleb128 0x5
 552 03f8 01       		.byte	0x1
 553 03f9 08       		.byte	0x8
 554 03fa 8F0A0000 		.4byte	.LASF160
 555 03fe 05       		.uleb128 0x5
 556 03ff 02       		.byte	0x2
 557 0400 07       		.byte	0x7
 558 0401 8B060000 		.4byte	.LASF161
 559 0405 06       		.uleb128 0x6
 560 0406 0A0E0000 		.4byte	.LASF163
 561 040a 02       		.byte	0x2
 562 040b 3F       		.byte	0x3f
 563 040c 10040000 		.4byte	0x410
 564 0410 05       		.uleb128 0x5
 565 0411 04       		.byte	0x4
 566 0412 05       		.byte	0x5
 567 0413 3A030000 		.4byte	.LASF164
 568 0417 06       		.uleb128 0x6
 569 0418 CF040000 		.4byte	.LASF165
 570 041c 02       		.byte	0x2
ARM GAS  C:\Users\rober\AppData\Local\Temp\ccfHmu2L.s 			page 11


 571 041d 41       		.byte	0x41
 572 041e 22040000 		.4byte	0x422
 573 0422 05       		.uleb128 0x5
 574 0423 04       		.byte	0x4
 575 0424 07       		.byte	0x7
 576 0425 02060000 		.4byte	.LASF166
 577 0429 05       		.uleb128 0x5
 578 042a 08       		.byte	0x8
 579 042b 05       		.byte	0x5
 580 042c 87020000 		.4byte	.LASF167
 581 0430 05       		.uleb128 0x5
 582 0431 08       		.byte	0x8
 583 0432 07       		.byte	0x7
 584 0433 5D010000 		.4byte	.LASF168
 585 0437 07       		.uleb128 0x7
 586 0438 04       		.byte	0x4
 587 0439 05       		.byte	0x5
 588 043a 696E7400 		.ascii	"int\000"
 589 043e 05       		.uleb128 0x5
 590 043f 04       		.byte	0x4
 591 0440 07       		.byte	0x7
 592 0441 FD0A0000 		.4byte	.LASF169
 593 0445 06       		.uleb128 0x6
 594 0446 870A0000 		.4byte	.LASF170
 595 044a 03       		.byte	0x3
 596 044b 2C       		.byte	0x2c
 597 044c 05040000 		.4byte	0x405
 598 0450 06       		.uleb128 0x6
 599 0451 220C0000 		.4byte	.LASF171
 600 0455 03       		.byte	0x3
 601 0456 30       		.byte	0x30
 602 0457 17040000 		.4byte	0x417
 603 045b 05       		.uleb128 0x5
 604 045c 04       		.byte	0x4
 605 045d 07       		.byte	0x7
 606 045e 27080000 		.4byte	.LASF172
 607 0462 05       		.uleb128 0x5
 608 0463 08       		.byte	0x8
 609 0464 04       		.byte	0x4
 610 0465 C50C0000 		.4byte	.LASF173
 611 0469 05       		.uleb128 0x5
 612 046a 01       		.byte	0x1
 613 046b 08       		.byte	0x8
 614 046c 3C0D0000 		.4byte	.LASF174
 615 0470 05       		.uleb128 0x5
 616 0471 04       		.byte	0x4
 617 0472 04       		.byte	0x4
 618 0473 94090000 		.4byte	.LASF175
 619 0477 05       		.uleb128 0x5
 620 0478 08       		.byte	0x8
 621 0479 04       		.byte	0x4
 622 047a 42040000 		.4byte	.LASF176
 623 047e 08       		.uleb128 0x8
 624 047f 08       		.byte	0x8
 625 0480 04       		.byte	0x4
 626 0481 EB       		.byte	0xeb
 627 0482 9F040000 		.4byte	0x49f
ARM GAS  C:\Users\rober\AppData\Local\Temp\ccfHmu2L.s 			page 12


 628 0486 09       		.uleb128 0x9
 629 0487 CE030000 		.4byte	.LASF177
 630 048b 04       		.byte	0x4
 631 048c EC       		.byte	0xec
 632 048d E5030000 		.4byte	0x3e5
 633 0491 00       		.byte	0
 634 0492 09       		.uleb128 0x9
 635 0493 96110000 		.4byte	.LASF178
 636 0497 04       		.byte	0x4
 637 0498 F0       		.byte	0xf0
 638 0499 50040000 		.4byte	0x450
 639 049d 04       		.byte	0x4
 640 049e 00       		.byte	0
 641 049f 06       		.uleb128 0x6
 642 04a0 63080000 		.4byte	.LASF179
 643 04a4 04       		.byte	0x4
 644 04a5 F1       		.byte	0xf1
 645 04a6 7E040000 		.4byte	0x47e
 646 04aa 0A       		.uleb128 0xa
 647 04ab F00A0000 		.4byte	.LASF180
 648 04af 05       		.byte	0x5
 649 04b0 EA07     		.2byte	0x7ea
 650 04b2 B6040000 		.4byte	0x4b6
 651 04b6 0B       		.uleb128 0xb
 652 04b7 45040000 		.4byte	0x445
 653 04bb 0C       		.uleb128 0xc
 654 04bc 52020000 		.4byte	.LASF181
 655 04c0 06       		.byte	0x6
 656 04c1 18       		.byte	0x18
 657 04c2 CC040000 		.4byte	0x4cc
 658 04c6 05       		.uleb128 0x5
 659 04c7 03       		.byte	0x3
 660 04c8 00000000 		.4byte	CY_EINK_SPIM_SCB_IRQ_cfg
 661 04cc 0D       		.uleb128 0xd
 662 04cd 9F040000 		.4byte	0x49f
 663 04d1 0C       		.uleb128 0xc
 664 04d2 00000000 		.4byte	.LASF182
 665 04d6 06       		.byte	0x6
 666 04d7 1E       		.byte	0x1e
 667 04d8 CC040000 		.4byte	0x4cc
 668 04dc 05       		.uleb128 0x5
 669 04dd 03       		.byte	0x3
 670 04de 00000000 		.4byte	isrTimer_cfg
 671 04e2 00       		.byte	0
 672              		.section	.debug_abbrev,"",%progbits
 673              	.Ldebug_abbrev0:
 674 0000 01       		.uleb128 0x1
 675 0001 11       		.uleb128 0x11
 676 0002 01       		.byte	0x1
 677 0003 25       		.uleb128 0x25
 678 0004 0E       		.uleb128 0xe
 679 0005 13       		.uleb128 0x13
 680 0006 0B       		.uleb128 0xb
 681 0007 03       		.uleb128 0x3
 682 0008 0E       		.uleb128 0xe
 683 0009 1B       		.uleb128 0x1b
 684 000a 0E       		.uleb128 0xe
ARM GAS  C:\Users\rober\AppData\Local\Temp\ccfHmu2L.s 			page 13


 685 000b 10       		.uleb128 0x10
 686 000c 17       		.uleb128 0x17
 687 000d 00       		.byte	0
 688 000e 00       		.byte	0
 689 000f 02       		.uleb128 0x2
 690 0010 04       		.uleb128 0x4
 691 0011 01       		.byte	0x1
 692 0012 0B       		.uleb128 0xb
 693 0013 0B       		.uleb128 0xb
 694 0014 49       		.uleb128 0x49
 695 0015 13       		.uleb128 0x13
 696 0016 3A       		.uleb128 0x3a
 697 0017 0B       		.uleb128 0xb
 698 0018 3B       		.uleb128 0x3b
 699 0019 0B       		.uleb128 0xb
 700 001a 01       		.uleb128 0x1
 701 001b 13       		.uleb128 0x13
 702 001c 00       		.byte	0
 703 001d 00       		.byte	0
 704 001e 03       		.uleb128 0x3
 705 001f 28       		.uleb128 0x28
 706 0020 00       		.byte	0
 707 0021 03       		.uleb128 0x3
 708 0022 0E       		.uleb128 0xe
 709 0023 1C       		.uleb128 0x1c
 710 0024 0D       		.uleb128 0xd
 711 0025 00       		.byte	0
 712 0026 00       		.byte	0
 713 0027 04       		.uleb128 0x4
 714 0028 28       		.uleb128 0x28
 715 0029 00       		.byte	0
 716 002a 03       		.uleb128 0x3
 717 002b 0E       		.uleb128 0xe
 718 002c 1C       		.uleb128 0x1c
 719 002d 0B       		.uleb128 0xb
 720 002e 00       		.byte	0
 721 002f 00       		.byte	0
 722 0030 05       		.uleb128 0x5
 723 0031 24       		.uleb128 0x24
 724 0032 00       		.byte	0
 725 0033 0B       		.uleb128 0xb
 726 0034 0B       		.uleb128 0xb
 727 0035 3E       		.uleb128 0x3e
 728 0036 0B       		.uleb128 0xb
 729 0037 03       		.uleb128 0x3
 730 0038 0E       		.uleb128 0xe
 731 0039 00       		.byte	0
 732 003a 00       		.byte	0
 733 003b 06       		.uleb128 0x6
 734 003c 16       		.uleb128 0x16
 735 003d 00       		.byte	0
 736 003e 03       		.uleb128 0x3
 737 003f 0E       		.uleb128 0xe
 738 0040 3A       		.uleb128 0x3a
 739 0041 0B       		.uleb128 0xb
 740 0042 3B       		.uleb128 0x3b
 741 0043 0B       		.uleb128 0xb
ARM GAS  C:\Users\rober\AppData\Local\Temp\ccfHmu2L.s 			page 14


 742 0044 49       		.uleb128 0x49
 743 0045 13       		.uleb128 0x13
 744 0046 00       		.byte	0
 745 0047 00       		.byte	0
 746 0048 07       		.uleb128 0x7
 747 0049 24       		.uleb128 0x24
 748 004a 00       		.byte	0
 749 004b 0B       		.uleb128 0xb
 750 004c 0B       		.uleb128 0xb
 751 004d 3E       		.uleb128 0x3e
 752 004e 0B       		.uleb128 0xb
 753 004f 03       		.uleb128 0x3
 754 0050 08       		.uleb128 0x8
 755 0051 00       		.byte	0
 756 0052 00       		.byte	0
 757 0053 08       		.uleb128 0x8
 758 0054 13       		.uleb128 0x13
 759 0055 01       		.byte	0x1
 760 0056 0B       		.uleb128 0xb
 761 0057 0B       		.uleb128 0xb
 762 0058 3A       		.uleb128 0x3a
 763 0059 0B       		.uleb128 0xb
 764 005a 3B       		.uleb128 0x3b
 765 005b 0B       		.uleb128 0xb
 766 005c 01       		.uleb128 0x1
 767 005d 13       		.uleb128 0x13
 768 005e 00       		.byte	0
 769 005f 00       		.byte	0
 770 0060 09       		.uleb128 0x9
 771 0061 0D       		.uleb128 0xd
 772 0062 00       		.byte	0
 773 0063 03       		.uleb128 0x3
 774 0064 0E       		.uleb128 0xe
 775 0065 3A       		.uleb128 0x3a
 776 0066 0B       		.uleb128 0xb
 777 0067 3B       		.uleb128 0x3b
 778 0068 0B       		.uleb128 0xb
 779 0069 49       		.uleb128 0x49
 780 006a 13       		.uleb128 0x13
 781 006b 38       		.uleb128 0x38
 782 006c 0B       		.uleb128 0xb
 783 006d 00       		.byte	0
 784 006e 00       		.byte	0
 785 006f 0A       		.uleb128 0xa
 786 0070 34       		.uleb128 0x34
 787 0071 00       		.byte	0
 788 0072 03       		.uleb128 0x3
 789 0073 0E       		.uleb128 0xe
 790 0074 3A       		.uleb128 0x3a
 791 0075 0B       		.uleb128 0xb
 792 0076 3B       		.uleb128 0x3b
 793 0077 05       		.uleb128 0x5
 794 0078 49       		.uleb128 0x49
 795 0079 13       		.uleb128 0x13
 796 007a 3F       		.uleb128 0x3f
 797 007b 19       		.uleb128 0x19
 798 007c 3C       		.uleb128 0x3c
ARM GAS  C:\Users\rober\AppData\Local\Temp\ccfHmu2L.s 			page 15


 799 007d 19       		.uleb128 0x19
 800 007e 00       		.byte	0
 801 007f 00       		.byte	0
 802 0080 0B       		.uleb128 0xb
 803 0081 35       		.uleb128 0x35
 804 0082 00       		.byte	0
 805 0083 49       		.uleb128 0x49
 806 0084 13       		.uleb128 0x13
 807 0085 00       		.byte	0
 808 0086 00       		.byte	0
 809 0087 0C       		.uleb128 0xc
 810 0088 34       		.uleb128 0x34
 811 0089 00       		.byte	0
 812 008a 03       		.uleb128 0x3
 813 008b 0E       		.uleb128 0xe
 814 008c 3A       		.uleb128 0x3a
 815 008d 0B       		.uleb128 0xb
 816 008e 3B       		.uleb128 0x3b
 817 008f 0B       		.uleb128 0xb
 818 0090 49       		.uleb128 0x49
 819 0091 13       		.uleb128 0x13
 820 0092 3F       		.uleb128 0x3f
 821 0093 19       		.uleb128 0x19
 822 0094 02       		.uleb128 0x2
 823 0095 18       		.uleb128 0x18
 824 0096 00       		.byte	0
 825 0097 00       		.byte	0
 826 0098 0D       		.uleb128 0xd
 827 0099 26       		.uleb128 0x26
 828 009a 00       		.byte	0
 829 009b 49       		.uleb128 0x49
 830 009c 13       		.uleb128 0x13
 831 009d 00       		.byte	0
 832 009e 00       		.byte	0
 833 009f 00       		.byte	0
 834              		.section	.debug_aranges,"",%progbits
 835 0000 14000000 		.4byte	0x14
 836 0004 0200     		.2byte	0x2
 837 0006 00000000 		.4byte	.Ldebug_info0
 838 000a 04       		.byte	0x4
 839 000b 00       		.byte	0
 840 000c 0000     		.2byte	0
 841 000e 0000     		.2byte	0
 842 0010 00000000 		.4byte	0
 843 0014 00000000 		.4byte	0
 844              		.section	.debug_line,"",%progbits
 845              	.Ldebug_line0:
 846 0000 10020000 		.section	.debug_str,"MS",%progbits,1
 846      02000A02 
 846      00000201 
 846      FB0E0D00 
 846      01010101 
 847              	.LASF182:
 848 0000 69737254 		.ascii	"isrTimer_cfg\000"
 848      696D6572 
 848      5F636667 
 848      00
ARM GAS  C:\Users\rober\AppData\Local\Temp\ccfHmu2L.s 			page 16


 849              	.LASF12:
 850 000d 696F7373 		.ascii	"ioss_interrupts_gpio_2_IRQn\000"
 850      5F696E74 
 850      65727275 
 850      7074735F 
 850      6770696F 
 851              	.LASF56:
 852 0029 7363625F 		.ascii	"scb_5_interrupt_IRQn\000"
 852      355F696E 
 852      74657272 
 852      7570745F 
 852      4952516E 
 853              	.LASF104:
 854 003e 74637077 		.ascii	"tcpwm_0_interrupts_4_IRQn\000"
 854      6D5F305F 
 854      696E7465 
 854      72727570 
 854      74735F34 
 855              	.LASF32:
 856 0058 73727373 		.ascii	"srss_interrupt_IRQn\000"
 856      5F696E74 
 856      65727275 
 856      70745F49 
 856      52516E00 
 857              	.LASF28:
 858 006c 7363625F 		.ascii	"scb_8_interrupt_IRQn\000"
 858      385F696E 
 858      74657272 
 858      7570745F 
 858      4952516E 
 859              	.LASF61:
 860 0081 63707573 		.ascii	"cpuss_interrupts_dw0_1_IRQn\000"
 860      735F696E 
 860      74657272 
 860      75707473 
 860      5F647730 
 861              	.LASF144:
 862 009d 7564625F 		.ascii	"udb_interrupts_12_IRQn\000"
 862      696E7465 
 862      72727570 
 862      74735F31 
 862      325F4952 
 863              	.LASF34:
 864 00b4 626C6573 		.ascii	"bless_interrupt_IRQn\000"
 864      735F696E 
 864      74657272 
 864      7570745F 
 864      4952516E 
 865              	.LASF133:
 866 00c9 7564625F 		.ascii	"udb_interrupts_1_IRQn\000"
 866      696E7465 
 866      72727570 
 866      74735F31 
 866      5F495251 
 867              	.LASF51:
 868 00df 7363625F 		.ascii	"scb_0_interrupt_IRQn\000"
 868      305F696E 
ARM GAS  C:\Users\rober\AppData\Local\Temp\ccfHmu2L.s 			page 17


 868      74657272 
 868      7570745F 
 868      4952516E 
 869              	.LASF116:
 870 00f4 74637077 		.ascii	"tcpwm_1_interrupts_8_IRQn\000"
 870      6D5F315F 
 870      696E7465 
 870      72727570 
 870      74735F38 
 871              	.LASF39:
 872 010e 63707573 		.ascii	"cpuss_interrupts_ipc_4_IRQn\000"
 872      735F696E 
 872      74657272 
 872      75707473 
 872      5F697063 
 873              	.LASF46:
 874 012a 63707573 		.ascii	"cpuss_interrupts_ipc_11_IRQn\000"
 874      735F696E 
 874      74657272 
 874      75707473 
 874      5F697063 
 875              	.LASF132:
 876 0147 7564625F 		.ascii	"udb_interrupts_0_IRQn\000"
 876      696E7465 
 876      72727570 
 876      74735F30 
 876      5F495251 
 877              	.LASF168:
 878 015d 6C6F6E67 		.ascii	"long long unsigned int\000"
 878      206C6F6E 
 878      6720756E 
 878      7369676E 
 878      65642069 
 879              	.LASF155:
 880 0174 7573625F 		.ascii	"usb_interrupt_lo_IRQn\000"
 880      696E7465 
 880      72727570 
 880      745F6C6F 
 880      5F495251 
 881              	.LASF118:
 882 018a 74637077 		.ascii	"tcpwm_1_interrupts_10_IRQn\000"
 882      6D5F315F 
 882      696E7465 
 882      72727570 
 882      74735F31 
 883              	.LASF10:
 884 01a5 696F7373 		.ascii	"ioss_interrupts_gpio_0_IRQn\000"
 884      5F696E74 
 884      65727275 
 884      7074735F 
 884      6770696F 
 885              	.LASF97:
 886 01c1 63707573 		.ascii	"cpuss_interrupts_cm0_cti_1_IRQn\000"
 886      735F696E 
 886      74657272 
 886      75707473 
 886      5F636D30 
ARM GAS  C:\Users\rober\AppData\Local\Temp\ccfHmu2L.s 			page 18


 887              	.LASF19:
 888 01e1 696F7373 		.ascii	"ioss_interrupts_gpio_9_IRQn\000"
 888      5F696E74 
 888      65727275 
 888      7074735F 
 888      6770696F 
 889              	.LASF156:
 890 01fd 70617373 		.ascii	"pass_interrupt_dacs_IRQn\000"
 890      5F696E74 
 890      65727275 
 890      70745F64 
 890      6163735F 
 891              	.LASF138:
 892 0216 7564625F 		.ascii	"udb_interrupts_6_IRQn\000"
 892      696E7465 
 892      72727570 
 892      74735F36 
 892      5F495251 
 893              	.LASF0:
 894 022c 52657365 		.ascii	"Reset_IRQn\000"
 894      745F4952 
 894      516E00
 895              	.LASF124:
 896 0237 74637077 		.ascii	"tcpwm_1_interrupts_16_IRQn\000"
 896      6D5F315F 
 896      696E7465 
 896      72727570 
 896      74735F31 
 897              	.LASF181:
 898 0252 43595F45 		.ascii	"CY_EINK_SPIM_SCB_IRQ_cfg\000"
 898      494E4B5F 
 898      5350494D 
 898      5F534342 
 898      5F495251 
 899              	.LASF94:
 900 026b 63707573 		.ascii	"cpuss_interrupt_crypto_IRQn\000"
 900      735F696E 
 900      74657272 
 900      7570745F 
 900      63727970 
 901              	.LASF167:
 902 0287 6C6F6E67 		.ascii	"long long int\000"
 902      206C6F6E 
 902      6720696E 
 902      7400
 903              	.LASF159:
 904 0295 7369676E 		.ascii	"signed char\000"
 904      65642063 
 904      68617200 
 905              	.LASF105:
 906 02a1 74637077 		.ascii	"tcpwm_0_interrupts_5_IRQn\000"
 906      6D5F305F 
 906      696E7465 
 906      72727570 
 906      74735F35 
 907              	.LASF85:
 908 02bb 63707573 		.ascii	"cpuss_interrupts_dw1_9_IRQn\000"
ARM GAS  C:\Users\rober\AppData\Local\Temp\ccfHmu2L.s 			page 19


 908      735F696E 
 908      74657272 
 908      75707473 
 908      5F647731 
 909              	.LASF62:
 910 02d7 63707573 		.ascii	"cpuss_interrupts_dw0_2_IRQn\000"
 910      735F696E 
 910      74657272 
 910      75707473 
 910      5F647730 
 911              	.LASF145:
 912 02f3 7564625F 		.ascii	"udb_interrupts_13_IRQn\000"
 912      696E7465 
 912      72727570 
 912      74735F31 
 912      335F4952 
 913              	.LASF27:
 914 030a 6C70636F 		.ascii	"lpcomp_interrupt_IRQn\000"
 914      6D705F69 
 914      6E746572 
 914      72757074 
 914      5F495251 
 915              	.LASF108:
 916 0320 74637077 		.ascii	"tcpwm_1_interrupts_0_IRQn\000"
 916      6D5F315F 
 916      696E7465 
 916      72727570 
 916      74735F30 
 917              	.LASF164:
 918 033a 6C6F6E67 		.ascii	"long int\000"
 918      20696E74 
 918      00
 919              	.LASF117:
 920 0343 74637077 		.ascii	"tcpwm_1_interrupts_9_IRQn\000"
 920      6D5F315F 
 920      696E7465 
 920      72727570 
 920      74735F39 
 921              	.LASF40:
 922 035d 63707573 		.ascii	"cpuss_interrupts_ipc_5_IRQn\000"
 922      735F696E 
 922      74657272 
 922      75707473 
 922      5F697063 
 923              	.LASF83:
 924 0379 63707573 		.ascii	"cpuss_interrupts_dw1_7_IRQn\000"
 924      735F696E 
 924      74657272 
 924      75707473 
 924      5F647731 
 925              	.LASF47:
 926 0395 63707573 		.ascii	"cpuss_interrupts_ipc_12_IRQn\000"
 926      735F696E 
 926      74657272 
 926      75707473 
 926      5F697063 
 927              	.LASF84:
ARM GAS  C:\Users\rober\AppData\Local\Temp\ccfHmu2L.s 			page 20


 928 03b2 63707573 		.ascii	"cpuss_interrupts_dw1_8_IRQn\000"
 928      735F696E 
 928      74657272 
 928      75707473 
 928      5F647731 
 929              	.LASF177:
 930 03ce 696E7472 		.ascii	"intrSrc\000"
 930      53726300 
 931              	.LASF119:
 932 03d6 74637077 		.ascii	"tcpwm_1_interrupts_11_IRQn\000"
 932      6D5F315F 
 932      696E7465 
 932      72727570 
 932      74735F31 
 933              	.LASF64:
 934 03f1 63707573 		.ascii	"cpuss_interrupts_dw0_4_IRQn\000"
 934      735F696E 
 934      74657272 
 934      75707473 
 934      5F647730 
 935              	.LASF25:
 936 040d 696F7373 		.ascii	"ioss_interrupt_gpio_IRQn\000"
 936      5F696E74 
 936      65727275 
 936      70745F67 
 936      70696F5F 
 937              	.LASF29:
 938 0426 73727373 		.ascii	"srss_interrupt_mcwdt_0_IRQn\000"
 938      5F696E74 
 938      65727275 
 938      70745F6D 
 938      63776474 
 939              	.LASF176:
 940 0442 646F7562 		.ascii	"double\000"
 940      6C6500
 941              	.LASF149:
 942 0449 61756469 		.ascii	"audioss_interrupt_i2s_IRQn\000"
 942      6F73735F 
 942      696E7465 
 942      72727570 
 942      745F6932 
 943              	.LASF66:
 944 0464 63707573 		.ascii	"cpuss_interrupts_dw0_6_IRQn\000"
 944      735F696E 
 944      74657272 
 944      75707473 
 944      5F647730 
 945              	.LASF99:
 946 0480 63707573 		.ascii	"cpuss_interrupts_cm4_cti_1_IRQn\000"
 946      735F696E 
 946      74657272 
 946      75707473 
 946      5F636D34 
 947              	.LASF58:
 948 04a0 7363625F 		.ascii	"scb_7_interrupt_IRQn\000"
 948      375F696E 
 948      74657272 
ARM GAS  C:\Users\rober\AppData\Local\Temp\ccfHmu2L.s 			page 21


 948      7570745F 
 948      4952516E 
 949              	.LASF106:
 950 04b5 74637077 		.ascii	"tcpwm_0_interrupts_6_IRQn\000"
 950      6D5F305F 
 950      696E7465 
 950      72727570 
 950      74735F36 
 951              	.LASF165:
 952 04cf 5F5F7569 		.ascii	"__uint32_t\000"
 952      6E743332 
 952      5F7400
 953              	.LASF4:
 954 04da 42757346 		.ascii	"BusFault_IRQn\000"
 954      61756C74 
 954      5F495251 
 954      6E00
 955              	.LASF52:
 956 04e8 7363625F 		.ascii	"scb_1_interrupt_IRQn\000"
 956      315F696E 
 956      74657272 
 956      7570745F 
 956      4952516E 
 957              	.LASF146:
 958 04fd 7564625F 		.ascii	"udb_interrupts_14_IRQn\000"
 958      696E7465 
 958      72727570 
 958      74735F31 
 958      345F4952 
 959              	.LASF33:
 960 0514 70617373 		.ascii	"pass_interrupt_ctbs_IRQn\000"
 960      5F696E74 
 960      65727275 
 960      70745F63 
 960      7462735F 
 961              	.LASF53:
 962 052d 7363625F 		.ascii	"scb_2_interrupt_IRQn\000"
 962      325F696E 
 962      74657272 
 962      7570745F 
 962      4952516E 
 963              	.LASF74:
 964 0542 63707573 		.ascii	"cpuss_interrupts_dw0_14_IRQn\000"
 964      735F696E 
 964      74657272 
 964      75707473 
 964      5F647730 
 965              	.LASF15:
 966 055f 696F7373 		.ascii	"ioss_interrupts_gpio_5_IRQn\000"
 966      5F696E74 
 966      65727275 
 966      7074735F 
 966      6770696F 
 967              	.LASF41:
 968 057b 63707573 		.ascii	"cpuss_interrupts_ipc_6_IRQn\000"
 968      735F696E 
 968      74657272 
ARM GAS  C:\Users\rober\AppData\Local\Temp\ccfHmu2L.s 			page 22


 968      75707473 
 968      5F697063 
 969              	.LASF134:
 970 0597 7564625F 		.ascii	"udb_interrupts_2_IRQn\000"
 970      696E7465 
 970      72727570 
 970      74735F32 
 970      5F495251 
 971              	.LASF23:
 972 05ad 696F7373 		.ascii	"ioss_interrupts_gpio_13_IRQn\000"
 972      5F696E74 
 972      65727275 
 972      7074735F 
 972      6770696F 
 973              	.LASF120:
 974 05ca 74637077 		.ascii	"tcpwm_1_interrupts_12_IRQn\000"
 974      6D5F315F 
 974      696E7465 
 974      72727570 
 974      74735F31 
 975              	.LASF89:
 976 05e5 63707573 		.ascii	"cpuss_interrupts_dw1_13_IRQn\000"
 976      735F696E 
 976      74657272 
 976      75707473 
 976      5F647731 
 977              	.LASF166:
 978 0602 6C6F6E67 		.ascii	"long unsigned int\000"
 978      20756E73 
 978      69676E65 
 978      6420696E 
 978      7400
 979              	.LASF30:
 980 0614 73727373 		.ascii	"srss_interrupt_mcwdt_1_IRQn\000"
 980      5F696E74 
 980      65727275 
 980      70745F6D 
 980      63776474 
 981              	.LASF101:
 982 0630 74637077 		.ascii	"tcpwm_0_interrupts_1_IRQn\000"
 982      6D5F305F 
 982      696E7465 
 982      72727570 
 982      74735F31 
 983              	.LASF154:
 984 064a 7573625F 		.ascii	"usb_interrupt_med_IRQn\000"
 984      696E7465 
 984      72727570 
 984      745F6D65 
 984      645F4952 
 985              	.LASF92:
 986 0661 63707573 		.ascii	"cpuss_interrupts_fault_0_IRQn\000"
 986      735F696E 
 986      74657272 
 986      75707473 
 986      5F666175 
 987              	.LASF6:
ARM GAS  C:\Users\rober\AppData\Local\Temp\ccfHmu2L.s 			page 23


 988 067f 53564361 		.ascii	"SVCall_IRQn\000"
 988      6C6C5F49 
 988      52516E00 
 989              	.LASF161:
 990 068b 73686F72 		.ascii	"short unsigned int\000"
 990      7420756E 
 990      7369676E 
 990      65642069 
 990      6E7400
 991              	.LASF113:
 992 069e 74637077 		.ascii	"tcpwm_1_interrupts_5_IRQn\000"
 992      6D5F315F 
 992      696E7465 
 992      72727570 
 992      74735F35 
 993              	.LASF36:
 994 06b8 63707573 		.ascii	"cpuss_interrupts_ipc_1_IRQn\000"
 994      735F696E 
 994      74657272 
 994      75707473 
 994      5F697063 
 995              	.LASF80:
 996 06d4 63707573 		.ascii	"cpuss_interrupts_dw1_4_IRQn\000"
 996      735F696E 
 996      74657272 
 996      75707473 
 996      5F647731 
 997              	.LASF95:
 998 06f0 63707573 		.ascii	"cpuss_interrupt_fm_IRQn\000"
 998      735F696E 
 998      74657272 
 998      7570745F 
 998      666D5F49 
 999              	.LASF75:
 1000 0708 63707573 		.ascii	"cpuss_interrupts_dw0_15_IRQn\000"
 1000      735F696E 
 1000      74657272 
 1000      75707473 
 1000      5F647730 
 1001              	.LASF16:
 1002 0725 696F7373 		.ascii	"ioss_interrupts_gpio_6_IRQn\000"
 1002      5F696E74 
 1002      65727275 
 1002      7074735F 
 1002      6770696F 
 1003              	.LASF135:
 1004 0741 7564625F 		.ascii	"udb_interrupts_3_IRQn\000"
 1004      696E7465 
 1004      72727570 
 1004      74735F33 
 1004      5F495251 
 1005              	.LASF24:
 1006 0757 696F7373 		.ascii	"ioss_interrupts_gpio_14_IRQn\000"
 1006      5F696E74 
 1006      65727275 
 1006      7074735F 
 1006      6770696F 
ARM GAS  C:\Users\rober\AppData\Local\Temp\ccfHmu2L.s 			page 24


 1007              	.LASF123:
 1008 0774 74637077 		.ascii	"tcpwm_1_interrupts_15_IRQn\000"
 1008      6D5F315F 
 1008      696E7465 
 1008      72727570 
 1008      74735F31 
 1009              	.LASF9:
 1010 078f 53797354 		.ascii	"SysTick_IRQn\000"
 1010      69636B5F 
 1010      4952516E 
 1010      00
 1011              	.LASF90:
 1012 079c 63707573 		.ascii	"cpuss_interrupts_dw1_14_IRQn\000"
 1012      735F696E 
 1012      74657272 
 1012      75707473 
 1012      5F647731 
 1013              	.LASF131:
 1014 07b9 74637077 		.ascii	"tcpwm_1_interrupts_23_IRQn\000"
 1014      6D5F315F 
 1014      696E7465 
 1014      72727570 
 1014      74735F32 
 1015              	.LASF102:
 1016 07d4 74637077 		.ascii	"tcpwm_0_interrupts_2_IRQn\000"
 1016      6D5F305F 
 1016      696E7465 
 1016      72727570 
 1016      74735F32 
 1017              	.LASF121:
 1018 07ee 74637077 		.ascii	"tcpwm_1_interrupts_13_IRQn\000"
 1018      6D5F315F 
 1018      696E7465 
 1018      72727570 
 1018      74735F31 
 1019              	.LASF93:
 1020 0809 63707573 		.ascii	"cpuss_interrupts_fault_1_IRQn\000"
 1020      735F696E 
 1020      74657272 
 1020      75707473 
 1020      5F666175 
 1021              	.LASF172:
 1022 0827 73697A65 		.ascii	"sizetype\000"
 1022      74797065 
 1022      00
 1023              	.LASF142:
 1024 0830 7564625F 		.ascii	"udb_interrupts_10_IRQn\000"
 1024      696E7465 
 1024      72727570 
 1024      74735F31 
 1024      305F4952 
 1025              	.LASF68:
 1026 0847 63707573 		.ascii	"cpuss_interrupts_dw0_8_IRQn\000"
 1026      735F696E 
 1026      74657272 
 1026      75707473 
 1026      5F647730 
ARM GAS  C:\Users\rober\AppData\Local\Temp\ccfHmu2L.s 			page 25


 1027              	.LASF179:
 1028 0863 63795F73 		.ascii	"cy_stc_sysint_t\000"
 1028      74635F73 
 1028      7973696E 
 1028      745F7400 
 1029              	.LASF70:
 1030 0873 63707573 		.ascii	"cpuss_interrupts_dw0_10_IRQn\000"
 1030      735F696E 
 1030      74657272 
 1030      75707473 
 1030      5F647730 
 1031              	.LASF114:
 1032 0890 74637077 		.ascii	"tcpwm_1_interrupts_6_IRQn\000"
 1032      6D5F315F 
 1032      696E7465 
 1032      72727570 
 1032      74735F36 
 1033              	.LASF37:
 1034 08aa 63707573 		.ascii	"cpuss_interrupts_ipc_2_IRQn\000"
 1034      735F696E 
 1034      74657272 
 1034      75707473 
 1034      5F697063 
 1035              	.LASF81:
 1036 08c6 63707573 		.ascii	"cpuss_interrupts_dw1_5_IRQn\000"
 1036      735F696E 
 1036      74657272 
 1036      75707473 
 1036      5F647731 
 1037              	.LASF139:
 1038 08e2 7564625F 		.ascii	"udb_interrupts_7_IRQn\000"
 1038      696E7465 
 1038      72727570 
 1038      74735F37 
 1038      5F495251 
 1039              	.LASF125:
 1040 08f8 74637077 		.ascii	"tcpwm_1_interrupts_17_IRQn\000"
 1040      6D5F315F 
 1040      696E7465 
 1040      72727570 
 1040      74735F31 
 1041              	.LASF55:
 1042 0913 7363625F 		.ascii	"scb_4_interrupt_IRQn\000"
 1042      345F696E 
 1042      74657272 
 1042      7570745F 
 1042      4952516E 
 1043              	.LASF17:
 1044 0928 696F7373 		.ascii	"ioss_interrupts_gpio_7_IRQn\000"
 1044      5F696E74 
 1044      65727275 
 1044      7074735F 
 1044      6770696F 
 1045              	.LASF73:
 1046 0944 63707573 		.ascii	"cpuss_interrupts_dw0_13_IRQn\000"
 1046      735F696E 
 1046      74657272 
ARM GAS  C:\Users\rober\AppData\Local\Temp\ccfHmu2L.s 			page 26


 1046      75707473 
 1046      5F647730 
 1047              	.LASF91:
 1048 0961 63707573 		.ascii	"cpuss_interrupts_dw1_15_IRQn\000"
 1048      735F696E 
 1048      74657272 
 1048      75707473 
 1048      5F647731 
 1049              	.LASF153:
 1050 097e 7573625F 		.ascii	"usb_interrupt_hi_IRQn\000"
 1050      696E7465 
 1050      72727570 
 1050      745F6869 
 1050      5F495251 
 1051              	.LASF175:
 1052 0994 666C6F61 		.ascii	"float\000"
 1052      7400
 1053              	.LASF63:
 1054 099a 63707573 		.ascii	"cpuss_interrupts_dw0_3_IRQn\000"
 1054      735F696E 
 1054      74657272 
 1054      75707473 
 1054      5F647730 
 1055              	.LASF21:
 1056 09b6 696F7373 		.ascii	"ioss_interrupts_gpio_11_IRQn\000"
 1056      5F696E74 
 1056      65727275 
 1056      7074735F 
 1056      6770696F 
 1057              	.LASF3:
 1058 09d3 4D656D6F 		.ascii	"MemoryManagement_IRQn\000"
 1058      72794D61 
 1058      6E616765 
 1058      6D656E74 
 1058      5F495251 
 1059              	.LASF103:
 1060 09e9 74637077 		.ascii	"tcpwm_0_interrupts_3_IRQn\000"
 1060      6D5F305F 
 1060      696E7465 
 1060      72727570 
 1060      74735F33 
 1061              	.LASF128:
 1062 0a03 74637077 		.ascii	"tcpwm_1_interrupts_20_IRQn\000"
 1062      6D5F315F 
 1062      696E7465 
 1062      72727570 
 1062      74735F32 
 1063              	.LASF109:
 1064 0a1e 74637077 		.ascii	"tcpwm_1_interrupts_1_IRQn\000"
 1064      6D5F315F 
 1064      696E7465 
 1064      72727570 
 1064      74735F31 
 1065              	.LASF76:
 1066 0a38 63707573 		.ascii	"cpuss_interrupts_dw1_0_IRQn\000"
 1066      735F696E 
 1066      74657272 
ARM GAS  C:\Users\rober\AppData\Local\Temp\ccfHmu2L.s 			page 27


 1066      75707473 
 1066      5F647731 
 1067              	.LASF143:
 1068 0a54 7564625F 		.ascii	"udb_interrupts_11_IRQn\000"
 1068      696E7465 
 1068      72727570 
 1068      74735F31 
 1068      315F4952 
 1069              	.LASF69:
 1070 0a6b 63707573 		.ascii	"cpuss_interrupts_dw0_9_IRQn\000"
 1070      735F696E 
 1070      74657272 
 1070      75707473 
 1070      5F647730 
 1071              	.LASF170:
 1072 0a87 696E7433 		.ascii	"int32_t\000"
 1072      325F7400 
 1073              	.LASF160:
 1074 0a8f 756E7369 		.ascii	"unsigned char\000"
 1074      676E6564 
 1074      20636861 
 1074      7200
 1075              	.LASF71:
 1076 0a9d 63707573 		.ascii	"cpuss_interrupts_dw0_11_IRQn\000"
 1076      735F696E 
 1076      74657272 
 1076      75707473 
 1076      5F647730 
 1077              	.LASF115:
 1078 0aba 74637077 		.ascii	"tcpwm_1_interrupts_7_IRQn\000"
 1078      6D5F315F 
 1078      696E7465 
 1078      72727570 
 1078      74735F37 
 1079              	.LASF38:
 1080 0ad4 63707573 		.ascii	"cpuss_interrupts_ipc_3_IRQn\000"
 1080      735F696E 
 1080      74657272 
 1080      75707473 
 1080      5F697063 
 1081              	.LASF180:
 1082 0af0 49544D5F 		.ascii	"ITM_RxBuffer\000"
 1082      52784275 
 1082      66666572 
 1082      00
 1083              	.LASF169:
 1084 0afd 756E7369 		.ascii	"unsigned int\000"
 1084      676E6564 
 1084      20696E74 
 1084      00
 1085              	.LASF20:
 1086 0b0a 696F7373 		.ascii	"ioss_interrupts_gpio_10_IRQn\000"
 1086      5F696E74 
 1086      65727275 
 1086      7074735F 
 1086      6770696F 
 1087              	.LASF140:
ARM GAS  C:\Users\rober\AppData\Local\Temp\ccfHmu2L.s 			page 28


 1088 0b27 7564625F 		.ascii	"udb_interrupts_8_IRQn\000"
 1088      696E7465 
 1088      72727570 
 1088      74735F38 
 1088      5F495251 
 1089              	.LASF157:
 1090 0b3d 756E636F 		.ascii	"unconnected_IRQn\000"
 1090      6E6E6563 
 1090      7465645F 
 1090      4952516E 
 1090      00
 1091              	.LASF158:
 1092 0b4e 73686F72 		.ascii	"short int\000"
 1092      7420696E 
 1092      7400
 1093              	.LASF98:
 1094 0b58 63707573 		.ascii	"cpuss_interrupts_cm4_cti_0_IRQn\000"
 1094      735F696E 
 1094      74657272 
 1094      75707473 
 1094      5F636D34 
 1095              	.LASF126:
 1096 0b78 74637077 		.ascii	"tcpwm_1_interrupts_18_IRQn\000"
 1096      6D5F315F 
 1096      696E7465 
 1096      72727570 
 1096      74735F31 
 1097              	.LASF79:
 1098 0b93 63707573 		.ascii	"cpuss_interrupts_dw1_3_IRQn\000"
 1098      735F696E 
 1098      74657272 
 1098      75707473 
 1098      5F647731 
 1099              	.LASF107:
 1100 0baf 74637077 		.ascii	"tcpwm_0_interrupts_7_IRQn\000"
 1100      6D5F305F 
 1100      696E7465 
 1100      72727570 
 1100      74735F37 
 1101              	.LASF87:
 1102 0bc9 63707573 		.ascii	"cpuss_interrupts_dw1_11_IRQn\000"
 1102      735F696E 
 1102      74657272 
 1102      75707473 
 1102      5F647731 
 1103              	.LASF147:
 1104 0be6 7564625F 		.ascii	"udb_interrupts_15_IRQn\000"
 1104      696E7465 
 1104      72727570 
 1104      74735F31 
 1104      355F4952 
 1105              	.LASF162:
 1106 0bfd 4952516E 		.ascii	"IRQn_Type\000"
 1106      5F547970 
 1106      6500
 1107              	.LASF129:
 1108 0c07 74637077 		.ascii	"tcpwm_1_interrupts_21_IRQn\000"
ARM GAS  C:\Users\rober\AppData\Local\Temp\ccfHmu2L.s 			page 29


 1108      6D5F315F 
 1108      696E7465 
 1108      72727570 
 1108      74735F32 
 1109              	.LASF171:
 1110 0c22 75696E74 		.ascii	"uint32_t\000"
 1110      33325F74 
 1110      00
 1111              	.LASF110:
 1112 0c2b 74637077 		.ascii	"tcpwm_1_interrupts_2_IRQn\000"
 1112      6D5F315F 
 1112      696E7465 
 1112      72727570 
 1112      74735F32 
 1113              	.LASF5:
 1114 0c45 55736167 		.ascii	"UsageFault_IRQn\000"
 1114      65466175 
 1114      6C745F49 
 1114      52516E00 
 1115              	.LASF42:
 1116 0c55 63707573 		.ascii	"cpuss_interrupts_ipc_7_IRQn\000"
 1116      735F696E 
 1116      74657272 
 1116      75707473 
 1116      5F697063 
 1117              	.LASF77:
 1118 0c71 63707573 		.ascii	"cpuss_interrupts_dw1_1_IRQn\000"
 1118      735F696E 
 1118      74657272 
 1118      75707473 
 1118      5F647731 
 1119              	.LASF49:
 1120 0c8d 63707573 		.ascii	"cpuss_interrupts_ipc_14_IRQn\000"
 1120      735F696E 
 1120      74657272 
 1120      75707473 
 1120      5F697063 
 1121              	.LASF150:
 1122 0caa 61756469 		.ascii	"audioss_interrupt_pdm_IRQn\000"
 1122      6F73735F 
 1122      696E7465 
 1122      72727570 
 1122      745F7064 
 1123              	.LASF173:
 1124 0cc5 6C6F6E67 		.ascii	"long double\000"
 1124      20646F75 
 1124      626C6500 
 1125              	.LASF185:
 1126 0cd1 433A5C55 		.ascii	"C:\\Users\\rober\\Desktop\\SMIW\\projekt_smiw\\CE22"
 1126      73657273 
 1126      5C726F62 
 1126      65725C44 
 1126      65736B74 
 1127 0cfe 33373237 		.ascii	"3727_EmWin_EInk_Display01\\CE223727_EmWin_EInk_Disp"
 1127      5F456D57 
 1127      696E5F45 
 1127      496E6B5F 
ARM GAS  C:\Users\rober\AppData\Local\Temp\ccfHmu2L.s 			page 30


 1127      44697370 
 1128 0d30 6C617930 		.ascii	"lay01.cydsn\000"
 1128      312E6379 
 1128      64736E00 
 1129              	.LASF174:
 1130 0d3c 63686172 		.ascii	"char\000"
 1130      00
 1131              	.LASF184:
 1132 0d41 47656E65 		.ascii	"Generated_Source\\PSoC6\\cyfitter_sysint_cfg.c\000"
 1132      72617465 
 1132      645F536F 
 1132      75726365 
 1132      5C50536F 
 1133              	.LASF72:
 1134 0d6e 63707573 		.ascii	"cpuss_interrupts_dw0_12_IRQn\000"
 1134      735F696E 
 1134      74657272 
 1134      75707473 
 1134      5F647730 
 1135              	.LASF13:
 1136 0d8b 696F7373 		.ascii	"ioss_interrupts_gpio_3_IRQn\000"
 1136      5F696E74 
 1136      65727275 
 1136      7074735F 
 1136      6770696F 
 1137              	.LASF148:
 1138 0da7 70617373 		.ascii	"pass_interrupt_sar_IRQn\000"
 1138      5F696E74 
 1138      65727275 
 1138      70745F73 
 1138      61725F49 
 1139              	.LASF8:
 1140 0dbf 50656E64 		.ascii	"PendSV_IRQn\000"
 1140      53565F49 
 1140      52516E00 
 1141              	.LASF54:
 1142 0dcb 7363625F 		.ascii	"scb_3_interrupt_IRQn\000"
 1142      335F696E 
 1142      74657272 
 1142      7570745F 
 1142      4952516E 
 1143              	.LASF141:
 1144 0de0 7564625F 		.ascii	"udb_interrupts_9_IRQn\000"
 1144      696E7465 
 1144      72727570 
 1144      74735F39 
 1144      5F495251 
 1145              	.LASF1:
 1146 0df6 4E6F6E4D 		.ascii	"NonMaskableInt_IRQn\000"
 1146      61736B61 
 1146      626C6549 
 1146      6E745F49 
 1146      52516E00 
 1147              	.LASF163:
 1148 0e0a 5F5F696E 		.ascii	"__int32_t\000"
 1148      7433325F 
 1148      7400
ARM GAS  C:\Users\rober\AppData\Local\Temp\ccfHmu2L.s 			page 31


 1149              	.LASF127:
 1150 0e14 74637077 		.ascii	"tcpwm_1_interrupts_19_IRQn\000"
 1150      6D5F315F 
 1150      696E7465 
 1150      72727570 
 1150      74735F31 
 1151              	.LASF57:
 1152 0e2f 7363625F 		.ascii	"scb_6_interrupt_IRQn\000"
 1152      365F696E 
 1152      74657272 
 1152      7570745F 
 1152      4952516E 
 1153              	.LASF11:
 1154 0e44 696F7373 		.ascii	"ioss_interrupts_gpio_1_IRQn\000"
 1154      5F696E74 
 1154      65727275 
 1154      7074735F 
 1154      6770696F 
 1155              	.LASF2:
 1156 0e60 48617264 		.ascii	"HardFault_IRQn\000"
 1156      4661756C 
 1156      745F4952 
 1156      516E00
 1157              	.LASF65:
 1158 0e6f 63707573 		.ascii	"cpuss_interrupts_dw0_5_IRQn\000"
 1158      735F696E 
 1158      74657272 
 1158      75707473 
 1158      5F647730 
 1159              	.LASF7:
 1160 0e8b 44656275 		.ascii	"DebugMonitor_IRQn\000"
 1160      674D6F6E 
 1160      69746F72 
 1160      5F495251 
 1160      6E00
 1161              	.LASF59:
 1162 0e9d 6373645F 		.ascii	"csd_interrupt_IRQn\000"
 1162      696E7465 
 1162      72727570 
 1162      745F4952 
 1162      516E00
 1163              	.LASF35:
 1164 0eb0 63707573 		.ascii	"cpuss_interrupts_ipc_0_IRQn\000"
 1164      735F696E 
 1164      74657272 
 1164      75707473 
 1164      5F697063 
 1165              	.LASF130:
 1166 0ecc 74637077 		.ascii	"tcpwm_1_interrupts_22_IRQn\000"
 1166      6D5F315F 
 1166      696E7465 
 1166      72727570 
 1166      74735F32 
 1167              	.LASF111:
 1168 0ee7 74637077 		.ascii	"tcpwm_1_interrupts_3_IRQn\000"
 1168      6D5F315F 
 1168      696E7465 
ARM GAS  C:\Users\rober\AppData\Local\Temp\ccfHmu2L.s 			page 32


 1168      72727570 
 1168      74735F33 
 1169              	.LASF43:
 1170 0f01 63707573 		.ascii	"cpuss_interrupts_ipc_8_IRQn\000"
 1170      735F696E 
 1170      74657272 
 1170      75707473 
 1170      5F697063 
 1171              	.LASF78:
 1172 0f1d 63707573 		.ascii	"cpuss_interrupts_dw1_2_IRQn\000"
 1172      735F696E 
 1172      74657272 
 1172      75707473 
 1172      5F647731 
 1173              	.LASF50:
 1174 0f39 63707573 		.ascii	"cpuss_interrupts_ipc_15_IRQn\000"
 1174      735F696E 
 1174      74657272 
 1174      75707473 
 1174      5F697063 
 1175              	.LASF136:
 1176 0f56 7564625F 		.ascii	"udb_interrupts_4_IRQn\000"
 1176      696E7465 
 1176      72727570 
 1176      74735F34 
 1176      5F495251 
 1177              	.LASF122:
 1178 0f6c 74637077 		.ascii	"tcpwm_1_interrupts_14_IRQn\000"
 1178      6D5F315F 
 1178      696E7465 
 1178      72727570 
 1178      74735F31 
 1179              	.LASF14:
 1180 0f87 696F7373 		.ascii	"ioss_interrupts_gpio_4_IRQn\000"
 1180      5F696E74 
 1180      65727275 
 1180      7074735F 
 1180      6770696F 
 1181              	.LASF152:
 1182 0fa3 736D6966 		.ascii	"smif_interrupt_IRQn\000"
 1182      5F696E74 
 1182      65727275 
 1182      70745F49 
 1182      52516E00 
 1183              	.LASF22:
 1184 0fb7 696F7373 		.ascii	"ioss_interrupts_gpio_12_IRQn\000"
 1184      5F696E74 
 1184      65727275 
 1184      7074735F 
 1184      6770696F 
 1185              	.LASF151:
 1186 0fd4 70726F66 		.ascii	"profile_interrupt_IRQn\000"
 1186      696C655F 
 1186      696E7465 
 1186      72727570 
 1186      745F4952 
 1187              	.LASF88:
ARM GAS  C:\Users\rober\AppData\Local\Temp\ccfHmu2L.s 			page 33


 1188 0feb 63707573 		.ascii	"cpuss_interrupts_dw1_12_IRQn\000"
 1188      735F696E 
 1188      74657272 
 1188      75707473 
 1188      5F647731 
 1189              	.LASF60:
 1190 1008 63707573 		.ascii	"cpuss_interrupts_dw0_0_IRQn\000"
 1190      735F696E 
 1190      74657272 
 1190      75707473 
 1190      5F647730 
 1191              	.LASF26:
 1192 1024 696F7373 		.ascii	"ioss_interrupt_vdd_IRQn\000"
 1192      5F696E74 
 1192      65727275 
 1192      70745F76 
 1192      64645F49 
 1193              	.LASF100:
 1194 103c 74637077 		.ascii	"tcpwm_0_interrupts_0_IRQn\000"
 1194      6D5F305F 
 1194      696E7465 
 1194      72727570 
 1194      74735F30 
 1195              	.LASF86:
 1196 1056 63707573 		.ascii	"cpuss_interrupts_dw1_10_IRQn\000"
 1196      735F696E 
 1196      74657272 
 1196      75707473 
 1196      5F647731 
 1197              	.LASF31:
 1198 1073 73727373 		.ascii	"srss_interrupt_backup_IRQn\000"
 1198      5F696E74 
 1198      65727275 
 1198      70745F62 
 1198      61636B75 
 1199              	.LASF183:
 1200 108e 474E5520 		.ascii	"GNU C11 5.4.1 20160609 (release) [ARM/embedded-5-br"
 1200      43313120 
 1200      352E342E 
 1200      31203230 
 1200      31363036 
 1201 10c1 616E6368 		.ascii	"anch revision 237715] -mcpu=cortex-m4 -mfloat-abi=s"
 1201      20726576 
 1201      6973696F 
 1201      6E203233 
 1201      37373135 
 1202 10f4 6F667466 		.ascii	"oftfp -mfpu=fpv4-sp-d16 -mthumb -g -O0 -ffunction-s"
 1202      70202D6D 
 1202      6670753D 
 1202      66707634 
 1202      2D73702D 
 1203 1127 65637469 		.ascii	"ections -ffat-lto-objects\000"
 1203      6F6E7320 
 1203      2D666661 
 1203      742D6C74 
 1203      6F2D6F62 
 1204              	.LASF45:
ARM GAS  C:\Users\rober\AppData\Local\Temp\ccfHmu2L.s 			page 34


 1205 1141 63707573 		.ascii	"cpuss_interrupts_ipc_10_IRQn\000"
 1205      735F696E 
 1205      74657272 
 1205      75707473 
 1205      5F697063 
 1206              	.LASF82:
 1207 115e 63707573 		.ascii	"cpuss_interrupts_dw1_6_IRQn\000"
 1207      735F696E 
 1207      74657272 
 1207      75707473 
 1207      5F647731 
 1208              	.LASF67:
 1209 117a 63707573 		.ascii	"cpuss_interrupts_dw0_7_IRQn\000"
 1209      735F696E 
 1209      74657272 
 1209      75707473 
 1209      5F647730 
 1210              	.LASF178:
 1211 1196 696E7472 		.ascii	"intrPriority\000"
 1211      5072696F 
 1211      72697479 
 1211      00
 1212              	.LASF112:
 1213 11a3 74637077 		.ascii	"tcpwm_1_interrupts_4_IRQn\000"
 1213      6D5F315F 
 1213      696E7465 
 1213      72727570 
 1213      74735F34 
 1214              	.LASF96:
 1215 11bd 63707573 		.ascii	"cpuss_interrupts_cm0_cti_0_IRQn\000"
 1215      735F696E 
 1215      74657272 
 1215      75707473 
 1215      5F636D30 
 1216              	.LASF18:
 1217 11dd 696F7373 		.ascii	"ioss_interrupts_gpio_8_IRQn\000"
 1217      5F696E74 
 1217      65727275 
 1217      7074735F 
 1217      6770696F 
 1218              	.LASF44:
 1219 11f9 63707573 		.ascii	"cpuss_interrupts_ipc_9_IRQn\000"
 1219      735F696E 
 1219      74657272 
 1219      75707473 
 1219      5F697063 
 1220              	.LASF137:
 1221 1215 7564625F 		.ascii	"udb_interrupts_5_IRQn\000"
 1221      696E7465 
 1221      72727570 
 1221      74735F35 
 1221      5F495251 
 1222              	.LASF48:
 1223 122b 63707573 		.ascii	"cpuss_interrupts_ipc_13_IRQn\000"
 1223      735F696E 
 1223      74657272 
 1223      75707473 
ARM GAS  C:\Users\rober\AppData\Local\Temp\ccfHmu2L.s 			page 35


 1223      5F697063 
 1224              		.ident	"GCC: (GNU Tools for ARM Embedded Processors) 5.4.1 20160609 (release) [ARM/embedded-5-bran
