ARM GAS  C:\Users\rober\AppData\Local\Temp\ccxkMCUm.s 			page 1


   1              		.syntax unified
   2              		.cpu cortex-m4
   3              		.eabi_attribute 27, 1
   4              		.fpu fpv4-sp-d16
   5              		.eabi_attribute 20, 1
   6              		.eabi_attribute 21, 1
   7              		.eabi_attribute 23, 3
   8              		.eabi_attribute 24, 1
   9              		.eabi_attribute 25, 1
  10              		.eabi_attribute 26, 1
  11              		.eabi_attribute 30, 6
  12              		.eabi_attribute 34, 1
  13              		.eabi_attribute 18, 4
  14              		.thumb
  15              		.syntax unified
  16              		.file	"GUI_X.c"
  17              		.text
  18              	.Ltext0:
  19              		.cfi_sections	.debug_frame
  20              		.comm	OS_TimeMS,4,4
  21              		.section	.text.GUI_X_GetTime,"ax",%progbits
  22              		.align	2
  23              		.global	GUI_X_GetTime
  24              		.thumb
  25              		.thumb_func
  26              		.type	GUI_X_GetTime, %function
  27              	GUI_X_GetTime:
  28              	.LFB132:
  29              		.file 1 "GUI_X.c"
   1:GUI_X.c       **** /*********************************************************************
   2:GUI_X.c       **** *                SEGGER Microcontroller GmbH & Co. KG                *
   3:GUI_X.c       **** *        Solutions for real time microcontroller applications        *
   4:GUI_X.c       **** **********************************************************************
   5:GUI_X.c       **** *                                                                    *
   6:GUI_X.c       **** *        (c) 1996 - 2017  SEGGER Microcontroller GmbH & Co. KG       *
   7:GUI_X.c       **** *                                                                    *
   8:GUI_X.c       **** *        Internet: www.segger.com    Support:  support@segger.com    *
   9:GUI_X.c       **** *                                                                    *
  10:GUI_X.c       **** **********************************************************************
  11:GUI_X.c       **** 
  12:GUI_X.c       **** ** emWin V5.46 - Graphical user interface for embedded applications **
  13:GUI_X.c       **** All  Intellectual Property rights  in the Software belongs to  SEGGER.
  14:GUI_X.c       **** emWin is protected by  international copyright laws.  Knowledge of the
  15:GUI_X.c       **** source code may not be used to write a similar product.  This file may
  16:GUI_X.c       **** only be used in accordance with the following terms:
  17:GUI_X.c       **** 
  18:GUI_X.c       **** The software  has been licensed to  Cypress Semiconductor Corporation,
  19:GUI_X.c       **** whose registered  office is situated  at 198 Champion Ct. San Jose, CA 
  20:GUI_X.c       **** 95134 USA  solely for the  purposes of creating  libraries for Cypress
  21:GUI_X.c       **** PSoC3 and  PSoC5 processor-based devices,  sublicensed and distributed
  22:GUI_X.c       **** under  the  terms  and  conditions  of  the  Cypress  End User License
  23:GUI_X.c       **** Agreement.
  24:GUI_X.c       **** Full source code is available at: www.segger.com
  25:GUI_X.c       **** 
  26:GUI_X.c       **** We appreciate your understanding and fairness.
  27:GUI_X.c       **** ----------------------------------------------------------------------
  28:GUI_X.c       **** Licensing information
ARM GAS  C:\Users\rober\AppData\Local\Temp\ccxkMCUm.s 			page 2


  29:GUI_X.c       **** Licensor:                 SEGGER Microcontroller Systems LLC
  30:GUI_X.c       **** Licensed to:              Cypress Semiconductor Corp, 198 Champion Ct., San Jose, CA 95134, USA
  31:GUI_X.c       **** Licensed SEGGER software: emWin
  32:GUI_X.c       **** License number:           GUI-00319
  33:GUI_X.c       **** License model:            Services and License Agreement, signed June 10th, 2009
  34:GUI_X.c       **** Licensed platform:        Any Cypress platform (Initial targets are: PSoC3, PSoC5)
  35:GUI_X.c       **** ----------------------------------------------------------------------
  36:GUI_X.c       **** Support and Update Agreement (SUA)
  37:GUI_X.c       **** SUA period:               2009-06-12 - 2022-07-27
  38:GUI_X.c       **** Contact to extend SUA:    sales@segger.com
  39:GUI_X.c       **** ----------------------------------------------------------------------
  40:GUI_X.c       **** File        : GUI_X.C
  41:GUI_X.c       **** Purpose     : Config / System dependent externals for GUI
  42:GUI_X.c       **** ---------------------------END-OF-HEADER------------------------------
  43:GUI_X.c       **** */
  44:GUI_X.c       **** 
  45:GUI_X.c       **** #include "syslib/cy_syslib.h"   
  46:GUI_X.c       **** #include "systick/cy_systick.h"
  47:GUI_X.c       **** 
  48:GUI_X.c       **** #include "GUI.h"
  49:GUI_X.c       **** 
  50:GUI_X.c       **** /*********************************************************************
  51:GUI_X.c       **** *
  52:GUI_X.c       **** *       Function Prototypes
  53:GUI_X.c       **** */
  54:GUI_X.c       **** void GUI_X_Systick_Init(void);
  55:GUI_X.c       **** 
  56:GUI_X.c       **** /*********************************************************************
  57:GUI_X.c       **** *
  58:GUI_X.c       **** *       Global data
  59:GUI_X.c       **** */
  60:GUI_X.c       **** volatile GUI_TIMER_TIME OS_TimeMS;
  61:GUI_X.c       **** 
  62:GUI_X.c       **** /*********************************************************************
  63:GUI_X.c       **** *
  64:GUI_X.c       **** *      Timing:
  65:GUI_X.c       **** *                 GUI_X_GetTime()
  66:GUI_X.c       **** *                 GUI_X_Delay(int)
  67:GUI_X.c       **** *
  68:GUI_X.c       **** *   Some timing dependent routines require a GetTime
  69:GUI_X.c       **** *   and delay function. Default time unit (tick), normally is
  70:GUI_X.c       **** *   1 ms.
  71:GUI_X.c       **** */
  72:GUI_X.c       **** GUI_TIMER_TIME GUI_X_GetTime(void) { 
  30              		.loc 1 72 0
  31              		.cfi_startproc
  32              		@ args = 0, pretend = 0, frame = 0
  33              		@ frame_needed = 1, uses_anonymous_args = 0
  34              		@ link register save eliminated.
  35 0000 80B4     		push	{r7}
  36              		.cfi_def_cfa_offset 4
  37              		.cfi_offset 7, -4
  38 0002 00AF     		add	r7, sp, #0
  39              		.cfi_def_cfa_register 7
  73:GUI_X.c       ****   return OS_TimeMS; 
  40              		.loc 1 73 0
  41 0004 034B     		ldr	r3, .L3
ARM GAS  C:\Users\rober\AppData\Local\Temp\ccxkMCUm.s 			page 3


  42 0006 1B68     		ldr	r3, [r3]
  74:GUI_X.c       **** }
  43              		.loc 1 74 0
  44 0008 1846     		mov	r0, r3
  45 000a BD46     		mov	sp, r7
  46              		.cfi_def_cfa_register 13
  47              		@ sp needed
  48 000c 5DF8047B 		ldr	r7, [sp], #4
  49              		.cfi_restore 7
  50              		.cfi_def_cfa_offset 0
  51 0010 7047     		bx	lr
  52              	.L4:
  53 0012 00BF     		.align	2
  54              	.L3:
  55 0014 00000000 		.word	OS_TimeMS
  56              		.cfi_endproc
  57              	.LFE132:
  58              		.size	GUI_X_GetTime, .-GUI_X_GetTime
  59              		.section	.text.GUI_X_Delay,"ax",%progbits
  60              		.align	2
  61              		.global	GUI_X_Delay
  62              		.thumb
  63              		.thumb_func
  64              		.type	GUI_X_Delay, %function
  65              	GUI_X_Delay:
  66              	.LFB133:
  75:GUI_X.c       **** 
  76:GUI_X.c       **** void GUI_X_Delay(int ms) { 
  67              		.loc 1 76 0
  68              		.cfi_startproc
  69              		@ args = 0, pretend = 0, frame = 16
  70              		@ frame_needed = 1, uses_anonymous_args = 0
  71              		@ link register save eliminated.
  72 0000 80B4     		push	{r7}
  73              		.cfi_def_cfa_offset 4
  74              		.cfi_offset 7, -4
  75 0002 85B0     		sub	sp, sp, #20
  76              		.cfi_def_cfa_offset 24
  77 0004 00AF     		add	r7, sp, #0
  78              		.cfi_def_cfa_register 7
  79 0006 7860     		str	r0, [r7, #4]
  77:GUI_X.c       ****   int tEnd = OS_TimeMS + ms;
  80              		.loc 1 77 0
  81 0008 084B     		ldr	r3, .L7
  82 000a 1A68     		ldr	r2, [r3]
  83 000c 7B68     		ldr	r3, [r7, #4]
  84 000e 1344     		add	r3, r3, r2
  85 0010 FB60     		str	r3, [r7, #12]
  78:GUI_X.c       ****   while ((tEnd - OS_TimeMS) > 0);
  86              		.loc 1 78 0
  87 0012 00BF     		nop
  88              	.L6:
  89              		.loc 1 78 0 is_stmt 0 discriminator 1
  90 0014 054B     		ldr	r3, .L7
  91 0016 1B68     		ldr	r3, [r3]
  92 0018 FA68     		ldr	r2, [r7, #12]
  93 001a D31A     		subs	r3, r2, r3
ARM GAS  C:\Users\rober\AppData\Local\Temp\ccxkMCUm.s 			page 4


  94 001c 002B     		cmp	r3, #0
  95 001e F9DC     		bgt	.L6
  79:GUI_X.c       **** }
  96              		.loc 1 79 0 is_stmt 1
  97 0020 00BF     		nop
  98 0022 1437     		adds	r7, r7, #20
  99              		.cfi_def_cfa_offset 4
 100 0024 BD46     		mov	sp, r7
 101              		.cfi_def_cfa_register 13
 102              		@ sp needed
 103 0026 5DF8047B 		ldr	r7, [sp], #4
 104              		.cfi_restore 7
 105              		.cfi_def_cfa_offset 0
 106 002a 7047     		bx	lr
 107              	.L8:
 108              		.align	2
 109              	.L7:
 110 002c 00000000 		.word	OS_TimeMS
 111              		.cfi_endproc
 112              	.LFE133:
 113              		.size	GUI_X_Delay, .-GUI_X_Delay
 114              		.section	.text.GUI_X_Init,"ax",%progbits
 115              		.align	2
 116              		.global	GUI_X_Init
 117              		.thumb
 118              		.thumb_func
 119              		.type	GUI_X_Init, %function
 120              	GUI_X_Init:
 121              	.LFB134:
  80:GUI_X.c       **** 
  81:GUI_X.c       **** /*********************************************************************
  82:GUI_X.c       **** *
  83:GUI_X.c       **** *       GUI_X_Init()
  84:GUI_X.c       **** *
  85:GUI_X.c       **** * Note:
  86:GUI_X.c       **** *     GUI_X_Init() is called from GUI_Init is a possibility to init
  87:GUI_X.c       **** *     some hardware which needs to be up and running before the GUI.
  88:GUI_X.c       **** */
  89:GUI_X.c       **** void GUI_X_Init(void) {
 122              		.loc 1 89 0
 123              		.cfi_startproc
 124              		@ args = 0, pretend = 0, frame = 0
 125              		@ frame_needed = 1, uses_anonymous_args = 0
 126 0000 80B5     		push	{r7, lr}
 127              		.cfi_def_cfa_offset 8
 128              		.cfi_offset 7, -8
 129              		.cfi_offset 14, -4
 130 0002 00AF     		add	r7, sp, #0
 131              		.cfi_def_cfa_register 7
  90:GUI_X.c       ****   GUI_X_Systick_Init();
 132              		.loc 1 90 0
 133 0004 FFF7FEFF 		bl	GUI_X_Systick_Init
  91:GUI_X.c       **** }
 134              		.loc 1 91 0
 135 0008 00BF     		nop
 136 000a 80BD     		pop	{r7, pc}
 137              		.cfi_endproc
ARM GAS  C:\Users\rober\AppData\Local\Temp\ccxkMCUm.s 			page 5


 138              	.LFE134:
 139              		.size	GUI_X_Init, .-GUI_X_Init
 140              		.section	.text.GUI_X_ExecIdle,"ax",%progbits
 141              		.align	2
 142              		.global	GUI_X_ExecIdle
 143              		.thumb
 144              		.thumb_func
 145              		.type	GUI_X_ExecIdle, %function
 146              	GUI_X_ExecIdle:
 147              	.LFB135:
  92:GUI_X.c       **** 
  93:GUI_X.c       **** 
  94:GUI_X.c       **** /*********************************************************************
  95:GUI_X.c       **** *
  96:GUI_X.c       **** *       GUI_X_ExecIdle
  97:GUI_X.c       **** *
  98:GUI_X.c       **** * Note:
  99:GUI_X.c       **** *  Called if WM is in idle state
 100:GUI_X.c       **** */
 101:GUI_X.c       **** void GUI_X_ExecIdle(void) {}
 148              		.loc 1 101 0
 149              		.cfi_startproc
 150              		@ args = 0, pretend = 0, frame = 0
 151              		@ frame_needed = 1, uses_anonymous_args = 0
 152              		@ link register save eliminated.
 153 0000 80B4     		push	{r7}
 154              		.cfi_def_cfa_offset 4
 155              		.cfi_offset 7, -4
 156 0002 00AF     		add	r7, sp, #0
 157              		.cfi_def_cfa_register 7
 158              		.loc 1 101 0
 159 0004 00BF     		nop
 160 0006 BD46     		mov	sp, r7
 161              		.cfi_def_cfa_register 13
 162              		@ sp needed
 163 0008 5DF8047B 		ldr	r7, [sp], #4
 164              		.cfi_restore 7
 165              		.cfi_def_cfa_offset 0
 166 000c 7047     		bx	lr
 167              		.cfi_endproc
 168              	.LFE135:
 169              		.size	GUI_X_ExecIdle, .-GUI_X_ExecIdle
 170 000e 00BF     		.section	.text.GUI_X_Log,"ax",%progbits
 171              		.align	2
 172              		.global	GUI_X_Log
 173              		.thumb
 174              		.thumb_func
 175              		.type	GUI_X_Log, %function
 176              	GUI_X_Log:
 177              	.LFB136:
 102:GUI_X.c       **** 
 103:GUI_X.c       **** /*********************************************************************
 104:GUI_X.c       **** *
 105:GUI_X.c       **** *      Logging: OS dependent
 106:GUI_X.c       **** * 
 107:GUI_X.c       **** * Note:
 108:GUI_X.c       **** *   Logging is used in higher debug levels only. The typical target
ARM GAS  C:\Users\rober\AppData\Local\Temp\ccxkMCUm.s 			page 6


 109:GUI_X.c       **** *   build does not use logging and does therefor not require any of
 110:GUI_X.c       **** *   the logging routines below. For a release build without logging
 111:GUI_X.c       **** *   the routines below may be eliminated to save some space.
 112:GUI_X.c       **** *   (If the linker is not function aware and eliminates unreferenced
 113:GUI_X.c       **** *   functions automatically)
 114:GUI_X.c       **** */
 115:GUI_X.c       **** void GUI_X_Log     (const char *s) { GUI_USE_PARA(s); }
 178              		.loc 1 115 0
 179              		.cfi_startproc
 180              		@ args = 0, pretend = 0, frame = 8
 181              		@ frame_needed = 1, uses_anonymous_args = 0
 182              		@ link register save eliminated.
 183 0000 80B4     		push	{r7}
 184              		.cfi_def_cfa_offset 4
 185              		.cfi_offset 7, -4
 186 0002 83B0     		sub	sp, sp, #12
 187              		.cfi_def_cfa_offset 16
 188 0004 00AF     		add	r7, sp, #0
 189              		.cfi_def_cfa_register 7
 190 0006 7860     		str	r0, [r7, #4]
 191              		.loc 1 115 0
 192 0008 00BF     		nop
 193 000a 0C37     		adds	r7, r7, #12
 194              		.cfi_def_cfa_offset 4
 195 000c BD46     		mov	sp, r7
 196              		.cfi_def_cfa_register 13
 197              		@ sp needed
 198 000e 5DF8047B 		ldr	r7, [sp], #4
 199              		.cfi_restore 7
 200              		.cfi_def_cfa_offset 0
 201 0012 7047     		bx	lr
 202              		.cfi_endproc
 203              	.LFE136:
 204              		.size	GUI_X_Log, .-GUI_X_Log
 205              		.section	.text.GUI_X_Warn,"ax",%progbits
 206              		.align	2
 207              		.global	GUI_X_Warn
 208              		.thumb
 209              		.thumb_func
 210              		.type	GUI_X_Warn, %function
 211              	GUI_X_Warn:
 212              	.LFB137:
 116:GUI_X.c       **** void GUI_X_Warn    (const char *s) { GUI_USE_PARA(s); }
 213              		.loc 1 116 0
 214              		.cfi_startproc
 215              		@ args = 0, pretend = 0, frame = 8
 216              		@ frame_needed = 1, uses_anonymous_args = 0
 217              		@ link register save eliminated.
 218 0000 80B4     		push	{r7}
 219              		.cfi_def_cfa_offset 4
 220              		.cfi_offset 7, -4
 221 0002 83B0     		sub	sp, sp, #12
 222              		.cfi_def_cfa_offset 16
 223 0004 00AF     		add	r7, sp, #0
 224              		.cfi_def_cfa_register 7
 225 0006 7860     		str	r0, [r7, #4]
 226              		.loc 1 116 0
ARM GAS  C:\Users\rober\AppData\Local\Temp\ccxkMCUm.s 			page 7


 227 0008 00BF     		nop
 228 000a 0C37     		adds	r7, r7, #12
 229              		.cfi_def_cfa_offset 4
 230 000c BD46     		mov	sp, r7
 231              		.cfi_def_cfa_register 13
 232              		@ sp needed
 233 000e 5DF8047B 		ldr	r7, [sp], #4
 234              		.cfi_restore 7
 235              		.cfi_def_cfa_offset 0
 236 0012 7047     		bx	lr
 237              		.cfi_endproc
 238              	.LFE137:
 239              		.size	GUI_X_Warn, .-GUI_X_Warn
 240              		.section	.text.GUI_X_ErrorOut,"ax",%progbits
 241              		.align	2
 242              		.global	GUI_X_ErrorOut
 243              		.thumb
 244              		.thumb_func
 245              		.type	GUI_X_ErrorOut, %function
 246              	GUI_X_ErrorOut:
 247              	.LFB138:
 117:GUI_X.c       **** void GUI_X_ErrorOut(const char *s) { GUI_USE_PARA(s); }
 248              		.loc 1 117 0
 249              		.cfi_startproc
 250              		@ args = 0, pretend = 0, frame = 8
 251              		@ frame_needed = 1, uses_anonymous_args = 0
 252              		@ link register save eliminated.
 253 0000 80B4     		push	{r7}
 254              		.cfi_def_cfa_offset 4
 255              		.cfi_offset 7, -4
 256 0002 83B0     		sub	sp, sp, #12
 257              		.cfi_def_cfa_offset 16
 258 0004 00AF     		add	r7, sp, #0
 259              		.cfi_def_cfa_register 7
 260 0006 7860     		str	r0, [r7, #4]
 261              		.loc 1 117 0
 262 0008 00BF     		nop
 263 000a 0C37     		adds	r7, r7, #12
 264              		.cfi_def_cfa_offset 4
 265 000c BD46     		mov	sp, r7
 266              		.cfi_def_cfa_register 13
 267              		@ sp needed
 268 000e 5DF8047B 		ldr	r7, [sp], #4
 269              		.cfi_restore 7
 270              		.cfi_def_cfa_offset 0
 271 0012 7047     		bx	lr
 272              		.cfi_endproc
 273              	.LFE138:
 274              		.size	GUI_X_ErrorOut, .-GUI_X_ErrorOut
 275              		.section	.text.GUI_X_Systick_Intr,"ax",%progbits
 276              		.align	2
 277              		.global	GUI_X_Systick_Intr
 278              		.thumb
 279              		.thumb_func
 280              		.type	GUI_X_Systick_Intr, %function
 281              	GUI_X_Systick_Intr:
 282              	.LFB139:
ARM GAS  C:\Users\rober\AppData\Local\Temp\ccxkMCUm.s 			page 8


 118:GUI_X.c       **** 
 119:GUI_X.c       **** /*********************************************************************
 120:GUI_X.c       **** *
 121:GUI_X.c       **** *         Setup Systick for timing
 122:GUI_X.c       **** *
 123:GUI_X.c       **** */
 124:GUI_X.c       **** /*********************************************************************
 125:GUI_X.c       **** *
 126:GUI_X.c       **** *       GUI_X_Systick_Intr
 127:GUI_X.c       **** *
 128:GUI_X.c       **** * Purpose:
 129:GUI_X.c       **** *   Interrupt Service Routine for Systick.
 130:GUI_X.c       **** */
 131:GUI_X.c       **** void GUI_X_Systick_Intr(void){    
 283              		.loc 1 131 0
 284              		.cfi_startproc
 285              		@ args = 0, pretend = 0, frame = 0
 286              		@ frame_needed = 1, uses_anonymous_args = 0
 287              		@ link register save eliminated.
 288 0000 80B4     		push	{r7}
 289              		.cfi_def_cfa_offset 4
 290              		.cfi_offset 7, -4
 291 0002 00AF     		add	r7, sp, #0
 292              		.cfi_def_cfa_register 7
 132:GUI_X.c       ****   OS_TimeMS++;
 293              		.loc 1 132 0
 294 0004 044B     		ldr	r3, .L15
 295 0006 1B68     		ldr	r3, [r3]
 296 0008 0133     		adds	r3, r3, #1
 297 000a 034A     		ldr	r2, .L15
 298 000c 1360     		str	r3, [r2]
 133:GUI_X.c       **** }
 299              		.loc 1 133 0
 300 000e 00BF     		nop
 301 0010 BD46     		mov	sp, r7
 302              		.cfi_def_cfa_register 13
 303              		@ sp needed
 304 0012 5DF8047B 		ldr	r7, [sp], #4
 305              		.cfi_restore 7
 306              		.cfi_def_cfa_offset 0
 307 0016 7047     		bx	lr
 308              	.L16:
 309              		.align	2
 310              	.L15:
 311 0018 00000000 		.word	OS_TimeMS
 312              		.cfi_endproc
 313              	.LFE139:
 314              		.size	GUI_X_Systick_Intr, .-GUI_X_Systick_Intr
 315              		.section	.rodata
 316              		.align	2
 317              	.LC0:
 318 0000 4755495F 		.ascii	"GUI_X.c\000"
 318      582E6300 
 319              		.section	.text.GUI_X_Systick_Init,"ax",%progbits
 320              		.align	2
 321              		.global	GUI_X_Systick_Init
 322              		.thumb
ARM GAS  C:\Users\rober\AppData\Local\Temp\ccxkMCUm.s 			page 9


 323              		.thumb_func
 324              		.type	GUI_X_Systick_Init, %function
 325              	GUI_X_Systick_Init:
 326              	.LFB140:
 134:GUI_X.c       **** 
 135:GUI_X.c       **** /*********************************************************************
 136:GUI_X.c       **** *
 137:GUI_X.c       **** *       GUI_X_Systick_Init
 138:GUI_X.c       **** *
 139:GUI_X.c       **** * Purpose:
 140:GUI_X.c       **** *   Set up the Systick interrupt and enable it.
 141:GUI_X.c       **** */
 142:GUI_X.c       **** void GUI_X_Systick_Init(void){ 
 327              		.loc 1 142 0
 328              		.cfi_startproc
 329              		@ args = 0, pretend = 0, frame = 8
 330              		@ frame_needed = 1, uses_anonymous_args = 0
 331 0000 80B5     		push	{r7, lr}
 332              		.cfi_def_cfa_offset 8
 333              		.cfi_offset 7, -8
 334              		.cfi_offset 14, -4
 335 0002 82B0     		sub	sp, sp, #8
 336              		.cfi_def_cfa_offset 16
 337 0004 00AF     		add	r7, sp, #0
 338              		.cfi_def_cfa_register 7
 143:GUI_X.c       ****   uint32_t i;
 144:GUI_X.c       ****   //
 145:GUI_X.c       ****   // Configure the SysTick timer to generate interrupt every 1 ms 
 146:GUI_X.c       ****   // and start its operation.
 147:GUI_X.c       ****   //
 148:GUI_X.c       ****   Cy_SysTick_Init(CY_SYSTICK_CLOCK_SOURCE_CLK_LF, 32U);
 339              		.loc 1 148 0
 340 0006 2021     		movs	r1, #32
 341 0008 0020     		movs	r0, #0
 342 000a FFF7FEFF 		bl	Cy_SysTick_Init
 149:GUI_X.c       ****   //
 150:GUI_X.c       ****   // Find unused callback slot.
 151:GUI_X.c       ****   //
 152:GUI_X.c       ****   for (i = 0u; i < CY_SYS_SYST_NUM_OF_CALLBACKS; i++){
 343              		.loc 1 152 0
 344 000e 0023     		movs	r3, #0
 345 0010 7B60     		str	r3, [r7, #4]
 346 0012 0DE0     		b	.L18
 347              	.L21:
 153:GUI_X.c       ****     if (Cy_SysTick_GetCallback(i) == NULL){
 348              		.loc 1 153 0
 349 0014 7868     		ldr	r0, [r7, #4]
 350 0016 FFF7FEFF 		bl	Cy_SysTick_GetCallback
 351 001a 0346     		mov	r3, r0
 352 001c 002B     		cmp	r3, #0
 353 001e 04D1     		bne	.L19
 154:GUI_X.c       ****       //
 155:GUI_X.c       ****       // Set callback
 156:GUI_X.c       ****       //
 157:GUI_X.c       ****       (void)Cy_SysTick_SetCallback(i, GUI_X_Systick_Intr);
 354              		.loc 1 157 0
 355 0020 0B49     		ldr	r1, .L23
ARM GAS  C:\Users\rober\AppData\Local\Temp\ccxkMCUm.s 			page 10


 356 0022 7868     		ldr	r0, [r7, #4]
 357 0024 FFF7FEFF 		bl	Cy_SysTick_SetCallback
 158:GUI_X.c       ****       break;
 358              		.loc 1 158 0
 359 0028 05E0     		b	.L20
 360              	.L19:
 152:GUI_X.c       ****     if (Cy_SysTick_GetCallback(i) == NULL){
 361              		.loc 1 152 0 discriminator 2
 362 002a 7B68     		ldr	r3, [r7, #4]
 363 002c 0133     		adds	r3, r3, #1
 364 002e 7B60     		str	r3, [r7, #4]
 365              	.L18:
 152:GUI_X.c       ****     if (Cy_SysTick_GetCallback(i) == NULL){
 366              		.loc 1 152 0 is_stmt 0 discriminator 1
 367 0030 7B68     		ldr	r3, [r7, #4]
 368 0032 042B     		cmp	r3, #4
 369 0034 EED9     		bls	.L21
 370              	.L20:
 159:GUI_X.c       ****     }
 160:GUI_X.c       ****   }
 161:GUI_X.c       ****   //
 162:GUI_X.c       ****   // Assert when callback slot not found
 163:GUI_X.c       ****   //
 164:GUI_X.c       ****   CY_ASSERT(i < CY_SYS_SYST_NUM_OF_CALLBACKS);
 371              		.loc 1 164 0 is_stmt 1
 372 0036 7B68     		ldr	r3, [r7, #4]
 373 0038 042B     		cmp	r3, #4
 374 003a 03D9     		bls	.L22
 375              		.loc 1 164 0 is_stmt 0 discriminator 1
 376 003c A421     		movs	r1, #164
 377 003e 0548     		ldr	r0, .L23+4
 378 0040 FFF7FEFF 		bl	Cy_SysLib_AssertFailed
 379              	.L22:
 165:GUI_X.c       ****   
 166:GUI_X.c       ****   Cy_SysTick_Enable();
 380              		.loc 1 166 0 is_stmt 1
 381 0044 FFF7FEFF 		bl	Cy_SysTick_Enable
 167:GUI_X.c       **** }
 382              		.loc 1 167 0
 383 0048 00BF     		nop
 384 004a 0837     		adds	r7, r7, #8
 385              		.cfi_def_cfa_offset 8
 386 004c BD46     		mov	sp, r7
 387              		.cfi_def_cfa_register 13
 388              		@ sp needed
 389 004e 80BD     		pop	{r7, pc}
 390              	.L24:
 391              		.align	2
 392              	.L23:
 393 0050 00000000 		.word	GUI_X_Systick_Intr
 394 0054 00000000 		.word	.LC0
 395              		.cfi_endproc
 396              	.LFE140:
 397              		.size	GUI_X_Systick_Init, .-GUI_X_Systick_Init
 398              		.text
 399              	.Letext0:
 400              		.file 2 "c:\\program files (x86)\\cypress\\psoc creator\\4.2\\psoc creator\\import\\gnu\\arm\\5.4.
ARM GAS  C:\Users\rober\AppData\Local\Temp\ccxkMCUm.s 			page 11


 401              		.file 3 "c:\\program files (x86)\\cypress\\psoc creator\\4.2\\psoc creator\\import\\gnu\\arm\\5.4.
 402              		.file 4 "Generated_Source\\PSoC6\\pdl\\drivers/peripheral/syslib/cy_syslib.h"
 403              		.file 5 "Generated_Source\\PSoC6\\pdl\\cmsis/include/core_cm4.h"
 404              		.file 6 "Generated_Source\\PSoC6\\pdl\\drivers/peripheral/systick/cy_systick.h"
 405              		.section	.debug_info,"",%progbits
 406              	.Ldebug_info0:
 407 0000 21020000 		.4byte	0x221
 408 0004 0400     		.2byte	0x4
 409 0006 00000000 		.4byte	.Ldebug_abbrev0
 410 000a 04       		.byte	0x4
 411 000b 01       		.uleb128 0x1
 412 000c C3000000 		.4byte	.LASF35
 413 0010 0C       		.byte	0xc
 414 0011 0A030000 		.4byte	.LASF36
 415 0015 B5010000 		.4byte	.LASF37
 416 0019 00000000 		.4byte	.Ldebug_ranges0+0
 417 001d 00000000 		.4byte	0
 418 0021 00000000 		.4byte	.Ldebug_line0
 419 0025 02       		.uleb128 0x2
 420 0026 01       		.byte	0x1
 421 0027 06       		.byte	0x6
 422 0028 39000000 		.4byte	.LASF0
 423 002c 02       		.uleb128 0x2
 424 002d 01       		.byte	0x1
 425 002e 08       		.byte	0x8
 426 002f 65000000 		.4byte	.LASF1
 427 0033 02       		.uleb128 0x2
 428 0034 02       		.byte	0x2
 429 0035 05       		.byte	0x5
 430 0036 C9020000 		.4byte	.LASF2
 431 003a 02       		.uleb128 0x2
 432 003b 02       		.byte	0x2
 433 003c 07       		.byte	0x7
 434 003d 85000000 		.4byte	.LASF3
 435 0041 03       		.uleb128 0x3
 436 0042 0B000000 		.4byte	.LASF5
 437 0046 02       		.byte	0x2
 438 0047 3F       		.byte	0x3f
 439 0048 4C000000 		.4byte	0x4c
 440 004c 02       		.uleb128 0x2
 441 004d 04       		.byte	0x4
 442 004e 05       		.byte	0x5
 443 004f 1F000000 		.4byte	.LASF4
 444 0053 03       		.uleb128 0x3
 445 0054 8A010000 		.4byte	.LASF6
 446 0058 02       		.byte	0x2
 447 0059 41       		.byte	0x41
 448 005a 5E000000 		.4byte	0x5e
 449 005e 02       		.uleb128 0x2
 450 005f 04       		.byte	0x4
 451 0060 07       		.byte	0x7
 452 0061 73000000 		.4byte	.LASF7
 453 0065 02       		.uleb128 0x2
 454 0066 08       		.byte	0x8
 455 0067 05       		.byte	0x5
 456 0068 86020000 		.4byte	.LASF8
 457 006c 02       		.uleb128 0x2
ARM GAS  C:\Users\rober\AppData\Local\Temp\ccxkMCUm.s 			page 12


 458 006d 08       		.byte	0x8
 459 006e 07       		.byte	0x7
 460 006f 4F020000 		.4byte	.LASF9
 461 0073 04       		.uleb128 0x4
 462 0074 04       		.byte	0x4
 463 0075 05       		.byte	0x5
 464 0076 696E7400 		.ascii	"int\000"
 465 007a 02       		.uleb128 0x2
 466 007b 04       		.byte	0x4
 467 007c 07       		.byte	0x7
 468 007d 42020000 		.4byte	.LASF10
 469 0081 03       		.uleb128 0x3
 470 0082 70020000 		.4byte	.LASF11
 471 0086 03       		.byte	0x3
 472 0087 2C       		.byte	0x2c
 473 0088 41000000 		.4byte	0x41
 474 008c 03       		.uleb128 0x3
 475 008d D3020000 		.4byte	.LASF12
 476 0091 03       		.byte	0x3
 477 0092 30       		.byte	0x30
 478 0093 53000000 		.4byte	0x53
 479 0097 02       		.uleb128 0x2
 480 0098 04       		.byte	0x4
 481 0099 07       		.byte	0x7
 482 009a 78020000 		.4byte	.LASF13
 483 009e 05       		.uleb128 0x5
 484 009f 12030000 		.4byte	.LASF14
 485 00a3 04       		.byte	0x4
 486 00a4 C401     		.2byte	0x1c4
 487 00a6 AA000000 		.4byte	0xaa
 488 00aa 02       		.uleb128 0x2
 489 00ab 01       		.byte	0x1
 490 00ac 08       		.byte	0x8
 491 00ad 94020000 		.4byte	.LASF15
 492 00b1 02       		.uleb128 0x2
 493 00b2 04       		.byte	0x4
 494 00b3 04       		.byte	0x4
 495 00b4 28000000 		.4byte	.LASF16
 496 00b8 02       		.uleb128 0x2
 497 00b9 08       		.byte	0x8
 498 00ba 04       		.byte	0x4
 499 00bb 83010000 		.4byte	.LASF17
 500 00bf 06       		.uleb128 0x6
 501 00c0 01       		.byte	0x1
 502 00c1 2C000000 		.4byte	0x2c
 503 00c5 06       		.byte	0x6
 504 00c6 6A       		.byte	0x6a
 505 00c7 EA000000 		.4byte	0xea
 506 00cb 07       		.uleb128 0x7
 507 00cc A4000000 		.4byte	.LASF18
 508 00d0 00       		.byte	0
 509 00d1 07       		.uleb128 0x7
 510 00d2 19030000 		.4byte	.LASF19
 511 00d6 01       		.byte	0x1
 512 00d7 07       		.uleb128 0x7
 513 00d8 45000000 		.4byte	.LASF20
 514 00dc 02       		.byte	0x2
ARM GAS  C:\Users\rober\AppData\Local\Temp\ccxkMCUm.s 			page 13


 515 00dd 07       		.uleb128 0x7
 516 00de DC020000 		.4byte	.LASF21
 517 00e2 03       		.byte	0x3
 518 00e3 07       		.uleb128 0x7
 519 00e4 95010000 		.4byte	.LASF22
 520 00e8 04       		.byte	0x4
 521 00e9 00       		.byte	0
 522 00ea 02       		.uleb128 0x2
 523 00eb 08       		.byte	0x8
 524 00ec 04       		.byte	0x4
 525 00ed FE020000 		.4byte	.LASF23
 526 00f1 08       		.uleb128 0x8
 527 00f2 04       		.byte	0x4
 528 00f3 F7000000 		.4byte	0xf7
 529 00f7 09       		.uleb128 0x9
 530 00f8 AA000000 		.4byte	0xaa
 531 00fc 0A       		.uleb128 0xa
 532 00fd BB020000 		.4byte	.LASF38
 533 0101 01       		.byte	0x1
 534 0102 48       		.byte	0x48
 535 0103 73000000 		.4byte	0x73
 536 0107 00000000 		.4byte	.LFB132
 537 010b 18000000 		.4byte	.LFE132-.LFB132
 538 010f 01       		.uleb128 0x1
 539 0110 9C       		.byte	0x9c
 540 0111 0B       		.uleb128 0xb
 541 0112 98000000 		.4byte	.LASF26
 542 0116 01       		.byte	0x1
 543 0117 4C       		.byte	0x4c
 544 0118 00000000 		.4byte	.LFB133
 545 011c 30000000 		.4byte	.LFE133-.LFB133
 546 0120 01       		.uleb128 0x1
 547 0121 9C       		.byte	0x9c
 548 0122 42010000 		.4byte	0x142
 549 0126 0C       		.uleb128 0xc
 550 0127 6D7300   		.ascii	"ms\000"
 551 012a 01       		.byte	0x1
 552 012b 4C       		.byte	0x4c
 553 012c 73000000 		.4byte	0x73
 554 0130 02       		.uleb128 0x2
 555 0131 91       		.byte	0x91
 556 0132 6C       		.sleb128 -20
 557 0133 0D       		.uleb128 0xd
 558 0134 81020000 		.4byte	.LASF32
 559 0138 01       		.byte	0x1
 560 0139 4D       		.byte	0x4d
 561 013a 73000000 		.4byte	0x73
 562 013e 02       		.uleb128 0x2
 563 013f 91       		.byte	0x91
 564 0140 74       		.sleb128 -12
 565 0141 00       		.byte	0
 566 0142 0E       		.uleb128 0xe
 567 0143 00000000 		.4byte	.LASF24
 568 0147 01       		.byte	0x1
 569 0148 59       		.byte	0x59
 570 0149 00000000 		.4byte	.LFB134
 571 014d 0C000000 		.4byte	.LFE134-.LFB134
ARM GAS  C:\Users\rober\AppData\Local\Temp\ccxkMCUm.s 			page 14


 572 0151 01       		.uleb128 0x1
 573 0152 9C       		.byte	0x9c
 574 0153 0F       		.uleb128 0xf
 575 0154 AC020000 		.4byte	.LASF25
 576 0158 01       		.byte	0x1
 577 0159 65       		.byte	0x65
 578 015a 00000000 		.4byte	.LFB135
 579 015e 0E000000 		.4byte	.LFE135-.LFB135
 580 0162 01       		.uleb128 0x1
 581 0163 9C       		.byte	0x9c
 582 0164 0B       		.uleb128 0xb
 583 0165 15000000 		.4byte	.LASF27
 584 0169 01       		.byte	0x1
 585 016a 73       		.byte	0x73
 586 016b 00000000 		.4byte	.LFB136
 587 016f 14000000 		.4byte	.LFE136-.LFB136
 588 0173 01       		.uleb128 0x1
 589 0174 9C       		.byte	0x9c
 590 0175 86010000 		.4byte	0x186
 591 0179 0C       		.uleb128 0xc
 592 017a 7300     		.ascii	"s\000"
 593 017c 01       		.byte	0x1
 594 017d 73       		.byte	0x73
 595 017e F1000000 		.4byte	0xf1
 596 0182 02       		.uleb128 0x2
 597 0183 91       		.byte	0x91
 598 0184 74       		.sleb128 -12
 599 0185 00       		.byte	0
 600 0186 0B       		.uleb128 0xb
 601 0187 2E000000 		.4byte	.LASF28
 602 018b 01       		.byte	0x1
 603 018c 74       		.byte	0x74
 604 018d 00000000 		.4byte	.LFB137
 605 0191 14000000 		.4byte	.LFE137-.LFB137
 606 0195 01       		.uleb128 0x1
 607 0196 9C       		.byte	0x9c
 608 0197 A8010000 		.4byte	0x1a8
 609 019b 0C       		.uleb128 0xc
 610 019c 7300     		.ascii	"s\000"
 611 019e 01       		.byte	0x1
 612 019f 74       		.byte	0x74
 613 01a0 F1000000 		.4byte	0xf1
 614 01a4 02       		.uleb128 0x2
 615 01a5 91       		.byte	0x91
 616 01a6 74       		.sleb128 -12
 617 01a7 00       		.byte	0
 618 01a8 0B       		.uleb128 0xb
 619 01a9 33020000 		.4byte	.LASF29
 620 01ad 01       		.byte	0x1
 621 01ae 75       		.byte	0x75
 622 01af 00000000 		.4byte	.LFB138
 623 01b3 14000000 		.4byte	.LFE138-.LFB138
 624 01b7 01       		.uleb128 0x1
 625 01b8 9C       		.byte	0x9c
 626 01b9 CA010000 		.4byte	0x1ca
 627 01bd 0C       		.uleb128 0xc
 628 01be 7300     		.ascii	"s\000"
ARM GAS  C:\Users\rober\AppData\Local\Temp\ccxkMCUm.s 			page 15


 629 01c0 01       		.byte	0x1
 630 01c1 75       		.byte	0x75
 631 01c2 F1000000 		.4byte	0xf1
 632 01c6 02       		.uleb128 0x2
 633 01c7 91       		.byte	0x91
 634 01c8 74       		.sleb128 -12
 635 01c9 00       		.byte	0
 636 01ca 0F       		.uleb128 0xf
 637 01cb 20020000 		.4byte	.LASF30
 638 01cf 01       		.byte	0x1
 639 01d0 83       		.byte	0x83
 640 01d1 00000000 		.4byte	.LFB139
 641 01d5 1C000000 		.4byte	.LFE139-.LFB139
 642 01d9 01       		.uleb128 0x1
 643 01da 9C       		.byte	0x9c
 644 01db 10       		.uleb128 0x10
 645 01dc 99020000 		.4byte	.LASF31
 646 01e0 01       		.byte	0x1
 647 01e1 8E       		.byte	0x8e
 648 01e2 00000000 		.4byte	.LFB140
 649 01e6 58000000 		.4byte	.LFE140-.LFB140
 650 01ea 01       		.uleb128 0x1
 651 01eb 9C       		.byte	0x9c
 652 01ec FD010000 		.4byte	0x1fd
 653 01f0 11       		.uleb128 0x11
 654 01f1 6900     		.ascii	"i\000"
 655 01f3 01       		.byte	0x1
 656 01f4 8F       		.byte	0x8f
 657 01f5 8C000000 		.4byte	0x8c
 658 01f9 02       		.uleb128 0x2
 659 01fa 91       		.byte	0x91
 660 01fb 74       		.sleb128 -12
 661 01fc 00       		.byte	0
 662 01fd 12       		.uleb128 0x12
 663 01fe 76010000 		.4byte	.LASF33
 664 0202 05       		.byte	0x5
 665 0203 EA07     		.2byte	0x7ea
 666 0205 09020000 		.4byte	0x209
 667 0209 13       		.uleb128 0x13
 668 020a 81000000 		.4byte	0x81
 669 020e 14       		.uleb128 0x14
 670 020f 66020000 		.4byte	.LASF34
 671 0213 01       		.byte	0x1
 672 0214 3C       		.byte	0x3c
 673 0215 1F020000 		.4byte	0x21f
 674 0219 05       		.uleb128 0x5
 675 021a 03       		.byte	0x3
 676 021b 00000000 		.4byte	OS_TimeMS
 677 021f 13       		.uleb128 0x13
 678 0220 73000000 		.4byte	0x73
 679 0224 00       		.byte	0
 680              		.section	.debug_abbrev,"",%progbits
 681              	.Ldebug_abbrev0:
 682 0000 01       		.uleb128 0x1
 683 0001 11       		.uleb128 0x11
 684 0002 01       		.byte	0x1
 685 0003 25       		.uleb128 0x25
ARM GAS  C:\Users\rober\AppData\Local\Temp\ccxkMCUm.s 			page 16


 686 0004 0E       		.uleb128 0xe
 687 0005 13       		.uleb128 0x13
 688 0006 0B       		.uleb128 0xb
 689 0007 03       		.uleb128 0x3
 690 0008 0E       		.uleb128 0xe
 691 0009 1B       		.uleb128 0x1b
 692 000a 0E       		.uleb128 0xe
 693 000b 55       		.uleb128 0x55
 694 000c 17       		.uleb128 0x17
 695 000d 11       		.uleb128 0x11
 696 000e 01       		.uleb128 0x1
 697 000f 10       		.uleb128 0x10
 698 0010 17       		.uleb128 0x17
 699 0011 00       		.byte	0
 700 0012 00       		.byte	0
 701 0013 02       		.uleb128 0x2
 702 0014 24       		.uleb128 0x24
 703 0015 00       		.byte	0
 704 0016 0B       		.uleb128 0xb
 705 0017 0B       		.uleb128 0xb
 706 0018 3E       		.uleb128 0x3e
 707 0019 0B       		.uleb128 0xb
 708 001a 03       		.uleb128 0x3
 709 001b 0E       		.uleb128 0xe
 710 001c 00       		.byte	0
 711 001d 00       		.byte	0
 712 001e 03       		.uleb128 0x3
 713 001f 16       		.uleb128 0x16
 714 0020 00       		.byte	0
 715 0021 03       		.uleb128 0x3
 716 0022 0E       		.uleb128 0xe
 717 0023 3A       		.uleb128 0x3a
 718 0024 0B       		.uleb128 0xb
 719 0025 3B       		.uleb128 0x3b
 720 0026 0B       		.uleb128 0xb
 721 0027 49       		.uleb128 0x49
 722 0028 13       		.uleb128 0x13
 723 0029 00       		.byte	0
 724 002a 00       		.byte	0
 725 002b 04       		.uleb128 0x4
 726 002c 24       		.uleb128 0x24
 727 002d 00       		.byte	0
 728 002e 0B       		.uleb128 0xb
 729 002f 0B       		.uleb128 0xb
 730 0030 3E       		.uleb128 0x3e
 731 0031 0B       		.uleb128 0xb
 732 0032 03       		.uleb128 0x3
 733 0033 08       		.uleb128 0x8
 734 0034 00       		.byte	0
 735 0035 00       		.byte	0
 736 0036 05       		.uleb128 0x5
 737 0037 16       		.uleb128 0x16
 738 0038 00       		.byte	0
 739 0039 03       		.uleb128 0x3
 740 003a 0E       		.uleb128 0xe
 741 003b 3A       		.uleb128 0x3a
 742 003c 0B       		.uleb128 0xb
ARM GAS  C:\Users\rober\AppData\Local\Temp\ccxkMCUm.s 			page 17


 743 003d 3B       		.uleb128 0x3b
 744 003e 05       		.uleb128 0x5
 745 003f 49       		.uleb128 0x49
 746 0040 13       		.uleb128 0x13
 747 0041 00       		.byte	0
 748 0042 00       		.byte	0
 749 0043 06       		.uleb128 0x6
 750 0044 04       		.uleb128 0x4
 751 0045 01       		.byte	0x1
 752 0046 0B       		.uleb128 0xb
 753 0047 0B       		.uleb128 0xb
 754 0048 49       		.uleb128 0x49
 755 0049 13       		.uleb128 0x13
 756 004a 3A       		.uleb128 0x3a
 757 004b 0B       		.uleb128 0xb
 758 004c 3B       		.uleb128 0x3b
 759 004d 0B       		.uleb128 0xb
 760 004e 01       		.uleb128 0x1
 761 004f 13       		.uleb128 0x13
 762 0050 00       		.byte	0
 763 0051 00       		.byte	0
 764 0052 07       		.uleb128 0x7
 765 0053 28       		.uleb128 0x28
 766 0054 00       		.byte	0
 767 0055 03       		.uleb128 0x3
 768 0056 0E       		.uleb128 0xe
 769 0057 1C       		.uleb128 0x1c
 770 0058 0B       		.uleb128 0xb
 771 0059 00       		.byte	0
 772 005a 00       		.byte	0
 773 005b 08       		.uleb128 0x8
 774 005c 0F       		.uleb128 0xf
 775 005d 00       		.byte	0
 776 005e 0B       		.uleb128 0xb
 777 005f 0B       		.uleb128 0xb
 778 0060 49       		.uleb128 0x49
 779 0061 13       		.uleb128 0x13
 780 0062 00       		.byte	0
 781 0063 00       		.byte	0
 782 0064 09       		.uleb128 0x9
 783 0065 26       		.uleb128 0x26
 784 0066 00       		.byte	0
 785 0067 49       		.uleb128 0x49
 786 0068 13       		.uleb128 0x13
 787 0069 00       		.byte	0
 788 006a 00       		.byte	0
 789 006b 0A       		.uleb128 0xa
 790 006c 2E       		.uleb128 0x2e
 791 006d 00       		.byte	0
 792 006e 3F       		.uleb128 0x3f
 793 006f 19       		.uleb128 0x19
 794 0070 03       		.uleb128 0x3
 795 0071 0E       		.uleb128 0xe
 796 0072 3A       		.uleb128 0x3a
 797 0073 0B       		.uleb128 0xb
 798 0074 3B       		.uleb128 0x3b
 799 0075 0B       		.uleb128 0xb
ARM GAS  C:\Users\rober\AppData\Local\Temp\ccxkMCUm.s 			page 18


 800 0076 27       		.uleb128 0x27
 801 0077 19       		.uleb128 0x19
 802 0078 49       		.uleb128 0x49
 803 0079 13       		.uleb128 0x13
 804 007a 11       		.uleb128 0x11
 805 007b 01       		.uleb128 0x1
 806 007c 12       		.uleb128 0x12
 807 007d 06       		.uleb128 0x6
 808 007e 40       		.uleb128 0x40
 809 007f 18       		.uleb128 0x18
 810 0080 9742     		.uleb128 0x2117
 811 0082 19       		.uleb128 0x19
 812 0083 00       		.byte	0
 813 0084 00       		.byte	0
 814 0085 0B       		.uleb128 0xb
 815 0086 2E       		.uleb128 0x2e
 816 0087 01       		.byte	0x1
 817 0088 3F       		.uleb128 0x3f
 818 0089 19       		.uleb128 0x19
 819 008a 03       		.uleb128 0x3
 820 008b 0E       		.uleb128 0xe
 821 008c 3A       		.uleb128 0x3a
 822 008d 0B       		.uleb128 0xb
 823 008e 3B       		.uleb128 0x3b
 824 008f 0B       		.uleb128 0xb
 825 0090 27       		.uleb128 0x27
 826 0091 19       		.uleb128 0x19
 827 0092 11       		.uleb128 0x11
 828 0093 01       		.uleb128 0x1
 829 0094 12       		.uleb128 0x12
 830 0095 06       		.uleb128 0x6
 831 0096 40       		.uleb128 0x40
 832 0097 18       		.uleb128 0x18
 833 0098 9742     		.uleb128 0x2117
 834 009a 19       		.uleb128 0x19
 835 009b 01       		.uleb128 0x1
 836 009c 13       		.uleb128 0x13
 837 009d 00       		.byte	0
 838 009e 00       		.byte	0
 839 009f 0C       		.uleb128 0xc
 840 00a0 05       		.uleb128 0x5
 841 00a1 00       		.byte	0
 842 00a2 03       		.uleb128 0x3
 843 00a3 08       		.uleb128 0x8
 844 00a4 3A       		.uleb128 0x3a
 845 00a5 0B       		.uleb128 0xb
 846 00a6 3B       		.uleb128 0x3b
 847 00a7 0B       		.uleb128 0xb
 848 00a8 49       		.uleb128 0x49
 849 00a9 13       		.uleb128 0x13
 850 00aa 02       		.uleb128 0x2
 851 00ab 18       		.uleb128 0x18
 852 00ac 00       		.byte	0
 853 00ad 00       		.byte	0
 854 00ae 0D       		.uleb128 0xd
 855 00af 34       		.uleb128 0x34
 856 00b0 00       		.byte	0
ARM GAS  C:\Users\rober\AppData\Local\Temp\ccxkMCUm.s 			page 19


 857 00b1 03       		.uleb128 0x3
 858 00b2 0E       		.uleb128 0xe
 859 00b3 3A       		.uleb128 0x3a
 860 00b4 0B       		.uleb128 0xb
 861 00b5 3B       		.uleb128 0x3b
 862 00b6 0B       		.uleb128 0xb
 863 00b7 49       		.uleb128 0x49
 864 00b8 13       		.uleb128 0x13
 865 00b9 02       		.uleb128 0x2
 866 00ba 18       		.uleb128 0x18
 867 00bb 00       		.byte	0
 868 00bc 00       		.byte	0
 869 00bd 0E       		.uleb128 0xe
 870 00be 2E       		.uleb128 0x2e
 871 00bf 00       		.byte	0
 872 00c0 3F       		.uleb128 0x3f
 873 00c1 19       		.uleb128 0x19
 874 00c2 03       		.uleb128 0x3
 875 00c3 0E       		.uleb128 0xe
 876 00c4 3A       		.uleb128 0x3a
 877 00c5 0B       		.uleb128 0xb
 878 00c6 3B       		.uleb128 0x3b
 879 00c7 0B       		.uleb128 0xb
 880 00c8 27       		.uleb128 0x27
 881 00c9 19       		.uleb128 0x19
 882 00ca 11       		.uleb128 0x11
 883 00cb 01       		.uleb128 0x1
 884 00cc 12       		.uleb128 0x12
 885 00cd 06       		.uleb128 0x6
 886 00ce 40       		.uleb128 0x40
 887 00cf 18       		.uleb128 0x18
 888 00d0 9642     		.uleb128 0x2116
 889 00d2 19       		.uleb128 0x19
 890 00d3 00       		.byte	0
 891 00d4 00       		.byte	0
 892 00d5 0F       		.uleb128 0xf
 893 00d6 2E       		.uleb128 0x2e
 894 00d7 00       		.byte	0
 895 00d8 3F       		.uleb128 0x3f
 896 00d9 19       		.uleb128 0x19
 897 00da 03       		.uleb128 0x3
 898 00db 0E       		.uleb128 0xe
 899 00dc 3A       		.uleb128 0x3a
 900 00dd 0B       		.uleb128 0xb
 901 00de 3B       		.uleb128 0x3b
 902 00df 0B       		.uleb128 0xb
 903 00e0 27       		.uleb128 0x27
 904 00e1 19       		.uleb128 0x19
 905 00e2 11       		.uleb128 0x11
 906 00e3 01       		.uleb128 0x1
 907 00e4 12       		.uleb128 0x12
 908 00e5 06       		.uleb128 0x6
 909 00e6 40       		.uleb128 0x40
 910 00e7 18       		.uleb128 0x18
 911 00e8 9742     		.uleb128 0x2117
 912 00ea 19       		.uleb128 0x19
 913 00eb 00       		.byte	0
ARM GAS  C:\Users\rober\AppData\Local\Temp\ccxkMCUm.s 			page 20


 914 00ec 00       		.byte	0
 915 00ed 10       		.uleb128 0x10
 916 00ee 2E       		.uleb128 0x2e
 917 00ef 01       		.byte	0x1
 918 00f0 3F       		.uleb128 0x3f
 919 00f1 19       		.uleb128 0x19
 920 00f2 03       		.uleb128 0x3
 921 00f3 0E       		.uleb128 0xe
 922 00f4 3A       		.uleb128 0x3a
 923 00f5 0B       		.uleb128 0xb
 924 00f6 3B       		.uleb128 0x3b
 925 00f7 0B       		.uleb128 0xb
 926 00f8 27       		.uleb128 0x27
 927 00f9 19       		.uleb128 0x19
 928 00fa 11       		.uleb128 0x11
 929 00fb 01       		.uleb128 0x1
 930 00fc 12       		.uleb128 0x12
 931 00fd 06       		.uleb128 0x6
 932 00fe 40       		.uleb128 0x40
 933 00ff 18       		.uleb128 0x18
 934 0100 9642     		.uleb128 0x2116
 935 0102 19       		.uleb128 0x19
 936 0103 01       		.uleb128 0x1
 937 0104 13       		.uleb128 0x13
 938 0105 00       		.byte	0
 939 0106 00       		.byte	0
 940 0107 11       		.uleb128 0x11
 941 0108 34       		.uleb128 0x34
 942 0109 00       		.byte	0
 943 010a 03       		.uleb128 0x3
 944 010b 08       		.uleb128 0x8
 945 010c 3A       		.uleb128 0x3a
 946 010d 0B       		.uleb128 0xb
 947 010e 3B       		.uleb128 0x3b
 948 010f 0B       		.uleb128 0xb
 949 0110 49       		.uleb128 0x49
 950 0111 13       		.uleb128 0x13
 951 0112 02       		.uleb128 0x2
 952 0113 18       		.uleb128 0x18
 953 0114 00       		.byte	0
 954 0115 00       		.byte	0
 955 0116 12       		.uleb128 0x12
 956 0117 34       		.uleb128 0x34
 957 0118 00       		.byte	0
 958 0119 03       		.uleb128 0x3
 959 011a 0E       		.uleb128 0xe
 960 011b 3A       		.uleb128 0x3a
 961 011c 0B       		.uleb128 0xb
 962 011d 3B       		.uleb128 0x3b
 963 011e 05       		.uleb128 0x5
 964 011f 49       		.uleb128 0x49
 965 0120 13       		.uleb128 0x13
 966 0121 3F       		.uleb128 0x3f
 967 0122 19       		.uleb128 0x19
 968 0123 3C       		.uleb128 0x3c
 969 0124 19       		.uleb128 0x19
 970 0125 00       		.byte	0
ARM GAS  C:\Users\rober\AppData\Local\Temp\ccxkMCUm.s 			page 21


 971 0126 00       		.byte	0
 972 0127 13       		.uleb128 0x13
 973 0128 35       		.uleb128 0x35
 974 0129 00       		.byte	0
 975 012a 49       		.uleb128 0x49
 976 012b 13       		.uleb128 0x13
 977 012c 00       		.byte	0
 978 012d 00       		.byte	0
 979 012e 14       		.uleb128 0x14
 980 012f 34       		.uleb128 0x34
 981 0130 00       		.byte	0
 982 0131 03       		.uleb128 0x3
 983 0132 0E       		.uleb128 0xe
 984 0133 3A       		.uleb128 0x3a
 985 0134 0B       		.uleb128 0xb
 986 0135 3B       		.uleb128 0x3b
 987 0136 0B       		.uleb128 0xb
 988 0137 49       		.uleb128 0x49
 989 0138 13       		.uleb128 0x13
 990 0139 3F       		.uleb128 0x3f
 991 013a 19       		.uleb128 0x19
 992 013b 02       		.uleb128 0x2
 993 013c 18       		.uleb128 0x18
 994 013d 00       		.byte	0
 995 013e 00       		.byte	0
 996 013f 00       		.byte	0
 997              		.section	.debug_aranges,"",%progbits
 998 0000 5C000000 		.4byte	0x5c
 999 0004 0200     		.2byte	0x2
 1000 0006 00000000 		.4byte	.Ldebug_info0
 1001 000a 04       		.byte	0x4
 1002 000b 00       		.byte	0
 1003 000c 0000     		.2byte	0
 1004 000e 0000     		.2byte	0
 1005 0010 00000000 		.4byte	.LFB132
 1006 0014 18000000 		.4byte	.LFE132-.LFB132
 1007 0018 00000000 		.4byte	.LFB133
 1008 001c 30000000 		.4byte	.LFE133-.LFB133
 1009 0020 00000000 		.4byte	.LFB134
 1010 0024 0C000000 		.4byte	.LFE134-.LFB134
 1011 0028 00000000 		.4byte	.LFB135
 1012 002c 0E000000 		.4byte	.LFE135-.LFB135
 1013 0030 00000000 		.4byte	.LFB136
 1014 0034 14000000 		.4byte	.LFE136-.LFB136
 1015 0038 00000000 		.4byte	.LFB137
 1016 003c 14000000 		.4byte	.LFE137-.LFB137
 1017 0040 00000000 		.4byte	.LFB138
 1018 0044 14000000 		.4byte	.LFE138-.LFB138
 1019 0048 00000000 		.4byte	.LFB139
 1020 004c 1C000000 		.4byte	.LFE139-.LFB139
 1021 0050 00000000 		.4byte	.LFB140
 1022 0054 58000000 		.4byte	.LFE140-.LFB140
 1023 0058 00000000 		.4byte	0
 1024 005c 00000000 		.4byte	0
 1025              		.section	.debug_ranges,"",%progbits
 1026              	.Ldebug_ranges0:
 1027 0000 00000000 		.4byte	.LFB132
ARM GAS  C:\Users\rober\AppData\Local\Temp\ccxkMCUm.s 			page 22


 1028 0004 18000000 		.4byte	.LFE132
 1029 0008 00000000 		.4byte	.LFB133
 1030 000c 30000000 		.4byte	.LFE133
 1031 0010 00000000 		.4byte	.LFB134
 1032 0014 0C000000 		.4byte	.LFE134
 1033 0018 00000000 		.4byte	.LFB135
 1034 001c 0E000000 		.4byte	.LFE135
 1035 0020 00000000 		.4byte	.LFB136
 1036 0024 14000000 		.4byte	.LFE136
 1037 0028 00000000 		.4byte	.LFB137
 1038 002c 14000000 		.4byte	.LFE137
 1039 0030 00000000 		.4byte	.LFB138
 1040 0034 14000000 		.4byte	.LFE138
 1041 0038 00000000 		.4byte	.LFB139
 1042 003c 1C000000 		.4byte	.LFE139
 1043 0040 00000000 		.4byte	.LFB140
 1044 0044 58000000 		.4byte	.LFE140
 1045 0048 00000000 		.4byte	0
 1046 004c 00000000 		.4byte	0
 1047              		.section	.debug_line,"",%progbits
 1048              	.Ldebug_line0:
 1049 0000 A5020000 		.section	.debug_str,"MS",%progbits,1
 1049      0200DC01 
 1049      00000201 
 1049      FB0E0D00 
 1049      01010101 
 1050              	.LASF24:
 1051 0000 4755495F 		.ascii	"GUI_X_Init\000"
 1051      585F496E 
 1051      697400
 1052              	.LASF5:
 1053 000b 5F5F696E 		.ascii	"__int32_t\000"
 1053      7433325F 
 1053      7400
 1054              	.LASF27:
 1055 0015 4755495F 		.ascii	"GUI_X_Log\000"
 1055      585F4C6F 
 1055      6700
 1056              	.LASF4:
 1057 001f 6C6F6E67 		.ascii	"long int\000"
 1057      20696E74 
 1057      00
 1058              	.LASF16:
 1059 0028 666C6F61 		.ascii	"float\000"
 1059      7400
 1060              	.LASF28:
 1061 002e 4755495F 		.ascii	"GUI_X_Warn\000"
 1061      585F5761 
 1061      726E00
 1062              	.LASF0:
 1063 0039 7369676E 		.ascii	"signed char\000"
 1063      65642063 
 1063      68617200 
 1064              	.LASF20:
 1065 0045 43595F53 		.ascii	"CY_SYSTICK_CLOCK_SOURCE_CLK_ECO\000"
 1065      59535449 
 1065      434B5F43 
ARM GAS  C:\Users\rober\AppData\Local\Temp\ccxkMCUm.s 			page 23


 1065      4C4F434B 
 1065      5F534F55 
 1066              	.LASF1:
 1067 0065 756E7369 		.ascii	"unsigned char\000"
 1067      676E6564 
 1067      20636861 
 1067      7200
 1068              	.LASF7:
 1069 0073 6C6F6E67 		.ascii	"long unsigned int\000"
 1069      20756E73 
 1069      69676E65 
 1069      6420696E 
 1069      7400
 1070              	.LASF3:
 1071 0085 73686F72 		.ascii	"short unsigned int\000"
 1071      7420756E 
 1071      7369676E 
 1071      65642069 
 1071      6E7400
 1072              	.LASF26:
 1073 0098 4755495F 		.ascii	"GUI_X_Delay\000"
 1073      585F4465 
 1073      6C617900 
 1074              	.LASF18:
 1075 00a4 43595F53 		.ascii	"CY_SYSTICK_CLOCK_SOURCE_CLK_LF\000"
 1075      59535449 
 1075      434B5F43 
 1075      4C4F434B 
 1075      5F534F55 
 1076              	.LASF35:
 1077 00c3 474E5520 		.ascii	"GNU C11 5.4.1 20160609 (release) [ARM/embedded-5-br"
 1077      43313120 
 1077      352E342E 
 1077      31203230 
 1077      31363036 
 1078 00f6 616E6368 		.ascii	"anch revision 237715] -mcpu=cortex-m4 -mfloat-abi=s"
 1078      20726576 
 1078      6973696F 
 1078      6E203233 
 1078      37373135 
 1079 0129 6F667466 		.ascii	"oftfp -mfpu=fpv4-sp-d16 -mthumb -g -O0 -ffunction-s"
 1079      70202D6D 
 1079      6670753D 
 1079      66707634 
 1079      2D73702D 
 1080 015c 65637469 		.ascii	"ections -ffat-lto-objects\000"
 1080      6F6E7320 
 1080      2D666661 
 1080      742D6C74 
 1080      6F2D6F62 
 1081              	.LASF33:
 1082 0176 49544D5F 		.ascii	"ITM_RxBuffer\000"
 1082      52784275 
 1082      66666572 
 1082      00
 1083              	.LASF17:
 1084 0183 646F7562 		.ascii	"double\000"
ARM GAS  C:\Users\rober\AppData\Local\Temp\ccxkMCUm.s 			page 24


 1084      6C6500
 1085              	.LASF6:
 1086 018a 5F5F7569 		.ascii	"__uint32_t\000"
 1086      6E743332 
 1086      5F7400
 1087              	.LASF22:
 1088 0195 43595F53 		.ascii	"CY_SYSTICK_CLOCK_SOURCE_CLK_CPU\000"
 1088      59535449 
 1088      434B5F43 
 1088      4C4F434B 
 1088      5F534F55 
 1089              	.LASF37:
 1090 01b5 433A5C55 		.ascii	"C:\\Users\\rober\\Desktop\\SMIW\\projekt_smiw\\CE22"
 1090      73657273 
 1090      5C726F62 
 1090      65725C44 
 1090      65736B74 
 1091 01e2 33373237 		.ascii	"3727_EmWin_EInk_Display01\\CE223727_EmWin_EInk_Disp"
 1091      5F456D57 
 1091      696E5F45 
 1091      496E6B5F 
 1091      44697370 
 1092 0214 6C617930 		.ascii	"lay01.cydsn\000"
 1092      312E6379 
 1092      64736E00 
 1093              	.LASF30:
 1094 0220 4755495F 		.ascii	"GUI_X_Systick_Intr\000"
 1094      585F5379 
 1094      73746963 
 1094      6B5F496E 
 1094      747200
 1095              	.LASF29:
 1096 0233 4755495F 		.ascii	"GUI_X_ErrorOut\000"
 1096      585F4572 
 1096      726F724F 
 1096      757400
 1097              	.LASF10:
 1098 0242 756E7369 		.ascii	"unsigned int\000"
 1098      676E6564 
 1098      20696E74 
 1098      00
 1099              	.LASF9:
 1100 024f 6C6F6E67 		.ascii	"long long unsigned int\000"
 1100      206C6F6E 
 1100      6720756E 
 1100      7369676E 
 1100      65642069 
 1101              	.LASF34:
 1102 0266 4F535F54 		.ascii	"OS_TimeMS\000"
 1102      696D654D 
 1102      5300
 1103              	.LASF11:
 1104 0270 696E7433 		.ascii	"int32_t\000"
 1104      325F7400 
 1105              	.LASF13:
 1106 0278 73697A65 		.ascii	"sizetype\000"
 1106      74797065 
ARM GAS  C:\Users\rober\AppData\Local\Temp\ccxkMCUm.s 			page 25


 1106      00
 1107              	.LASF32:
 1108 0281 74456E64 		.ascii	"tEnd\000"
 1108      00
 1109              	.LASF8:
 1110 0286 6C6F6E67 		.ascii	"long long int\000"
 1110      206C6F6E 
 1110      6720696E 
 1110      7400
 1111              	.LASF15:
 1112 0294 63686172 		.ascii	"char\000"
 1112      00
 1113              	.LASF31:
 1114 0299 4755495F 		.ascii	"GUI_X_Systick_Init\000"
 1114      585F5379 
 1114      73746963 
 1114      6B5F496E 
 1114      697400
 1115              	.LASF25:
 1116 02ac 4755495F 		.ascii	"GUI_X_ExecIdle\000"
 1116      585F4578 
 1116      65634964 
 1116      6C6500
 1117              	.LASF38:
 1118 02bb 4755495F 		.ascii	"GUI_X_GetTime\000"
 1118      585F4765 
 1118      7454696D 
 1118      6500
 1119              	.LASF2:
 1120 02c9 73686F72 		.ascii	"short int\000"
 1120      7420696E 
 1120      7400
 1121              	.LASF12:
 1122 02d3 75696E74 		.ascii	"uint32_t\000"
 1122      33325F74 
 1122      00
 1123              	.LASF21:
 1124 02dc 43595F53 		.ascii	"CY_SYSTICK_CLOCK_SOURCE_CLK_TIMER\000"
 1124      59535449 
 1124      434B5F43 
 1124      4C4F434B 
 1124      5F534F55 
 1125              	.LASF23:
 1126 02fe 6C6F6E67 		.ascii	"long double\000"
 1126      20646F75 
 1126      626C6500 
 1127              	.LASF36:
 1128 030a 4755495F 		.ascii	"GUI_X.c\000"
 1128      582E6300 
 1129              	.LASF14:
 1130 0312 63686172 		.ascii	"char_t\000"
 1130      5F7400
 1131              	.LASF19:
 1132 0319 43595F53 		.ascii	"CY_SYSTICK_CLOCK_SOURCE_CLK_IMO\000"
 1132      59535449 
 1132      434B5F43 
 1132      4C4F434B 
ARM GAS  C:\Users\rober\AppData\Local\Temp\ccxkMCUm.s 			page 26


 1132      5F534F55 
 1133              		.ident	"GCC: (GNU Tools for ARM Embedded Processors) 5.4.1 20160609 (release) [ARM/embedded-5-bran
