ARM GAS  C:\Users\rober\AppData\Local\Temp\ccHv6cyi.s 			page 1


   1              		.syntax unified
   2              		.cpu cortex-m4
   3              		.eabi_attribute 27, 1
   4              		.fpu fpv4-sp-d16
   5              		.eabi_attribute 20, 1
   6              		.eabi_attribute 21, 1
   7              		.eabi_attribute 23, 3
   8              		.eabi_attribute 24, 1
   9              		.eabi_attribute 25, 1
  10              		.eabi_attribute 26, 1
  11              		.eabi_attribute 30, 6
  12              		.eabi_attribute 34, 1
  13              		.eabi_attribute 18, 4
  14              		.thumb
  15              		.syntax unified
  16              		.file	"GUIConf.c"
  17              		.text
  18              	.Ltext0:
  19              		.cfi_sections	.debug_frame
  20              		.section	.text.GUI_X_Config,"ax",%progbits
  21              		.align	2
  22              		.global	GUI_X_Config
  23              		.thumb
  24              		.thumb_func
  25              		.type	GUI_X_Config, %function
  26              	GUI_X_Config:
  27              	.LFB0:
  28              		.file 1 "GUIConf.c"
   1:GUIConf.c     **** /*********************************************************************
   2:GUIConf.c     **** *                SEGGER Microcontroller GmbH & Co. KG                *
   3:GUIConf.c     **** *        Solutions for real time microcontroller applications        *
   4:GUIConf.c     **** **********************************************************************
   5:GUIConf.c     **** *                                                                    *
   6:GUIConf.c     **** *        (c) 1996 - 2017  SEGGER Microcontroller GmbH & Co. KG       *
   7:GUIConf.c     **** *                                                                    *
   8:GUIConf.c     **** *        Internet: www.segger.com    Support:  support@segger.com    *
   9:GUIConf.c     **** *                                                                    *
  10:GUIConf.c     **** **********************************************************************
  11:GUIConf.c     **** 
  12:GUIConf.c     **** ** emWin V5.46 - Graphical user interface for embedded applications **
  13:GUIConf.c     **** All  Intellectual Property rights  in the Software belongs to  SEGGER.
  14:GUIConf.c     **** emWin is protected by  international copyright laws.  Knowledge of the
  15:GUIConf.c     **** source code may not be used to write a similar product.  This file may
  16:GUIConf.c     **** only be used in accordance with the following terms:
  17:GUIConf.c     **** 
  18:GUIConf.c     **** The software  has been licensed to  Cypress Semiconductor Corporation,
  19:GUIConf.c     **** whose registered  office is situated  at 198 Champion Ct. San Jose, CA 
  20:GUIConf.c     **** 95134 USA  solely for the  purposes of creating  libraries for Cypress
  21:GUIConf.c     **** PSoC3 and  PSoC5 processor-based devices,  sublicensed and distributed
  22:GUIConf.c     **** under  the  terms  and  conditions  of  the  Cypress  End User License
  23:GUIConf.c     **** Agreement.
  24:GUIConf.c     **** Full source code is available at: www.segger.com
  25:GUIConf.c     **** 
  26:GUIConf.c     **** We appreciate your understanding and fairness.
  27:GUIConf.c     **** ----------------------------------------------------------------------
  28:GUIConf.c     **** Licensing information
  29:GUIConf.c     **** Licensor:                 SEGGER Microcontroller Systems LLC
ARM GAS  C:\Users\rober\AppData\Local\Temp\ccHv6cyi.s 			page 2


  30:GUIConf.c     **** Licensed to:              Cypress Semiconductor Corp, 198 Champion Ct., San Jose, CA 95134, USA
  31:GUIConf.c     **** Licensed SEGGER software: emWin
  32:GUIConf.c     **** License number:           GUI-00319
  33:GUIConf.c     **** License model:            Services and License Agreement, signed June 10th, 2009
  34:GUIConf.c     **** Licensed platform:        Any Cypress platform (Initial targets are: PSoC3, PSoC5)
  35:GUIConf.c     **** ----------------------------------------------------------------------
  36:GUIConf.c     **** Support and Update Agreement (SUA)
  37:GUIConf.c     **** SUA period:               2009-06-12 - 2022-07-27
  38:GUIConf.c     **** Contact to extend SUA:    sales@segger.com
  39:GUIConf.c     **** ----------------------------------------------------------------------
  40:GUIConf.c     **** File        : GUIConf.c
  41:GUIConf.c     **** Purpose     : Display controller initialization
  42:GUIConf.c     **** ---------------------------END-OF-HEADER------------------------------
  43:GUIConf.c     **** */
  44:GUIConf.c     **** 
  45:GUIConf.c     **** #include "GUI.h"
  46:GUIConf.c     **** 
  47:GUIConf.c     **** /*********************************************************************
  48:GUIConf.c     **** *
  49:GUIConf.c     **** *       Defines
  50:GUIConf.c     **** *
  51:GUIConf.c     **** **********************************************************************
  52:GUIConf.c     **** */
  53:GUIConf.c     **** //
  54:GUIConf.c     **** // Define the available number of bytes available for the GUI
  55:GUIConf.c     **** //
  56:GUIConf.c     **** #define GUI_NUMBYTES  0x0100
  57:GUIConf.c     **** 
  58:GUIConf.c     **** /*********************************************************************
  59:GUIConf.c     **** *
  60:GUIConf.c     **** *       Public code
  61:GUIConf.c     **** *
  62:GUIConf.c     **** **********************************************************************
  63:GUIConf.c     **** */
  64:GUIConf.c     **** /*********************************************************************
  65:GUIConf.c     **** *
  66:GUIConf.c     **** *       GUI_X_Config
  67:GUIConf.c     **** *
  68:GUIConf.c     **** * Purpose:
  69:GUIConf.c     **** *   Called during the initialization process in order to set up the
  70:GUIConf.c     **** *   available memory for the GUI.
  71:GUIConf.c     **** */
  72:GUIConf.c     **** void GUI_X_Config(void) {
  29              		.loc 1 72 0
  30              		.cfi_startproc
  31              		@ args = 0, pretend = 0, frame = 0
  32              		@ frame_needed = 1, uses_anonymous_args = 0
  33 0000 80B5     		push	{r7, lr}
  34              		.cfi_def_cfa_offset 8
  35              		.cfi_offset 7, -8
  36              		.cfi_offset 14, -4
  37 0002 00AF     		add	r7, sp, #0
  38              		.cfi_def_cfa_register 7
  73:GUIConf.c     ****   //
  74:GUIConf.c     ****   // 32 bit aligned memory area
  75:GUIConf.c     ****   //
  76:GUIConf.c     ****   static U32 aMemory[GUI_NUMBYTES / 4];
ARM GAS  C:\Users\rober\AppData\Local\Temp\ccHv6cyi.s 			page 3


  77:GUIConf.c     ****   //
  78:GUIConf.c     ****   // Assign memory to emWin
  79:GUIConf.c     ****   //
  80:GUIConf.c     ****   GUI_ALLOC_AssignMemory(aMemory, GUI_NUMBYTES);
  39              		.loc 1 80 0
  40 0004 4FF48071 		mov	r1, #256
  41 0008 0348     		ldr	r0, .L2
  42 000a FFF7FEFF 		bl	GUI_ALLOC_AssignMemory
  81:GUIConf.c     ****   //
  82:GUIConf.c     ****   // Set default font
  83:GUIConf.c     ****   //
  84:GUIConf.c     ****   GUI_SetDefaultFont(GUI_FONT_6X8);
  43              		.loc 1 84 0
  44 000e 0348     		ldr	r0, .L2+4
  45 0010 FFF7FEFF 		bl	GUI_SetDefaultFont
  85:GUIConf.c     **** }
  46              		.loc 1 85 0
  47 0014 00BF     		nop
  48 0016 80BD     		pop	{r7, pc}
  49              	.L3:
  50              		.align	2
  51              	.L2:
  52 0018 00000000 		.word	aMemory.8080
  53 001c 00000000 		.word	GUI_Font6x8
  54              		.cfi_endproc
  55              	.LFE0:
  56              		.size	GUI_X_Config, .-GUI_X_Config
  57              		.bss
  58              		.align	2
  59              	aMemory.8080:
  60 0000 00000000 		.space	256
  60      00000000 
  60      00000000 
  60      00000000 
  60      00000000 
  61              		.text
  62              	.Letext0:
  63              		.file 2 "Generated_Source\\PSoC6\\pdl\\middleware/emWin/code/include/GUI_Type.h"
  64              		.file 3 "Generated_Source\\PSoC6\\pdl\\middleware/emWin/code/include/GUI.h"
  65              		.section	.debug_info,"",%progbits
  66              	.Ldebug_info0:
  67 0000 FB050000 		.4byte	0x5fb
  68 0004 0400     		.2byte	0x4
  69 0006 00000000 		.4byte	.Ldebug_abbrev0
  70 000a 04       		.byte	0x4
  71 000b 01       		.uleb128 0x1
  72 000c AB000000 		.4byte	.LASF65
  73 0010 0C       		.byte	0xc
  74 0011 87030000 		.4byte	.LASF66
  75 0015 F7010000 		.4byte	.LASF67
  76 0019 00000000 		.4byte	.Ldebug_ranges0+0
  77 001d 00000000 		.4byte	0
  78 0021 00000000 		.4byte	.Ldebug_line0
  79 0025 02       		.uleb128 0x2
  80 0026 04       		.byte	0x4
  81 0027 05       		.byte	0x5
  82 0028 696E7400 		.ascii	"int\000"
ARM GAS  C:\Users\rober\AppData\Local\Temp\ccHv6cyi.s 			page 4


  83 002c 03       		.uleb128 0x3
  84 002d 04       		.byte	0x4
  85 002e 07       		.byte	0x7
  86 002f C4020000 		.4byte	.LASF0
  87 0033 03       		.uleb128 0x3
  88 0034 08       		.byte	0x8
  89 0035 05       		.byte	0x5
  90 0036 74000000 		.4byte	.LASF1
  91 003a 03       		.uleb128 0x3
  92 003b 08       		.byte	0x8
  93 003c 04       		.byte	0x4
  94 003d 8D020000 		.4byte	.LASF2
  95 0041 03       		.uleb128 0x3
  96 0042 04       		.byte	0x4
  97 0043 07       		.byte	0x7
  98 0044 61030000 		.4byte	.LASF3
  99 0048 03       		.uleb128 0x3
 100 0049 02       		.byte	0x2
 101 004a 05       		.byte	0x5
 102 004b 2E000000 		.4byte	.LASF4
 103 004f 03       		.uleb128 0x3
 104 0050 01       		.byte	0x1
 105 0051 08       		.byte	0x8
 106 0052 0D030000 		.4byte	.LASF5
 107 0056 03       		.uleb128 0x3
 108 0057 01       		.byte	0x1
 109 0058 08       		.byte	0x8
 110 0059 7F020000 		.4byte	.LASF6
 111 005d 03       		.uleb128 0x3
 112 005e 04       		.byte	0x4
 113 005f 05       		.byte	0x5
 114 0060 D2010000 		.4byte	.LASF7
 115 0064 04       		.uleb128 0x4
 116 0065 04       		.byte	0x4
 117 0066 6A000000 		.4byte	0x6a
 118 006a 05       		.uleb128 0x5
 119 006b 56000000 		.4byte	0x56
 120 006f 04       		.uleb128 0x4
 121 0070 04       		.byte	0x4
 122 0071 75000000 		.4byte	0x75
 123 0075 06       		.uleb128 0x6
 124 0076 04       		.uleb128 0x4
 125 0077 04       		.byte	0x4
 126 0078 7C000000 		.4byte	0x7c
 127 007c 05       		.uleb128 0x5
 128 007d 4F000000 		.4byte	0x4f
 129 0081 03       		.uleb128 0x3
 130 0082 02       		.byte	0x2
 131 0083 07       		.byte	0x7
 132 0084 FA020000 		.4byte	.LASF8
 133 0088 07       		.uleb128 0x7
 134 0089 04       		.byte	0x4
 135 008a 02       		.byte	0x2
 136 008b B6       		.byte	0xb6
 137 008c A7000000 		.4byte	0xa7
 138 0090 08       		.uleb128 0x8
 139 0091 633000   		.ascii	"c0\000"
ARM GAS  C:\Users\rober\AppData\Local\Temp\ccHv6cyi.s 			page 5


 140 0094 02       		.byte	0x2
 141 0095 B7       		.byte	0xb7
 142 0096 48000000 		.4byte	0x48
 143 009a 00       		.byte	0
 144 009b 08       		.uleb128 0x8
 145 009c 633100   		.ascii	"c1\000"
 146 009f 02       		.byte	0x2
 147 00a0 B8       		.byte	0xb8
 148 00a1 48000000 		.4byte	0x48
 149 00a5 02       		.byte	0x2
 150 00a6 00       		.byte	0
 151 00a7 09       		.uleb128 0x9
 152 00a8 82000000 		.4byte	.LASF12
 153 00ac 02       		.byte	0x2
 154 00ad B9       		.byte	0xb9
 155 00ae 88000000 		.4byte	0x88
 156 00b2 07       		.uleb128 0x7
 157 00b3 08       		.byte	0x8
 158 00b4 02       		.byte	0x2
 159 00b5 BB       		.byte	0xbb
 160 00b6 DF000000 		.4byte	0xdf
 161 00ba 0A       		.uleb128 0xa
 162 00bb 12030000 		.4byte	.LASF9
 163 00bf 02       		.byte	0x2
 164 00c0 BC       		.byte	0xbc
 165 00c1 81000000 		.4byte	0x81
 166 00c5 00       		.byte	0
 167 00c6 0A       		.uleb128 0xa
 168 00c7 10040000 		.4byte	.LASF10
 169 00cb 02       		.byte	0x2
 170 00cc BD       		.byte	0xbd
 171 00cd 81000000 		.4byte	0x81
 172 00d1 02       		.byte	0x2
 173 00d2 0A       		.uleb128 0xa
 174 00d3 00000000 		.4byte	.LASF11
 175 00d7 02       		.byte	0x2
 176 00d8 BE       		.byte	0xbe
 177 00d9 DF000000 		.4byte	0xdf
 178 00dd 04       		.byte	0x4
 179 00de 00       		.byte	0
 180 00df 04       		.uleb128 0x4
 181 00e0 04       		.byte	0x4
 182 00e1 E5000000 		.4byte	0xe5
 183 00e5 05       		.uleb128 0x5
 184 00e6 A7000000 		.4byte	0xa7
 185 00ea 09       		.uleb128 0x9
 186 00eb 97010000 		.4byte	.LASF13
 187 00ef 02       		.byte	0x2
 188 00f0 BF       		.byte	0xbf
 189 00f1 B2000000 		.4byte	0xb2
 190 00f5 07       		.uleb128 0x7
 191 00f6 08       		.byte	0x8
 192 00f7 02       		.byte	0x2
 193 00f8 C1       		.byte	0xc1
 194 00f9 2E010000 		.4byte	0x12e
 195 00fd 0A       		.uleb128 0xa
 196 00fe 5E010000 		.4byte	.LASF14
ARM GAS  C:\Users\rober\AppData\Local\Temp\ccHv6cyi.s 			page 6


 197 0102 02       		.byte	0x2
 198 0103 C2       		.byte	0xc2
 199 0104 56000000 		.4byte	0x56
 200 0108 00       		.byte	0
 201 0109 0A       		.uleb128 0xa
 202 010a BE020000 		.4byte	.LASF15
 203 010e 02       		.byte	0x2
 204 010f C3       		.byte	0xc3
 205 0110 56000000 		.4byte	0x56
 206 0114 01       		.byte	0x1
 207 0115 0A       		.uleb128 0xa
 208 0116 41000000 		.4byte	.LASF16
 209 011a 02       		.byte	0x2
 210 011b C4       		.byte	0xc4
 211 011c 56000000 		.4byte	0x56
 212 0120 02       		.byte	0x2
 213 0121 0A       		.uleb128 0xa
 214 0122 1E000000 		.4byte	.LASF17
 215 0126 02       		.byte	0x2
 216 0127 C5       		.byte	0xc5
 217 0128 64000000 		.4byte	0x64
 218 012c 04       		.byte	0x4
 219 012d 00       		.byte	0
 220 012e 09       		.uleb128 0x9
 221 012f 06000000 		.4byte	.LASF18
 222 0133 02       		.byte	0x2
 223 0134 C6       		.byte	0xc6
 224 0135 F5000000 		.4byte	0xf5
 225 0139 07       		.uleb128 0x7
 226 013a 0C       		.byte	0xc
 227 013b 02       		.byte	0x2
 228 013c C8       		.byte	0xc8
 229 013d 8A010000 		.4byte	0x18a
 230 0141 0A       		.uleb128 0xa
 231 0142 5E010000 		.4byte	.LASF14
 232 0146 02       		.byte	0x2
 233 0147 C9       		.byte	0xc9
 234 0148 56000000 		.4byte	0x56
 235 014c 00       		.byte	0
 236 014d 0A       		.uleb128 0xa
 237 014e F4020000 		.4byte	.LASF19
 238 0152 02       		.byte	0x2
 239 0153 CA       		.byte	0xca
 240 0154 56000000 		.4byte	0x56
 241 0158 01       		.byte	0x1
 242 0159 0A       		.uleb128 0xa
 243 015a 84010000 		.4byte	.LASF20
 244 015e 02       		.byte	0x2
 245 015f CB       		.byte	0xcb
 246 0160 8A010000 		.4byte	0x18a
 247 0164 02       		.byte	0x2
 248 0165 0A       		.uleb128 0xa
 249 0166 D1020000 		.4byte	.LASF21
 250 016a 02       		.byte	0x2
 251 016b CC       		.byte	0xcc
 252 016c 8A010000 		.4byte	0x18a
 253 0170 03       		.byte	0x3
ARM GAS  C:\Users\rober\AppData\Local\Temp\ccHv6cyi.s 			page 7


 254 0171 0A       		.uleb128 0xa
 255 0172 BE020000 		.4byte	.LASF15
 256 0176 02       		.byte	0x2
 257 0177 CD       		.byte	0xcd
 258 0178 56000000 		.4byte	0x56
 259 017c 04       		.byte	0x4
 260 017d 0A       		.uleb128 0xa
 261 017e 1E000000 		.4byte	.LASF17
 262 0182 02       		.byte	0x2
 263 0183 CE       		.byte	0xce
 264 0184 64000000 		.4byte	0x64
 265 0188 08       		.byte	0x8
 266 0189 00       		.byte	0
 267 018a 03       		.uleb128 0x3
 268 018b 01       		.byte	0x1
 269 018c 06       		.byte	0x6
 270 018d B2020000 		.4byte	.LASF22
 271 0191 09       		.uleb128 0x9
 272 0192 DB010000 		.4byte	.LASF23
 273 0196 02       		.byte	0x2
 274 0197 CF       		.byte	0xcf
 275 0198 39010000 		.4byte	0x139
 276 019c 0B       		.uleb128 0xb
 277 019d 46030000 		.4byte	.LASF28
 278 01a1 0C       		.byte	0xc
 279 01a2 02       		.byte	0x2
 280 01a3 D1       		.byte	0xd1
 281 01a4 D9010000 		.4byte	0x1d9
 282 01a8 0A       		.uleb128 0xa
 283 01a9 73030000 		.4byte	.LASF24
 284 01ad 02       		.byte	0x2
 285 01ae D2       		.byte	0xd2
 286 01af 81000000 		.4byte	0x81
 287 01b3 00       		.byte	0
 288 01b4 0A       		.uleb128 0xa
 289 01b5 CD010000 		.4byte	.LASF25
 290 01b9 02       		.byte	0x2
 291 01ba D3       		.byte	0xd3
 292 01bb 81000000 		.4byte	0x81
 293 01bf 02       		.byte	0x2
 294 01c0 0A       		.uleb128 0xa
 295 01c1 B4010000 		.4byte	.LASF26
 296 01c5 02       		.byte	0x2
 297 01c6 D4       		.byte	0xd4
 298 01c7 D9010000 		.4byte	0x1d9
 299 01cb 04       		.byte	0x4
 300 01cc 0A       		.uleb128 0xa
 301 01cd BF010000 		.4byte	.LASF27
 302 01d1 02       		.byte	0x2
 303 01d2 D5       		.byte	0xd5
 304 01d3 E4010000 		.4byte	0x1e4
 305 01d7 08       		.byte	0x8
 306 01d8 00       		.byte	0
 307 01d9 04       		.uleb128 0x4
 308 01da 04       		.byte	0x4
 309 01db DF010000 		.4byte	0x1df
 310 01df 05       		.uleb128 0x5
ARM GAS  C:\Users\rober\AppData\Local\Temp\ccHv6cyi.s 			page 8


 311 01e0 2E010000 		.4byte	0x12e
 312 01e4 04       		.uleb128 0x4
 313 01e5 04       		.byte	0x4
 314 01e6 EA010000 		.4byte	0x1ea
 315 01ea 05       		.uleb128 0x5
 316 01eb 9C010000 		.4byte	0x19c
 317 01ef 09       		.uleb128 0x9
 318 01f0 46030000 		.4byte	.LASF28
 319 01f4 02       		.byte	0x2
 320 01f5 D6       		.byte	0xd6
 321 01f6 9C010000 		.4byte	0x19c
 322 01fa 0B       		.uleb128 0xb
 323 01fb 62000000 		.4byte	.LASF29
 324 01ff 0C       		.byte	0xc
 325 0200 02       		.byte	0x2
 326 0201 D8       		.byte	0xd8
 327 0202 37020000 		.4byte	0x237
 328 0206 0A       		.uleb128 0xa
 329 0207 73030000 		.4byte	.LASF24
 330 020b 02       		.byte	0x2
 331 020c D9       		.byte	0xd9
 332 020d 81000000 		.4byte	0x81
 333 0211 00       		.byte	0
 334 0212 0A       		.uleb128 0xa
 335 0213 CD010000 		.4byte	.LASF25
 336 0217 02       		.byte	0x2
 337 0218 DA       		.byte	0xda
 338 0219 81000000 		.4byte	0x81
 339 021d 02       		.byte	0x2
 340 021e 0A       		.uleb128 0xa
 341 021f B4010000 		.4byte	.LASF26
 342 0223 02       		.byte	0x2
 343 0224 DB       		.byte	0xdb
 344 0225 37020000 		.4byte	0x237
 345 0229 04       		.byte	0x4
 346 022a 0A       		.uleb128 0xa
 347 022b BF010000 		.4byte	.LASF27
 348 022f 02       		.byte	0x2
 349 0230 DC       		.byte	0xdc
 350 0231 42020000 		.4byte	0x242
 351 0235 08       		.byte	0x8
 352 0236 00       		.byte	0
 353 0237 04       		.uleb128 0x4
 354 0238 04       		.byte	0x4
 355 0239 3D020000 		.4byte	0x23d
 356 023d 05       		.uleb128 0x5
 357 023e 91010000 		.4byte	0x191
 358 0242 04       		.uleb128 0x4
 359 0243 04       		.byte	0x4
 360 0244 48020000 		.4byte	0x248
 361 0248 05       		.uleb128 0x5
 362 0249 FA010000 		.4byte	0x1fa
 363 024d 09       		.uleb128 0x9
 364 024e 62000000 		.4byte	.LASF29
 365 0252 02       		.byte	0x2
 366 0253 DD       		.byte	0xdd
 367 0254 FA010000 		.4byte	0x1fa
ARM GAS  C:\Users\rober\AppData\Local\Temp\ccHv6cyi.s 			page 9


 368 0258 07       		.uleb128 0x7
 369 0259 14       		.byte	0x14
 370 025a 02       		.byte	0x2
 371 025b DF       		.byte	0xdf
 372 025c C1020000 		.4byte	0x2c1
 373 0260 0A       		.uleb128 0xa
 374 0261 1E000000 		.4byte	.LASF17
 375 0265 02       		.byte	0x2
 376 0266 E0       		.byte	0xe0
 377 0267 64000000 		.4byte	0x64
 378 026b 00       		.byte	0
 379 026c 0A       		.uleb128 0xa
 380 026d EC010000 		.4byte	.LASF30
 381 0271 02       		.byte	0x2
 382 0272 E1       		.byte	0xe1
 383 0273 64000000 		.4byte	0x64
 384 0277 04       		.byte	0x4
 385 0278 0A       		.uleb128 0xa
 386 0279 5B000000 		.4byte	.LASF31
 387 027d 02       		.byte	0x2
 388 027e E2       		.byte	0xe2
 389 027f C1020000 		.4byte	0x2c1
 390 0283 08       		.byte	0x8
 391 0284 0A       		.uleb128 0xa
 392 0285 12030000 		.4byte	.LASF9
 393 0289 02       		.byte	0x2
 394 028a E3       		.byte	0xe3
 395 028b 81000000 		.4byte	0x81
 396 028f 0C       		.byte	0xc
 397 0290 0A       		.uleb128 0xa
 398 0291 10040000 		.4byte	.LASF10
 399 0295 02       		.byte	0x2
 400 0296 E4       		.byte	0xe4
 401 0297 81000000 		.4byte	0x81
 402 029b 0E       		.byte	0xe
 403 029c 0A       		.uleb128 0xa
 404 029d 5E010000 		.4byte	.LASF14
 405 02a1 02       		.byte	0x2
 406 02a2 E5       		.byte	0xe5
 407 02a3 56000000 		.4byte	0x56
 408 02a7 10       		.byte	0x10
 409 02a8 0A       		.uleb128 0xa
 410 02a9 BE020000 		.4byte	.LASF15
 411 02ad 02       		.byte	0x2
 412 02ae E6       		.byte	0xe6
 413 02af 56000000 		.4byte	0x56
 414 02b3 11       		.byte	0x11
 415 02b4 0A       		.uleb128 0xa
 416 02b5 41000000 		.4byte	.LASF16
 417 02b9 02       		.byte	0x2
 418 02ba E7       		.byte	0xe7
 419 02bb 56000000 		.4byte	0x56
 420 02bf 12       		.byte	0x12
 421 02c0 00       		.byte	0
 422 02c1 04       		.uleb128 0x4
 423 02c2 04       		.byte	0x4
 424 02c3 C7020000 		.4byte	0x2c7
ARM GAS  C:\Users\rober\AppData\Local\Temp\ccHv6cyi.s 			page 10


 425 02c7 05       		.uleb128 0x5
 426 02c8 EA000000 		.4byte	0xea
 427 02cc 09       		.uleb128 0x9
 428 02cd 79030000 		.4byte	.LASF32
 429 02d1 02       		.byte	0x2
 430 02d2 E8       		.byte	0xe8
 431 02d3 58020000 		.4byte	0x258
 432 02d7 07       		.uleb128 0x7
 433 02d8 06       		.byte	0x6
 434 02d9 02       		.byte	0x2
 435 02da F1       		.byte	0xf1
 436 02db 10030000 		.4byte	0x310
 437 02df 0A       		.uleb128 0xa
 438 02e0 89010000 		.4byte	.LASF33
 439 02e4 02       		.byte	0x2
 440 02e5 F2       		.byte	0xf2
 441 02e6 81000000 		.4byte	0x81
 442 02ea 00       		.byte	0
 443 02eb 0A       		.uleb128 0xa
 444 02ec A2000000 		.4byte	.LASF34
 445 02f0 02       		.byte	0x2
 446 02f1 F3       		.byte	0xf3
 447 02f2 56000000 		.4byte	0x56
 448 02f6 02       		.byte	0x2
 449 02f7 0A       		.uleb128 0xa
 450 02f8 95000000 		.4byte	.LASF35
 451 02fc 02       		.byte	0x2
 452 02fd F4       		.byte	0xf4
 453 02fe 56000000 		.4byte	0x56
 454 0302 03       		.byte	0x3
 455 0303 0A       		.uleb128 0xa
 456 0304 8F010000 		.4byte	.LASF36
 457 0308 02       		.byte	0x2
 458 0309 F5       		.byte	0xf5
 459 030a 56000000 		.4byte	0x56
 460 030e 04       		.byte	0x4
 461 030f 00       		.byte	0
 462 0310 09       		.uleb128 0x9
 463 0311 03040000 		.4byte	.LASF37
 464 0315 02       		.byte	0x2
 465 0316 F6       		.byte	0xf6
 466 0317 D7020000 		.4byte	0x2d7
 467 031b 0C       		.uleb128 0xc
 468 031c 2B030000 		.4byte	.LASF38
 469 0320 02       		.byte	0x2
 470 0321 1301     		.2byte	0x113
 471 0323 27030000 		.4byte	0x327
 472 0327 0D       		.uleb128 0xd
 473 0328 25000000 		.4byte	0x25
 474 032c 3B030000 		.4byte	0x33b
 475 0330 0E       		.uleb128 0xe
 476 0331 76000000 		.4byte	0x76
 477 0335 0E       		.uleb128 0xe
 478 0336 25000000 		.4byte	0x25
 479 033a 00       		.byte	0
 480 033b 0C       		.uleb128 0xc
 481 033c D2030000 		.4byte	.LASF39
ARM GAS  C:\Users\rober\AppData\Local\Temp\ccHv6cyi.s 			page 11


 482 0340 02       		.byte	0x2
 483 0341 1401     		.2byte	0x114
 484 0343 27030000 		.4byte	0x327
 485 0347 0C       		.uleb128 0xc
 486 0348 F6030000 		.4byte	.LASF40
 487 034c 02       		.byte	0x2
 488 034d 1501     		.2byte	0x115
 489 034f 53030000 		.4byte	0x353
 490 0353 0F       		.uleb128 0xf
 491 0354 63030000 		.4byte	0x363
 492 0358 0E       		.uleb128 0xe
 493 0359 76000000 		.4byte	0x76
 494 035d 0E       		.uleb128 0xe
 495 035e 25000000 		.4byte	0x25
 496 0362 00       		.byte	0
 497 0363 10       		.uleb128 0x10
 498 0364 0C       		.byte	0xc
 499 0365 02       		.byte	0x2
 500 0366 1701     		.2byte	0x117
 501 0368 94030000 		.4byte	0x394
 502 036c 11       		.uleb128 0x11
 503 036d 1C030000 		.4byte	.LASF41
 504 0371 02       		.byte	0x2
 505 0372 1801     		.2byte	0x118
 506 0374 94030000 		.4byte	0x394
 507 0378 00       		.byte	0
 508 0379 11       		.uleb128 0x11
 509 037a 4E000000 		.4byte	.LASF42
 510 037e 02       		.byte	0x2
 511 037f 1901     		.2byte	0x119
 512 0381 9A030000 		.4byte	0x39a
 513 0385 04       		.byte	0x4
 514 0386 11       		.uleb128 0x11
 515 0387 A7020000 		.4byte	.LASF43
 516 038b 02       		.byte	0x2
 517 038c 1A01     		.2byte	0x11a
 518 038e A0030000 		.4byte	0x3a0
 519 0392 08       		.byte	0x8
 520 0393 00       		.byte	0
 521 0394 04       		.uleb128 0x4
 522 0395 04       		.byte	0x4
 523 0396 1B030000 		.4byte	0x31b
 524 039a 04       		.uleb128 0x4
 525 039b 04       		.byte	0x4
 526 039c 3B030000 		.4byte	0x33b
 527 03a0 04       		.uleb128 0x4
 528 03a1 04       		.byte	0x4
 529 03a2 47030000 		.4byte	0x347
 530 03a6 0C       		.uleb128 0xc
 531 03a7 73010000 		.4byte	.LASF44
 532 03ab 02       		.byte	0x2
 533 03ac 1B01     		.2byte	0x11b
 534 03ae 63030000 		.4byte	0x363
 535 03b2 0C       		.uleb128 0xc
 536 03b3 3D030000 		.4byte	.LASF45
 537 03b7 02       		.byte	0x2
 538 03b8 2401     		.2byte	0x124
ARM GAS  C:\Users\rober\AppData\Local\Temp\ccHv6cyi.s 			page 12


 539 03ba BE030000 		.4byte	0x3be
 540 03be 12       		.uleb128 0x12
 541 03bf 3D030000 		.4byte	.LASF45
 542 03c3 24       		.byte	0x24
 543 03c4 02       		.byte	0x2
 544 03c5 B101     		.2byte	0x1b1
 545 03c7 80040000 		.4byte	0x480
 546 03cb 11       		.uleb128 0x11
 547 03cc C1030000 		.4byte	.LASF46
 548 03d0 02       		.byte	0x2
 549 03d1 B201     		.2byte	0x1b2
 550 03d3 8B050000 		.4byte	0x58b
 551 03d7 00       		.byte	0
 552 03d8 11       		.uleb128 0x11
 553 03d9 91030000 		.4byte	.LASF47
 554 03dd 02       		.byte	0x2
 555 03de B301     		.2byte	0x1b3
 556 03e0 91050000 		.4byte	0x591
 557 03e4 04       		.byte	0x4
 558 03e5 11       		.uleb128 0x11
 559 03e6 E8030000 		.4byte	.LASF48
 560 03ea 02       		.byte	0x2
 561 03eb B401     		.2byte	0x1b4
 562 03ed 97050000 		.4byte	0x597
 563 03f1 08       		.byte	0x8
 564 03f2 11       		.uleb128 0x11
 565 03f3 13000000 		.4byte	.LASF49
 566 03f7 02       		.byte	0x2
 567 03f8 B501     		.2byte	0x1b5
 568 03fa 9D050000 		.4byte	0x59d
 569 03fe 0C       		.byte	0xc
 570 03ff 11       		.uleb128 0x11
 571 0400 99020000 		.4byte	.LASF50
 572 0404 02       		.byte	0x2
 573 0405 B601     		.2byte	0x1b6
 574 0407 A3050000 		.4byte	0x5a3
 575 040b 10       		.byte	0x10
 576 040c 11       		.uleb128 0x11
 577 040d AA010000 		.4byte	.LASF51
 578 0411 02       		.byte	0x2
 579 0412 B701     		.2byte	0x1b7
 580 0414 A9050000 		.4byte	0x5a9
 581 0418 14       		.byte	0x14
 582 0419 11       		.uleb128 0x11
 583 041a F4020000 		.4byte	.LASF19
 584 041e 02       		.byte	0x2
 585 041f B801     		.2byte	0x1b8
 586 0421 56000000 		.4byte	0x56
 587 0425 18       		.byte	0x18
 588 0426 11       		.uleb128 0x11
 589 0427 CC030000 		.4byte	.LASF52
 590 042b 02       		.byte	0x2
 591 042c B901     		.2byte	0x1b9
 592 042e 56000000 		.4byte	0x56
 593 0432 19       		.byte	0x19
 594 0433 11       		.uleb128 0x11
 595 0434 BC030000 		.4byte	.LASF53
ARM GAS  C:\Users\rober\AppData\Local\Temp\ccHv6cyi.s 			page 13


 596 0438 02       		.byte	0x2
 597 0439 BA01     		.2byte	0x1ba
 598 043b 56000000 		.4byte	0x56
 599 043f 1A       		.byte	0x1a
 600 0440 11       		.uleb128 0x11
 601 0441 9D000000 		.4byte	.LASF54
 602 0445 02       		.byte	0x2
 603 0446 BB01     		.2byte	0x1bb
 604 0448 56000000 		.4byte	0x56
 605 044c 1B       		.byte	0x1b
 606 044d 13       		.uleb128 0x13
 607 044e 7000     		.ascii	"p\000"
 608 0450 02       		.byte	0x2
 609 0451 C101     		.2byte	0x1c1
 610 0453 30050000 		.4byte	0x530
 611 0457 1C       		.byte	0x1c
 612 0458 11       		.uleb128 0x11
 613 0459 A2000000 		.4byte	.LASF34
 614 045d 02       		.byte	0x2
 615 045e C201     		.2byte	0x1c2
 616 0460 56000000 		.4byte	0x56
 617 0464 20       		.byte	0x20
 618 0465 11       		.uleb128 0x11
 619 0466 95000000 		.4byte	.LASF35
 620 046a 02       		.byte	0x2
 621 046b C301     		.2byte	0x1c3
 622 046d 56000000 		.4byte	0x56
 623 0471 21       		.byte	0x21
 624 0472 11       		.uleb128 0x11
 625 0473 8F010000 		.4byte	.LASF36
 626 0477 02       		.byte	0x2
 627 0478 C401     		.2byte	0x1c4
 628 047a 56000000 		.4byte	0x56
 629 047e 22       		.byte	0x22
 630 047f 00       		.byte	0
 631 0480 0C       		.uleb128 0xc
 632 0481 72020000 		.4byte	.LASF55
 633 0485 02       		.byte	0x2
 634 0486 2601     		.2byte	0x126
 635 0488 8C040000 		.4byte	0x48c
 636 048c 0F       		.uleb128 0xf
 637 048d 97040000 		.4byte	0x497
 638 0491 0E       		.uleb128 0xe
 639 0492 81000000 		.4byte	0x81
 640 0496 00       		.byte	0
 641 0497 0C       		.uleb128 0xc
 642 0498 D6020000 		.4byte	.LASF56
 643 049c 02       		.byte	0x2
 644 049d 2701     		.2byte	0x127
 645 049f A3040000 		.4byte	0x4a3
 646 04a3 0D       		.uleb128 0xd
 647 04a4 25000000 		.4byte	0x25
 648 04a8 B7040000 		.4byte	0x4b7
 649 04ac 0E       		.uleb128 0xe
 650 04ad 81000000 		.4byte	0x81
 651 04b1 0E       		.uleb128 0xe
 652 04b2 B7040000 		.4byte	0x4b7
ARM GAS  C:\Users\rober\AppData\Local\Temp\ccHv6cyi.s 			page 14


 653 04b6 00       		.byte	0
 654 04b7 04       		.uleb128 0x4
 655 04b8 04       		.byte	0x4
 656 04b9 25000000 		.4byte	0x25
 657 04bd 0C       		.uleb128 0xc
 658 04be A0030000 		.4byte	.LASF57
 659 04c2 02       		.byte	0x2
 660 04c3 2801     		.2byte	0x128
 661 04c5 C9040000 		.4byte	0x4c9
 662 04c9 0F       		.uleb128 0xf
 663 04ca D9040000 		.4byte	0x4d9
 664 04ce 0E       		.uleb128 0xe
 665 04cf D9040000 		.4byte	0x4d9
 666 04d3 0E       		.uleb128 0xe
 667 04d4 E4040000 		.4byte	0x4e4
 668 04d8 00       		.byte	0
 669 04d9 04       		.uleb128 0x4
 670 04da 04       		.byte	0x4
 671 04db DF040000 		.4byte	0x4df
 672 04df 05       		.uleb128 0x5
 673 04e0 B2030000 		.4byte	0x3b2
 674 04e4 04       		.uleb128 0x4
 675 04e5 04       		.byte	0x4
 676 04e6 10030000 		.4byte	0x310
 677 04ea 0C       		.uleb128 0xc
 678 04eb E7020000 		.4byte	.LASF58
 679 04ef 02       		.byte	0x2
 680 04f0 2901     		.2byte	0x129
 681 04f2 F6040000 		.4byte	0x4f6
 682 04f6 0D       		.uleb128 0xd
 683 04f7 4F000000 		.4byte	0x4f
 684 04fb 0A050000 		.4byte	0x50a
 685 04ff 0E       		.uleb128 0xe
 686 0500 D9040000 		.4byte	0x4d9
 687 0504 0E       		.uleb128 0xe
 688 0505 81000000 		.4byte	0x81
 689 0509 00       		.byte	0
 690 050a 0C       		.uleb128 0xc
 691 050b 62020000 		.4byte	.LASF59
 692 050f 02       		.byte	0x2
 693 0510 2A01     		.2byte	0x12a
 694 0512 16050000 		.4byte	0x516
 695 0516 0D       		.uleb128 0xd
 696 0517 25000000 		.4byte	0x25
 697 051b 2A050000 		.4byte	0x52a
 698 051f 0E       		.uleb128 0xe
 699 0520 81000000 		.4byte	0x81
 700 0524 0E       		.uleb128 0xe
 701 0525 2A050000 		.4byte	0x52a
 702 0529 00       		.byte	0
 703 052a 04       		.uleb128 0x4
 704 052b 04       		.byte	0x4
 705 052c 91010000 		.4byte	0x191
 706 0530 14       		.uleb128 0x14
 707 0531 04       		.byte	0x4
 708 0532 02       		.byte	0x2
 709 0533 BC01     		.2byte	0x1bc
ARM GAS  C:\Users\rober\AppData\Local\Temp\ccHv6cyi.s 			page 15


 710 0535 6A050000 		.4byte	0x56a
 711 0539 15       		.uleb128 0x15
 712 053a 24000000 		.4byte	.LASF60
 713 053e 02       		.byte	0x2
 714 053f BD01     		.2byte	0x1bd
 715 0541 6F000000 		.4byte	0x6f
 716 0545 15       		.uleb128 0x15
 717 0546 64010000 		.4byte	.LASF61
 718 054a 02       		.byte	0x2
 719 054b BE01     		.2byte	0x1be
 720 054d 6A050000 		.4byte	0x56a
 721 0551 15       		.uleb128 0x15
 722 0552 E2030000 		.4byte	.LASF62
 723 0556 02       		.byte	0x2
 724 0557 BF01     		.2byte	0x1bf
 725 0559 75050000 		.4byte	0x575
 726 055d 15       		.uleb128 0x15
 727 055e 6A010000 		.4byte	.LASF63
 728 0562 02       		.byte	0x2
 729 0563 C001     		.2byte	0x1c0
 730 0565 80050000 		.4byte	0x580
 731 0569 00       		.byte	0
 732 056a 04       		.uleb128 0x4
 733 056b 04       		.byte	0x4
 734 056c 70050000 		.4byte	0x570
 735 0570 05       		.uleb128 0x5
 736 0571 CC020000 		.4byte	0x2cc
 737 0575 04       		.uleb128 0x4
 738 0576 04       		.byte	0x4
 739 0577 7B050000 		.4byte	0x57b
 740 057b 05       		.uleb128 0x5
 741 057c EF010000 		.4byte	0x1ef
 742 0580 04       		.uleb128 0x4
 743 0581 04       		.byte	0x4
 744 0582 86050000 		.4byte	0x586
 745 0586 05       		.uleb128 0x5
 746 0587 4D020000 		.4byte	0x24d
 747 058b 04       		.uleb128 0x4
 748 058c 04       		.byte	0x4
 749 058d 80040000 		.4byte	0x480
 750 0591 04       		.uleb128 0x4
 751 0592 04       		.byte	0x4
 752 0593 97040000 		.4byte	0x497
 753 0597 04       		.uleb128 0x4
 754 0598 04       		.byte	0x4
 755 0599 BD040000 		.4byte	0x4bd
 756 059d 04       		.uleb128 0x4
 757 059e 04       		.byte	0x4
 758 059f EA040000 		.4byte	0x4ea
 759 05a3 04       		.uleb128 0x4
 760 05a4 04       		.byte	0x4
 761 05a5 0A050000 		.4byte	0x50a
 762 05a9 04       		.uleb128 0x4
 763 05aa 04       		.byte	0x4
 764 05ab AF050000 		.4byte	0x5af
 765 05af 05       		.uleb128 0x5
 766 05b0 A6030000 		.4byte	0x3a6
ARM GAS  C:\Users\rober\AppData\Local\Temp\ccHv6cyi.s 			page 16


 767 05b4 03       		.uleb128 0x3
 768 05b5 04       		.byte	0x4
 769 05b6 07       		.byte	0x7
 770 05b7 38000000 		.4byte	.LASF64
 771 05bb 16       		.uleb128 0x16
 772 05bc 54030000 		.4byte	.LASF68
 773 05c0 01       		.byte	0x1
 774 05c1 48       		.byte	0x48
 775 05c2 00000000 		.4byte	.LFB0
 776 05c6 20000000 		.4byte	.LFE0-.LFB0
 777 05ca 01       		.uleb128 0x1
 778 05cb 9C       		.byte	0x9c
 779 05cc E2050000 		.4byte	0x5e2
 780 05d0 17       		.uleb128 0x17
 781 05d1 C5010000 		.4byte	.LASF69
 782 05d5 01       		.byte	0x1
 783 05d6 4C       		.byte	0x4c
 784 05d7 E2050000 		.4byte	0x5e2
 785 05db 05       		.uleb128 0x5
 786 05dc 03       		.byte	0x3
 787 05dd 00000000 		.4byte	aMemory.8080
 788 05e1 00       		.byte	0
 789 05e2 18       		.uleb128 0x18
 790 05e3 41000000 		.4byte	0x41
 791 05e7 F2050000 		.4byte	0x5f2
 792 05eb 19       		.uleb128 0x19
 793 05ec B4050000 		.4byte	0x5b4
 794 05f0 3F       		.byte	0x3f
 795 05f1 00       		.byte	0
 796 05f2 1A       		.uleb128 0x1a
 797 05f3 B0030000 		.4byte	.LASF70
 798 05f7 03       		.byte	0x3
 799 05f8 1908     		.2byte	0x819
 800 05fa DF040000 		.4byte	0x4df
 801 05fe 00       		.byte	0
 802              		.section	.debug_abbrev,"",%progbits
 803              	.Ldebug_abbrev0:
 804 0000 01       		.uleb128 0x1
 805 0001 11       		.uleb128 0x11
 806 0002 01       		.byte	0x1
 807 0003 25       		.uleb128 0x25
 808 0004 0E       		.uleb128 0xe
 809 0005 13       		.uleb128 0x13
 810 0006 0B       		.uleb128 0xb
 811 0007 03       		.uleb128 0x3
 812 0008 0E       		.uleb128 0xe
 813 0009 1B       		.uleb128 0x1b
 814 000a 0E       		.uleb128 0xe
 815 000b 55       		.uleb128 0x55
 816 000c 17       		.uleb128 0x17
 817 000d 11       		.uleb128 0x11
 818 000e 01       		.uleb128 0x1
 819 000f 10       		.uleb128 0x10
 820 0010 17       		.uleb128 0x17
 821 0011 00       		.byte	0
 822 0012 00       		.byte	0
 823 0013 02       		.uleb128 0x2
ARM GAS  C:\Users\rober\AppData\Local\Temp\ccHv6cyi.s 			page 17


 824 0014 24       		.uleb128 0x24
 825 0015 00       		.byte	0
 826 0016 0B       		.uleb128 0xb
 827 0017 0B       		.uleb128 0xb
 828 0018 3E       		.uleb128 0x3e
 829 0019 0B       		.uleb128 0xb
 830 001a 03       		.uleb128 0x3
 831 001b 08       		.uleb128 0x8
 832 001c 00       		.byte	0
 833 001d 00       		.byte	0
 834 001e 03       		.uleb128 0x3
 835 001f 24       		.uleb128 0x24
 836 0020 00       		.byte	0
 837 0021 0B       		.uleb128 0xb
 838 0022 0B       		.uleb128 0xb
 839 0023 3E       		.uleb128 0x3e
 840 0024 0B       		.uleb128 0xb
 841 0025 03       		.uleb128 0x3
 842 0026 0E       		.uleb128 0xe
 843 0027 00       		.byte	0
 844 0028 00       		.byte	0
 845 0029 04       		.uleb128 0x4
 846 002a 0F       		.uleb128 0xf
 847 002b 00       		.byte	0
 848 002c 0B       		.uleb128 0xb
 849 002d 0B       		.uleb128 0xb
 850 002e 49       		.uleb128 0x49
 851 002f 13       		.uleb128 0x13
 852 0030 00       		.byte	0
 853 0031 00       		.byte	0
 854 0032 05       		.uleb128 0x5
 855 0033 26       		.uleb128 0x26
 856 0034 00       		.byte	0
 857 0035 49       		.uleb128 0x49
 858 0036 13       		.uleb128 0x13
 859 0037 00       		.byte	0
 860 0038 00       		.byte	0
 861 0039 06       		.uleb128 0x6
 862 003a 26       		.uleb128 0x26
 863 003b 00       		.byte	0
 864 003c 00       		.byte	0
 865 003d 00       		.byte	0
 866 003e 07       		.uleb128 0x7
 867 003f 13       		.uleb128 0x13
 868 0040 01       		.byte	0x1
 869 0041 0B       		.uleb128 0xb
 870 0042 0B       		.uleb128 0xb
 871 0043 3A       		.uleb128 0x3a
 872 0044 0B       		.uleb128 0xb
 873 0045 3B       		.uleb128 0x3b
 874 0046 0B       		.uleb128 0xb
 875 0047 01       		.uleb128 0x1
 876 0048 13       		.uleb128 0x13
 877 0049 00       		.byte	0
 878 004a 00       		.byte	0
 879 004b 08       		.uleb128 0x8
 880 004c 0D       		.uleb128 0xd
ARM GAS  C:\Users\rober\AppData\Local\Temp\ccHv6cyi.s 			page 18


 881 004d 00       		.byte	0
 882 004e 03       		.uleb128 0x3
 883 004f 08       		.uleb128 0x8
 884 0050 3A       		.uleb128 0x3a
 885 0051 0B       		.uleb128 0xb
 886 0052 3B       		.uleb128 0x3b
 887 0053 0B       		.uleb128 0xb
 888 0054 49       		.uleb128 0x49
 889 0055 13       		.uleb128 0x13
 890 0056 38       		.uleb128 0x38
 891 0057 0B       		.uleb128 0xb
 892 0058 00       		.byte	0
 893 0059 00       		.byte	0
 894 005a 09       		.uleb128 0x9
 895 005b 16       		.uleb128 0x16
 896 005c 00       		.byte	0
 897 005d 03       		.uleb128 0x3
 898 005e 0E       		.uleb128 0xe
 899 005f 3A       		.uleb128 0x3a
 900 0060 0B       		.uleb128 0xb
 901 0061 3B       		.uleb128 0x3b
 902 0062 0B       		.uleb128 0xb
 903 0063 49       		.uleb128 0x49
 904 0064 13       		.uleb128 0x13
 905 0065 00       		.byte	0
 906 0066 00       		.byte	0
 907 0067 0A       		.uleb128 0xa
 908 0068 0D       		.uleb128 0xd
 909 0069 00       		.byte	0
 910 006a 03       		.uleb128 0x3
 911 006b 0E       		.uleb128 0xe
 912 006c 3A       		.uleb128 0x3a
 913 006d 0B       		.uleb128 0xb
 914 006e 3B       		.uleb128 0x3b
 915 006f 0B       		.uleb128 0xb
 916 0070 49       		.uleb128 0x49
 917 0071 13       		.uleb128 0x13
 918 0072 38       		.uleb128 0x38
 919 0073 0B       		.uleb128 0xb
 920 0074 00       		.byte	0
 921 0075 00       		.byte	0
 922 0076 0B       		.uleb128 0xb
 923 0077 13       		.uleb128 0x13
 924 0078 01       		.byte	0x1
 925 0079 03       		.uleb128 0x3
 926 007a 0E       		.uleb128 0xe
 927 007b 0B       		.uleb128 0xb
 928 007c 0B       		.uleb128 0xb
 929 007d 3A       		.uleb128 0x3a
 930 007e 0B       		.uleb128 0xb
 931 007f 3B       		.uleb128 0x3b
 932 0080 0B       		.uleb128 0xb
 933 0081 01       		.uleb128 0x1
 934 0082 13       		.uleb128 0x13
 935 0083 00       		.byte	0
 936 0084 00       		.byte	0
 937 0085 0C       		.uleb128 0xc
ARM GAS  C:\Users\rober\AppData\Local\Temp\ccHv6cyi.s 			page 19


 938 0086 16       		.uleb128 0x16
 939 0087 00       		.byte	0
 940 0088 03       		.uleb128 0x3
 941 0089 0E       		.uleb128 0xe
 942 008a 3A       		.uleb128 0x3a
 943 008b 0B       		.uleb128 0xb
 944 008c 3B       		.uleb128 0x3b
 945 008d 05       		.uleb128 0x5
 946 008e 49       		.uleb128 0x49
 947 008f 13       		.uleb128 0x13
 948 0090 00       		.byte	0
 949 0091 00       		.byte	0
 950 0092 0D       		.uleb128 0xd
 951 0093 15       		.uleb128 0x15
 952 0094 01       		.byte	0x1
 953 0095 27       		.uleb128 0x27
 954 0096 19       		.uleb128 0x19
 955 0097 49       		.uleb128 0x49
 956 0098 13       		.uleb128 0x13
 957 0099 01       		.uleb128 0x1
 958 009a 13       		.uleb128 0x13
 959 009b 00       		.byte	0
 960 009c 00       		.byte	0
 961 009d 0E       		.uleb128 0xe
 962 009e 05       		.uleb128 0x5
 963 009f 00       		.byte	0
 964 00a0 49       		.uleb128 0x49
 965 00a1 13       		.uleb128 0x13
 966 00a2 00       		.byte	0
 967 00a3 00       		.byte	0
 968 00a4 0F       		.uleb128 0xf
 969 00a5 15       		.uleb128 0x15
 970 00a6 01       		.byte	0x1
 971 00a7 27       		.uleb128 0x27
 972 00a8 19       		.uleb128 0x19
 973 00a9 01       		.uleb128 0x1
 974 00aa 13       		.uleb128 0x13
 975 00ab 00       		.byte	0
 976 00ac 00       		.byte	0
 977 00ad 10       		.uleb128 0x10
 978 00ae 13       		.uleb128 0x13
 979 00af 01       		.byte	0x1
 980 00b0 0B       		.uleb128 0xb
 981 00b1 0B       		.uleb128 0xb
 982 00b2 3A       		.uleb128 0x3a
 983 00b3 0B       		.uleb128 0xb
 984 00b4 3B       		.uleb128 0x3b
 985 00b5 05       		.uleb128 0x5
 986 00b6 01       		.uleb128 0x1
 987 00b7 13       		.uleb128 0x13
 988 00b8 00       		.byte	0
 989 00b9 00       		.byte	0
 990 00ba 11       		.uleb128 0x11
 991 00bb 0D       		.uleb128 0xd
 992 00bc 00       		.byte	0
 993 00bd 03       		.uleb128 0x3
 994 00be 0E       		.uleb128 0xe
ARM GAS  C:\Users\rober\AppData\Local\Temp\ccHv6cyi.s 			page 20


 995 00bf 3A       		.uleb128 0x3a
 996 00c0 0B       		.uleb128 0xb
 997 00c1 3B       		.uleb128 0x3b
 998 00c2 05       		.uleb128 0x5
 999 00c3 49       		.uleb128 0x49
 1000 00c4 13       		.uleb128 0x13
 1001 00c5 38       		.uleb128 0x38
 1002 00c6 0B       		.uleb128 0xb
 1003 00c7 00       		.byte	0
 1004 00c8 00       		.byte	0
 1005 00c9 12       		.uleb128 0x12
 1006 00ca 13       		.uleb128 0x13
 1007 00cb 01       		.byte	0x1
 1008 00cc 03       		.uleb128 0x3
 1009 00cd 0E       		.uleb128 0xe
 1010 00ce 0B       		.uleb128 0xb
 1011 00cf 0B       		.uleb128 0xb
 1012 00d0 3A       		.uleb128 0x3a
 1013 00d1 0B       		.uleb128 0xb
 1014 00d2 3B       		.uleb128 0x3b
 1015 00d3 05       		.uleb128 0x5
 1016 00d4 01       		.uleb128 0x1
 1017 00d5 13       		.uleb128 0x13
 1018 00d6 00       		.byte	0
 1019 00d7 00       		.byte	0
 1020 00d8 13       		.uleb128 0x13
 1021 00d9 0D       		.uleb128 0xd
 1022 00da 00       		.byte	0
 1023 00db 03       		.uleb128 0x3
 1024 00dc 08       		.uleb128 0x8
 1025 00dd 3A       		.uleb128 0x3a
 1026 00de 0B       		.uleb128 0xb
 1027 00df 3B       		.uleb128 0x3b
 1028 00e0 05       		.uleb128 0x5
 1029 00e1 49       		.uleb128 0x49
 1030 00e2 13       		.uleb128 0x13
 1031 00e3 38       		.uleb128 0x38
 1032 00e4 0B       		.uleb128 0xb
 1033 00e5 00       		.byte	0
 1034 00e6 00       		.byte	0
 1035 00e7 14       		.uleb128 0x14
 1036 00e8 17       		.uleb128 0x17
 1037 00e9 01       		.byte	0x1
 1038 00ea 0B       		.uleb128 0xb
 1039 00eb 0B       		.uleb128 0xb
 1040 00ec 3A       		.uleb128 0x3a
 1041 00ed 0B       		.uleb128 0xb
 1042 00ee 3B       		.uleb128 0x3b
 1043 00ef 05       		.uleb128 0x5
 1044 00f0 01       		.uleb128 0x1
 1045 00f1 13       		.uleb128 0x13
 1046 00f2 00       		.byte	0
 1047 00f3 00       		.byte	0
 1048 00f4 15       		.uleb128 0x15
 1049 00f5 0D       		.uleb128 0xd
 1050 00f6 00       		.byte	0
 1051 00f7 03       		.uleb128 0x3
ARM GAS  C:\Users\rober\AppData\Local\Temp\ccHv6cyi.s 			page 21


 1052 00f8 0E       		.uleb128 0xe
 1053 00f9 3A       		.uleb128 0x3a
 1054 00fa 0B       		.uleb128 0xb
 1055 00fb 3B       		.uleb128 0x3b
 1056 00fc 05       		.uleb128 0x5
 1057 00fd 49       		.uleb128 0x49
 1058 00fe 13       		.uleb128 0x13
 1059 00ff 00       		.byte	0
 1060 0100 00       		.byte	0
 1061 0101 16       		.uleb128 0x16
 1062 0102 2E       		.uleb128 0x2e
 1063 0103 01       		.byte	0x1
 1064 0104 3F       		.uleb128 0x3f
 1065 0105 19       		.uleb128 0x19
 1066 0106 03       		.uleb128 0x3
 1067 0107 0E       		.uleb128 0xe
 1068 0108 3A       		.uleb128 0x3a
 1069 0109 0B       		.uleb128 0xb
 1070 010a 3B       		.uleb128 0x3b
 1071 010b 0B       		.uleb128 0xb
 1072 010c 27       		.uleb128 0x27
 1073 010d 19       		.uleb128 0x19
 1074 010e 11       		.uleb128 0x11
 1075 010f 01       		.uleb128 0x1
 1076 0110 12       		.uleb128 0x12
 1077 0111 06       		.uleb128 0x6
 1078 0112 40       		.uleb128 0x40
 1079 0113 18       		.uleb128 0x18
 1080 0114 9642     		.uleb128 0x2116
 1081 0116 19       		.uleb128 0x19
 1082 0117 01       		.uleb128 0x1
 1083 0118 13       		.uleb128 0x13
 1084 0119 00       		.byte	0
 1085 011a 00       		.byte	0
 1086 011b 17       		.uleb128 0x17
 1087 011c 34       		.uleb128 0x34
 1088 011d 00       		.byte	0
 1089 011e 03       		.uleb128 0x3
 1090 011f 0E       		.uleb128 0xe
 1091 0120 3A       		.uleb128 0x3a
 1092 0121 0B       		.uleb128 0xb
 1093 0122 3B       		.uleb128 0x3b
 1094 0123 0B       		.uleb128 0xb
 1095 0124 49       		.uleb128 0x49
 1096 0125 13       		.uleb128 0x13
 1097 0126 02       		.uleb128 0x2
 1098 0127 18       		.uleb128 0x18
 1099 0128 00       		.byte	0
 1100 0129 00       		.byte	0
 1101 012a 18       		.uleb128 0x18
 1102 012b 01       		.uleb128 0x1
 1103 012c 01       		.byte	0x1
 1104 012d 49       		.uleb128 0x49
 1105 012e 13       		.uleb128 0x13
 1106 012f 01       		.uleb128 0x1
 1107 0130 13       		.uleb128 0x13
 1108 0131 00       		.byte	0
ARM GAS  C:\Users\rober\AppData\Local\Temp\ccHv6cyi.s 			page 22


 1109 0132 00       		.byte	0
 1110 0133 19       		.uleb128 0x19
 1111 0134 21       		.uleb128 0x21
 1112 0135 00       		.byte	0
 1113 0136 49       		.uleb128 0x49
 1114 0137 13       		.uleb128 0x13
 1115 0138 2F       		.uleb128 0x2f
 1116 0139 0B       		.uleb128 0xb
 1117 013a 00       		.byte	0
 1118 013b 00       		.byte	0
 1119 013c 1A       		.uleb128 0x1a
 1120 013d 34       		.uleb128 0x34
 1121 013e 00       		.byte	0
 1122 013f 03       		.uleb128 0x3
 1123 0140 0E       		.uleb128 0xe
 1124 0141 3A       		.uleb128 0x3a
 1125 0142 0B       		.uleb128 0xb
 1126 0143 3B       		.uleb128 0x3b
 1127 0144 05       		.uleb128 0x5
 1128 0145 49       		.uleb128 0x49
 1129 0146 13       		.uleb128 0x13
 1130 0147 3F       		.uleb128 0x3f
 1131 0148 19       		.uleb128 0x19
 1132 0149 3C       		.uleb128 0x3c
 1133 014a 19       		.uleb128 0x19
 1134 014b 00       		.byte	0
 1135 014c 00       		.byte	0
 1136 014d 00       		.byte	0
 1137              		.section	.debug_aranges,"",%progbits
 1138 0000 1C000000 		.4byte	0x1c
 1139 0004 0200     		.2byte	0x2
 1140 0006 00000000 		.4byte	.Ldebug_info0
 1141 000a 04       		.byte	0x4
 1142 000b 00       		.byte	0
 1143 000c 0000     		.2byte	0
 1144 000e 0000     		.2byte	0
 1145 0010 00000000 		.4byte	.LFB0
 1146 0014 20000000 		.4byte	.LFE0-.LFB0
 1147 0018 00000000 		.4byte	0
 1148 001c 00000000 		.4byte	0
 1149              		.section	.debug_ranges,"",%progbits
 1150              	.Ldebug_ranges0:
 1151 0000 00000000 		.4byte	.LFB0
 1152 0004 20000000 		.4byte	.LFE0
 1153 0008 00000000 		.4byte	0
 1154 000c 00000000 		.4byte	0
 1155              		.section	.debug_line,"",%progbits
 1156              	.Ldebug_line0:
 1157 0000 89000000 		.section	.debug_str,"MS",%progbits,1
 1157      02007000 
 1157      00000201 
 1157      FB0E0D00 
 1157      01010101 
 1158              	.LASF11:
 1159 0000 704C6973 		.ascii	"pList\000"
 1159      7400
 1160              	.LASF18:
ARM GAS  C:\Users\rober\AppData\Local\Temp\ccHv6cyi.s 			page 23


 1161 0006 4755495F 		.ascii	"GUI_CHARINFO\000"
 1161      43484152 
 1161      494E464F 
 1161      00
 1162              	.LASF49:
 1163 0013 70664973 		.ascii	"pfIsInFont\000"
 1163      496E466F 
 1163      6E7400
 1164              	.LASF17:
 1165 001e 70446174 		.ascii	"pData\000"
 1165      6100
 1166              	.LASF60:
 1167 0024 70466F6E 		.ascii	"pFontData\000"
 1167      74446174 
 1167      6100
 1168              	.LASF4:
 1169 002e 73686F72 		.ascii	"short int\000"
 1169      7420696E 
 1169      7400
 1170              	.LASF64:
 1171 0038 73697A65 		.ascii	"sizetype\000"
 1171      74797065 
 1171      00
 1172              	.LASF16:
 1173 0041 42797465 		.ascii	"BytesPerLine\000"
 1173      73506572 
 1173      4C696E65 
 1173      00
 1174              	.LASF42:
 1175 004e 70664765 		.ascii	"pfGetLineLen\000"
 1175      744C696E 
 1175      654C656E 
 1175      00
 1176              	.LASF31:
 1177 005b 70547261 		.ascii	"pTrans\000"
 1177      6E7300
 1178              	.LASF29:
 1179 0062 4755495F 		.ascii	"GUI_FONT_PROP_EXT\000"
 1179      464F4E54 
 1179      5F50524F 
 1179      505F4558 
 1179      5400
 1180              	.LASF1:
 1181 0074 6C6F6E67 		.ascii	"long long int\000"
 1181      206C6F6E 
 1181      6720696E 
 1181      7400
 1182              	.LASF12:
 1183 0082 4755495F 		.ascii	"GUI_FONT_TRANSLIST\000"
 1183      464F4E54 
 1183      5F545241 
 1183      4E534C49 
 1183      535400
 1184              	.LASF35:
 1185 0095 4C486569 		.ascii	"LHeight\000"
 1185      67687400 
 1186              	.LASF54:
ARM GAS  C:\Users\rober\AppData\Local\Temp\ccHv6cyi.s 			page 24


 1187 009d 594D6167 		.ascii	"YMag\000"
 1187      00
 1188              	.LASF34:
 1189 00a2 42617365 		.ascii	"Baseline\000"
 1189      6C696E65 
 1189      00
 1190              	.LASF65:
 1191 00ab 474E5520 		.ascii	"GNU C11 5.4.1 20160609 (release) [ARM/embedded-5-br"
 1191      43313120 
 1191      352E342E 
 1191      31203230 
 1191      31363036 
 1192 00de 616E6368 		.ascii	"anch revision 237715] -mcpu=cortex-m4 -mfloat-abi=s"
 1192      20726576 
 1192      6973696F 
 1192      6E203233 
 1192      37373135 
 1193 0111 6F667466 		.ascii	"oftfp -mfpu=fpv4-sp-d16 -mthumb -g -O0 -ffunction-s"
 1193      70202D6D 
 1193      6670753D 
 1193      66707634 
 1193      2D73702D 
 1194 0144 65637469 		.ascii	"ections -ffat-lto-objects\000"
 1194      6F6E7320 
 1194      2D666661 
 1194      742D6C74 
 1194      6F2D6F62 
 1195              	.LASF14:
 1196 015e 5853697A 		.ascii	"XSize\000"
 1196      6500
 1197              	.LASF61:
 1198 0164 704D6F6E 		.ascii	"pMono\000"
 1198      6F00
 1199              	.LASF63:
 1200 016a 7050726F 		.ascii	"pPropExt\000"
 1200      70457874 
 1200      00
 1201              	.LASF44:
 1202 0173 74475549 		.ascii	"tGUI_ENC_APIList\000"
 1202      5F454E43 
 1202      5F415049 
 1202      4C697374 
 1202      00
 1203              	.LASF20:
 1204 0184 58506F73 		.ascii	"XPos\000"
 1204      00
 1205              	.LASF33:
 1206 0189 466C6167 		.ascii	"Flags\000"
 1206      7300
 1207              	.LASF36:
 1208 018f 43486569 		.ascii	"CHeight\000"
 1208      67687400 
 1209              	.LASF13:
 1210 0197 4755495F 		.ascii	"GUI_FONT_TRANSINFO\000"
 1210      464F4E54 
 1210      5F545241 
 1210      4E53494E 
ARM GAS  C:\Users\rober\AppData\Local\Temp\ccHv6cyi.s 			page 25


 1210      464F00
 1211              	.LASF51:
 1212 01aa 70616645 		.ascii	"pafEncode\000"
 1212      6E636F64 
 1212      6500
 1213              	.LASF26:
 1214 01b4 70614368 		.ascii	"paCharInfo\000"
 1214      6172496E 
 1214      666F00
 1215              	.LASF27:
 1216 01bf 704E6578 		.ascii	"pNext\000"
 1216      7400
 1217              	.LASF69:
 1218 01c5 614D656D 		.ascii	"aMemory\000"
 1218      6F727900 
 1219              	.LASF25:
 1220 01cd 4C617374 		.ascii	"Last\000"
 1220      00
 1221              	.LASF7:
 1222 01d2 6C6F6E67 		.ascii	"long int\000"
 1222      20696E74 
 1222      00
 1223              	.LASF23:
 1224 01db 4755495F 		.ascii	"GUI_CHARINFO_EXT\000"
 1224      43484152 
 1224      494E464F 
 1224      5F455854 
 1224      00
 1225              	.LASF30:
 1226 01ec 70547261 		.ascii	"pTransData\000"
 1226      6E734461 
 1226      746100
 1227              	.LASF67:
 1228 01f7 433A5C55 		.ascii	"C:\\Users\\rober\\Desktop\\SMIW\\projekt_smiw\\CE22"
 1228      73657273 
 1228      5C726F62 
 1228      65725C44 
 1228      65736B74 
 1229 0224 33373237 		.ascii	"3727_EmWin_EInk_Display01\\CE223727_EmWin_EInk_Disp"
 1229      5F456D57 
 1229      696E5F45 
 1229      496E6B5F 
 1229      44697370 
 1230 0256 6C617930 		.ascii	"lay01.cydsn\000"
 1230      312E6379 
 1230      64736E00 
 1231              	.LASF59:
 1232 0262 4755495F 		.ascii	"GUI_GETCHARINFO\000"
 1232      47455443 
 1232      48415249 
 1232      4E464F00 
 1233              	.LASF55:
 1234 0272 4755495F 		.ascii	"GUI_DISPCHAR\000"
 1234      44495350 
 1234      43484152 
 1234      00
 1235              	.LASF6:
ARM GAS  C:\Users\rober\AppData\Local\Temp\ccHv6cyi.s 			page 26


 1236 027f 756E7369 		.ascii	"unsigned char\000"
 1236      676E6564 
 1236      20636861 
 1236      7200
 1237              	.LASF2:
 1238 028d 6C6F6E67 		.ascii	"long double\000"
 1238      20646F75 
 1238      626C6500 
 1239              	.LASF50:
 1240 0299 70664765 		.ascii	"pfGetCharInfo\000"
 1240      74436861 
 1240      72496E66 
 1240      6F00
 1241              	.LASF43:
 1242 02a7 70664469 		.ascii	"pfDispLine\000"
 1242      73704C69 
 1242      6E6500
 1243              	.LASF22:
 1244 02b2 7369676E 		.ascii	"signed char\000"
 1244      65642063 
 1244      68617200 
 1245              	.LASF15:
 1246 02be 58446973 		.ascii	"XDist\000"
 1246      7400
 1247              	.LASF0:
 1248 02c4 756E7369 		.ascii	"unsigned int\000"
 1248      676E6564 
 1248      20696E74 
 1248      00
 1249              	.LASF21:
 1250 02d1 59506F73 		.ascii	"YPos\000"
 1250      00
 1251              	.LASF56:
 1252 02d6 4755495F 		.ascii	"GUI_GETCHARDISTX\000"
 1252      47455443 
 1252      48415244 
 1252      49535458 
 1252      00
 1253              	.LASF58:
 1254 02e7 4755495F 		.ascii	"GUI_ISINFONT\000"
 1254      4953494E 
 1254      464F4E54 
 1254      00
 1255              	.LASF19:
 1256 02f4 5953697A 		.ascii	"YSize\000"
 1256      6500
 1257              	.LASF8:
 1258 02fa 73686F72 		.ascii	"short unsigned int\000"
 1258      7420756E 
 1258      7369676E 
 1258      65642069 
 1258      6E7400
 1259              	.LASF5:
 1260 030d 63686172 		.ascii	"char\000"
 1260      00
 1261              	.LASF9:
 1262 0312 46697273 		.ascii	"FirstChar\000"
ARM GAS  C:\Users\rober\AppData\Local\Temp\ccHv6cyi.s 			page 27


 1262      74436861 
 1262      7200
 1263              	.LASF41:
 1264 031c 70664765 		.ascii	"pfGetLineDistX\000"
 1264      744C696E 
 1264      65446973 
 1264      745800
 1265              	.LASF38:
 1266 032b 74475549 		.ascii	"tGUI_GetLineDistX\000"
 1266      5F476574 
 1266      4C696E65 
 1266      44697374 
 1266      5800
 1267              	.LASF45:
 1268 033d 4755495F 		.ascii	"GUI_FONT\000"
 1268      464F4E54 
 1268      00
 1269              	.LASF28:
 1270 0346 4755495F 		.ascii	"GUI_FONT_PROP\000"
 1270      464F4E54 
 1270      5F50524F 
 1270      5000
 1271              	.LASF68:
 1272 0354 4755495F 		.ascii	"GUI_X_Config\000"
 1272      585F436F 
 1272      6E666967 
 1272      00
 1273              	.LASF3:
 1274 0361 6C6F6E67 		.ascii	"long unsigned int\000"
 1274      20756E73 
 1274      69676E65 
 1274      6420696E 
 1274      7400
 1275              	.LASF24:
 1276 0373 46697273 		.ascii	"First\000"
 1276      7400
 1277              	.LASF32:
 1278 0379 4755495F 		.ascii	"GUI_FONT_MONO\000"
 1278      464F4E54 
 1278      5F4D4F4E 
 1278      4F00
 1279              	.LASF66:
 1280 0387 47554943 		.ascii	"GUIConf.c\000"
 1280      6F6E662E 
 1280      6300
 1281              	.LASF47:
 1282 0391 70664765 		.ascii	"pfGetCharDistX\000"
 1282      74436861 
 1282      72446973 
 1282      745800
 1283              	.LASF57:
 1284 03a0 4755495F 		.ascii	"GUI_GETFONTINFO\000"
 1284      47455446 
 1284      4F4E5449 
 1284      4E464F00 
 1285              	.LASF70:
 1286 03b0 4755495F 		.ascii	"GUI_Font6x8\000"
ARM GAS  C:\Users\rober\AppData\Local\Temp\ccHv6cyi.s 			page 28


 1286      466F6E74 
 1286      36783800 
 1287              	.LASF53:
 1288 03bc 584D6167 		.ascii	"XMag\000"
 1288      00
 1289              	.LASF46:
 1290 03c1 70664469 		.ascii	"pfDispChar\000"
 1290      73704368 
 1290      617200
 1291              	.LASF52:
 1292 03cc 59446973 		.ascii	"YDist\000"
 1292      7400
 1293              	.LASF39:
 1294 03d2 74475549 		.ascii	"tGUI_GetLineLen\000"
 1294      5F476574 
 1294      4C696E65 
 1294      4C656E00 
 1295              	.LASF62:
 1296 03e2 7050726F 		.ascii	"pProp\000"
 1296      7000
 1297              	.LASF48:
 1298 03e8 70664765 		.ascii	"pfGetFontInfo\000"
 1298      74466F6E 
 1298      74496E66 
 1298      6F00
 1299              	.LASF40:
 1300 03f6 74474C5F 		.ascii	"tGL_DispLine\000"
 1300      44697370 
 1300      4C696E65 
 1300      00
 1301              	.LASF37:
 1302 0403 4755495F 		.ascii	"GUI_FONTINFO\000"
 1302      464F4E54 
 1302      494E464F 
 1302      00
 1303              	.LASF10:
 1304 0410 4C617374 		.ascii	"LastChar\000"
 1304      43686172 
 1304      00
 1305              		.ident	"GCC: (GNU Tools for ARM Embedded Processors) 5.4.1 20160609 (release) [ARM/embedded-5-bran
