ARM GAS  C:\Users\rober\AppData\Local\Temp\ccBOxG6v.s 			page 1


   1              		.syntax unified
   2              		.cpu cortex-m4
   3              		.eabi_attribute 27, 1
   4              		.fpu fpv4-sp-d16
   5              		.eabi_attribute 20, 1
   6              		.eabi_attribute 21, 1
   7              		.eabi_attribute 23, 3
   8              		.eabi_attribute 24, 1
   9              		.eabi_attribute 25, 1
  10              		.eabi_attribute 26, 1
  11              		.eabi_attribute 30, 6
  12              		.eabi_attribute 34, 1
  13              		.eabi_attribute 18, 4
  14              		.thumb
  15              		.syntax unified
  16              		.file	"LCDConf.c"
  17              		.text
  18              	.Ltext0:
  19              		.cfi_sections	.debug_frame
  20              		.bss
  21              		.align	2
  22              	_aPlain_0:
  23 0000 00000000 		.space	5808
  23      00000000 
  23      00000000 
  23      00000000 
  23      00000000 
  24              		.data
  25              		.align	2
  26              		.type	_VRAM_Desc, %object
  27              		.size	_VRAM_Desc, 32
  28              	_VRAM_Desc:
  29 0000 00000000 		.word	_aPlain_0
  30 0004 00000000 		.space	28
  30      00000000 
  30      00000000 
  30      00000000 
  30      00000000 
  31              		.section	.text.LCD_X_Config,"ax",%progbits
  32              		.align	2
  33              		.global	LCD_X_Config
  34              		.thumb
  35              		.thumb_func
  36              		.type	LCD_X_Config, %function
  37              	LCD_X_Config:
  38              	.LFB125:
  39              		.file 1 "LCDConf.c"
   1:LCDConf.c     **** /*********************************************************************
   2:LCDConf.c     **** *                SEGGER Microcontroller GmbH & Co. KG                *
   3:LCDConf.c     **** *        Solutions for real time microcontroller applications        *
   4:LCDConf.c     **** **********************************************************************
   5:LCDConf.c     **** *                                                                    *
   6:LCDConf.c     **** *        (c) 1996 - 2017  SEGGER Microcontroller GmbH & Co. KG       *
   7:LCDConf.c     **** *                                                                    *
   8:LCDConf.c     **** *        Internet: www.segger.com    Support:  support@segger.com    *
   9:LCDConf.c     **** *                                                                    *
  10:LCDConf.c     **** **********************************************************************
ARM GAS  C:\Users\rober\AppData\Local\Temp\ccBOxG6v.s 			page 2


  11:LCDConf.c     **** 
  12:LCDConf.c     **** ** emWin V5.46 - Graphical user interface for embedded applications **
  13:LCDConf.c     **** All  Intellectual Property rights  in the Software belongs to  SEGGER.
  14:LCDConf.c     **** emWin is protected by  international copyright laws.  Knowledge of the
  15:LCDConf.c     **** source code may not be used to write a similar product.  This file may
  16:LCDConf.c     **** only be used in accordance with the following terms:
  17:LCDConf.c     **** 
  18:LCDConf.c     **** The software  has been licensed to  Cypress Semiconductor Corporation,
  19:LCDConf.c     **** whose registered  office is situated  at 198 Champion Ct. San Jose, CA 
  20:LCDConf.c     **** 95134 USA  solely for the  purposes of creating  libraries for Cypress
  21:LCDConf.c     **** PSoC3 and  PSoC5 processor-based devices,  sublicensed and distributed
  22:LCDConf.c     **** under  the  terms  and  conditions  of  the  Cypress  End User License
  23:LCDConf.c     **** Agreement.
  24:LCDConf.c     **** Full source code is available at: www.segger.com
  25:LCDConf.c     **** 
  26:LCDConf.c     **** We appreciate your understanding and fairness.
  27:LCDConf.c     **** ----------------------------------------------------------------------
  28:LCDConf.c     **** Licensing information
  29:LCDConf.c     **** Licensor:                 SEGGER Microcontroller Systems LLC
  30:LCDConf.c     **** Licensed to:              Cypress Semiconductor Corp, 198 Champion Ct., San Jose, CA 95134, USA
  31:LCDConf.c     **** Licensed SEGGER software: emWin
  32:LCDConf.c     **** License number:           GUI-00319
  33:LCDConf.c     **** License model:            Services and License Agreement, signed June 10th, 2009
  34:LCDConf.c     **** Licensed platform:        Any Cypress platform (Initial targets are: PSoC3, PSoC5)
  35:LCDConf.c     **** ----------------------------------------------------------------------
  36:LCDConf.c     **** Support and Update Agreement (SUA)
  37:LCDConf.c     **** SUA period:               2009-06-12 - 2022-07-27
  38:LCDConf.c     **** Contact to extend SUA:    sales@segger.com
  39:LCDConf.c     **** ----------------------------------------------------------------------
  40:LCDConf.c     **** File        : LCDConf.c
  41:LCDConf.c     **** Purpose     : Display configuration file for GUIDRV_Bitplains to be
  42:LCDConf.c     ****               used without any display controller. This implementation
  43:LCDConf.c     ****               has been written and tested with the RSKR32C111 with
  44:LCDConf.c     ****               Visualization Add On.
  45:LCDConf.c     **** ---------------------------END-OF-HEADER------------------------------
  46:LCDConf.c     **** */
  47:LCDConf.c     **** 
  48:LCDConf.c     **** #include <stddef.h>
  49:LCDConf.c     **** #include "syslib/cy_syslib.h"
  50:LCDConf.c     **** 
  51:LCDConf.c     **** #include "GUI.h"
  52:LCDConf.c     **** 
  53:LCDConf.c     **** #include "GUIDRV_BitPlains.h"
  54:LCDConf.c     **** 
  55:LCDConf.c     **** /*********************************************************************
  56:LCDConf.c     **** *
  57:LCDConf.c     **** *       Layer configuration
  58:LCDConf.c     **** *
  59:LCDConf.c     **** **********************************************************************
  60:LCDConf.c     **** */
  61:LCDConf.c     **** //
  62:LCDConf.c     **** // Physical display size
  63:LCDConf.c     **** //
  64:LCDConf.c     **** #define XSIZE_PHYS 264
  65:LCDConf.c     **** #define YSIZE_PHYS 176
  66:LCDConf.c     **** 
  67:LCDConf.c     **** //
ARM GAS  C:\Users\rober\AppData\Local\Temp\ccBOxG6v.s 			page 3


  68:LCDConf.c     **** // Initial color conversion API
  69:LCDConf.c     **** //
  70:LCDConf.c     **** #define COLOR_CONVERSION GUICC_1
  71:LCDConf.c     **** 
  72:LCDConf.c     **** /*********************************************************************
  73:LCDConf.c     **** *
  74:LCDConf.c     **** *       Configuration checking
  75:LCDConf.c     **** *
  76:LCDConf.c     **** **********************************************************************
  77:LCDConf.c     **** */
  78:LCDConf.c     **** //
  79:LCDConf.c     **** // Checking display driver configuration
  80:LCDConf.c     **** //
  81:LCDConf.c     **** #ifndef   XSIZE_PHYS
  82:LCDConf.c     ****   #error Physical X size of display is not defined!
  83:LCDConf.c     **** #endif
  84:LCDConf.c     **** #ifndef   YSIZE_PHYS
  85:LCDConf.c     ****   #error Physical Y size of display is not defined!
  86:LCDConf.c     **** #endif
  87:LCDConf.c     **** #ifndef   COLOR_CONVERSION
  88:LCDConf.c     ****   #error Color conversion not defined!
  89:LCDConf.c     **** #endif
  90:LCDConf.c     **** 
  91:LCDConf.c     **** //
  92:LCDConf.c     **** // Number of bytes per line
  93:LCDConf.c     **** //
  94:LCDConf.c     **** #define BYTES_PER_LINE ((XSIZE_PHYS + 7) >> 3)
  95:LCDConf.c     **** 
  96:LCDConf.c     **** /*********************************************************************
  97:LCDConf.c     **** *
  98:LCDConf.c     **** *       Static data
  99:LCDConf.c     **** *
 100:LCDConf.c     **** **********************************************************************
 101:LCDConf.c     **** */
 102:LCDConf.c     **** //
 103:LCDConf.c     **** // Data arrays to be used by the display driver
 104:LCDConf.c     **** //
 105:LCDConf.c     **** static U8 _aPlain_0[BYTES_PER_LINE * YSIZE_PHYS];
 106:LCDConf.c     **** 
 107:LCDConf.c     **** //
 108:LCDConf.c     **** // Structure to be passed to the driver
 109:LCDConf.c     **** //
 110:LCDConf.c     **** static struct {
 111:LCDConf.c     ****   U8 * apVRAM[8];
 112:LCDConf.c     **** } _VRAM_Desc = {{
 113:LCDConf.c     ****   _aPlain_0,
 114:LCDConf.c     **** }};
 115:LCDConf.c     **** 
 116:LCDConf.c     **** /*********************************************************************
 117:LCDConf.c     **** *
 118:LCDConf.c     **** *       Public code
 119:LCDConf.c     **** *
 120:LCDConf.c     **** **********************************************************************
 121:LCDConf.c     **** */
 122:LCDConf.c     **** /*********************************************************************
 123:LCDConf.c     **** *
 124:LCDConf.c     **** *       LCD_X_Config
ARM GAS  C:\Users\rober\AppData\Local\Temp\ccBOxG6v.s 			page 4


 125:LCDConf.c     **** *
 126:LCDConf.c     **** * Purpose:
 127:LCDConf.c     **** *   Called during the initialization process in order to set up the
 128:LCDConf.c     **** *   display driver configuration.
 129:LCDConf.c     **** *   
 130:LCDConf.c     **** */
 131:LCDConf.c     **** void LCD_X_Config(void) {
  40              		.loc 1 131 0
  41              		.cfi_startproc
  42              		@ args = 0, pretend = 0, frame = 8
  43              		@ frame_needed = 1, uses_anonymous_args = 0
  44 0000 80B5     		push	{r7, lr}
  45              		.cfi_def_cfa_offset 8
  46              		.cfi_offset 7, -8
  47              		.cfi_offset 14, -4
  48 0002 82B0     		sub	sp, sp, #8
  49              		.cfi_def_cfa_offset 16
  50 0004 00AF     		add	r7, sp, #0
  51              		.cfi_def_cfa_register 7
 132:LCDConf.c     **** 	
 133:LCDConf.c     **** 	GUI_DEVICE * pDevice;
 134:LCDConf.c     **** 	CONFIG_BITPLAINS Config;
 135:LCDConf.c     **** 	
 136:LCDConf.c     **** 	Config.Mirror = 1;
  52              		.loc 1 136 0
  53 0006 0123     		movs	r3, #1
  54 0008 3B60     		str	r3, [r7]
 137:LCDConf.c     **** 	
 138:LCDConf.c     **** 	
 139:LCDConf.c     ****   //
 140:LCDConf.c     ****   // Set display driver and color conversion for 1st layer
 141:LCDConf.c     ****   //
 142:LCDConf.c     ****   pDevice = GUI_DEVICE_CreateAndLink(GUIDRV_BITPLAINS, COLOR_CONVERSION, 0, 0);
  55              		.loc 1 142 0
  56 000a 0023     		movs	r3, #0
  57 000c 0022     		movs	r2, #0
  58 000e 1849     		ldr	r1, .L4
  59 0010 1848     		ldr	r0, .L4+4
  60 0012 FFF7FEFF 		bl	GUI_DEVICE_CreateAndLink
  61 0016 7860     		str	r0, [r7, #4]
 143:LCDConf.c     ****   GUIDRV_BitPlains_Config(pDevice, &Config);
  62              		.loc 1 143 0
  63 0018 3B46     		mov	r3, r7
  64 001a 1946     		mov	r1, r3
  65 001c 7868     		ldr	r0, [r7, #4]
  66 001e FFF7FEFF 		bl	GUIDRV_BitPlains_Config
 144:LCDConf.c     **** 
 145:LCDConf.c     ****   //
 146:LCDConf.c     ****   // Display driver configuration
 147:LCDConf.c     ****   //
 148:LCDConf.c     ****   if (LCD_GetSwapXY()) {
  67              		.loc 1 148 0
  68 0022 FFF7FEFF 		bl	LCD_GetSwapXY
  69 0026 0346     		mov	r3, r0
  70 0028 002B     		cmp	r3, #0
  71 002a 0CD0     		beq	.L2
 149:LCDConf.c     ****     LCD_SetSizeEx (0, YSIZE_PHYS, XSIZE_PHYS);
ARM GAS  C:\Users\rober\AppData\Local\Temp\ccBOxG6v.s 			page 5


  72              		.loc 1 149 0
  73 002c 4FF48472 		mov	r2, #264
  74 0030 B021     		movs	r1, #176
  75 0032 0020     		movs	r0, #0
  76 0034 FFF7FEFF 		bl	LCD_SetSizeEx
 150:LCDConf.c     ****     LCD_SetVSizeEx(0, YSIZE_PHYS, XSIZE_PHYS);
  77              		.loc 1 150 0
  78 0038 4FF48472 		mov	r2, #264
  79 003c B021     		movs	r1, #176
  80 003e 0020     		movs	r0, #0
  81 0040 FFF7FEFF 		bl	LCD_SetVSizeEx
  82 0044 0BE0     		b	.L3
  83              	.L2:
 151:LCDConf.c     ****   } else {
 152:LCDConf.c     ****     LCD_SetSizeEx (0, XSIZE_PHYS, YSIZE_PHYS);
  84              		.loc 1 152 0
  85 0046 B022     		movs	r2, #176
  86 0048 4FF48471 		mov	r1, #264
  87 004c 0020     		movs	r0, #0
  88 004e FFF7FEFF 		bl	LCD_SetSizeEx
 153:LCDConf.c     ****     LCD_SetVSizeEx(0, XSIZE_PHYS, YSIZE_PHYS);
  89              		.loc 1 153 0
  90 0052 B022     		movs	r2, #176
  91 0054 4FF48471 		mov	r1, #264
  92 0058 0020     		movs	r0, #0
  93 005a FFF7FEFF 		bl	LCD_SetVSizeEx
  94              	.L3:
 154:LCDConf.c     ****   }
 155:LCDConf.c     ****   //
 156:LCDConf.c     ****   // Initialize VRAM access off driver
 157:LCDConf.c     ****   //
 158:LCDConf.c     ****   LCD_SetVRAMAddrEx(0, (void *)&_VRAM_Desc);
  95              		.loc 1 158 0
  96 005e 0649     		ldr	r1, .L4+8
  97 0060 0020     		movs	r0, #0
  98 0062 FFF7FEFF 		bl	LCD_SetVRAMAddrEx
 159:LCDConf.c     **** }
  99              		.loc 1 159 0
 100 0066 00BF     		nop
 101 0068 0837     		adds	r7, r7, #8
 102              		.cfi_def_cfa_offset 8
 103 006a BD46     		mov	sp, r7
 104              		.cfi_def_cfa_register 13
 105              		@ sp needed
 106 006c 80BD     		pop	{r7, pc}
 107              	.L5:
 108 006e 00BF     		.align	2
 109              	.L4:
 110 0070 00000000 		.word	LCD_API_ColorConv_1
 111 0074 00000000 		.word	GUIDRV_BitPlains_API
 112 0078 00000000 		.word	_VRAM_Desc
 113              		.cfi_endproc
 114              	.LFE125:
 115              		.size	LCD_X_Config, .-LCD_X_Config
 116              		.section	.text.LCD_X_DisplayDriver,"ax",%progbits
 117              		.align	2
 118              		.global	LCD_X_DisplayDriver
ARM GAS  C:\Users\rober\AppData\Local\Temp\ccBOxG6v.s 			page 6


 119              		.thumb
 120              		.thumb_func
 121              		.type	LCD_X_DisplayDriver, %function
 122              	LCD_X_DisplayDriver:
 123              	.LFB126:
 160:LCDConf.c     **** 
 161:LCDConf.c     **** /*********************************************************************
 162:LCDConf.c     **** *
 163:LCDConf.c     **** *       LCD_X_DisplayDriver
 164:LCDConf.c     **** *
 165:LCDConf.c     **** * Purpose:
 166:LCDConf.c     **** *   This function is called by the display driver for several purposes.
 167:LCDConf.c     **** *   To support the according task the routine needs to be adapted to
 168:LCDConf.c     **** *   the display controller. Please note that the commands marked with
 169:LCDConf.c     **** *   'optional' are not cogently required and should only be adapted if 
 170:LCDConf.c     **** *   the display controller supports these features.
 171:LCDConf.c     **** *
 172:LCDConf.c     **** * Parameter:
 173:LCDConf.c     **** *   LayerIndex - Index of layer to be configured
 174:LCDConf.c     **** *   Cmd        - Please refer to the details in the switch statement below
 175:LCDConf.c     **** *   pData      - Pointer to a LCD_X_DATA structure
 176:LCDConf.c     **** *
 177:LCDConf.c     **** * Return Value:
 178:LCDConf.c     **** *   < -1 - Error
 179:LCDConf.c     **** *     -1 - Command not handled
 180:LCDConf.c     **** *      0 - Ok
 181:LCDConf.c     **** */
 182:LCDConf.c     **** int LCD_X_DisplayDriver(unsigned LayerIndex, unsigned Cmd, void * p) {
 124              		.loc 1 182 0
 125              		.cfi_startproc
 126              		@ args = 0, pretend = 0, frame = 24
 127              		@ frame_needed = 1, uses_anonymous_args = 0
 128              		@ link register save eliminated.
 129 0000 80B4     		push	{r7}
 130              		.cfi_def_cfa_offset 4
 131              		.cfi_offset 7, -4
 132 0002 87B0     		sub	sp, sp, #28
 133              		.cfi_def_cfa_offset 32
 134 0004 00AF     		add	r7, sp, #0
 135              		.cfi_def_cfa_register 7
 136 0006 F860     		str	r0, [r7, #12]
 137 0008 B960     		str	r1, [r7, #8]
 138 000a 7A60     		str	r2, [r7, #4]
 183:LCDConf.c     ****   int r;
 184:LCDConf.c     ****   GUI_USE_PARA(LayerIndex);
 185:LCDConf.c     ****   GUI_USE_PARA(p);
 186:LCDConf.c     **** 
 187:LCDConf.c     ****   switch (Cmd) {
 139              		.loc 1 187 0
 140 000c BB68     		ldr	r3, [r7, #8]
 141 000e 012B     		cmp	r3, #1
 142 0010 01D1     		bne	.L10
 188:LCDConf.c     ****   case LCD_X_INITCONTROLLER: {
 189:LCDConf.c     **** 	//
 190:LCDConf.c     ****     // Called during the initialization process in order to set up the
 191:LCDConf.c     ****     // display controller and put it into operation. If the display
 192:LCDConf.c     ****     // controller is not initialized by any external routine this needs
ARM GAS  C:\Users\rober\AppData\Local\Temp\ccBOxG6v.s 			page 7


 193:LCDConf.c     ****     // to be adapted by the customer...
 194:LCDConf.c     ****     //
 195:LCDConf.c     ****     return 0;
 143              		.loc 1 195 0
 144 0012 0023     		movs	r3, #0
 145 0014 03E0     		b	.L9
 146              	.L10:
 196:LCDConf.c     ****   }
 197:LCDConf.c     ****   default:
 198:LCDConf.c     ****     r = -1;
 147              		.loc 1 198 0
 148 0016 4FF0FF33 		mov	r3, #-1
 149 001a 7B61     		str	r3, [r7, #20]
 199:LCDConf.c     ****   }
 200:LCDConf.c     ****   return r;
 150              		.loc 1 200 0
 151 001c 7B69     		ldr	r3, [r7, #20]
 152              	.L9:
 201:LCDConf.c     **** }
 153              		.loc 1 201 0
 154 001e 1846     		mov	r0, r3
 155 0020 1C37     		adds	r7, r7, #28
 156              		.cfi_def_cfa_offset 4
 157 0022 BD46     		mov	sp, r7
 158              		.cfi_def_cfa_register 13
 159              		@ sp needed
 160 0024 5DF8047B 		ldr	r7, [sp], #4
 161              		.cfi_restore 7
 162              		.cfi_def_cfa_offset 0
 163 0028 7047     		bx	lr
 164              		.cfi_endproc
 165              	.LFE126:
 166              		.size	LCD_X_DisplayDriver, .-LCD_X_DisplayDriver
 167 002a 00BF     		.section	.text.LCD_GetDisplayBuffer,"ax",%progbits
 168              		.align	2
 169              		.global	LCD_GetDisplayBuffer
 170              		.thumb
 171              		.thumb_func
 172              		.type	LCD_GetDisplayBuffer, %function
 173              	LCD_GetDisplayBuffer:
 174              	.LFB127:
 202:LCDConf.c     **** 
 203:LCDConf.c     **** /*********************************************************************
 204:LCDConf.c     **** *
 205:LCDConf.c     **** *       LCD_GetDisplayBuffer
 206:LCDConf.c     **** *
 207:LCDConf.c     **** * Purpose:
 208:LCDConf.c     **** *   This function returns the pointer to EmWin's dispay buffer
 209:LCDConf.c     **** 
 210:LCDConf.c     **** * Parameter:
 211:LCDConf.c     **** *   None
 212:LCDConf.c     **** *
 213:LCDConf.c     **** * Return Value:
 214:LCDConf.c     **** *   U8* - Pointer to the EmWin's display buffer
 215:LCDConf.c     **** */
 216:LCDConf.c     **** U8* LCD_GetDisplayBuffer(void)
 217:LCDConf.c     **** {
ARM GAS  C:\Users\rober\AppData\Local\Temp\ccBOxG6v.s 			page 8


 175              		.loc 1 217 0
 176              		.cfi_startproc
 177              		@ args = 0, pretend = 0, frame = 0
 178              		@ frame_needed = 1, uses_anonymous_args = 0
 179              		@ link register save eliminated.
 180 0000 80B4     		push	{r7}
 181              		.cfi_def_cfa_offset 4
 182              		.cfi_offset 7, -4
 183 0002 00AF     		add	r7, sp, #0
 184              		.cfi_def_cfa_register 7
 218:LCDConf.c     ****   /* Copy the Bitplains display buffer to user memory */
 219:LCDConf.c     ****   return _aPlain_0;
 185              		.loc 1 219 0
 186 0004 024B     		ldr	r3, .L13
 220:LCDConf.c     **** }
 187              		.loc 1 220 0
 188 0006 1846     		mov	r0, r3
 189 0008 BD46     		mov	sp, r7
 190              		.cfi_def_cfa_register 13
 191              		@ sp needed
 192 000a 5DF8047B 		ldr	r7, [sp], #4
 193              		.cfi_restore 7
 194              		.cfi_def_cfa_offset 0
 195 000e 7047     		bx	lr
 196              	.L14:
 197              		.align	2
 198              	.L13:
 199 0010 00000000 		.word	_aPlain_0
 200              		.cfi_endproc
 201              	.LFE127:
 202              		.size	LCD_GetDisplayBuffer, .-LCD_GetDisplayBuffer
 203              		.text
 204              	.Letext0:
 205              		.file 2 "c:\\program files (x86)\\cypress\\psoc creator\\4.2\\psoc creator\\import\\gnu\\arm\\5.4.
 206              		.file 3 "c:\\program files (x86)\\cypress\\psoc creator\\4.2\\psoc creator\\import\\gnu\\arm\\5.4.
 207              		.file 4 "Generated_Source\\PSoC6\\pdl\\middleware/emWin/code/include/LCD.h"
 208              		.file 5 "Generated_Source\\PSoC6\\pdl\\middleware/emWin/code/include/GUI.h"
 209              		.file 6 "Generated_Source\\PSoC6\\pdl\\middleware/emWin/code/drivers/BitPlains/GUIDRV_BitPlains.h"
 210              		.file 7 "Generated_Source\\PSoC6\\pdl\\cmsis/include/core_cm4.h"
 211              		.section	.debug_info,"",%progbits
 212              	.Ldebug_info0:
 213 0000 11060000 		.4byte	0x611
 214 0004 0400     		.2byte	0x4
 215 0006 00000000 		.4byte	.Ldebug_abbrev0
 216 000a 04       		.byte	0x4
 217 000b 01       		.uleb128 0x1
 218 000c 24010000 		.4byte	.LASF65
 219 0010 0C       		.byte	0xc
 220 0011 B4020000 		.4byte	.LASF66
 221 0015 1F020000 		.4byte	.LASF67
 222 0019 00000000 		.4byte	.Ldebug_ranges0+0
 223 001d 00000000 		.4byte	0
 224 0021 00000000 		.4byte	.Ldebug_line0
 225 0025 02       		.uleb128 0x2
 226 0026 04       		.byte	0x4
 227 0027 05       		.byte	0x5
 228 0028 696E7400 		.ascii	"int\000"
ARM GAS  C:\Users\rober\AppData\Local\Temp\ccBOxG6v.s 			page 9


 229 002c 03       		.uleb128 0x3
 230 002d 04       		.byte	0x4
 231 002e 07       		.byte	0x7
 232 002f 09030000 		.4byte	.LASF0
 233 0033 03       		.uleb128 0x3
 234 0034 08       		.byte	0x8
 235 0035 05       		.byte	0x5
 236 0036 10010000 		.4byte	.LASF1
 237 003a 03       		.uleb128 0x3
 238 003b 08       		.byte	0x8
 239 003c 04       		.byte	0x4
 240 003d A8020000 		.4byte	.LASF2
 241 0041 03       		.uleb128 0x3
 242 0042 01       		.byte	0x1
 243 0043 06       		.byte	0x6
 244 0044 C7020000 		.4byte	.LASF3
 245 0048 03       		.uleb128 0x3
 246 0049 01       		.byte	0x1
 247 004a 08       		.byte	0x8
 248 004b 91020000 		.4byte	.LASF4
 249 004f 03       		.uleb128 0x3
 250 0050 02       		.byte	0x2
 251 0051 05       		.byte	0x5
 252 0052 37000000 		.4byte	.LASF5
 253 0056 03       		.uleb128 0x3
 254 0057 02       		.byte	0x2
 255 0058 07       		.byte	0x7
 256 0059 6E030000 		.4byte	.LASF6
 257 005d 04       		.uleb128 0x4
 258 005e DA030000 		.4byte	.LASF8
 259 0062 02       		.byte	0x2
 260 0063 3F       		.byte	0x3f
 261 0064 68000000 		.4byte	0x68
 262 0068 03       		.uleb128 0x3
 263 0069 04       		.byte	0x4
 264 006a 05       		.byte	0x5
 265 006b EC010000 		.4byte	.LASF7
 266 006f 04       		.uleb128 0x4
 267 0070 78000000 		.4byte	.LASF9
 268 0074 02       		.byte	0x2
 269 0075 41       		.byte	0x41
 270 0076 7A000000 		.4byte	0x7a
 271 007a 03       		.uleb128 0x3
 272 007b 04       		.byte	0x4
 273 007c 07       		.byte	0x7
 274 007d AF030000 		.4byte	.LASF10
 275 0081 03       		.uleb128 0x3
 276 0082 08       		.byte	0x8
 277 0083 07       		.byte	0x7
 278 0084 D3020000 		.4byte	.LASF11
 279 0088 04       		.uleb128 0x4
 280 0089 5B030000 		.4byte	.LASF12
 281 008d 03       		.byte	0x3
 282 008e 2C       		.byte	0x2c
 283 008f 5D000000 		.4byte	0x5d
 284 0093 04       		.uleb128 0x4
 285 0094 EA020000 		.4byte	.LASF13
ARM GAS  C:\Users\rober\AppData\Local\Temp\ccBOxG6v.s 			page 10


 286 0098 03       		.byte	0x3
 287 0099 30       		.byte	0x30
 288 009a 6F000000 		.4byte	0x6f
 289 009e 03       		.uleb128 0x3
 290 009f 04       		.byte	0x4
 291 00a0 07       		.byte	0x7
 292 00a1 41000000 		.4byte	.LASF14
 293 00a5 05       		.uleb128 0x5
 294 00a6 04       		.byte	0x4
 295 00a7 AB000000 		.4byte	0xab
 296 00ab 06       		.uleb128 0x6
 297 00ac 03       		.uleb128 0x3
 298 00ad 01       		.byte	0x1
 299 00ae 08       		.byte	0x8
 300 00af 45030000 		.4byte	.LASF15
 301 00b3 03       		.uleb128 0x3
 302 00b4 04       		.byte	0x4
 303 00b5 04       		.byte	0x4
 304 00b6 EA000000 		.4byte	.LASF16
 305 00ba 03       		.uleb128 0x3
 306 00bb 08       		.byte	0x8
 307 00bc 04       		.byte	0x4
 308 00bd C1030000 		.4byte	.LASF17
 309 00c1 04       		.uleb128 0x4
 310 00c2 A7000000 		.4byte	.LASF18
 311 00c6 04       		.byte	0x4
 312 00c7 6A       		.byte	0x6a
 313 00c8 7A000000 		.4byte	0x7a
 314 00cc 07       		.uleb128 0x7
 315 00cd 08       		.byte	0x8
 316 00ce 04       		.byte	0x4
 317 00cf 71       		.byte	0x71
 318 00d0 01010000 		.4byte	0x101
 319 00d4 08       		.uleb128 0x8
 320 00d5 783000   		.ascii	"x0\000"
 321 00d8 04       		.byte	0x4
 322 00d9 71       		.byte	0x71
 323 00da 4F000000 		.4byte	0x4f
 324 00de 00       		.byte	0
 325 00df 08       		.uleb128 0x8
 326 00e0 793000   		.ascii	"y0\000"
 327 00e3 04       		.byte	0x4
 328 00e4 71       		.byte	0x71
 329 00e5 4F000000 		.4byte	0x4f
 330 00e9 02       		.byte	0x2
 331 00ea 08       		.uleb128 0x8
 332 00eb 783100   		.ascii	"x1\000"
 333 00ee 04       		.byte	0x4
 334 00ef 71       		.byte	0x71
 335 00f0 4F000000 		.4byte	0x4f
 336 00f4 04       		.byte	0x4
 337 00f5 08       		.uleb128 0x8
 338 00f6 793100   		.ascii	"y1\000"
 339 00f9 04       		.byte	0x4
 340 00fa 71       		.byte	0x71
 341 00fb 4F000000 		.4byte	0x4f
 342 00ff 06       		.byte	0x6
ARM GAS  C:\Users\rober\AppData\Local\Temp\ccBOxG6v.s 			page 11


 343 0100 00       		.byte	0
 344 0101 04       		.uleb128 0x4
 345 0102 BE020000 		.4byte	.LASF19
 346 0106 04       		.byte	0x4
 347 0107 71       		.byte	0x71
 348 0108 CC000000 		.4byte	0xcc
 349 010c 04       		.uleb128 0x4
 350 010d 50040000 		.4byte	.LASF20
 351 0111 04       		.byte	0x4
 352 0112 88       		.byte	0x88
 353 0113 17010000 		.4byte	0x117
 354 0117 09       		.uleb128 0x9
 355 0118 C1000000 		.4byte	0xc1
 356 011c 26010000 		.4byte	0x126
 357 0120 0A       		.uleb128 0xa
 358 0121 7A000000 		.4byte	0x7a
 359 0125 00       		.byte	0
 360 0126 04       		.uleb128 0x4
 361 0127 86040000 		.4byte	.LASF21
 362 012b 04       		.byte	0x4
 363 012c 89       		.byte	0x89
 364 012d 31010000 		.4byte	0x131
 365 0131 09       		.uleb128 0x9
 366 0132 7A000000 		.4byte	0x7a
 367 0136 40010000 		.4byte	0x140
 368 013a 0A       		.uleb128 0xa
 369 013b C1000000 		.4byte	0xc1
 370 013f 00       		.byte	0
 371 0140 04       		.uleb128 0x4
 372 0141 D7010000 		.4byte	.LASF22
 373 0145 04       		.byte	0x4
 374 0146 8A       		.byte	0x8a
 375 0147 4B010000 		.4byte	0x14b
 376 014b 0B       		.uleb128 0xb
 377 014c 7A000000 		.4byte	0x7a
 378 0150 04       		.uleb128 0x4
 379 0151 24040000 		.4byte	.LASF23
 380 0155 04       		.byte	0x4
 381 0156 8C       		.byte	0x8c
 382 0157 5B010000 		.4byte	0x15b
 383 015b 0C       		.uleb128 0xc
 384 015c 75010000 		.4byte	0x175
 385 0160 0A       		.uleb128 0xa
 386 0161 75010000 		.4byte	0x175
 387 0165 0A       		.uleb128 0xa
 388 0166 77010000 		.4byte	0x177
 389 016a 0A       		.uleb128 0xa
 390 016b 7A000000 		.4byte	0x7a
 391 016f 0A       		.uleb128 0xa
 392 0170 48000000 		.4byte	0x48
 393 0174 00       		.byte	0
 394 0175 0D       		.uleb128 0xd
 395 0176 04       		.byte	0x4
 396 0177 05       		.uleb128 0x5
 397 0178 04       		.byte	0x4
 398 0179 C1000000 		.4byte	0xc1
 399 017d 04       		.uleb128 0x4
ARM GAS  C:\Users\rober\AppData\Local\Temp\ccBOxG6v.s 			page 12


 400 017e F8030000 		.4byte	.LASF24
 401 0182 04       		.byte	0x4
 402 0183 8D       		.byte	0x8d
 403 0184 88010000 		.4byte	0x188
 404 0188 0C       		.uleb128 0xc
 405 0189 A2010000 		.4byte	0x1a2
 406 018d 0A       		.uleb128 0xa
 407 018e 77010000 		.4byte	0x177
 408 0192 0A       		.uleb128 0xa
 409 0193 75010000 		.4byte	0x175
 410 0197 0A       		.uleb128 0xa
 411 0198 7A000000 		.4byte	0x7a
 412 019c 0A       		.uleb128 0xa
 413 019d 48000000 		.4byte	0x48
 414 01a1 00       		.byte	0
 415 01a2 07       		.uleb128 0x7
 416 01a3 18       		.byte	0x18
 417 01a4 04       		.byte	0x4
 418 01a5 93       		.byte	0x93
 419 01a6 F3010000 		.4byte	0x1f3
 420 01aa 0E       		.uleb128 0xe
 421 01ab 37030000 		.4byte	.LASF25
 422 01af 04       		.byte	0x4
 423 01b0 94       		.byte	0x94
 424 01b1 F3010000 		.4byte	0x1f3
 425 01b5 00       		.byte	0
 426 01b6 0E       		.uleb128 0xe
 427 01b7 FB020000 		.4byte	.LASF26
 428 01bb 04       		.byte	0x4
 429 01bc 95       		.byte	0x95
 430 01bd F9010000 		.4byte	0x1f9
 431 01c1 04       		.byte	0x4
 432 01c2 0E       		.uleb128 0xe
 433 01c3 B1000000 		.4byte	.LASF27
 434 01c7 04       		.byte	0x4
 435 01c8 96       		.byte	0x96
 436 01c9 FF010000 		.4byte	0x1ff
 437 01cd 08       		.byte	0x8
 438 01ce 0E       		.uleb128 0xe
 439 01cf F3020000 		.4byte	.LASF28
 440 01d3 04       		.byte	0x4
 441 01d4 97       		.byte	0x97
 442 01d5 25000000 		.4byte	0x25
 443 01d9 0C       		.byte	0xc
 444 01da 0E       		.uleb128 0xe
 445 01db C0000000 		.4byte	.LASF29
 446 01df 04       		.byte	0x4
 447 01e0 98       		.byte	0x98
 448 01e1 05020000 		.4byte	0x205
 449 01e5 10       		.byte	0x10
 450 01e6 0E       		.uleb128 0xe
 451 01e7 C8030000 		.4byte	.LASF30
 452 01eb 04       		.byte	0x4
 453 01ec 99       		.byte	0x99
 454 01ed 0B020000 		.4byte	0x20b
 455 01f1 14       		.byte	0x14
 456 01f2 00       		.byte	0
ARM GAS  C:\Users\rober\AppData\Local\Temp\ccBOxG6v.s 			page 13


 457 01f3 05       		.uleb128 0x5
 458 01f4 04       		.byte	0x4
 459 01f5 26010000 		.4byte	0x126
 460 01f9 05       		.uleb128 0x5
 461 01fa 04       		.byte	0x4
 462 01fb 0C010000 		.4byte	0x10c
 463 01ff 05       		.uleb128 0x5
 464 0200 04       		.byte	0x4
 465 0201 40010000 		.4byte	0x140
 466 0205 05       		.uleb128 0x5
 467 0206 04       		.byte	0x4
 468 0207 7D010000 		.4byte	0x17d
 469 020b 05       		.uleb128 0x5
 470 020c 04       		.byte	0x4
 471 020d 50010000 		.4byte	0x150
 472 0211 04       		.uleb128 0x4
 473 0212 05020000 		.4byte	.LASF31
 474 0216 04       		.byte	0x4
 475 0217 9A       		.byte	0x9a
 476 0218 A2010000 		.4byte	0x1a2
 477 021c 05       		.uleb128 0x5
 478 021d 04       		.byte	0x4
 479 021e 01010000 		.4byte	0x101
 480 0222 0F       		.uleb128 0xf
 481 0223 63030000 		.4byte	.LASF32
 482 0227 04       		.byte	0x4
 483 0228 4301     		.2byte	0x143
 484 022a 2E020000 		.4byte	0x22e
 485 022e 10       		.uleb128 0x10
 486 022f 63030000 		.4byte	.LASF32
 487 0233 1C       		.byte	0x1c
 488 0234 05       		.byte	0x5
 489 0235 B0       		.byte	0xb0
 490 0236 8D020000 		.4byte	0x28d
 491 023a 0E       		.uleb128 0xe
 492 023b 1E010000 		.4byte	.LASF33
 493 023f 05       		.byte	0x5
 494 0240 B4       		.byte	0xb4
 495 0241 96030000 		.4byte	0x396
 496 0245 00       		.byte	0
 497 0246 0E       		.uleb128 0xe
 498 0247 D2000000 		.4byte	.LASF34
 499 024b 05       		.byte	0x5
 500 024c B5       		.byte	0xb5
 501 024d 96030000 		.4byte	0x396
 502 0251 04       		.byte	0x4
 503 0252 08       		.uleb128 0x8
 504 0253 7500     		.ascii	"u\000"
 505 0255 05       		.byte	0x5
 506 0256 BC       		.byte	0xbc
 507 0257 B6040000 		.4byte	0x4b6
 508 025b 08       		.byte	0x8
 509 025c 0E       		.uleb128 0xe
 510 025d 8D000000 		.4byte	.LASF35
 511 0261 05       		.byte	0x5
 512 0262 C0       		.byte	0xc0
 513 0263 D5040000 		.4byte	0x4d5
ARM GAS  C:\Users\rober\AppData\Local\Temp\ccBOxG6v.s 			page 14


 514 0267 0C       		.byte	0xc
 515 0268 0E       		.uleb128 0xe
 516 0269 00000000 		.4byte	.LASF36
 517 026d 05       		.byte	0x5
 518 026e C1       		.byte	0xc1
 519 026f 4D030000 		.4byte	0x34d
 520 0273 10       		.byte	0x10
 521 0274 0E       		.uleb128 0xe
 522 0275 E4000000 		.4byte	.LASF37
 523 0279 05       		.byte	0x5
 524 027a C2       		.byte	0xc2
 525 027b 56000000 		.4byte	0x56
 526 027f 14       		.byte	0x14
 527 0280 0E       		.uleb128 0xe
 528 0281 05010000 		.4byte	.LASF38
 529 0285 05       		.byte	0x5
 530 0286 C3       		.byte	0xc3
 531 0287 25000000 		.4byte	0x25
 532 028b 18       		.byte	0x18
 533 028c 00       		.byte	0
 534 028d 0F       		.uleb128 0xf
 535 028e 98000000 		.4byte	.LASF39
 536 0292 04       		.byte	0x4
 537 0293 4401     		.2byte	0x144
 538 0295 99020000 		.4byte	0x299
 539 0299 10       		.uleb128 0x10
 540 029a 98000000 		.4byte	.LASF39
 541 029e 34       		.byte	0x34
 542 029f 05       		.byte	0x5
 543 02a0 6A       		.byte	0x6a
 544 02a1 42030000 		.4byte	0x342
 545 02a5 0E       		.uleb128 0xe
 546 02a6 4A030000 		.4byte	.LASF40
 547 02aa 05       		.byte	0x5
 548 02ab 6E       		.byte	0x6e
 549 02ac 25000000 		.4byte	0x25
 550 02b0 00       		.byte	0
 551 02b1 0E       		.uleb128 0xe
 552 02b2 8A030000 		.4byte	.LASF41
 553 02b6 05       		.byte	0x5
 554 02b7 72       		.byte	0x72
 555 02b8 A7030000 		.4byte	0x3a7
 556 02bc 04       		.byte	0x4
 557 02bd 0E       		.uleb128 0xe
 558 02be D8000000 		.4byte	.LASF42
 559 02c2 05       		.byte	0x5
 560 02c3 73       		.byte	0x73
 561 02c4 C7030000 		.4byte	0x3c7
 562 02c8 08       		.byte	0x8
 563 02c9 0E       		.uleb128 0xe
 564 02ca 6C000000 		.4byte	.LASF43
 565 02ce 05       		.byte	0x5
 566 02cf 74       		.byte	0x74
 567 02d0 C7030000 		.4byte	0x3c7
 568 02d4 0C       		.byte	0xc
 569 02d5 0E       		.uleb128 0xe
 570 02d6 22000000 		.4byte	.LASF44
ARM GAS  C:\Users\rober\AppData\Local\Temp\ccBOxG6v.s 			page 15


 571 02da 05       		.byte	0x5
 572 02db 75       		.byte	0x75
 573 02dc EC030000 		.4byte	0x3ec
 574 02e0 10       		.byte	0x10
 575 02e1 0E       		.uleb128 0xe
 576 02e2 F5010000 		.4byte	.LASF45
 577 02e6 05       		.byte	0x5
 578 02e7 76       		.byte	0x76
 579 02e8 0B040000 		.4byte	0x40b
 580 02ec 14       		.byte	0x14
 581 02ed 0E       		.uleb128 0xe
 582 02ee 16030000 		.4byte	.LASF46
 583 02f2 05       		.byte	0x5
 584 02f3 77       		.byte	0x77
 585 02f4 2B040000 		.4byte	0x42b
 586 02f8 18       		.byte	0x18
 587 02f9 0E       		.uleb128 0xe
 588 02fa E4030000 		.4byte	.LASF47
 589 02fe 05       		.byte	0x5
 590 02ff 78       		.byte	0x78
 591 0300 46040000 		.4byte	0x446
 592 0304 1C       		.byte	0x1c
 593 0305 0E       		.uleb128 0xe
 594 0306 EF030000 		.4byte	.LASF48
 595 030a 05       		.byte	0x5
 596 030b 7C       		.byte	0x7c
 597 030c 46040000 		.4byte	0x446
 598 0310 20       		.byte	0x20
 599 0311 0E       		.uleb128 0xe
 600 0312 97030000 		.4byte	.LASF49
 601 0316 05       		.byte	0x5
 602 0317 80       		.byte	0x80
 603 0318 66040000 		.4byte	0x466
 604 031c 24       		.byte	0x24
 605 031d 0E       		.uleb128 0xe
 606 031e 79040000 		.4byte	.LASF50
 607 0322 05       		.byte	0x5
 608 0323 81       		.byte	0x81
 609 0324 80040000 		.4byte	0x480
 610 0328 28       		.byte	0x28
 611 0329 0E       		.uleb128 0xe
 612 032a 4A000000 		.4byte	.LASF51
 613 032e 05       		.byte	0x5
 614 032f 82       		.byte	0x82
 615 0330 9A040000 		.4byte	0x49a
 616 0334 2C       		.byte	0x2c
 617 0335 0E       		.uleb128 0xe
 618 0336 83000000 		.4byte	.LASF52
 619 033a 05       		.byte	0x5
 620 033b 83       		.byte	0x83
 621 033c B0040000 		.4byte	0x4b0
 622 0340 30       		.byte	0x30
 623 0341 00       		.byte	0
 624 0342 05       		.uleb128 0x5
 625 0343 04       		.byte	0x4
 626 0344 48030000 		.4byte	0x348
 627 0348 11       		.uleb128 0x11
ARM GAS  C:\Users\rober\AppData\Local\Temp\ccBOxG6v.s 			page 16


 628 0349 48000000 		.4byte	0x48
 629 034d 05       		.uleb128 0x5
 630 034e 04       		.byte	0x4
 631 034f 53030000 		.4byte	0x353
 632 0353 11       		.uleb128 0x11
 633 0354 11020000 		.4byte	0x211
 634 0358 05       		.uleb128 0x5
 635 0359 04       		.byte	0x4
 636 035a 48000000 		.4byte	0x48
 637 035e 0C       		.uleb128 0xc
 638 035f 96030000 		.4byte	0x396
 639 0363 0A       		.uleb128 0xa
 640 0364 96030000 		.4byte	0x396
 641 0368 0A       		.uleb128 0xa
 642 0369 25000000 		.4byte	0x25
 643 036d 0A       		.uleb128 0xa
 644 036e 25000000 		.4byte	0x25
 645 0372 0A       		.uleb128 0xa
 646 0373 25000000 		.4byte	0x25
 647 0377 0A       		.uleb128 0xa
 648 0378 25000000 		.4byte	0x25
 649 037c 0A       		.uleb128 0xa
 650 037d 25000000 		.4byte	0x25
 651 0381 0A       		.uleb128 0xa
 652 0382 25000000 		.4byte	0x25
 653 0386 0A       		.uleb128 0xa
 654 0387 42030000 		.4byte	0x342
 655 038b 0A       		.uleb128 0xa
 656 038c 25000000 		.4byte	0x25
 657 0390 0A       		.uleb128 0xa
 658 0391 9C030000 		.4byte	0x39c
 659 0395 00       		.byte	0
 660 0396 05       		.uleb128 0x5
 661 0397 04       		.byte	0x4
 662 0398 22020000 		.4byte	0x222
 663 039c 05       		.uleb128 0x5
 664 039d 04       		.byte	0x4
 665 039e A2030000 		.4byte	0x3a2
 666 03a2 11       		.uleb128 0x11
 667 03a3 7A000000 		.4byte	0x7a
 668 03a7 05       		.uleb128 0x5
 669 03a8 04       		.byte	0x4
 670 03a9 5E030000 		.4byte	0x35e
 671 03ad 0C       		.uleb128 0xc
 672 03ae C7030000 		.4byte	0x3c7
 673 03b2 0A       		.uleb128 0xa
 674 03b3 96030000 		.4byte	0x396
 675 03b7 0A       		.uleb128 0xa
 676 03b8 25000000 		.4byte	0x25
 677 03bc 0A       		.uleb128 0xa
 678 03bd 25000000 		.4byte	0x25
 679 03c1 0A       		.uleb128 0xa
 680 03c2 25000000 		.4byte	0x25
 681 03c6 00       		.byte	0
 682 03c7 05       		.uleb128 0x5
 683 03c8 04       		.byte	0x4
 684 03c9 AD030000 		.4byte	0x3ad
ARM GAS  C:\Users\rober\AppData\Local\Temp\ccBOxG6v.s 			page 17


 685 03cd 0C       		.uleb128 0xc
 686 03ce EC030000 		.4byte	0x3ec
 687 03d2 0A       		.uleb128 0xa
 688 03d3 96030000 		.4byte	0x396
 689 03d7 0A       		.uleb128 0xa
 690 03d8 25000000 		.4byte	0x25
 691 03dc 0A       		.uleb128 0xa
 692 03dd 25000000 		.4byte	0x25
 693 03e1 0A       		.uleb128 0xa
 694 03e2 25000000 		.4byte	0x25
 695 03e6 0A       		.uleb128 0xa
 696 03e7 25000000 		.4byte	0x25
 697 03eb 00       		.byte	0
 698 03ec 05       		.uleb128 0x5
 699 03ed 04       		.byte	0x4
 700 03ee CD030000 		.4byte	0x3cd
 701 03f2 09       		.uleb128 0x9
 702 03f3 7A000000 		.4byte	0x7a
 703 03f7 0B040000 		.4byte	0x40b
 704 03fb 0A       		.uleb128 0xa
 705 03fc 96030000 		.4byte	0x396
 706 0400 0A       		.uleb128 0xa
 707 0401 25000000 		.4byte	0x25
 708 0405 0A       		.uleb128 0xa
 709 0406 25000000 		.4byte	0x25
 710 040a 00       		.byte	0
 711 040b 05       		.uleb128 0x5
 712 040c 04       		.byte	0x4
 713 040d F2030000 		.4byte	0x3f2
 714 0411 0C       		.uleb128 0xc
 715 0412 2B040000 		.4byte	0x42b
 716 0416 0A       		.uleb128 0xa
 717 0417 96030000 		.4byte	0x396
 718 041b 0A       		.uleb128 0xa
 719 041c 25000000 		.4byte	0x25
 720 0420 0A       		.uleb128 0xa
 721 0421 25000000 		.4byte	0x25
 722 0425 0A       		.uleb128 0xa
 723 0426 7A000000 		.4byte	0x7a
 724 042a 00       		.byte	0
 725 042b 05       		.uleb128 0x5
 726 042c 04       		.byte	0x4
 727 042d 11040000 		.4byte	0x411
 728 0431 0C       		.uleb128 0xc
 729 0432 46040000 		.4byte	0x446
 730 0436 0A       		.uleb128 0xa
 731 0437 96030000 		.4byte	0x396
 732 043b 0A       		.uleb128 0xa
 733 043c 25000000 		.4byte	0x25
 734 0440 0A       		.uleb128 0xa
 735 0441 25000000 		.4byte	0x25
 736 0445 00       		.byte	0
 737 0446 05       		.uleb128 0x5
 738 0447 04       		.byte	0x4
 739 0448 31040000 		.4byte	0x431
 740 044c 09       		.uleb128 0x9
 741 044d A5000000 		.4byte	0xa5
ARM GAS  C:\Users\rober\AppData\Local\Temp\ccBOxG6v.s 			page 18


 742 0451 60040000 		.4byte	0x460
 743 0455 0A       		.uleb128 0xa
 744 0456 60040000 		.4byte	0x460
 745 045a 0A       		.uleb128 0xa
 746 045b 25000000 		.4byte	0x25
 747 045f 00       		.byte	0
 748 0460 05       		.uleb128 0x5
 749 0461 04       		.byte	0x4
 750 0462 96030000 		.4byte	0x396
 751 0466 05       		.uleb128 0x5
 752 0467 04       		.byte	0x4
 753 0468 4C040000 		.4byte	0x44c
 754 046c 09       		.uleb128 0x9
 755 046d 68000000 		.4byte	0x68
 756 0471 80040000 		.4byte	0x480
 757 0475 0A       		.uleb128 0xa
 758 0476 96030000 		.4byte	0x396
 759 047a 0A       		.uleb128 0xa
 760 047b 25000000 		.4byte	0x25
 761 047f 00       		.byte	0
 762 0480 05       		.uleb128 0x5
 763 0481 04       		.byte	0x4
 764 0482 6C040000 		.4byte	0x46c
 765 0486 09       		.uleb128 0x9
 766 0487 75010000 		.4byte	0x175
 767 048b 9A040000 		.4byte	0x49a
 768 048f 0A       		.uleb128 0xa
 769 0490 96030000 		.4byte	0x396
 770 0494 0A       		.uleb128 0xa
 771 0495 25000000 		.4byte	0x25
 772 0499 00       		.byte	0
 773 049a 05       		.uleb128 0x5
 774 049b 04       		.byte	0x4
 775 049c 86040000 		.4byte	0x486
 776 04a0 0C       		.uleb128 0xc
 777 04a1 B0040000 		.4byte	0x4b0
 778 04a5 0A       		.uleb128 0xa
 779 04a6 96030000 		.4byte	0x396
 780 04aa 0A       		.uleb128 0xa
 781 04ab 1C020000 		.4byte	0x21c
 782 04af 00       		.byte	0
 783 04b0 05       		.uleb128 0x5
 784 04b1 04       		.byte	0x4
 785 04b2 A0040000 		.4byte	0x4a0
 786 04b6 12       		.uleb128 0x12
 787 04b7 04       		.byte	0x4
 788 04b8 05       		.byte	0x5
 789 04b9 B9       		.byte	0xb9
 790 04ba D5040000 		.4byte	0x4d5
 791 04be 13       		.uleb128 0x13
 792 04bf 9F020000 		.4byte	.LASF53
 793 04c3 05       		.byte	0x5
 794 04c4 BA       		.byte	0xba
 795 04c5 68000000 		.4byte	0x68
 796 04c9 13       		.uleb128 0x13
 797 04ca 81030000 		.4byte	.LASF54
 798 04ce 05       		.byte	0x5
ARM GAS  C:\Users\rober\AppData\Local\Temp\ccBOxG6v.s 			page 19


 799 04cf BB       		.byte	0xbb
 800 04d0 75010000 		.4byte	0x175
 801 04d4 00       		.byte	0
 802 04d5 05       		.uleb128 0x5
 803 04d6 04       		.byte	0x4
 804 04d7 DB040000 		.4byte	0x4db
 805 04db 11       		.uleb128 0x11
 806 04dc 8D020000 		.4byte	0x28d
 807 04e0 07       		.uleb128 0x7
 808 04e1 04       		.byte	0x4
 809 04e2 06       		.byte	0x6
 810 04e3 38       		.byte	0x38
 811 04e4 F5040000 		.4byte	0x4f5
 812 04e8 0E       		.uleb128 0xe
 813 04e9 1B000000 		.4byte	.LASF55
 814 04ed 06       		.byte	0x6
 815 04ee 39       		.byte	0x39
 816 04ef 25000000 		.4byte	0x25
 817 04f3 00       		.byte	0
 818 04f4 00       		.byte	0
 819 04f5 04       		.uleb128 0x4
 820 04f6 26030000 		.4byte	.LASF56
 821 04fa 06       		.byte	0x6
 822 04fb 3A       		.byte	0x3a
 823 04fc E0040000 		.4byte	0x4e0
 824 0500 14       		.uleb128 0x14
 825 0501 58030000 		.4byte	0x358
 826 0505 10050000 		.4byte	0x510
 827 0509 15       		.uleb128 0x15
 828 050a 9E000000 		.4byte	0x9e
 829 050e 07       		.byte	0x7
 830 050f 00       		.byte	0
 831 0510 07       		.uleb128 0x7
 832 0511 20       		.byte	0x20
 833 0512 01       		.byte	0x1
 834 0513 6E       		.byte	0x6e
 835 0514 25050000 		.4byte	0x525
 836 0518 0E       		.uleb128 0xe
 837 0519 18020000 		.4byte	.LASF57
 838 051d 01       		.byte	0x1
 839 051e 6F       		.byte	0x6f
 840 051f 00050000 		.4byte	0x500
 841 0523 00       		.byte	0
 842 0524 00       		.byte	0
 843 0525 16       		.uleb128 0x16
 844 0526 0E000000 		.4byte	.LASF68
 845 052a 01       		.byte	0x1
 846 052b 83       		.byte	0x83
 847 052c 00000000 		.4byte	.LFB125
 848 0530 7C000000 		.4byte	.LFE125-.LFB125
 849 0534 01       		.uleb128 0x1
 850 0535 9C       		.byte	0x9c
 851 0536 57050000 		.4byte	0x557
 852 053a 17       		.uleb128 0x17
 853 053b 71040000 		.4byte	.LASF58
 854 053f 01       		.byte	0x1
 855 0540 85       		.byte	0x85
ARM GAS  C:\Users\rober\AppData\Local\Temp\ccBOxG6v.s 			page 20


 856 0541 96030000 		.4byte	0x396
 857 0545 02       		.uleb128 0x2
 858 0546 91       		.byte	0x91
 859 0547 74       		.sleb128 -12
 860 0548 17       		.uleb128 0x17
 861 0549 8A020000 		.4byte	.LASF59
 862 054d 01       		.byte	0x1
 863 054e 86       		.byte	0x86
 864 054f F5040000 		.4byte	0x4f5
 865 0553 02       		.uleb128 0x2
 866 0554 91       		.byte	0x91
 867 0555 70       		.sleb128 -16
 868 0556 00       		.byte	0
 869 0557 18       		.uleb128 0x18
 870 0558 10040000 		.4byte	.LASF69
 871 055c 01       		.byte	0x1
 872 055d B6       		.byte	0xb6
 873 055e 25000000 		.4byte	0x25
 874 0562 00000000 		.4byte	.LFB126
 875 0566 2A000000 		.4byte	.LFE126-.LFB126
 876 056a 01       		.uleb128 0x1
 877 056b 9C       		.byte	0x9c
 878 056c A5050000 		.4byte	0x5a5
 879 0570 19       		.uleb128 0x19
 880 0571 05010000 		.4byte	.LASF38
 881 0575 01       		.byte	0x1
 882 0576 B6       		.byte	0xb6
 883 0577 2C000000 		.4byte	0x2c
 884 057b 02       		.uleb128 0x2
 885 057c 91       		.byte	0x91
 886 057d 6C       		.sleb128 -20
 887 057e 1A       		.uleb128 0x1a
 888 057f 436D6400 		.ascii	"Cmd\000"
 889 0583 01       		.byte	0x1
 890 0584 B6       		.byte	0xb6
 891 0585 2C000000 		.4byte	0x2c
 892 0589 02       		.uleb128 0x2
 893 058a 91       		.byte	0x91
 894 058b 68       		.sleb128 -24
 895 058c 1A       		.uleb128 0x1a
 896 058d 7000     		.ascii	"p\000"
 897 058f 01       		.byte	0x1
 898 0590 B6       		.byte	0xb6
 899 0591 75010000 		.4byte	0x175
 900 0595 02       		.uleb128 0x2
 901 0596 91       		.byte	0x91
 902 0597 64       		.sleb128 -28
 903 0598 1B       		.uleb128 0x1b
 904 0599 7200     		.ascii	"r\000"
 905 059b 01       		.byte	0x1
 906 059c B7       		.byte	0xb7
 907 059d 25000000 		.4byte	0x25
 908 05a1 02       		.uleb128 0x2
 909 05a2 91       		.byte	0x91
 910 05a3 74       		.sleb128 -12
 911 05a4 00       		.byte	0
 912 05a5 1C       		.uleb128 0x1c
ARM GAS  C:\Users\rober\AppData\Local\Temp\ccBOxG6v.s 			page 21


 913 05a6 57000000 		.4byte	.LASF70
 914 05aa 01       		.byte	0x1
 915 05ab D8       		.byte	0xd8
 916 05ac 58030000 		.4byte	0x358
 917 05b0 00000000 		.4byte	.LFB127
 918 05b4 14000000 		.4byte	.LFE127-.LFB127
 919 05b8 01       		.uleb128 0x1
 920 05b9 9C       		.byte	0x9c
 921 05ba 14       		.uleb128 0x14
 922 05bb 48000000 		.4byte	0x48
 923 05bf CB050000 		.4byte	0x5cb
 924 05c3 1D       		.uleb128 0x1d
 925 05c4 9E000000 		.4byte	0x9e
 926 05c8 AF16     		.2byte	0x16af
 927 05ca 00       		.byte	0
 928 05cb 17       		.uleb128 0x17
 929 05cc 2D000000 		.4byte	.LASF60
 930 05d0 01       		.byte	0x1
 931 05d1 69       		.byte	0x69
 932 05d2 BA050000 		.4byte	0x5ba
 933 05d6 05       		.uleb128 0x5
 934 05d7 03       		.byte	0x3
 935 05d8 00000000 		.4byte	_aPlain_0
 936 05dc 17       		.uleb128 0x17
 937 05dd A4030000 		.4byte	.LASF61
 938 05e1 01       		.byte	0x1
 939 05e2 70       		.byte	0x70
 940 05e3 10050000 		.4byte	0x510
 941 05e7 05       		.uleb128 0x5
 942 05e8 03       		.byte	0x3
 943 05e9 00000000 		.4byte	_VRAM_Desc
 944 05ed 1E       		.uleb128 0x1e
 945 05ee 64040000 		.4byte	.LASF62
 946 05f2 07       		.byte	0x7
 947 05f3 EA07     		.2byte	0x7ea
 948 05f5 F9050000 		.4byte	0x5f9
 949 05f9 1F       		.uleb128 0x1f
 950 05fa 88000000 		.4byte	0x88
 951 05fe 20       		.uleb128 0x20
 952 05ff 3C040000 		.4byte	.LASF63
 953 0603 04       		.byte	0x4
 954 0604 9D       		.byte	0x9d
 955 0605 53030000 		.4byte	0x353
 956 0609 20       		.uleb128 0x20
 957 060a F0000000 		.4byte	.LASF64
 958 060e 06       		.byte	0x6
 959 060f 49       		.byte	0x49
 960 0610 DB040000 		.4byte	0x4db
 961 0614 00       		.byte	0
 962              		.section	.debug_abbrev,"",%progbits
 963              	.Ldebug_abbrev0:
 964 0000 01       		.uleb128 0x1
 965 0001 11       		.uleb128 0x11
 966 0002 01       		.byte	0x1
 967 0003 25       		.uleb128 0x25
 968 0004 0E       		.uleb128 0xe
 969 0005 13       		.uleb128 0x13
ARM GAS  C:\Users\rober\AppData\Local\Temp\ccBOxG6v.s 			page 22


 970 0006 0B       		.uleb128 0xb
 971 0007 03       		.uleb128 0x3
 972 0008 0E       		.uleb128 0xe
 973 0009 1B       		.uleb128 0x1b
 974 000a 0E       		.uleb128 0xe
 975 000b 55       		.uleb128 0x55
 976 000c 17       		.uleb128 0x17
 977 000d 11       		.uleb128 0x11
 978 000e 01       		.uleb128 0x1
 979 000f 10       		.uleb128 0x10
 980 0010 17       		.uleb128 0x17
 981 0011 00       		.byte	0
 982 0012 00       		.byte	0
 983 0013 02       		.uleb128 0x2
 984 0014 24       		.uleb128 0x24
 985 0015 00       		.byte	0
 986 0016 0B       		.uleb128 0xb
 987 0017 0B       		.uleb128 0xb
 988 0018 3E       		.uleb128 0x3e
 989 0019 0B       		.uleb128 0xb
 990 001a 03       		.uleb128 0x3
 991 001b 08       		.uleb128 0x8
 992 001c 00       		.byte	0
 993 001d 00       		.byte	0
 994 001e 03       		.uleb128 0x3
 995 001f 24       		.uleb128 0x24
 996 0020 00       		.byte	0
 997 0021 0B       		.uleb128 0xb
 998 0022 0B       		.uleb128 0xb
 999 0023 3E       		.uleb128 0x3e
 1000 0024 0B       		.uleb128 0xb
 1001 0025 03       		.uleb128 0x3
 1002 0026 0E       		.uleb128 0xe
 1003 0027 00       		.byte	0
 1004 0028 00       		.byte	0
 1005 0029 04       		.uleb128 0x4
 1006 002a 16       		.uleb128 0x16
 1007 002b 00       		.byte	0
 1008 002c 03       		.uleb128 0x3
 1009 002d 0E       		.uleb128 0xe
 1010 002e 3A       		.uleb128 0x3a
 1011 002f 0B       		.uleb128 0xb
 1012 0030 3B       		.uleb128 0x3b
 1013 0031 0B       		.uleb128 0xb
 1014 0032 49       		.uleb128 0x49
 1015 0033 13       		.uleb128 0x13
 1016 0034 00       		.byte	0
 1017 0035 00       		.byte	0
 1018 0036 05       		.uleb128 0x5
 1019 0037 0F       		.uleb128 0xf
 1020 0038 00       		.byte	0
 1021 0039 0B       		.uleb128 0xb
 1022 003a 0B       		.uleb128 0xb
 1023 003b 49       		.uleb128 0x49
 1024 003c 13       		.uleb128 0x13
 1025 003d 00       		.byte	0
 1026 003e 00       		.byte	0
ARM GAS  C:\Users\rober\AppData\Local\Temp\ccBOxG6v.s 			page 23


 1027 003f 06       		.uleb128 0x6
 1028 0040 15       		.uleb128 0x15
 1029 0041 00       		.byte	0
 1030 0042 27       		.uleb128 0x27
 1031 0043 19       		.uleb128 0x19
 1032 0044 00       		.byte	0
 1033 0045 00       		.byte	0
 1034 0046 07       		.uleb128 0x7
 1035 0047 13       		.uleb128 0x13
 1036 0048 01       		.byte	0x1
 1037 0049 0B       		.uleb128 0xb
 1038 004a 0B       		.uleb128 0xb
 1039 004b 3A       		.uleb128 0x3a
 1040 004c 0B       		.uleb128 0xb
 1041 004d 3B       		.uleb128 0x3b
 1042 004e 0B       		.uleb128 0xb
 1043 004f 01       		.uleb128 0x1
 1044 0050 13       		.uleb128 0x13
 1045 0051 00       		.byte	0
 1046 0052 00       		.byte	0
 1047 0053 08       		.uleb128 0x8
 1048 0054 0D       		.uleb128 0xd
 1049 0055 00       		.byte	0
 1050 0056 03       		.uleb128 0x3
 1051 0057 08       		.uleb128 0x8
 1052 0058 3A       		.uleb128 0x3a
 1053 0059 0B       		.uleb128 0xb
 1054 005a 3B       		.uleb128 0x3b
 1055 005b 0B       		.uleb128 0xb
 1056 005c 49       		.uleb128 0x49
 1057 005d 13       		.uleb128 0x13
 1058 005e 38       		.uleb128 0x38
 1059 005f 0B       		.uleb128 0xb
 1060 0060 00       		.byte	0
 1061 0061 00       		.byte	0
 1062 0062 09       		.uleb128 0x9
 1063 0063 15       		.uleb128 0x15
 1064 0064 01       		.byte	0x1
 1065 0065 27       		.uleb128 0x27
 1066 0066 19       		.uleb128 0x19
 1067 0067 49       		.uleb128 0x49
 1068 0068 13       		.uleb128 0x13
 1069 0069 01       		.uleb128 0x1
 1070 006a 13       		.uleb128 0x13
 1071 006b 00       		.byte	0
 1072 006c 00       		.byte	0
 1073 006d 0A       		.uleb128 0xa
 1074 006e 05       		.uleb128 0x5
 1075 006f 00       		.byte	0
 1076 0070 49       		.uleb128 0x49
 1077 0071 13       		.uleb128 0x13
 1078 0072 00       		.byte	0
 1079 0073 00       		.byte	0
 1080 0074 0B       		.uleb128 0xb
 1081 0075 15       		.uleb128 0x15
 1082 0076 00       		.byte	0
 1083 0077 27       		.uleb128 0x27
ARM GAS  C:\Users\rober\AppData\Local\Temp\ccBOxG6v.s 			page 24


 1084 0078 19       		.uleb128 0x19
 1085 0079 49       		.uleb128 0x49
 1086 007a 13       		.uleb128 0x13
 1087 007b 00       		.byte	0
 1088 007c 00       		.byte	0
 1089 007d 0C       		.uleb128 0xc
 1090 007e 15       		.uleb128 0x15
 1091 007f 01       		.byte	0x1
 1092 0080 27       		.uleb128 0x27
 1093 0081 19       		.uleb128 0x19
 1094 0082 01       		.uleb128 0x1
 1095 0083 13       		.uleb128 0x13
 1096 0084 00       		.byte	0
 1097 0085 00       		.byte	0
 1098 0086 0D       		.uleb128 0xd
 1099 0087 0F       		.uleb128 0xf
 1100 0088 00       		.byte	0
 1101 0089 0B       		.uleb128 0xb
 1102 008a 0B       		.uleb128 0xb
 1103 008b 00       		.byte	0
 1104 008c 00       		.byte	0
 1105 008d 0E       		.uleb128 0xe
 1106 008e 0D       		.uleb128 0xd
 1107 008f 00       		.byte	0
 1108 0090 03       		.uleb128 0x3
 1109 0091 0E       		.uleb128 0xe
 1110 0092 3A       		.uleb128 0x3a
 1111 0093 0B       		.uleb128 0xb
 1112 0094 3B       		.uleb128 0x3b
 1113 0095 0B       		.uleb128 0xb
 1114 0096 49       		.uleb128 0x49
 1115 0097 13       		.uleb128 0x13
 1116 0098 38       		.uleb128 0x38
 1117 0099 0B       		.uleb128 0xb
 1118 009a 00       		.byte	0
 1119 009b 00       		.byte	0
 1120 009c 0F       		.uleb128 0xf
 1121 009d 16       		.uleb128 0x16
 1122 009e 00       		.byte	0
 1123 009f 03       		.uleb128 0x3
 1124 00a0 0E       		.uleb128 0xe
 1125 00a1 3A       		.uleb128 0x3a
 1126 00a2 0B       		.uleb128 0xb
 1127 00a3 3B       		.uleb128 0x3b
 1128 00a4 05       		.uleb128 0x5
 1129 00a5 49       		.uleb128 0x49
 1130 00a6 13       		.uleb128 0x13
 1131 00a7 00       		.byte	0
 1132 00a8 00       		.byte	0
 1133 00a9 10       		.uleb128 0x10
 1134 00aa 13       		.uleb128 0x13
 1135 00ab 01       		.byte	0x1
 1136 00ac 03       		.uleb128 0x3
 1137 00ad 0E       		.uleb128 0xe
 1138 00ae 0B       		.uleb128 0xb
 1139 00af 0B       		.uleb128 0xb
 1140 00b0 3A       		.uleb128 0x3a
ARM GAS  C:\Users\rober\AppData\Local\Temp\ccBOxG6v.s 			page 25


 1141 00b1 0B       		.uleb128 0xb
 1142 00b2 3B       		.uleb128 0x3b
 1143 00b3 0B       		.uleb128 0xb
 1144 00b4 01       		.uleb128 0x1
 1145 00b5 13       		.uleb128 0x13
 1146 00b6 00       		.byte	0
 1147 00b7 00       		.byte	0
 1148 00b8 11       		.uleb128 0x11
 1149 00b9 26       		.uleb128 0x26
 1150 00ba 00       		.byte	0
 1151 00bb 49       		.uleb128 0x49
 1152 00bc 13       		.uleb128 0x13
 1153 00bd 00       		.byte	0
 1154 00be 00       		.byte	0
 1155 00bf 12       		.uleb128 0x12
 1156 00c0 17       		.uleb128 0x17
 1157 00c1 01       		.byte	0x1
 1158 00c2 0B       		.uleb128 0xb
 1159 00c3 0B       		.uleb128 0xb
 1160 00c4 3A       		.uleb128 0x3a
 1161 00c5 0B       		.uleb128 0xb
 1162 00c6 3B       		.uleb128 0x3b
 1163 00c7 0B       		.uleb128 0xb
 1164 00c8 01       		.uleb128 0x1
 1165 00c9 13       		.uleb128 0x13
 1166 00ca 00       		.byte	0
 1167 00cb 00       		.byte	0
 1168 00cc 13       		.uleb128 0x13
 1169 00cd 0D       		.uleb128 0xd
 1170 00ce 00       		.byte	0
 1171 00cf 03       		.uleb128 0x3
 1172 00d0 0E       		.uleb128 0xe
 1173 00d1 3A       		.uleb128 0x3a
 1174 00d2 0B       		.uleb128 0xb
 1175 00d3 3B       		.uleb128 0x3b
 1176 00d4 0B       		.uleb128 0xb
 1177 00d5 49       		.uleb128 0x49
 1178 00d6 13       		.uleb128 0x13
 1179 00d7 00       		.byte	0
 1180 00d8 00       		.byte	0
 1181 00d9 14       		.uleb128 0x14
 1182 00da 01       		.uleb128 0x1
 1183 00db 01       		.byte	0x1
 1184 00dc 49       		.uleb128 0x49
 1185 00dd 13       		.uleb128 0x13
 1186 00de 01       		.uleb128 0x1
 1187 00df 13       		.uleb128 0x13
 1188 00e0 00       		.byte	0
 1189 00e1 00       		.byte	0
 1190 00e2 15       		.uleb128 0x15
 1191 00e3 21       		.uleb128 0x21
 1192 00e4 00       		.byte	0
 1193 00e5 49       		.uleb128 0x49
 1194 00e6 13       		.uleb128 0x13
 1195 00e7 2F       		.uleb128 0x2f
 1196 00e8 0B       		.uleb128 0xb
 1197 00e9 00       		.byte	0
ARM GAS  C:\Users\rober\AppData\Local\Temp\ccBOxG6v.s 			page 26


 1198 00ea 00       		.byte	0
 1199 00eb 16       		.uleb128 0x16
 1200 00ec 2E       		.uleb128 0x2e
 1201 00ed 01       		.byte	0x1
 1202 00ee 3F       		.uleb128 0x3f
 1203 00ef 19       		.uleb128 0x19
 1204 00f0 03       		.uleb128 0x3
 1205 00f1 0E       		.uleb128 0xe
 1206 00f2 3A       		.uleb128 0x3a
 1207 00f3 0B       		.uleb128 0xb
 1208 00f4 3B       		.uleb128 0x3b
 1209 00f5 0B       		.uleb128 0xb
 1210 00f6 27       		.uleb128 0x27
 1211 00f7 19       		.uleb128 0x19
 1212 00f8 11       		.uleb128 0x11
 1213 00f9 01       		.uleb128 0x1
 1214 00fa 12       		.uleb128 0x12
 1215 00fb 06       		.uleb128 0x6
 1216 00fc 40       		.uleb128 0x40
 1217 00fd 18       		.uleb128 0x18
 1218 00fe 9642     		.uleb128 0x2116
 1219 0100 19       		.uleb128 0x19
 1220 0101 01       		.uleb128 0x1
 1221 0102 13       		.uleb128 0x13
 1222 0103 00       		.byte	0
 1223 0104 00       		.byte	0
 1224 0105 17       		.uleb128 0x17
 1225 0106 34       		.uleb128 0x34
 1226 0107 00       		.byte	0
 1227 0108 03       		.uleb128 0x3
 1228 0109 0E       		.uleb128 0xe
 1229 010a 3A       		.uleb128 0x3a
 1230 010b 0B       		.uleb128 0xb
 1231 010c 3B       		.uleb128 0x3b
 1232 010d 0B       		.uleb128 0xb
 1233 010e 49       		.uleb128 0x49
 1234 010f 13       		.uleb128 0x13
 1235 0110 02       		.uleb128 0x2
 1236 0111 18       		.uleb128 0x18
 1237 0112 00       		.byte	0
 1238 0113 00       		.byte	0
 1239 0114 18       		.uleb128 0x18
 1240 0115 2E       		.uleb128 0x2e
 1241 0116 01       		.byte	0x1
 1242 0117 3F       		.uleb128 0x3f
 1243 0118 19       		.uleb128 0x19
 1244 0119 03       		.uleb128 0x3
 1245 011a 0E       		.uleb128 0xe
 1246 011b 3A       		.uleb128 0x3a
 1247 011c 0B       		.uleb128 0xb
 1248 011d 3B       		.uleb128 0x3b
 1249 011e 0B       		.uleb128 0xb
 1250 011f 27       		.uleb128 0x27
 1251 0120 19       		.uleb128 0x19
 1252 0121 49       		.uleb128 0x49
 1253 0122 13       		.uleb128 0x13
 1254 0123 11       		.uleb128 0x11
ARM GAS  C:\Users\rober\AppData\Local\Temp\ccBOxG6v.s 			page 27


 1255 0124 01       		.uleb128 0x1
 1256 0125 12       		.uleb128 0x12
 1257 0126 06       		.uleb128 0x6
 1258 0127 40       		.uleb128 0x40
 1259 0128 18       		.uleb128 0x18
 1260 0129 9742     		.uleb128 0x2117
 1261 012b 19       		.uleb128 0x19
 1262 012c 01       		.uleb128 0x1
 1263 012d 13       		.uleb128 0x13
 1264 012e 00       		.byte	0
 1265 012f 00       		.byte	0
 1266 0130 19       		.uleb128 0x19
 1267 0131 05       		.uleb128 0x5
 1268 0132 00       		.byte	0
 1269 0133 03       		.uleb128 0x3
 1270 0134 0E       		.uleb128 0xe
 1271 0135 3A       		.uleb128 0x3a
 1272 0136 0B       		.uleb128 0xb
 1273 0137 3B       		.uleb128 0x3b
 1274 0138 0B       		.uleb128 0xb
 1275 0139 49       		.uleb128 0x49
 1276 013a 13       		.uleb128 0x13
 1277 013b 02       		.uleb128 0x2
 1278 013c 18       		.uleb128 0x18
 1279 013d 00       		.byte	0
 1280 013e 00       		.byte	0
 1281 013f 1A       		.uleb128 0x1a
 1282 0140 05       		.uleb128 0x5
 1283 0141 00       		.byte	0
 1284 0142 03       		.uleb128 0x3
 1285 0143 08       		.uleb128 0x8
 1286 0144 3A       		.uleb128 0x3a
 1287 0145 0B       		.uleb128 0xb
 1288 0146 3B       		.uleb128 0x3b
 1289 0147 0B       		.uleb128 0xb
 1290 0148 49       		.uleb128 0x49
 1291 0149 13       		.uleb128 0x13
 1292 014a 02       		.uleb128 0x2
 1293 014b 18       		.uleb128 0x18
 1294 014c 00       		.byte	0
 1295 014d 00       		.byte	0
 1296 014e 1B       		.uleb128 0x1b
 1297 014f 34       		.uleb128 0x34
 1298 0150 00       		.byte	0
 1299 0151 03       		.uleb128 0x3
 1300 0152 08       		.uleb128 0x8
 1301 0153 3A       		.uleb128 0x3a
 1302 0154 0B       		.uleb128 0xb
 1303 0155 3B       		.uleb128 0x3b
 1304 0156 0B       		.uleb128 0xb
 1305 0157 49       		.uleb128 0x49
 1306 0158 13       		.uleb128 0x13
 1307 0159 02       		.uleb128 0x2
 1308 015a 18       		.uleb128 0x18
 1309 015b 00       		.byte	0
 1310 015c 00       		.byte	0
 1311 015d 1C       		.uleb128 0x1c
ARM GAS  C:\Users\rober\AppData\Local\Temp\ccBOxG6v.s 			page 28


 1312 015e 2E       		.uleb128 0x2e
 1313 015f 00       		.byte	0
 1314 0160 3F       		.uleb128 0x3f
 1315 0161 19       		.uleb128 0x19
 1316 0162 03       		.uleb128 0x3
 1317 0163 0E       		.uleb128 0xe
 1318 0164 3A       		.uleb128 0x3a
 1319 0165 0B       		.uleb128 0xb
 1320 0166 3B       		.uleb128 0x3b
 1321 0167 0B       		.uleb128 0xb
 1322 0168 27       		.uleb128 0x27
 1323 0169 19       		.uleb128 0x19
 1324 016a 49       		.uleb128 0x49
 1325 016b 13       		.uleb128 0x13
 1326 016c 11       		.uleb128 0x11
 1327 016d 01       		.uleb128 0x1
 1328 016e 12       		.uleb128 0x12
 1329 016f 06       		.uleb128 0x6
 1330 0170 40       		.uleb128 0x40
 1331 0171 18       		.uleb128 0x18
 1332 0172 9742     		.uleb128 0x2117
 1333 0174 19       		.uleb128 0x19
 1334 0175 00       		.byte	0
 1335 0176 00       		.byte	0
 1336 0177 1D       		.uleb128 0x1d
 1337 0178 21       		.uleb128 0x21
 1338 0179 00       		.byte	0
 1339 017a 49       		.uleb128 0x49
 1340 017b 13       		.uleb128 0x13
 1341 017c 2F       		.uleb128 0x2f
 1342 017d 05       		.uleb128 0x5
 1343 017e 00       		.byte	0
 1344 017f 00       		.byte	0
 1345 0180 1E       		.uleb128 0x1e
 1346 0181 34       		.uleb128 0x34
 1347 0182 00       		.byte	0
 1348 0183 03       		.uleb128 0x3
 1349 0184 0E       		.uleb128 0xe
 1350 0185 3A       		.uleb128 0x3a
 1351 0186 0B       		.uleb128 0xb
 1352 0187 3B       		.uleb128 0x3b
 1353 0188 05       		.uleb128 0x5
 1354 0189 49       		.uleb128 0x49
 1355 018a 13       		.uleb128 0x13
 1356 018b 3F       		.uleb128 0x3f
 1357 018c 19       		.uleb128 0x19
 1358 018d 3C       		.uleb128 0x3c
 1359 018e 19       		.uleb128 0x19
 1360 018f 00       		.byte	0
 1361 0190 00       		.byte	0
 1362 0191 1F       		.uleb128 0x1f
 1363 0192 35       		.uleb128 0x35
 1364 0193 00       		.byte	0
 1365 0194 49       		.uleb128 0x49
 1366 0195 13       		.uleb128 0x13
 1367 0196 00       		.byte	0
 1368 0197 00       		.byte	0
ARM GAS  C:\Users\rober\AppData\Local\Temp\ccBOxG6v.s 			page 29


 1369 0198 20       		.uleb128 0x20
 1370 0199 34       		.uleb128 0x34
 1371 019a 00       		.byte	0
 1372 019b 03       		.uleb128 0x3
 1373 019c 0E       		.uleb128 0xe
 1374 019d 3A       		.uleb128 0x3a
 1375 019e 0B       		.uleb128 0xb
 1376 019f 3B       		.uleb128 0x3b
 1377 01a0 0B       		.uleb128 0xb
 1378 01a1 49       		.uleb128 0x49
 1379 01a2 13       		.uleb128 0x13
 1380 01a3 3F       		.uleb128 0x3f
 1381 01a4 19       		.uleb128 0x19
 1382 01a5 3C       		.uleb128 0x3c
 1383 01a6 19       		.uleb128 0x19
 1384 01a7 00       		.byte	0
 1385 01a8 00       		.byte	0
 1386 01a9 00       		.byte	0
 1387              		.section	.debug_aranges,"",%progbits
 1388 0000 2C000000 		.4byte	0x2c
 1389 0004 0200     		.2byte	0x2
 1390 0006 00000000 		.4byte	.Ldebug_info0
 1391 000a 04       		.byte	0x4
 1392 000b 00       		.byte	0
 1393 000c 0000     		.2byte	0
 1394 000e 0000     		.2byte	0
 1395 0010 00000000 		.4byte	.LFB125
 1396 0014 7C000000 		.4byte	.LFE125-.LFB125
 1397 0018 00000000 		.4byte	.LFB126
 1398 001c 2A000000 		.4byte	.LFE126-.LFB126
 1399 0020 00000000 		.4byte	.LFB127
 1400 0024 14000000 		.4byte	.LFE127-.LFB127
 1401 0028 00000000 		.4byte	0
 1402 002c 00000000 		.4byte	0
 1403              		.section	.debug_ranges,"",%progbits
 1404              	.Ldebug_ranges0:
 1405 0000 00000000 		.4byte	.LFB125
 1406 0004 7C000000 		.4byte	.LFE125
 1407 0008 00000000 		.4byte	.LFB126
 1408 000c 2A000000 		.4byte	.LFE126
 1409 0010 00000000 		.4byte	.LFB127
 1410 0014 14000000 		.4byte	.LFE127
 1411 0018 00000000 		.4byte	0
 1412 001c 00000000 		.4byte	0
 1413              		.section	.debug_line,"",%progbits
 1414              	.Ldebug_line0:
 1415 0000 3F020000 		.section	.debug_str,"MS",%progbits,1
 1415      0200F801 
 1415      00000201 
 1415      FB0E0D00 
 1415      01010101 
 1416              	.LASF36:
 1417 0000 70436F6C 		.ascii	"pColorConvAPI\000"
 1417      6F72436F 
 1417      6E764150 
 1417      4900
 1418              	.LASF68:
ARM GAS  C:\Users\rober\AppData\Local\Temp\ccBOxG6v.s 			page 30


 1419 000e 4C43445F 		.ascii	"LCD_X_Config\000"
 1419      585F436F 
 1419      6E666967 
 1419      00
 1420              	.LASF55:
 1421 001b 4D697272 		.ascii	"Mirror\000"
 1421      6F7200
 1422              	.LASF44:
 1423 0022 70664669 		.ascii	"pfFillRect\000"
 1423      6C6C5265 
 1423      637400
 1424              	.LASF60:
 1425 002d 5F61506C 		.ascii	"_aPlain_0\000"
 1425      61696E5F 
 1425      3000
 1426              	.LASF5:
 1427 0037 73686F72 		.ascii	"short int\000"
 1427      7420696E 
 1427      7400
 1428              	.LASF14:
 1429 0041 73697A65 		.ascii	"sizetype\000"
 1429      74797065 
 1429      00
 1430              	.LASF51:
 1431 004a 70664765 		.ascii	"pfGetDevData\000"
 1431      74446576 
 1431      44617461 
 1431      00
 1432              	.LASF70:
 1433 0057 4C43445F 		.ascii	"LCD_GetDisplayBuffer\000"
 1433      47657444 
 1433      6973706C 
 1433      61794275 
 1433      66666572 
 1434              	.LASF43:
 1435 006c 70664472 		.ascii	"pfDrawVLine\000"
 1435      6177564C 
 1435      696E6500 
 1436              	.LASF9:
 1437 0078 5F5F7569 		.ascii	"__uint32_t\000"
 1437      6E743332 
 1437      5F7400
 1438              	.LASF52:
 1439 0083 70664765 		.ascii	"pfGetRect\000"
 1439      74526563 
 1439      7400
 1440              	.LASF35:
 1441 008d 70446576 		.ascii	"pDeviceAPI\000"
 1441      69636541 
 1441      504900
 1442              	.LASF39:
 1443 0098 4755495F 		.ascii	"GUI_DEVICE_API\000"
 1443      44455649 
 1443      43455F41 
 1443      504900
 1444              	.LASF18:
 1445 00a7 4C43445F 		.ascii	"LCD_COLOR\000"
ARM GAS  C:\Users\rober\AppData\Local\Temp\ccBOxG6v.s 			page 31


 1445      434F4C4F 
 1445      5200
 1446              	.LASF27:
 1447 00b1 70664765 		.ascii	"pfGetIndexMask\000"
 1447      74496E64 
 1447      65784D61 
 1447      736B00
 1448              	.LASF29:
 1449 00c0 7066436F 		.ascii	"pfColor2IndexBulk\000"
 1449      6C6F7232 
 1449      496E6465 
 1449      7842756C 
 1449      6B00
 1450              	.LASF34:
 1451 00d2 70507265 		.ascii	"pPrev\000"
 1451      7600
 1452              	.LASF42:
 1453 00d8 70664472 		.ascii	"pfDrawHLine\000"
 1453      6177484C 
 1453      696E6500 
 1454              	.LASF37:
 1455 00e4 466C6167 		.ascii	"Flags\000"
 1455      7300
 1456              	.LASF16:
 1457 00ea 666C6F61 		.ascii	"float\000"
 1457      7400
 1458              	.LASF64:
 1459 00f0 47554944 		.ascii	"GUIDRV_BitPlains_API\000"
 1459      52565F42 
 1459      6974506C 
 1459      61696E73 
 1459      5F415049 
 1460              	.LASF38:
 1461 0105 4C617965 		.ascii	"LayerIndex\000"
 1461      72496E64 
 1461      657800
 1462              	.LASF1:
 1463 0110 6C6F6E67 		.ascii	"long long int\000"
 1463      206C6F6E 
 1463      6720696E 
 1463      7400
 1464              	.LASF33:
 1465 011e 704E6578 		.ascii	"pNext\000"
 1465      7400
 1466              	.LASF65:
 1467 0124 474E5520 		.ascii	"GNU C11 5.4.1 20160609 (release) [ARM/embedded-5-br"
 1467      43313120 
 1467      352E342E 
 1467      31203230 
 1467      31363036 
 1468 0157 616E6368 		.ascii	"anch revision 237715] -mcpu=cortex-m4 -mfloat-abi=s"
 1468      20726576 
 1468      6973696F 
 1468      6E203233 
 1468      37373135 
 1469 018a 6F667466 		.ascii	"oftfp -mfpu=fpv4-sp-d16 -mthumb -g -O0 -ffunction-s"
 1469      70202D6D 
ARM GAS  C:\Users\rober\AppData\Local\Temp\ccBOxG6v.s 			page 32


 1469      6670753D 
 1469      66707634 
 1469      2D73702D 
 1470 01bd 65637469 		.ascii	"ections -ffat-lto-objects\000"
 1470      6F6E7320 
 1470      2D666661 
 1470      742D6C74 
 1470      6F2D6F62 
 1471              	.LASF22:
 1472 01d7 744C4344 		.ascii	"tLCDDEV_GetIndexMask\000"
 1472      4445565F 
 1472      47657449 
 1472      6E646578 
 1472      4D61736B 
 1473              	.LASF7:
 1474 01ec 6C6F6E67 		.ascii	"long int\000"
 1474      20696E74 
 1474      00
 1475              	.LASF45:
 1476 01f5 70664765 		.ascii	"pfGetPixelIndex\000"
 1476      74506978 
 1476      656C496E 
 1476      64657800 
 1477              	.LASF31:
 1478 0205 4C43445F 		.ascii	"LCD_API_COLOR_CONV\000"
 1478      4150495F 
 1478      434F4C4F 
 1478      525F434F 
 1478      4E5600
 1479              	.LASF57:
 1480 0218 61705652 		.ascii	"apVRAM\000"
 1480      414D00
 1481              	.LASF67:
 1482 021f 433A5C55 		.ascii	"C:\\Users\\rober\\Desktop\\SMIW\\projekt_smiw\\CE22"
 1482      73657273 
 1482      5C726F62 
 1482      65725C44 
 1482      65736B74 
 1483 024c 33373237 		.ascii	"3727_EmWin_EInk_Display01\\CE223727_EmWin_EInk_Disp"
 1483      5F456D57 
 1483      696E5F45 
 1483      496E6B5F 
 1483      44697370 
 1484 027e 6C617930 		.ascii	"lay01.cydsn\000"
 1484      312E6379 
 1484      64736E00 
 1485              	.LASF59:
 1486 028a 436F6E66 		.ascii	"Config\000"
 1486      696700
 1487              	.LASF4:
 1488 0291 756E7369 		.ascii	"unsigned char\000"
 1488      676E6564 
 1488      20636861 
 1488      7200
 1489              	.LASF53:
 1490 029f 68436F6E 		.ascii	"hContext\000"
 1490      74657874 
ARM GAS  C:\Users\rober\AppData\Local\Temp\ccBOxG6v.s 			page 33


 1490      00
 1491              	.LASF2:
 1492 02a8 6C6F6E67 		.ascii	"long double\000"
 1492      20646F75 
 1492      626C6500 
 1493              	.LASF66:
 1494 02b4 4C434443 		.ascii	"LCDConf.c\000"
 1494      6F6E662E 
 1494      6300
 1495              	.LASF19:
 1496 02be 4C43445F 		.ascii	"LCD_RECT\000"
 1496      52454354 
 1496      00
 1497              	.LASF3:
 1498 02c7 7369676E 		.ascii	"signed char\000"
 1498      65642063 
 1498      68617200 
 1499              	.LASF11:
 1500 02d3 6C6F6E67 		.ascii	"long long unsigned int\000"
 1500      206C6F6E 
 1500      6720756E 
 1500      7369676E 
 1500      65642069 
 1501              	.LASF13:
 1502 02ea 75696E74 		.ascii	"uint32_t\000"
 1502      33325F74 
 1502      00
 1503              	.LASF28:
 1504 02f3 4E6F416C 		.ascii	"NoAlpha\000"
 1504      70686100 
 1505              	.LASF26:
 1506 02fb 7066496E 		.ascii	"pfIndex2Color\000"
 1506      64657832 
 1506      436F6C6F 
 1506      7200
 1507              	.LASF0:
 1508 0309 756E7369 		.ascii	"unsigned int\000"
 1508      676E6564 
 1508      20696E74 
 1508      00
 1509              	.LASF46:
 1510 0316 70665365 		.ascii	"pfSetPixelIndex\000"
 1510      74506978 
 1510      656C496E 
 1510      64657800 
 1511              	.LASF56:
 1512 0326 434F4E46 		.ascii	"CONFIG_BITPLAINS\000"
 1512      49475F42 
 1512      4954504C 
 1512      41494E53 
 1512      00
 1513              	.LASF25:
 1514 0337 7066436F 		.ascii	"pfColor2Index\000"
 1514      6C6F7232 
 1514      496E6465 
 1514      7800
 1515              	.LASF15:
ARM GAS  C:\Users\rober\AppData\Local\Temp\ccBOxG6v.s 			page 34


 1516 0345 63686172 		.ascii	"char\000"
 1516      00
 1517              	.LASF40:
 1518 034a 44657669 		.ascii	"DeviceClassIndex\000"
 1518      6365436C 
 1518      61737349 
 1518      6E646578 
 1518      00
 1519              	.LASF12:
 1520 035b 696E7433 		.ascii	"int32_t\000"
 1520      325F7400 
 1521              	.LASF32:
 1522 0363 4755495F 		.ascii	"GUI_DEVICE\000"
 1522      44455649 
 1522      434500
 1523              	.LASF6:
 1524 036e 73686F72 		.ascii	"short unsigned int\000"
 1524      7420756E 
 1524      7369676E 
 1524      65642069 
 1524      6E7400
 1525              	.LASF54:
 1526 0381 70436F6E 		.ascii	"pContext\000"
 1526      74657874 
 1526      00
 1527              	.LASF41:
 1528 038a 70664472 		.ascii	"pfDrawBitmap\000"
 1528      61774269 
 1528      746D6170 
 1528      00
 1529              	.LASF49:
 1530 0397 70664765 		.ascii	"pfGetDevFunc\000"
 1530      74446576 
 1530      46756E63 
 1530      00
 1531              	.LASF61:
 1532 03a4 5F565241 		.ascii	"_VRAM_Desc\000"
 1532      4D5F4465 
 1532      736300
 1533              	.LASF10:
 1534 03af 6C6F6E67 		.ascii	"long unsigned int\000"
 1534      20756E73 
 1534      69676E65 
 1534      6420696E 
 1534      7400
 1535              	.LASF17:
 1536 03c1 646F7562 		.ascii	"double\000"
 1536      6C6500
 1537              	.LASF30:
 1538 03c8 7066496E 		.ascii	"pfIndex2ColorBulk\000"
 1538      64657832 
 1538      436F6C6F 
 1538      7242756C 
 1538      6B00
 1539              	.LASF8:
 1540 03da 5F5F696E 		.ascii	"__int32_t\000"
 1540      7433325F 
ARM GAS  C:\Users\rober\AppData\Local\Temp\ccBOxG6v.s 			page 35


 1540      7400
 1541              	.LASF47:
 1542 03e4 7066586F 		.ascii	"pfXorPixel\000"
 1542      72506978 
 1542      656C00
 1543              	.LASF48:
 1544 03ef 70665365 		.ascii	"pfSetOrg\000"
 1544      744F7267 
 1544      00
 1545              	.LASF24:
 1546 03f8 744C4344 		.ascii	"tLCDDEV_Color2IndexBulk\000"
 1546      4445565F 
 1546      436F6C6F 
 1546      7232496E 
 1546      64657842 
 1547              	.LASF69:
 1548 0410 4C43445F 		.ascii	"LCD_X_DisplayDriver\000"
 1548      585F4469 
 1548      73706C61 
 1548      79447269 
 1548      76657200 
 1549              	.LASF23:
 1550 0424 744C4344 		.ascii	"tLCDDEV_Index2ColorBulk\000"
 1550      4445565F 
 1550      496E6465 
 1550      7832436F 
 1550      6C6F7242 
 1551              	.LASF63:
 1552 043c 4C43445F 		.ascii	"LCD_API_ColorConv_1\000"
 1552      4150495F 
 1552      436F6C6F 
 1552      72436F6E 
 1552      765F3100 
 1553              	.LASF20:
 1554 0450 744C4344 		.ascii	"tLCDDEV_Index2Color\000"
 1554      4445565F 
 1554      496E6465 
 1554      7832436F 
 1554      6C6F7200 
 1555              	.LASF62:
 1556 0464 49544D5F 		.ascii	"ITM_RxBuffer\000"
 1556      52784275 
 1556      66666572 
 1556      00
 1557              	.LASF58:
 1558 0471 70446576 		.ascii	"pDevice\000"
 1558      69636500 
 1559              	.LASF50:
 1560 0479 70664765 		.ascii	"pfGetDevProp\000"
 1560      74446576 
 1560      50726F70 
 1560      00
 1561              	.LASF21:
 1562 0486 744C4344 		.ascii	"tLCDDEV_Color2Index\000"
 1562      4445565F 
 1562      436F6C6F 
 1562      7232496E 
ARM GAS  C:\Users\rober\AppData\Local\Temp\ccBOxG6v.s 			page 36


 1562      64657800 
 1563              		.ident	"GCC: (GNU Tools for ARM Embedded Processors) 5.4.1 20160609 (release) [ARM/embedded-5-bran
