ARM GAS  C:\Users\rober\AppData\Local\Temp\ccWYbeEx.s 			page 1


   1              		.syntax unified
   2              		.cpu cortex-m4
   3              		.eabi_attribute 27, 1
   4              		.fpu fpv4-sp-d16
   5              		.eabi_attribute 20, 1
   6              		.eabi_attribute 21, 1
   7              		.eabi_attribute 23, 3
   8              		.eabi_attribute 24, 1
   9              		.eabi_attribute 25, 1
  10              		.eabi_attribute 26, 1
  11              		.eabi_attribute 30, 6
  12              		.eabi_attribute 34, 1
  13              		.eabi_attribute 18, 4
  14              		.thumb
  15              		.syntax unified
  16              		.file	"Status_Button3.c"
  17              		.text
  18              	.Ltext0:
  19              		.cfi_sections	.debug_frame
  20              		.section	.text.Status_Button3_Read,"ax",%progbits
  21              		.align	2
  22              		.global	Status_Button3_Read
  23              		.thumb
  24              		.thumb_func
  25              		.type	Status_Button3_Read, %function
  26              	Status_Button3_Read:
  27              	.LFB125:
  28              		.file 1 "Generated_Source\\PSoC6\\Status_Button3.c"
   1:Generated_Source\PSoC6/Status_Button3.c **** /*******************************************************************************
   2:Generated_Source\PSoC6/Status_Button3.c **** * File Name: Status_Button3.c  
   3:Generated_Source\PSoC6/Status_Button3.c **** * Version 1.90
   4:Generated_Source\PSoC6/Status_Button3.c **** *
   5:Generated_Source\PSoC6/Status_Button3.c **** * Description:
   6:Generated_Source\PSoC6/Status_Button3.c **** *  This file contains API to enable firmware to read the value of a Status 
   7:Generated_Source\PSoC6/Status_Button3.c **** *  Register.
   8:Generated_Source\PSoC6/Status_Button3.c **** *
   9:Generated_Source\PSoC6/Status_Button3.c **** * Note:
  10:Generated_Source\PSoC6/Status_Button3.c **** *
  11:Generated_Source\PSoC6/Status_Button3.c **** ********************************************************************************
  12:Generated_Source\PSoC6/Status_Button3.c **** * Copyright 2008-2015, Cypress Semiconductor Corporation.  All rights reserved.
  13:Generated_Source\PSoC6/Status_Button3.c **** * You may use this file only in accordance with the license, terms, conditions, 
  14:Generated_Source\PSoC6/Status_Button3.c **** * disclaimers, and limitations in the end user license agreement accompanying 
  15:Generated_Source\PSoC6/Status_Button3.c **** * the software package with which this file was provided.
  16:Generated_Source\PSoC6/Status_Button3.c **** *******************************************************************************/
  17:Generated_Source\PSoC6/Status_Button3.c **** 
  18:Generated_Source\PSoC6/Status_Button3.c **** #include "Status_Button3.h"
  19:Generated_Source\PSoC6/Status_Button3.c **** 
  20:Generated_Source\PSoC6/Status_Button3.c **** #if !defined(Status_Button3_sts_sts_reg__REMOVED) /* Check for removal by optimization */
  21:Generated_Source\PSoC6/Status_Button3.c **** 
  22:Generated_Source\PSoC6/Status_Button3.c **** 
  23:Generated_Source\PSoC6/Status_Button3.c **** /*******************************************************************************
  24:Generated_Source\PSoC6/Status_Button3.c **** * Function Name: Status_Button3_Read
  25:Generated_Source\PSoC6/Status_Button3.c **** ********************************************************************************
  26:Generated_Source\PSoC6/Status_Button3.c **** *
  27:Generated_Source\PSoC6/Status_Button3.c **** * Summary:
  28:Generated_Source\PSoC6/Status_Button3.c **** *  Reads the current value assigned to the Status Register.
  29:Generated_Source\PSoC6/Status_Button3.c **** *
ARM GAS  C:\Users\rober\AppData\Local\Temp\ccWYbeEx.s 			page 2


  30:Generated_Source\PSoC6/Status_Button3.c **** * Parameters:
  31:Generated_Source\PSoC6/Status_Button3.c **** *  None.
  32:Generated_Source\PSoC6/Status_Button3.c **** *
  33:Generated_Source\PSoC6/Status_Button3.c **** * Return:
  34:Generated_Source\PSoC6/Status_Button3.c **** *  The current value in the Status Register.
  35:Generated_Source\PSoC6/Status_Button3.c **** *
  36:Generated_Source\PSoC6/Status_Button3.c **** *******************************************************************************/
  37:Generated_Source\PSoC6/Status_Button3.c **** uint8 Status_Button3_Read(void) 
  38:Generated_Source\PSoC6/Status_Button3.c **** { 
  29              		.loc 1 38 0
  30              		.cfi_startproc
  31              		@ args = 0, pretend = 0, frame = 0
  32              		@ frame_needed = 1, uses_anonymous_args = 0
  33              		@ link register save eliminated.
  34 0000 80B4     		push	{r7}
  35              		.cfi_def_cfa_offset 4
  36              		.cfi_offset 7, -4
  37 0002 00AF     		add	r7, sp, #0
  38              		.cfi_def_cfa_register 7
  39:Generated_Source\PSoC6/Status_Button3.c ****     return Status_Button3_Status;
  39              		.loc 1 39 0
  40 0004 034B     		ldr	r3, .L3
  41 0006 1B78     		ldrb	r3, [r3]
  42 0008 DBB2     		uxtb	r3, r3
  40:Generated_Source\PSoC6/Status_Button3.c **** }
  43              		.loc 1 40 0
  44 000a 1846     		mov	r0, r3
  45 000c BD46     		mov	sp, r7
  46              		.cfi_def_cfa_register 13
  47              		@ sp needed
  48 000e 5DF8047B 		ldr	r7, [sp], #4
  49              		.cfi_restore 7
  50              		.cfi_def_cfa_offset 0
  51 0012 7047     		bx	lr
  52              	.L4:
  53              		.align	2
  54              	.L3:
  55 0014 20163440 		.word	1077155360
  56              		.cfi_endproc
  57              	.LFE125:
  58              		.size	Status_Button3_Read, .-Status_Button3_Read
  59              		.section	.text.Status_Button3_InterruptEnable,"ax",%progbits
  60              		.align	2
  61              		.global	Status_Button3_InterruptEnable
  62              		.thumb
  63              		.thumb_func
  64              		.type	Status_Button3_InterruptEnable, %function
  65              	Status_Button3_InterruptEnable:
  66              	.LFB126:
  41:Generated_Source\PSoC6/Status_Button3.c **** 
  42:Generated_Source\PSoC6/Status_Button3.c **** 
  43:Generated_Source\PSoC6/Status_Button3.c **** /*******************************************************************************
  44:Generated_Source\PSoC6/Status_Button3.c **** * Function Name: Status_Button3_InterruptEnable
  45:Generated_Source\PSoC6/Status_Button3.c **** ********************************************************************************
  46:Generated_Source\PSoC6/Status_Button3.c **** *
  47:Generated_Source\PSoC6/Status_Button3.c **** * Summary:
  48:Generated_Source\PSoC6/Status_Button3.c **** *  Enables the Status Register interrupt.
ARM GAS  C:\Users\rober\AppData\Local\Temp\ccWYbeEx.s 			page 3


  49:Generated_Source\PSoC6/Status_Button3.c **** *
  50:Generated_Source\PSoC6/Status_Button3.c **** * Parameters:
  51:Generated_Source\PSoC6/Status_Button3.c **** *  None.
  52:Generated_Source\PSoC6/Status_Button3.c **** *
  53:Generated_Source\PSoC6/Status_Button3.c **** * Return:
  54:Generated_Source\PSoC6/Status_Button3.c **** *  None.
  55:Generated_Source\PSoC6/Status_Button3.c **** *
  56:Generated_Source\PSoC6/Status_Button3.c **** *******************************************************************************/
  57:Generated_Source\PSoC6/Status_Button3.c **** void Status_Button3_InterruptEnable(void) 
  58:Generated_Source\PSoC6/Status_Button3.c **** {
  67              		.loc 1 58 0
  68              		.cfi_startproc
  69              		@ args = 0, pretend = 0, frame = 8
  70              		@ frame_needed = 1, uses_anonymous_args = 0
  71 0000 80B5     		push	{r7, lr}
  72              		.cfi_def_cfa_offset 8
  73              		.cfi_offset 7, -8
  74              		.cfi_offset 14, -4
  75 0002 82B0     		sub	sp, sp, #8
  76              		.cfi_def_cfa_offset 16
  77 0004 00AF     		add	r7, sp, #0
  78              		.cfi_def_cfa_register 7
  59:Generated_Source\PSoC6/Status_Button3.c ****     uint8 interruptState;
  60:Generated_Source\PSoC6/Status_Button3.c ****     interruptState = CyEnterCriticalSection();
  79              		.loc 1 60 0
  80 0006 FFF7FEFF 		bl	Cy_SysLib_EnterCriticalSection
  81 000a 0346     		mov	r3, r0
  82 000c FB71     		strb	r3, [r7, #7]
  61:Generated_Source\PSoC6/Status_Button3.c ****     Status_Button3_Status_Aux_Ctrl |= Status_Button3_STATUS_INTR_ENBL;
  83              		.loc 1 61 0
  84 000e 084A     		ldr	r2, .L6
  85 0010 074B     		ldr	r3, .L6
  86 0012 1B78     		ldrb	r3, [r3]
  87 0014 DBB2     		uxtb	r3, r3
  88 0016 43F01003 		orr	r3, r3, #16
  89 001a DBB2     		uxtb	r3, r3
  90 001c 1370     		strb	r3, [r2]
  62:Generated_Source\PSoC6/Status_Button3.c ****     CyExitCriticalSection(interruptState);
  91              		.loc 1 62 0
  92 001e FB79     		ldrb	r3, [r7, #7]	@ zero_extendqisi2
  93 0020 1846     		mov	r0, r3
  94 0022 FFF7FEFF 		bl	Cy_SysLib_ExitCriticalSection
  63:Generated_Source\PSoC6/Status_Button3.c **** }
  95              		.loc 1 63 0
  96 0026 00BF     		nop
  97 0028 0837     		adds	r7, r7, #8
  98              		.cfi_def_cfa_offset 8
  99 002a BD46     		mov	sp, r7
 100              		.cfi_def_cfa_register 13
 101              		@ sp needed
 102 002c 80BD     		pop	{r7, pc}
 103              	.L7:
 104 002e 00BF     		.align	2
 105              	.L6:
 106 0030 20193440 		.word	1077156128
 107              		.cfi_endproc
 108              	.LFE126:
ARM GAS  C:\Users\rober\AppData\Local\Temp\ccWYbeEx.s 			page 4


 109              		.size	Status_Button3_InterruptEnable, .-Status_Button3_InterruptEnable
 110              		.section	.text.Status_Button3_InterruptDisable,"ax",%progbits
 111              		.align	2
 112              		.global	Status_Button3_InterruptDisable
 113              		.thumb
 114              		.thumb_func
 115              		.type	Status_Button3_InterruptDisable, %function
 116              	Status_Button3_InterruptDisable:
 117              	.LFB127:
  64:Generated_Source\PSoC6/Status_Button3.c **** 
  65:Generated_Source\PSoC6/Status_Button3.c **** 
  66:Generated_Source\PSoC6/Status_Button3.c **** /*******************************************************************************
  67:Generated_Source\PSoC6/Status_Button3.c **** * Function Name: Status_Button3_InterruptDisable
  68:Generated_Source\PSoC6/Status_Button3.c **** ********************************************************************************
  69:Generated_Source\PSoC6/Status_Button3.c **** *
  70:Generated_Source\PSoC6/Status_Button3.c **** * Summary:
  71:Generated_Source\PSoC6/Status_Button3.c **** *  Disables the Status Register interrupt.
  72:Generated_Source\PSoC6/Status_Button3.c **** *
  73:Generated_Source\PSoC6/Status_Button3.c **** * Parameters:
  74:Generated_Source\PSoC6/Status_Button3.c **** *  None.
  75:Generated_Source\PSoC6/Status_Button3.c **** *
  76:Generated_Source\PSoC6/Status_Button3.c **** * Return:
  77:Generated_Source\PSoC6/Status_Button3.c **** *  None.
  78:Generated_Source\PSoC6/Status_Button3.c **** *
  79:Generated_Source\PSoC6/Status_Button3.c **** *******************************************************************************/
  80:Generated_Source\PSoC6/Status_Button3.c **** void Status_Button3_InterruptDisable(void) 
  81:Generated_Source\PSoC6/Status_Button3.c **** {
 118              		.loc 1 81 0
 119              		.cfi_startproc
 120              		@ args = 0, pretend = 0, frame = 8
 121              		@ frame_needed = 1, uses_anonymous_args = 0
 122 0000 80B5     		push	{r7, lr}
 123              		.cfi_def_cfa_offset 8
 124              		.cfi_offset 7, -8
 125              		.cfi_offset 14, -4
 126 0002 82B0     		sub	sp, sp, #8
 127              		.cfi_def_cfa_offset 16
 128 0004 00AF     		add	r7, sp, #0
 129              		.cfi_def_cfa_register 7
  82:Generated_Source\PSoC6/Status_Button3.c ****     uint8 interruptState;
  83:Generated_Source\PSoC6/Status_Button3.c ****     interruptState = CyEnterCriticalSection();
 130              		.loc 1 83 0
 131 0006 FFF7FEFF 		bl	Cy_SysLib_EnterCriticalSection
 132 000a 0346     		mov	r3, r0
 133 000c FB71     		strb	r3, [r7, #7]
  84:Generated_Source\PSoC6/Status_Button3.c ****     Status_Button3_Status_Aux_Ctrl &= (uint8)(~Status_Button3_STATUS_INTR_ENBL);
 134              		.loc 1 84 0
 135 000e 084A     		ldr	r2, .L9
 136 0010 074B     		ldr	r3, .L9
 137 0012 1B78     		ldrb	r3, [r3]
 138 0014 DBB2     		uxtb	r3, r3
 139 0016 23F01003 		bic	r3, r3, #16
 140 001a DBB2     		uxtb	r3, r3
 141 001c 1370     		strb	r3, [r2]
  85:Generated_Source\PSoC6/Status_Button3.c ****     CyExitCriticalSection(interruptState);
 142              		.loc 1 85 0
 143 001e FB79     		ldrb	r3, [r7, #7]	@ zero_extendqisi2
ARM GAS  C:\Users\rober\AppData\Local\Temp\ccWYbeEx.s 			page 5


 144 0020 1846     		mov	r0, r3
 145 0022 FFF7FEFF 		bl	Cy_SysLib_ExitCriticalSection
  86:Generated_Source\PSoC6/Status_Button3.c **** }
 146              		.loc 1 86 0
 147 0026 00BF     		nop
 148 0028 0837     		adds	r7, r7, #8
 149              		.cfi_def_cfa_offset 8
 150 002a BD46     		mov	sp, r7
 151              		.cfi_def_cfa_register 13
 152              		@ sp needed
 153 002c 80BD     		pop	{r7, pc}
 154              	.L10:
 155 002e 00BF     		.align	2
 156              	.L9:
 157 0030 20193440 		.word	1077156128
 158              		.cfi_endproc
 159              	.LFE127:
 160              		.size	Status_Button3_InterruptDisable, .-Status_Button3_InterruptDisable
 161              		.section	.text.Status_Button3_WriteMask,"ax",%progbits
 162              		.align	2
 163              		.global	Status_Button3_WriteMask
 164              		.thumb
 165              		.thumb_func
 166              		.type	Status_Button3_WriteMask, %function
 167              	Status_Button3_WriteMask:
 168              	.LFB128:
  87:Generated_Source\PSoC6/Status_Button3.c **** 
  88:Generated_Source\PSoC6/Status_Button3.c **** 
  89:Generated_Source\PSoC6/Status_Button3.c **** /*******************************************************************************
  90:Generated_Source\PSoC6/Status_Button3.c **** * Function Name: Status_Button3_WriteMask
  91:Generated_Source\PSoC6/Status_Button3.c **** ********************************************************************************
  92:Generated_Source\PSoC6/Status_Button3.c **** *
  93:Generated_Source\PSoC6/Status_Button3.c **** * Summary:
  94:Generated_Source\PSoC6/Status_Button3.c **** *  Writes the current mask value assigned to the Status Register.
  95:Generated_Source\PSoC6/Status_Button3.c **** *
  96:Generated_Source\PSoC6/Status_Button3.c **** * Parameters:
  97:Generated_Source\PSoC6/Status_Button3.c **** *  mask:  Value to write into the mask register.
  98:Generated_Source\PSoC6/Status_Button3.c **** *
  99:Generated_Source\PSoC6/Status_Button3.c **** * Return:
 100:Generated_Source\PSoC6/Status_Button3.c **** *  None.
 101:Generated_Source\PSoC6/Status_Button3.c **** *
 102:Generated_Source\PSoC6/Status_Button3.c **** *******************************************************************************/
 103:Generated_Source\PSoC6/Status_Button3.c **** void Status_Button3_WriteMask(uint8 mask) 
 104:Generated_Source\PSoC6/Status_Button3.c **** {
 169              		.loc 1 104 0
 170              		.cfi_startproc
 171              		@ args = 0, pretend = 0, frame = 8
 172              		@ frame_needed = 1, uses_anonymous_args = 0
 173              		@ link register save eliminated.
 174 0000 80B4     		push	{r7}
 175              		.cfi_def_cfa_offset 4
 176              		.cfi_offset 7, -4
 177 0002 83B0     		sub	sp, sp, #12
 178              		.cfi_def_cfa_offset 16
 179 0004 00AF     		add	r7, sp, #0
 180              		.cfi_def_cfa_register 7
 181 0006 0346     		mov	r3, r0
ARM GAS  C:\Users\rober\AppData\Local\Temp\ccWYbeEx.s 			page 6


 182 0008 FB71     		strb	r3, [r7, #7]
 105:Generated_Source\PSoC6/Status_Button3.c ****     #if(Status_Button3_INPUTS < 8u)
 106:Generated_Source\PSoC6/Status_Button3.c ****     	mask &= ((uint8)(1u << Status_Button3_INPUTS) - 1u);
 183              		.loc 1 106 0
 184 000a FB79     		ldrb	r3, [r7, #7]
 185 000c 03F00103 		and	r3, r3, #1
 186 0010 FB71     		strb	r3, [r7, #7]
 107:Generated_Source\PSoC6/Status_Button3.c **** 	#endif /* End Status_Button3_INPUTS < 8u */
 108:Generated_Source\PSoC6/Status_Button3.c ****     Status_Button3_Status_Mask = mask;
 187              		.loc 1 108 0
 188 0012 044A     		ldr	r2, .L12
 189 0014 FB79     		ldrb	r3, [r7, #7]
 190 0016 1370     		strb	r3, [r2]
 109:Generated_Source\PSoC6/Status_Button3.c **** }
 191              		.loc 1 109 0
 192 0018 00BF     		nop
 193 001a 0C37     		adds	r7, r7, #12
 194              		.cfi_def_cfa_offset 4
 195 001c BD46     		mov	sp, r7
 196              		.cfi_def_cfa_register 13
 197              		@ sp needed
 198 001e 5DF8047B 		ldr	r7, [sp], #4
 199              		.cfi_restore 7
 200              		.cfi_def_cfa_offset 0
 201 0022 7047     		bx	lr
 202              	.L13:
 203              		.align	2
 204              	.L12:
 205 0024 20183440 		.word	1077155872
 206              		.cfi_endproc
 207              	.LFE128:
 208              		.size	Status_Button3_WriteMask, .-Status_Button3_WriteMask
 209              		.section	.text.Status_Button3_ReadMask,"ax",%progbits
 210              		.align	2
 211              		.global	Status_Button3_ReadMask
 212              		.thumb
 213              		.thumb_func
 214              		.type	Status_Button3_ReadMask, %function
 215              	Status_Button3_ReadMask:
 216              	.LFB129:
 110:Generated_Source\PSoC6/Status_Button3.c **** 
 111:Generated_Source\PSoC6/Status_Button3.c **** 
 112:Generated_Source\PSoC6/Status_Button3.c **** /*******************************************************************************
 113:Generated_Source\PSoC6/Status_Button3.c **** * Function Name: Status_Button3_ReadMask
 114:Generated_Source\PSoC6/Status_Button3.c **** ********************************************************************************
 115:Generated_Source\PSoC6/Status_Button3.c **** *
 116:Generated_Source\PSoC6/Status_Button3.c **** * Summary:
 117:Generated_Source\PSoC6/Status_Button3.c **** *  Reads the current interrupt mask assigned to the Status Register.
 118:Generated_Source\PSoC6/Status_Button3.c **** *
 119:Generated_Source\PSoC6/Status_Button3.c **** * Parameters:
 120:Generated_Source\PSoC6/Status_Button3.c **** *  None.
 121:Generated_Source\PSoC6/Status_Button3.c **** *
 122:Generated_Source\PSoC6/Status_Button3.c **** * Return:
 123:Generated_Source\PSoC6/Status_Button3.c **** *  The value of the interrupt mask of the Status Register.
 124:Generated_Source\PSoC6/Status_Button3.c **** *
 125:Generated_Source\PSoC6/Status_Button3.c **** *******************************************************************************/
 126:Generated_Source\PSoC6/Status_Button3.c **** uint8 Status_Button3_ReadMask(void) 
ARM GAS  C:\Users\rober\AppData\Local\Temp\ccWYbeEx.s 			page 7


 127:Generated_Source\PSoC6/Status_Button3.c **** {
 217              		.loc 1 127 0
 218              		.cfi_startproc
 219              		@ args = 0, pretend = 0, frame = 0
 220              		@ frame_needed = 1, uses_anonymous_args = 0
 221              		@ link register save eliminated.
 222 0000 80B4     		push	{r7}
 223              		.cfi_def_cfa_offset 4
 224              		.cfi_offset 7, -4
 225 0002 00AF     		add	r7, sp, #0
 226              		.cfi_def_cfa_register 7
 128:Generated_Source\PSoC6/Status_Button3.c ****     return Status_Button3_Status_Mask;
 227              		.loc 1 128 0
 228 0004 034B     		ldr	r3, .L16
 229 0006 1B78     		ldrb	r3, [r3]
 230 0008 DBB2     		uxtb	r3, r3
 129:Generated_Source\PSoC6/Status_Button3.c **** }
 231              		.loc 1 129 0
 232 000a 1846     		mov	r0, r3
 233 000c BD46     		mov	sp, r7
 234              		.cfi_def_cfa_register 13
 235              		@ sp needed
 236 000e 5DF8047B 		ldr	r7, [sp], #4
 237              		.cfi_restore 7
 238              		.cfi_def_cfa_offset 0
 239 0012 7047     		bx	lr
 240              	.L17:
 241              		.align	2
 242              	.L16:
 243 0014 20183440 		.word	1077155872
 244              		.cfi_endproc
 245              	.LFE129:
 246              		.size	Status_Button3_ReadMask, .-Status_Button3_ReadMask
 247              		.text
 248              	.Letext0:
 249              		.file 2 "c:\\program files (x86)\\cypress\\psoc creator\\4.2\\psoc creator\\import\\gnu\\arm\\5.4.
 250              		.file 3 "c:\\program files (x86)\\cypress\\psoc creator\\4.2\\psoc creator\\import\\gnu\\arm\\5.4.
 251              		.file 4 "Generated_Source\\PSoC6\\pdl\\drivers/peripheral/syslib/cy_syslib.h"
 252              		.file 5 "Generated_Source\\PSoC6\\pdl\\cmsis/include/core_cm4.h"
 253              		.section	.debug_info,"",%progbits
 254              	.Ldebug_info0:
 255 0000 8A010000 		.4byte	0x18a
 256 0004 0400     		.2byte	0x4
 257 0006 00000000 		.4byte	.Ldebug_abbrev0
 258 000a 04       		.byte	0x4
 259 000b 01       		.uleb128 0x1
 260 000c BB000000 		.4byte	.LASF27
 261 0010 0C       		.byte	0xc
 262 0011 6E010000 		.4byte	.LASF28
 263 0015 A8010000 		.4byte	.LASF29
 264 0019 00000000 		.4byte	.Ldebug_ranges0+0
 265 001d 00000000 		.4byte	0
 266 0021 00000000 		.4byte	.Ldebug_line0
 267 0025 02       		.uleb128 0x2
 268 0026 02       		.byte	0x2
 269 0027 05       		.byte	0x5
 270 0028 90020000 		.4byte	.LASF0
ARM GAS  C:\Users\rober\AppData\Local\Temp\ccWYbeEx.s 			page 8


 271 002c 02       		.uleb128 0x2
 272 002d 01       		.byte	0x1
 273 002e 06       		.byte	0x6
 274 002f C1020000 		.4byte	.LASF1
 275 0033 03       		.uleb128 0x3
 276 0034 00000000 		.4byte	.LASF4
 277 0038 02       		.byte	0x2
 278 0039 1D       		.byte	0x1d
 279 003a 3E000000 		.4byte	0x3e
 280 003e 02       		.uleb128 0x2
 281 003f 01       		.byte	0x1
 282 0040 08       		.byte	0x8
 283 0041 81000000 		.4byte	.LASF2
 284 0045 02       		.uleb128 0x2
 285 0046 02       		.byte	0x2
 286 0047 07       		.byte	0x7
 287 0048 50000000 		.4byte	.LASF3
 288 004c 03       		.uleb128 0x3
 289 004d 1E000000 		.4byte	.LASF5
 290 0051 02       		.byte	0x2
 291 0052 3F       		.byte	0x3f
 292 0053 57000000 		.4byte	0x57
 293 0057 02       		.uleb128 0x2
 294 0058 04       		.byte	0x4
 295 0059 05       		.byte	0x5
 296 005a 47000000 		.4byte	.LASF6
 297 005e 03       		.uleb128 0x3
 298 005f 9D010000 		.4byte	.LASF7
 299 0063 02       		.byte	0x2
 300 0064 41       		.byte	0x41
 301 0065 69000000 		.4byte	0x69
 302 0069 02       		.uleb128 0x2
 303 006a 04       		.byte	0x4
 304 006b 07       		.byte	0x7
 305 006c A3000000 		.4byte	.LASF8
 306 0070 02       		.uleb128 0x2
 307 0071 08       		.byte	0x8
 308 0072 05       		.byte	0x5
 309 0073 7D020000 		.4byte	.LASF9
 310 0077 02       		.uleb128 0x2
 311 0078 08       		.byte	0x8
 312 0079 07       		.byte	0x7
 313 007a 4D020000 		.4byte	.LASF10
 314 007e 04       		.uleb128 0x4
 315 007f 04       		.byte	0x4
 316 0080 05       		.byte	0x5
 317 0081 696E7400 		.ascii	"int\000"
 318 0085 02       		.uleb128 0x2
 319 0086 04       		.byte	0x4
 320 0087 07       		.byte	0x7
 321 0088 40020000 		.4byte	.LASF11
 322 008c 03       		.uleb128 0x3
 323 008d 64020000 		.4byte	.LASF12
 324 0091 03       		.byte	0x3
 325 0092 18       		.byte	0x18
 326 0093 33000000 		.4byte	0x33
 327 0097 03       		.uleb128 0x3
ARM GAS  C:\Users\rober\AppData\Local\Temp\ccWYbeEx.s 			page 9


 328 0098 6C020000 		.4byte	.LASF13
 329 009c 03       		.byte	0x3
 330 009d 2C       		.byte	0x2c
 331 009e 4C000000 		.4byte	0x4c
 332 00a2 03       		.uleb128 0x3
 333 00a3 9A020000 		.4byte	.LASF14
 334 00a7 03       		.byte	0x3
 335 00a8 30       		.byte	0x30
 336 00a9 5E000000 		.4byte	0x5e
 337 00ad 02       		.uleb128 0x2
 338 00ae 04       		.byte	0x4
 339 00af 07       		.byte	0x7
 340 00b0 74020000 		.4byte	.LASF15
 341 00b4 05       		.uleb128 0x5
 342 00b5 8C000000 		.4byte	0x8c
 343 00b9 02       		.uleb128 0x2
 344 00ba 01       		.byte	0x1
 345 00bb 08       		.byte	0x8
 346 00bc BC020000 		.4byte	.LASF16
 347 00c0 02       		.uleb128 0x2
 348 00c1 04       		.byte	0x4
 349 00c2 04       		.byte	0x4
 350 00c3 7B000000 		.4byte	.LASF17
 351 00c7 02       		.uleb128 0x2
 352 00c8 08       		.byte	0x8
 353 00c9 04       		.byte	0x4
 354 00ca 96010000 		.4byte	.LASF18
 355 00ce 06       		.uleb128 0x6
 356 00cf B5000000 		.4byte	.LASF19
 357 00d3 04       		.byte	0x4
 358 00d4 8503     		.2byte	0x385
 359 00d6 8C000000 		.4byte	0x8c
 360 00da 06       		.uleb128 0x6
 361 00db 8F000000 		.4byte	.LASF20
 362 00df 04       		.byte	0x4
 363 00e0 9103     		.2byte	0x391
 364 00e2 B4000000 		.4byte	0xb4
 365 00e6 07       		.uleb128 0x7
 366 00e7 0A000000 		.4byte	.LASF25
 367 00eb 01       		.byte	0x1
 368 00ec 25       		.byte	0x25
 369 00ed CE000000 		.4byte	0xce
 370 00f1 00000000 		.4byte	.LFB125
 371 00f5 18000000 		.4byte	.LFE125-.LFB125
 372 00f9 01       		.uleb128 0x1
 373 00fa 9C       		.byte	0x9c
 374 00fb 08       		.uleb128 0x8
 375 00fc 28000000 		.4byte	.LASF21
 376 0100 01       		.byte	0x1
 377 0101 39       		.byte	0x39
 378 0102 00000000 		.4byte	.LFB126
 379 0106 34000000 		.4byte	.LFE126-.LFB126
 380 010a 01       		.uleb128 0x1
 381 010b 9C       		.byte	0x9c
 382 010c 1F010000 		.4byte	0x11f
 383 0110 09       		.uleb128 0x9
 384 0111 94000000 		.4byte	.LASF23
ARM GAS  C:\Users\rober\AppData\Local\Temp\ccWYbeEx.s 			page 10


 385 0115 01       		.byte	0x1
 386 0116 3B       		.byte	0x3b
 387 0117 CE000000 		.4byte	0xce
 388 011b 02       		.uleb128 0x2
 389 011c 91       		.byte	0x91
 390 011d 77       		.sleb128 -9
 391 011e 00       		.byte	0
 392 011f 08       		.uleb128 0x8
 393 0120 20020000 		.4byte	.LASF22
 394 0124 01       		.byte	0x1
 395 0125 50       		.byte	0x50
 396 0126 00000000 		.4byte	.LFB127
 397 012a 34000000 		.4byte	.LFE127-.LFB127
 398 012e 01       		.uleb128 0x1
 399 012f 9C       		.byte	0x9c
 400 0130 43010000 		.4byte	0x143
 401 0134 09       		.uleb128 0x9
 402 0135 94000000 		.4byte	.LASF23
 403 0139 01       		.byte	0x1
 404 013a 52       		.byte	0x52
 405 013b CE000000 		.4byte	0xce
 406 013f 02       		.uleb128 0x2
 407 0140 91       		.byte	0x91
 408 0141 77       		.sleb128 -9
 409 0142 00       		.byte	0
 410 0143 0A       		.uleb128 0xa
 411 0144 A3020000 		.4byte	.LASF24
 412 0148 01       		.byte	0x1
 413 0149 67       		.byte	0x67
 414 014a 00000000 		.4byte	.LFB128
 415 014e 28000000 		.4byte	.LFE128-.LFB128
 416 0152 01       		.uleb128 0x1
 417 0153 9C       		.byte	0x9c
 418 0154 67010000 		.4byte	0x167
 419 0158 0B       		.uleb128 0xb
 420 0159 8B020000 		.4byte	.LASF30
 421 015d 01       		.byte	0x1
 422 015e 67       		.byte	0x67
 423 015f CE000000 		.4byte	0xce
 424 0163 02       		.uleb128 0x2
 425 0164 91       		.byte	0x91
 426 0165 77       		.sleb128 -9
 427 0166 00       		.byte	0
 428 0167 07       		.uleb128 0x7
 429 0168 63000000 		.4byte	.LASF26
 430 016c 01       		.byte	0x1
 431 016d 7E       		.byte	0x7e
 432 016e CE000000 		.4byte	0xce
 433 0172 00000000 		.4byte	.LFB129
 434 0176 18000000 		.4byte	.LFE129-.LFB129
 435 017a 01       		.uleb128 0x1
 436 017b 9C       		.byte	0x9c
 437 017c 0C       		.uleb128 0xc
 438 017d 13020000 		.4byte	.LASF31
 439 0181 05       		.byte	0x5
 440 0182 EA07     		.2byte	0x7ea
 441 0184 88010000 		.4byte	0x188
ARM GAS  C:\Users\rober\AppData\Local\Temp\ccWYbeEx.s 			page 11


 442 0188 05       		.uleb128 0x5
 443 0189 97000000 		.4byte	0x97
 444 018d 00       		.byte	0
 445              		.section	.debug_abbrev,"",%progbits
 446              	.Ldebug_abbrev0:
 447 0000 01       		.uleb128 0x1
 448 0001 11       		.uleb128 0x11
 449 0002 01       		.byte	0x1
 450 0003 25       		.uleb128 0x25
 451 0004 0E       		.uleb128 0xe
 452 0005 13       		.uleb128 0x13
 453 0006 0B       		.uleb128 0xb
 454 0007 03       		.uleb128 0x3
 455 0008 0E       		.uleb128 0xe
 456 0009 1B       		.uleb128 0x1b
 457 000a 0E       		.uleb128 0xe
 458 000b 55       		.uleb128 0x55
 459 000c 17       		.uleb128 0x17
 460 000d 11       		.uleb128 0x11
 461 000e 01       		.uleb128 0x1
 462 000f 10       		.uleb128 0x10
 463 0010 17       		.uleb128 0x17
 464 0011 00       		.byte	0
 465 0012 00       		.byte	0
 466 0013 02       		.uleb128 0x2
 467 0014 24       		.uleb128 0x24
 468 0015 00       		.byte	0
 469 0016 0B       		.uleb128 0xb
 470 0017 0B       		.uleb128 0xb
 471 0018 3E       		.uleb128 0x3e
 472 0019 0B       		.uleb128 0xb
 473 001a 03       		.uleb128 0x3
 474 001b 0E       		.uleb128 0xe
 475 001c 00       		.byte	0
 476 001d 00       		.byte	0
 477 001e 03       		.uleb128 0x3
 478 001f 16       		.uleb128 0x16
 479 0020 00       		.byte	0
 480 0021 03       		.uleb128 0x3
 481 0022 0E       		.uleb128 0xe
 482 0023 3A       		.uleb128 0x3a
 483 0024 0B       		.uleb128 0xb
 484 0025 3B       		.uleb128 0x3b
 485 0026 0B       		.uleb128 0xb
 486 0027 49       		.uleb128 0x49
 487 0028 13       		.uleb128 0x13
 488 0029 00       		.byte	0
 489 002a 00       		.byte	0
 490 002b 04       		.uleb128 0x4
 491 002c 24       		.uleb128 0x24
 492 002d 00       		.byte	0
 493 002e 0B       		.uleb128 0xb
 494 002f 0B       		.uleb128 0xb
 495 0030 3E       		.uleb128 0x3e
 496 0031 0B       		.uleb128 0xb
 497 0032 03       		.uleb128 0x3
 498 0033 08       		.uleb128 0x8
ARM GAS  C:\Users\rober\AppData\Local\Temp\ccWYbeEx.s 			page 12


 499 0034 00       		.byte	0
 500 0035 00       		.byte	0
 501 0036 05       		.uleb128 0x5
 502 0037 35       		.uleb128 0x35
 503 0038 00       		.byte	0
 504 0039 49       		.uleb128 0x49
 505 003a 13       		.uleb128 0x13
 506 003b 00       		.byte	0
 507 003c 00       		.byte	0
 508 003d 06       		.uleb128 0x6
 509 003e 16       		.uleb128 0x16
 510 003f 00       		.byte	0
 511 0040 03       		.uleb128 0x3
 512 0041 0E       		.uleb128 0xe
 513 0042 3A       		.uleb128 0x3a
 514 0043 0B       		.uleb128 0xb
 515 0044 3B       		.uleb128 0x3b
 516 0045 05       		.uleb128 0x5
 517 0046 49       		.uleb128 0x49
 518 0047 13       		.uleb128 0x13
 519 0048 00       		.byte	0
 520 0049 00       		.byte	0
 521 004a 07       		.uleb128 0x7
 522 004b 2E       		.uleb128 0x2e
 523 004c 00       		.byte	0
 524 004d 3F       		.uleb128 0x3f
 525 004e 19       		.uleb128 0x19
 526 004f 03       		.uleb128 0x3
 527 0050 0E       		.uleb128 0xe
 528 0051 3A       		.uleb128 0x3a
 529 0052 0B       		.uleb128 0xb
 530 0053 3B       		.uleb128 0x3b
 531 0054 0B       		.uleb128 0xb
 532 0055 27       		.uleb128 0x27
 533 0056 19       		.uleb128 0x19
 534 0057 49       		.uleb128 0x49
 535 0058 13       		.uleb128 0x13
 536 0059 11       		.uleb128 0x11
 537 005a 01       		.uleb128 0x1
 538 005b 12       		.uleb128 0x12
 539 005c 06       		.uleb128 0x6
 540 005d 40       		.uleb128 0x40
 541 005e 18       		.uleb128 0x18
 542 005f 9742     		.uleb128 0x2117
 543 0061 19       		.uleb128 0x19
 544 0062 00       		.byte	0
 545 0063 00       		.byte	0
 546 0064 08       		.uleb128 0x8
 547 0065 2E       		.uleb128 0x2e
 548 0066 01       		.byte	0x1
 549 0067 3F       		.uleb128 0x3f
 550 0068 19       		.uleb128 0x19
 551 0069 03       		.uleb128 0x3
 552 006a 0E       		.uleb128 0xe
 553 006b 3A       		.uleb128 0x3a
 554 006c 0B       		.uleb128 0xb
 555 006d 3B       		.uleb128 0x3b
ARM GAS  C:\Users\rober\AppData\Local\Temp\ccWYbeEx.s 			page 13


 556 006e 0B       		.uleb128 0xb
 557 006f 27       		.uleb128 0x27
 558 0070 19       		.uleb128 0x19
 559 0071 11       		.uleb128 0x11
 560 0072 01       		.uleb128 0x1
 561 0073 12       		.uleb128 0x12
 562 0074 06       		.uleb128 0x6
 563 0075 40       		.uleb128 0x40
 564 0076 18       		.uleb128 0x18
 565 0077 9642     		.uleb128 0x2116
 566 0079 19       		.uleb128 0x19
 567 007a 01       		.uleb128 0x1
 568 007b 13       		.uleb128 0x13
 569 007c 00       		.byte	0
 570 007d 00       		.byte	0
 571 007e 09       		.uleb128 0x9
 572 007f 34       		.uleb128 0x34
 573 0080 00       		.byte	0
 574 0081 03       		.uleb128 0x3
 575 0082 0E       		.uleb128 0xe
 576 0083 3A       		.uleb128 0x3a
 577 0084 0B       		.uleb128 0xb
 578 0085 3B       		.uleb128 0x3b
 579 0086 0B       		.uleb128 0xb
 580 0087 49       		.uleb128 0x49
 581 0088 13       		.uleb128 0x13
 582 0089 02       		.uleb128 0x2
 583 008a 18       		.uleb128 0x18
 584 008b 00       		.byte	0
 585 008c 00       		.byte	0
 586 008d 0A       		.uleb128 0xa
 587 008e 2E       		.uleb128 0x2e
 588 008f 01       		.byte	0x1
 589 0090 3F       		.uleb128 0x3f
 590 0091 19       		.uleb128 0x19
 591 0092 03       		.uleb128 0x3
 592 0093 0E       		.uleb128 0xe
 593 0094 3A       		.uleb128 0x3a
 594 0095 0B       		.uleb128 0xb
 595 0096 3B       		.uleb128 0x3b
 596 0097 0B       		.uleb128 0xb
 597 0098 27       		.uleb128 0x27
 598 0099 19       		.uleb128 0x19
 599 009a 11       		.uleb128 0x11
 600 009b 01       		.uleb128 0x1
 601 009c 12       		.uleb128 0x12
 602 009d 06       		.uleb128 0x6
 603 009e 40       		.uleb128 0x40
 604 009f 18       		.uleb128 0x18
 605 00a0 9742     		.uleb128 0x2117
 606 00a2 19       		.uleb128 0x19
 607 00a3 01       		.uleb128 0x1
 608 00a4 13       		.uleb128 0x13
 609 00a5 00       		.byte	0
 610 00a6 00       		.byte	0
 611 00a7 0B       		.uleb128 0xb
 612 00a8 05       		.uleb128 0x5
ARM GAS  C:\Users\rober\AppData\Local\Temp\ccWYbeEx.s 			page 14


 613 00a9 00       		.byte	0
 614 00aa 03       		.uleb128 0x3
 615 00ab 0E       		.uleb128 0xe
 616 00ac 3A       		.uleb128 0x3a
 617 00ad 0B       		.uleb128 0xb
 618 00ae 3B       		.uleb128 0x3b
 619 00af 0B       		.uleb128 0xb
 620 00b0 49       		.uleb128 0x49
 621 00b1 13       		.uleb128 0x13
 622 00b2 02       		.uleb128 0x2
 623 00b3 18       		.uleb128 0x18
 624 00b4 00       		.byte	0
 625 00b5 00       		.byte	0
 626 00b6 0C       		.uleb128 0xc
 627 00b7 34       		.uleb128 0x34
 628 00b8 00       		.byte	0
 629 00b9 03       		.uleb128 0x3
 630 00ba 0E       		.uleb128 0xe
 631 00bb 3A       		.uleb128 0x3a
 632 00bc 0B       		.uleb128 0xb
 633 00bd 3B       		.uleb128 0x3b
 634 00be 05       		.uleb128 0x5
 635 00bf 49       		.uleb128 0x49
 636 00c0 13       		.uleb128 0x13
 637 00c1 3F       		.uleb128 0x3f
 638 00c2 19       		.uleb128 0x19
 639 00c3 3C       		.uleb128 0x3c
 640 00c4 19       		.uleb128 0x19
 641 00c5 00       		.byte	0
 642 00c6 00       		.byte	0
 643 00c7 00       		.byte	0
 644              		.section	.debug_aranges,"",%progbits
 645 0000 3C000000 		.4byte	0x3c
 646 0004 0200     		.2byte	0x2
 647 0006 00000000 		.4byte	.Ldebug_info0
 648 000a 04       		.byte	0x4
 649 000b 00       		.byte	0
 650 000c 0000     		.2byte	0
 651 000e 0000     		.2byte	0
 652 0010 00000000 		.4byte	.LFB125
 653 0014 18000000 		.4byte	.LFE125-.LFB125
 654 0018 00000000 		.4byte	.LFB126
 655 001c 34000000 		.4byte	.LFE126-.LFB126
 656 0020 00000000 		.4byte	.LFB127
 657 0024 34000000 		.4byte	.LFE127-.LFB127
 658 0028 00000000 		.4byte	.LFB128
 659 002c 28000000 		.4byte	.LFE128-.LFB128
 660 0030 00000000 		.4byte	.LFB129
 661 0034 18000000 		.4byte	.LFE129-.LFB129
 662 0038 00000000 		.4byte	0
 663 003c 00000000 		.4byte	0
 664              		.section	.debug_ranges,"",%progbits
 665              	.Ldebug_ranges0:
 666 0000 00000000 		.4byte	.LFB125
 667 0004 18000000 		.4byte	.LFE125
 668 0008 00000000 		.4byte	.LFB126
 669 000c 34000000 		.4byte	.LFE126
ARM GAS  C:\Users\rober\AppData\Local\Temp\ccWYbeEx.s 			page 15


 670 0010 00000000 		.4byte	.LFB127
 671 0014 34000000 		.4byte	.LFE127
 672 0018 00000000 		.4byte	.LFB128
 673 001c 28000000 		.4byte	.LFE128
 674 0020 00000000 		.4byte	.LFB129
 675 0024 18000000 		.4byte	.LFE129
 676 0028 00000000 		.4byte	0
 677 002c 00000000 		.4byte	0
 678              		.section	.debug_line,"",%progbits
 679              	.Ldebug_line0:
 680 0000 19020000 		.section	.debug_str,"MS",%progbits,1
 680      0200B601 
 680      00000201 
 680      FB0E0D00 
 680      01010101 
 681              	.LASF4:
 682 0000 5F5F7569 		.ascii	"__uint8_t\000"
 682      6E74385F 
 682      7400
 683              	.LASF25:
 684 000a 53746174 		.ascii	"Status_Button3_Read\000"
 684      75735F42 
 684      7574746F 
 684      6E335F52 
 684      65616400 
 685              	.LASF5:
 686 001e 5F5F696E 		.ascii	"__int32_t\000"
 686      7433325F 
 686      7400
 687              	.LASF21:
 688 0028 53746174 		.ascii	"Status_Button3_InterruptEnable\000"
 688      75735F42 
 688      7574746F 
 688      6E335F49 
 688      6E746572 
 689              	.LASF6:
 690 0047 6C6F6E67 		.ascii	"long int\000"
 690      20696E74 
 690      00
 691              	.LASF3:
 692 0050 73686F72 		.ascii	"short unsigned int\000"
 692      7420756E 
 692      7369676E 
 692      65642069 
 692      6E7400
 693              	.LASF26:
 694 0063 53746174 		.ascii	"Status_Button3_ReadMask\000"
 694      75735F42 
 694      7574746F 
 694      6E335F52 
 694      6561644D 
 695              	.LASF17:
 696 007b 666C6F61 		.ascii	"float\000"
 696      7400
 697              	.LASF2:
 698 0081 756E7369 		.ascii	"unsigned char\000"
 698      676E6564 
ARM GAS  C:\Users\rober\AppData\Local\Temp\ccWYbeEx.s 			page 16


 698      20636861 
 698      7200
 699              	.LASF20:
 700 008f 72656738 		.ascii	"reg8\000"
 700      00
 701              	.LASF23:
 702 0094 696E7465 		.ascii	"interruptState\000"
 702      72727570 
 702      74537461 
 702      746500
 703              	.LASF8:
 704 00a3 6C6F6E67 		.ascii	"long unsigned int\000"
 704      20756E73 
 704      69676E65 
 704      6420696E 
 704      7400
 705              	.LASF19:
 706 00b5 75696E74 		.ascii	"uint8\000"
 706      3800
 707              	.LASF27:
 708 00bb 474E5520 		.ascii	"GNU C11 5.4.1 20160609 (release) [ARM/embedded-5-br"
 708      43313120 
 708      352E342E 
 708      31203230 
 708      31363036 
 709 00ee 616E6368 		.ascii	"anch revision 237715] -mcpu=cortex-m4 -mfloat-abi=s"
 709      20726576 
 709      6973696F 
 709      6E203233 
 709      37373135 
 710 0121 6F667466 		.ascii	"oftfp -mfpu=fpv4-sp-d16 -mthumb -g -O0 -ffunction-s"
 710      70202D6D 
 710      6670753D 
 710      66707634 
 710      2D73702D 
 711 0154 65637469 		.ascii	"ections -ffat-lto-objects\000"
 711      6F6E7320 
 711      2D666661 
 711      742D6C74 
 711      6F2D6F62 
 712              	.LASF28:
 713 016e 47656E65 		.ascii	"Generated_Source\\PSoC6\\Status_Button3.c\000"
 713      72617465 
 713      645F536F 
 713      75726365 
 713      5C50536F 
 714              	.LASF18:
 715 0196 646F7562 		.ascii	"double\000"
 715      6C6500
 716              	.LASF7:
 717 019d 5F5F7569 		.ascii	"__uint32_t\000"
 717      6E743332 
 717      5F7400
 718              	.LASF29:
 719 01a8 433A5C55 		.ascii	"C:\\Users\\rober\\Desktop\\SMIW\\projekt_smiw\\CE22"
 719      73657273 
 719      5C726F62 
ARM GAS  C:\Users\rober\AppData\Local\Temp\ccWYbeEx.s 			page 17


 719      65725C44 
 719      65736B74 
 720 01d5 33373237 		.ascii	"3727_EmWin_EInk_Display01\\CE223727_EmWin_EInk_Disp"
 720      5F456D57 
 720      696E5F45 
 720      496E6B5F 
 720      44697370 
 721 0207 6C617930 		.ascii	"lay01.cydsn\000"
 721      312E6379 
 721      64736E00 
 722              	.LASF31:
 723 0213 49544D5F 		.ascii	"ITM_RxBuffer\000"
 723      52784275 
 723      66666572 
 723      00
 724              	.LASF22:
 725 0220 53746174 		.ascii	"Status_Button3_InterruptDisable\000"
 725      75735F42 
 725      7574746F 
 725      6E335F49 
 725      6E746572 
 726              	.LASF11:
 727 0240 756E7369 		.ascii	"unsigned int\000"
 727      676E6564 
 727      20696E74 
 727      00
 728              	.LASF10:
 729 024d 6C6F6E67 		.ascii	"long long unsigned int\000"
 729      206C6F6E 
 729      6720756E 
 729      7369676E 
 729      65642069 
 730              	.LASF12:
 731 0264 75696E74 		.ascii	"uint8_t\000"
 731      385F7400 
 732              	.LASF13:
 733 026c 696E7433 		.ascii	"int32_t\000"
 733      325F7400 
 734              	.LASF15:
 735 0274 73697A65 		.ascii	"sizetype\000"
 735      74797065 
 735      00
 736              	.LASF9:
 737 027d 6C6F6E67 		.ascii	"long long int\000"
 737      206C6F6E 
 737      6720696E 
 737      7400
 738              	.LASF30:
 739 028b 6D61736B 		.ascii	"mask\000"
 739      00
 740              	.LASF0:
 741 0290 73686F72 		.ascii	"short int\000"
 741      7420696E 
 741      7400
 742              	.LASF14:
 743 029a 75696E74 		.ascii	"uint32_t\000"
 743      33325F74 
ARM GAS  C:\Users\rober\AppData\Local\Temp\ccWYbeEx.s 			page 18


 743      00
 744              	.LASF24:
 745 02a3 53746174 		.ascii	"Status_Button3_WriteMask\000"
 745      75735F42 
 745      7574746F 
 745      6E335F57 
 745      72697465 
 746              	.LASF16:
 747 02bc 63686172 		.ascii	"char\000"
 747      00
 748              	.LASF1:
 749 02c1 7369676E 		.ascii	"signed char\000"
 749      65642063 
 749      68617200 
 750              		.ident	"GCC: (GNU Tools for ARM Embedded Processors) 5.4.1 20160609 (release) [ARM/embedded-5-bran
