ARM GAS  C:\Users\rober\AppData\Local\Temp\ccro8Xh7.s 			page 1


   1              		.syntax unified
   2              		.cpu cortex-m0plus
   3              		.fpu softvfp
   4              		.eabi_attribute 20, 1
   5              		.eabi_attribute 21, 1
   6              		.eabi_attribute 23, 3
   7              		.eabi_attribute 24, 1
   8              		.eabi_attribute 25, 1
   9              		.eabi_attribute 26, 1
  10              		.eabi_attribute 30, 1
  11              		.eabi_attribute 34, 0
  12              		.eabi_attribute 18, 4
  13              		.thumb
  14              		.syntax unified
  15              		.file	"main_cm0p.c"
  16              		.text
  17              	.Ltext0:
  18              		.cfi_sections	.debug_frame
  19              		.section	.text.main,"ax",%progbits
  20              		.align	2
  21              		.global	main
  22              		.code	16
  23              		.thumb_func
  24              		.type	main, %function
  25              	main:
  26              	.LFB513:
  27              		.file 1 "main_cm0p.c"
   1:main_cm0p.c   **** /******************************************************************************
   2:main_cm0p.c   **** * File Name: main_cm0p.c
   3:main_cm0p.c   **** *
   4:main_cm0p.c   **** * Version: 1.10
   5:main_cm0p.c   **** *
   6:main_cm0p.c   **** * Description: This file main application code for the CE223727 EmWin Graphics
   7:main_cm0p.c   **** *				library EInk Display, for the CM0+ processor.  The only action
   8:main_cm0p.c   **** *				this file performs is to start the CM4 processor.
   9:main_cm0p.c   **** *
  10:main_cm0p.c   **** * Hardware Dependency: CY8CKIT-028-EPD E-Ink Display Shield
  11:main_cm0p.c   **** *					   CY8CKIT-062-BLE PSoC6 BLE Pioneer Kit
  12:main_cm0p.c   **** *
  13:main_cm0p.c   **** *******************************************************************************
  14:main_cm0p.c   **** * Copyright (2018), Cypress Semiconductor Corporation. All rights reserved.
  15:main_cm0p.c   **** *******************************************************************************
  16:main_cm0p.c   **** * This software, including source code, documentation and related materials
  17:main_cm0p.c   **** * (“Software”), is owned by Cypress Semiconductor Corporation or one of its
  18:main_cm0p.c   **** * subsidiaries (“Cypress”) and is protected by and subject to worldwide patent
  19:main_cm0p.c   **** * protection (United States and foreign), United States copyright laws and
  20:main_cm0p.c   **** * international treaty provisions. Therefore, you may use this Software only
  21:main_cm0p.c   **** * as provided in the license agreement accompanying the software package from
  22:main_cm0p.c   **** * which you obtained this Software (“EULA”).
  23:main_cm0p.c   **** *
  24:main_cm0p.c   **** * If no EULA applies, Cypress hereby grants you a personal, nonexclusive,
  25:main_cm0p.c   **** * non-transferable license to copy, modify, and compile the Software source
  26:main_cm0p.c   **** * code solely for use in connection with Cypress’s integrated circuit products.
  27:main_cm0p.c   **** * Any reproduction, modification, translation, compilation, or representation
  28:main_cm0p.c   **** * of this Software except as specified above is prohibited without the express
  29:main_cm0p.c   **** * written permission of Cypress.
  30:main_cm0p.c   **** *
ARM GAS  C:\Users\rober\AppData\Local\Temp\ccro8Xh7.s 			page 2


  31:main_cm0p.c   **** * Disclaimer: THIS SOFTWARE IS PROVIDED AS-IS, WITH NO WARRANTY OF ANY KIND, 
  32:main_cm0p.c   **** * EXPRESS OR IMPLIED, INCLUDING, BUT NOT LIMITED TO, NONINFRINGEMENT, IMPLIED 
  33:main_cm0p.c   **** * WARRANTIES OF MERCHANTABILITY AND FITNESS FOR A PARTICULAR PURPOSE. Cypress 
  34:main_cm0p.c   **** * reserves the right to make changes to the Software without notice. Cypress 
  35:main_cm0p.c   **** * does not assume any liability arising out of the application or use of the 
  36:main_cm0p.c   **** * Software or any product or circuit described in the Software. Cypress does 
  37:main_cm0p.c   **** * not authorize its products for use in any products where a malfunction or 
  38:main_cm0p.c   **** * failure of the Cypress product may reasonably be expected to result in 
  39:main_cm0p.c   **** * significant property damage, injury or death (“High Risk Product”). By 
  40:main_cm0p.c   **** * including Cypress’s product in a High Risk Product, the manufacturer of such 
  41:main_cm0p.c   **** * system or application assumes all risk of such use and in doing so agrees to 
  42:main_cm0p.c   **** * indemnify Cypress against all liability.
  43:main_cm0p.c   **** *******************************************************************************/
  44:main_cm0p.c   **** #include "project.h"
  45:main_cm0p.c   **** 
  46:main_cm0p.c   **** int main(void)
  47:main_cm0p.c   **** {
  28              		.loc 1 47 0
  29              		.cfi_startproc
  30              		@ Volatile: function does not return.
  31              		@ args = 0, pretend = 0, frame = 0
  32              		@ frame_needed = 0, uses_anonymous_args = 0
  33 0000 10B5     		push	{r4, lr}
  34              		.cfi_def_cfa_offset 8
  35              		.cfi_offset 4, -8
  36              		.cfi_offset 14, -4
  48:main_cm0p.c   ****     /*__enable_irq(); */ /* Enable global interrupts. */
  49:main_cm0p.c   ****     
  50:main_cm0p.c   **** 	/* Enable CM4.  CY_CORTEX_M4_APPL_ADDR must be updated if CM4 memory layout is changed. */
  51:main_cm0p.c   ****     Cy_SysEnableCM4(CY_CORTEX_M4_APPL_ADDR); 
  37              		.loc 1 51 0
  38 0002 0348     		ldr	r0, .L3
  39 0004 FFF7FEFF 		bl	Cy_SysEnableCM4
  40              	.LVL0:
  41              	.L2:
  52:main_cm0p.c   **** 
  53:main_cm0p.c   ****     /* Place your initialization/startup code here (e.g. MyInst_Start()) */
  54:main_cm0p.c   **** 
  55:main_cm0p.c   ****     for(;;)
  56:main_cm0p.c   ****     {
  57:main_cm0p.c   ****         /* Place your application code here. */
  58:main_cm0p.c   **** 		Cy_SysPm_DeepSleep(CY_SYSPM_WAIT_FOR_INTERRUPT);
  42              		.loc 1 58 0 discriminator 1
  43 0008 0020     		movs	r0, #0
  44 000a FFF7FEFF 		bl	Cy_SysPm_DeepSleep
  45              	.LVL1:
  46 000e FBE7     		b	.L2
  47              	.L4:
  48              		.align	2
  49              	.L3:
  50 0010 00000810 		.word	268959744
  51              		.cfi_endproc
  52              	.LFE513:
  53              		.size	main, .-main
  54              		.text
  55              	.Letext0:
  56              		.file 2 "c:\\program files (x86)\\cypress\\psoc creator\\4.2\\psoc creator\\import\\gnu\\arm\\5.4.
ARM GAS  C:\Users\rober\AppData\Local\Temp\ccro8Xh7.s 			page 3


  57              		.file 3 "c:\\program files (x86)\\cypress\\psoc creator\\4.2\\psoc creator\\import\\gnu\\arm\\5.4.
  58              		.file 4 "Generated_Source\\PSoC6\\pdl\\drivers/peripheral/tcpwm/cy_tcpwm_counter.h"
  59              		.file 5 "Generated_Source\\PSoC6\\pdl\\drivers/peripheral/tcpwm/cy_tcpwm_pwm.h"
  60              		.file 6 "Generated_Source\\PSoC6\\pdl\\drivers/peripheral/scb/cy_scb_spi.h"
  61              		.file 7 "Generated_Source\\PSoC6/CY_EINK_SPIM.h"
  62              		.file 8 "Generated_Source\\PSoC6/CY_EINK_Timer.h"
  63              		.file 9 "Generated_Source\\PSoC6/PWM.h"
  64              		.file 10 "Generated_Source\\PSoC6/Timer.h"
  65              		.file 11 "./system_psoc63.h"
  66              		.file 12 "Generated_Source\\PSoC6\\pdl\\drivers/peripheral/syspm/cy_syspm.h"
  67              		.section	.debug_info,"",%progbits
  68              	.Ldebug_info0:
  69 0000 43040000 		.4byte	0x443
  70 0004 0400     		.2byte	0x4
  71 0006 00000000 		.4byte	.Ldebug_abbrev0
  72 000a 04       		.byte	0x4
  73 000b 01       		.uleb128 0x1
  74 000c AC000000 		.4byte	.LASF73
  75 0010 0C       		.byte	0xc
  76 0011 CB040000 		.4byte	.LASF74
  77 0015 55020000 		.4byte	.LASF75
  78 0019 00000000 		.4byte	.Ldebug_ranges0+0
  79 001d 00000000 		.4byte	0
  80 0021 00000000 		.4byte	.Ldebug_line0
  81 0025 02       		.uleb128 0x2
  82 0026 02       		.byte	0x2
  83 0027 05       		.byte	0x5
  84 0028 82000000 		.4byte	.LASF0
  85 002c 02       		.uleb128 0x2
  86 002d 01       		.byte	0x1
  87 002e 08       		.byte	0x8
  88 002f E5020000 		.4byte	.LASF1
  89 0033 02       		.uleb128 0x2
  90 0034 01       		.byte	0x1
  91 0035 06       		.byte	0x6
  92 0036 28030000 		.4byte	.LASF2
  93 003a 02       		.uleb128 0x2
  94 003b 02       		.byte	0x2
  95 003c 07       		.byte	0x7
  96 003d CD030000 		.4byte	.LASF3
  97 0041 02       		.uleb128 0x2
  98 0042 04       		.byte	0x4
  99 0043 05       		.byte	0x5
 100 0044 3C020000 		.4byte	.LASF4
 101 0048 03       		.uleb128 0x3
 102 0049 7E010000 		.4byte	.LASF9
 103 004d 02       		.byte	0x2
 104 004e 41       		.byte	0x41
 105 004f 53000000 		.4byte	0x53
 106 0053 02       		.uleb128 0x2
 107 0054 04       		.byte	0x4
 108 0055 07       		.byte	0x7
 109 0056 0D040000 		.4byte	.LASF5
 110 005a 02       		.uleb128 0x2
 111 005b 08       		.byte	0x8
 112 005c 05       		.byte	0x5
 113 005d 26020000 		.4byte	.LASF6
ARM GAS  C:\Users\rober\AppData\Local\Temp\ccro8Xh7.s 			page 4


 114 0061 02       		.uleb128 0x2
 115 0062 08       		.byte	0x8
 116 0063 07       		.byte	0x7
 117 0064 34030000 		.4byte	.LASF7
 118 0068 04       		.uleb128 0x4
 119 0069 04       		.byte	0x4
 120 006a 05       		.byte	0x5
 121 006b 696E7400 		.ascii	"int\000"
 122 006f 02       		.uleb128 0x2
 123 0070 04       		.byte	0x4
 124 0071 07       		.byte	0x7
 125 0072 F5040000 		.4byte	.LASF8
 126 0076 03       		.uleb128 0x3
 127 0077 4B030000 		.4byte	.LASF10
 128 007b 03       		.byte	0x3
 129 007c 30       		.byte	0x30
 130 007d 48000000 		.4byte	0x48
 131 0081 02       		.uleb128 0x2
 132 0082 04       		.byte	0x4
 133 0083 07       		.byte	0x7
 134 0084 8C000000 		.4byte	.LASF11
 135 0088 05       		.uleb128 0x5
 136 0089 76000000 		.4byte	0x76
 137 008d 02       		.uleb128 0x2
 138 008e 08       		.byte	0x8
 139 008f 04       		.byte	0x4
 140 0090 CA020000 		.4byte	.LASF12
 141 0094 02       		.uleb128 0x2
 142 0095 01       		.byte	0x1
 143 0096 08       		.byte	0x8
 144 0097 B0030000 		.4byte	.LASF13
 145 009b 02       		.uleb128 0x2
 146 009c 04       		.byte	0x4
 147 009d 04       		.byte	0x4
 148 009e 00020000 		.4byte	.LASF14
 149 00a2 02       		.uleb128 0x2
 150 00a3 08       		.byte	0x8
 151 00a4 04       		.byte	0x4
 152 00a5 1F040000 		.4byte	.LASF15
 153 00a9 06       		.uleb128 0x6
 154 00aa 01       		.byte	0x1
 155 00ab 2C000000 		.4byte	0x2c
 156 00af 0C       		.byte	0xc
 157 00b0 CE03     		.2byte	0x3ce
 158 00b2 C3000000 		.4byte	0xc3
 159 00b6 07       		.uleb128 0x7
 160 00b7 A7040000 		.4byte	.LASF16
 161 00bb 00       		.byte	0
 162 00bc 07       		.uleb128 0x7
 163 00bd 91030000 		.4byte	.LASF17
 164 00c1 01       		.byte	0x1
 165 00c2 00       		.byte	0
 166 00c3 08       		.uleb128 0x8
 167 00c4 04       		.byte	0x4
 168 00c5 02       		.uleb128 0x2
 169 00c6 01       		.byte	0x1
 170 00c7 02       		.byte	0x2
ARM GAS  C:\Users\rober\AppData\Local\Temp\ccro8Xh7.s 			page 5


 171 00c8 E0030000 		.4byte	.LASF18
 172 00cc 09       		.uleb128 0x9
 173 00cd 34040000 		.4byte	.LASF39
 174 00d1 4C       		.byte	0x4c
 175 00d2 04       		.byte	0x4
 176 00d3 2B       		.byte	0x2b
 177 00d4 BD010000 		.4byte	0x1bd
 178 00d8 0A       		.uleb128 0xa
 179 00d9 4E020000 		.4byte	.LASF19
 180 00dd 04       		.byte	0x4
 181 00de 2D       		.byte	0x2d
 182 00df 76000000 		.4byte	0x76
 183 00e3 00       		.byte	0
 184 00e4 0A       		.uleb128 0xa
 185 00e5 21000000 		.4byte	.LASF20
 186 00e9 04       		.byte	0x4
 187 00ea 2F       		.byte	0x2f
 188 00eb 76000000 		.4byte	0x76
 189 00ef 04       		.byte	0x4
 190 00f0 0A       		.uleb128 0xa
 191 00f1 34020000 		.4byte	.LASF21
 192 00f5 04       		.byte	0x4
 193 00f6 30       		.byte	0x30
 194 00f7 76000000 		.4byte	0x76
 195 00fb 08       		.byte	0x8
 196 00fc 0A       		.uleb128 0xa
 197 00fd F3020000 		.4byte	.LASF22
 198 0101 04       		.byte	0x4
 199 0102 31       		.byte	0x31
 200 0103 76000000 		.4byte	0x76
 201 0107 0C       		.byte	0xc
 202 0108 0A       		.uleb128 0xa
 203 0109 54030000 		.4byte	.LASF23
 204 010d 04       		.byte	0x4
 205 010e 33       		.byte	0x33
 206 010f 76000000 		.4byte	0x76
 207 0113 10       		.byte	0x10
 208 0114 0A       		.uleb128 0xa
 209 0115 4C000000 		.4byte	.LASF24
 210 0119 04       		.byte	0x4
 211 011a 34       		.byte	0x34
 212 011b 76000000 		.4byte	0x76
 213 011f 14       		.byte	0x14
 214 0120 0A       		.uleb128 0xa
 215 0121 55000000 		.4byte	.LASF25
 216 0125 04       		.byte	0x4
 217 0126 35       		.byte	0x35
 218 0127 76000000 		.4byte	0x76
 219 012b 18       		.byte	0x18
 220 012c 0A       		.uleb128 0xa
 221 012d AC010000 		.4byte	.LASF26
 222 0131 04       		.byte	0x4
 223 0132 36       		.byte	0x36
 224 0133 C5000000 		.4byte	0xc5
 225 0137 1C       		.byte	0x1c
 226 0138 0A       		.uleb128 0xa
 227 0139 C8010000 		.4byte	.LASF27
ARM GAS  C:\Users\rober\AppData\Local\Temp\ccro8Xh7.s 			page 6


 228 013d 04       		.byte	0x4
 229 013e 38       		.byte	0x38
 230 013f 76000000 		.4byte	0x76
 231 0143 20       		.byte	0x20
 232 0144 0A       		.uleb128 0xa
 233 0145 EC030000 		.4byte	.LASF28
 234 0149 04       		.byte	0x4
 235 014a 39       		.byte	0x39
 236 014b 76000000 		.4byte	0x76
 237 014f 24       		.byte	0x24
 238 0150 0A       		.uleb128 0xa
 239 0151 89010000 		.4byte	.LASF29
 240 0155 04       		.byte	0x4
 241 0156 3B       		.byte	0x3b
 242 0157 76000000 		.4byte	0x76
 243 015b 28       		.byte	0x28
 244 015c 0A       		.uleb128 0xa
 245 015d 16020000 		.4byte	.LASF30
 246 0161 04       		.byte	0x4
 247 0162 3C       		.byte	0x3c
 248 0163 76000000 		.4byte	0x76
 249 0167 2C       		.byte	0x2c
 250 0168 0A       		.uleb128 0xa
 251 0169 00000000 		.4byte	.LASF31
 252 016d 04       		.byte	0x4
 253 016e 3E       		.byte	0x3e
 254 016f 76000000 		.4byte	0x76
 255 0173 30       		.byte	0x30
 256 0174 0A       		.uleb128 0xa
 257 0175 D6020000 		.4byte	.LASF32
 258 0179 04       		.byte	0x4
 259 017a 3F       		.byte	0x3f
 260 017b 76000000 		.4byte	0x76
 261 017f 34       		.byte	0x34
 262 0180 0A       		.uleb128 0xa
 263 0181 56040000 		.4byte	.LASF33
 264 0185 04       		.byte	0x4
 265 0186 41       		.byte	0x41
 266 0187 76000000 		.4byte	0x76
 267 018b 38       		.byte	0x38
 268 018c 0A       		.uleb128 0xa
 269 018d 61040000 		.4byte	.LASF34
 270 0191 04       		.byte	0x4
 271 0192 42       		.byte	0x42
 272 0193 76000000 		.4byte	0x76
 273 0197 3C       		.byte	0x3c
 274 0198 0A       		.uleb128 0xa
 275 0199 C0020000 		.4byte	.LASF35
 276 019d 04       		.byte	0x4
 277 019e 44       		.byte	0x44
 278 019f 76000000 		.4byte	0x76
 279 01a3 40       		.byte	0x40
 280 01a4 0A       		.uleb128 0xa
 281 01a5 30000000 		.4byte	.LASF36
 282 01a9 04       		.byte	0x4
 283 01aa 45       		.byte	0x45
 284 01ab 76000000 		.4byte	0x76
ARM GAS  C:\Users\rober\AppData\Local\Temp\ccro8Xh7.s 			page 7


 285 01af 44       		.byte	0x44
 286 01b0 0A       		.uleb128 0xa
 287 01b1 D7040000 		.4byte	.LASF37
 288 01b5 04       		.byte	0x4
 289 01b6 47       		.byte	0x47
 290 01b7 76000000 		.4byte	0x76
 291 01bb 48       		.byte	0x48
 292 01bc 00       		.byte	0
 293 01bd 03       		.uleb128 0x3
 294 01be 73030000 		.4byte	.LASF38
 295 01c2 04       		.byte	0x4
 296 01c3 48       		.byte	0x48
 297 01c4 CC000000 		.4byte	0xcc
 298 01c8 09       		.uleb128 0x9
 299 01c9 61010000 		.4byte	.LASF40
 300 01cd 64       		.byte	0x64
 301 01ce 05       		.byte	0x5
 302 01cf 2B       		.byte	0x2b
 303 01d0 01030000 		.4byte	0x301
 304 01d4 0A       		.uleb128 0xa
 305 01d5 C3040000 		.4byte	.LASF41
 306 01d9 05       		.byte	0x5
 307 01da 2D       		.byte	0x2d
 308 01db 76000000 		.4byte	0x76
 309 01df 00       		.byte	0
 310 01e0 0A       		.uleb128 0xa
 311 01e1 21000000 		.4byte	.LASF20
 312 01e5 05       		.byte	0x5
 313 01e6 2F       		.byte	0x2f
 314 01e7 76000000 		.4byte	0x76
 315 01eb 04       		.byte	0x4
 316 01ec 0A       		.uleb128 0xa
 317 01ed 9F010000 		.4byte	.LASF42
 318 01f1 05       		.byte	0x5
 319 01f2 30       		.byte	0x30
 320 01f3 76000000 		.4byte	0x76
 321 01f7 08       		.byte	0x8
 322 01f8 0A       		.uleb128 0xa
 323 01f9 BE030000 		.4byte	.LASF43
 324 01fd 05       		.byte	0x5
 325 01fe 31       		.byte	0x31
 326 01ff 76000000 		.4byte	0x76
 327 0203 0C       		.byte	0xc
 328 0204 0A       		.uleb128 0xa
 329 0205 34020000 		.4byte	.LASF21
 330 0209 05       		.byte	0x5
 331 020a 32       		.byte	0x32
 332 020b 76000000 		.4byte	0x76
 333 020f 10       		.byte	0x10
 334 0210 0A       		.uleb128 0xa
 335 0211 06020000 		.4byte	.LASF44
 336 0215 05       		.byte	0x5
 337 0216 33       		.byte	0x33
 338 0217 76000000 		.4byte	0x76
 339 021b 14       		.byte	0x14
 340 021c 0A       		.uleb128 0xa
 341 021d 0E020000 		.4byte	.LASF45
ARM GAS  C:\Users\rober\AppData\Local\Temp\ccro8Xh7.s 			page 8


 342 0221 05       		.byte	0x5
 343 0222 34       		.byte	0x34
 344 0223 76000000 		.4byte	0x76
 345 0227 18       		.byte	0x18
 346 0228 0A       		.uleb128 0xa
 347 0229 17030000 		.4byte	.LASF46
 348 022d 05       		.byte	0x5
 349 022e 35       		.byte	0x35
 350 022f C5000000 		.4byte	0xc5
 351 0233 1C       		.byte	0x1c
 352 0234 0A       		.uleb128 0xa
 353 0235 4C000000 		.4byte	.LASF24
 354 0239 05       		.byte	0x5
 355 023a 36       		.byte	0x36
 356 023b 76000000 		.4byte	0x76
 357 023f 20       		.byte	0x20
 358 0240 0A       		.uleb128 0xa
 359 0241 55000000 		.4byte	.LASF25
 360 0245 05       		.byte	0x5
 361 0246 37       		.byte	0x37
 362 0247 76000000 		.4byte	0x76
 363 024b 24       		.byte	0x24
 364 024c 0A       		.uleb128 0xa
 365 024d AC010000 		.4byte	.LASF26
 366 0251 05       		.byte	0x5
 367 0252 38       		.byte	0x38
 368 0253 C5000000 		.4byte	0xc5
 369 0257 28       		.byte	0x28
 370 0258 0A       		.uleb128 0xa
 371 0259 C8010000 		.4byte	.LASF27
 372 025d 05       		.byte	0x5
 373 025e 3A       		.byte	0x3a
 374 025f 76000000 		.4byte	0x76
 375 0263 2C       		.byte	0x2c
 376 0264 0A       		.uleb128 0xa
 377 0265 81040000 		.4byte	.LASF47
 378 0269 05       		.byte	0x5
 379 026a 3B       		.byte	0x3b
 380 026b 76000000 		.4byte	0x76
 381 026f 30       		.byte	0x30
 382 0270 0A       		.uleb128 0xa
 383 0271 65030000 		.4byte	.LASF48
 384 0275 05       		.byte	0x5
 385 0276 3C       		.byte	0x3c
 386 0277 76000000 		.4byte	0x76
 387 027b 34       		.byte	0x34
 388 027c 0A       		.uleb128 0xa
 389 027d D9010000 		.4byte	.LASF49
 390 0281 05       		.byte	0x5
 391 0282 3D       		.byte	0x3d
 392 0283 76000000 		.4byte	0x76
 393 0287 38       		.byte	0x38
 394 0288 0A       		.uleb128 0xa
 395 0289 26040000 		.4byte	.LASF50
 396 028d 05       		.byte	0x5
 397 028e 3E       		.byte	0x3e
 398 028f 76000000 		.4byte	0x76
ARM GAS  C:\Users\rober\AppData\Local\Temp\ccro8Xh7.s 			page 9


 399 0293 3C       		.byte	0x3c
 400 0294 0A       		.uleb128 0xa
 401 0295 77040000 		.4byte	.LASF51
 402 0299 05       		.byte	0x5
 403 029a 40       		.byte	0x40
 404 029b 76000000 		.4byte	0x76
 405 029f 40       		.byte	0x40
 406 02a0 0A       		.uleb128 0xa
 407 02a1 16020000 		.4byte	.LASF30
 408 02a5 05       		.byte	0x5
 409 02a6 41       		.byte	0x41
 410 02a7 76000000 		.4byte	0x76
 411 02ab 44       		.byte	0x44
 412 02ac 0A       		.uleb128 0xa
 413 02ad 00000000 		.4byte	.LASF31
 414 02b1 05       		.byte	0x5
 415 02b2 43       		.byte	0x43
 416 02b3 76000000 		.4byte	0x76
 417 02b7 48       		.byte	0x48
 418 02b8 0A       		.uleb128 0xa
 419 02b9 D6020000 		.4byte	.LASF32
 420 02bd 05       		.byte	0x5
 421 02be 44       		.byte	0x44
 422 02bf 76000000 		.4byte	0x76
 423 02c3 4C       		.byte	0x4c
 424 02c4 0A       		.uleb128 0xa
 425 02c5 56040000 		.4byte	.LASF33
 426 02c9 05       		.byte	0x5
 427 02ca 46       		.byte	0x46
 428 02cb 76000000 		.4byte	0x76
 429 02cf 50       		.byte	0x50
 430 02d0 0A       		.uleb128 0xa
 431 02d1 8E040000 		.4byte	.LASF52
 432 02d5 05       		.byte	0x5
 433 02d6 47       		.byte	0x47
 434 02d7 76000000 		.4byte	0x76
 435 02db 54       		.byte	0x54
 436 02dc 0A       		.uleb128 0xa
 437 02dd BE010000 		.4byte	.LASF53
 438 02e1 05       		.byte	0x5
 439 02e2 49       		.byte	0x49
 440 02e3 76000000 		.4byte	0x76
 441 02e7 58       		.byte	0x58
 442 02e8 0A       		.uleb128 0xa
 443 02e9 30000000 		.4byte	.LASF36
 444 02ed 05       		.byte	0x5
 445 02ee 4A       		.byte	0x4a
 446 02ef 76000000 		.4byte	0x76
 447 02f3 5C       		.byte	0x5c
 448 02f4 0A       		.uleb128 0xa
 449 02f5 D7040000 		.4byte	.LASF37
 450 02f9 05       		.byte	0x5
 451 02fa 4C       		.byte	0x4c
 452 02fb 76000000 		.4byte	0x76
 453 02ff 60       		.byte	0x60
 454 0300 00       		.byte	0
 455 0301 03       		.uleb128 0x3
ARM GAS  C:\Users\rober\AppData\Local\Temp\ccro8Xh7.s 			page 10


 456 0302 5E000000 		.4byte	.LASF54
 457 0306 05       		.byte	0x5
 458 0307 4D       		.byte	0x4d
 459 0308 C8010000 		.4byte	0x1c8
 460 030c 0B       		.uleb128 0xb
 461 030d 04       		.byte	0x4
 462 030e 12030000 		.4byte	0x312
 463 0312 0C       		.uleb128 0xc
 464 0313 1D030000 		.4byte	0x31d
 465 0317 0D       		.uleb128 0xd
 466 0318 76000000 		.4byte	0x76
 467 031c 00       		.byte	0
 468 031d 0E       		.uleb128 0xe
 469 031e E2010000 		.4byte	.LASF55
 470 0322 06       		.byte	0x6
 471 0323 BF01     		.2byte	0x1bf
 472 0325 0C030000 		.4byte	0x30c
 473 0329 0F       		.uleb128 0xf
 474 032a 95000000 		.4byte	.LASF56
 475 032e 24       		.byte	0x24
 476 032f 06       		.byte	0x6
 477 0330 4102     		.2byte	0x241
 478 0332 AC030000 		.4byte	0x3ac
 479 0336 10       		.uleb128 0x10
 480 0337 A9030000 		.4byte	.LASF57
 481 033b 06       		.byte	0x6
 482 033c 4402     		.2byte	0x244
 483 033e 88000000 		.4byte	0x88
 484 0342 00       		.byte	0
 485 0343 10       		.uleb128 0x10
 486 0344 E6030000 		.4byte	.LASF58
 487 0348 06       		.byte	0x6
 488 0349 4602     		.2byte	0x246
 489 034b C3000000 		.4byte	0xc3
 490 034f 04       		.byte	0x4
 491 0350 10       		.uleb128 0x10
 492 0351 78000000 		.4byte	.LASF59
 493 0355 06       		.byte	0x6
 494 0356 4702     		.2byte	0x247
 495 0358 76000000 		.4byte	0x76
 496 035c 08       		.byte	0x8
 497 035d 10       		.uleb128 0x10
 498 035e 96010000 		.4byte	.LASF60
 499 0362 06       		.byte	0x6
 500 0363 4802     		.2byte	0x248
 501 0365 88000000 		.4byte	0x88
 502 0369 0C       		.byte	0xc
 503 036a 10       		.uleb128 0x10
 504 036b 50040000 		.4byte	.LASF61
 505 036f 06       		.byte	0x6
 506 0370 4A02     		.2byte	0x24a
 507 0372 C3000000 		.4byte	0xc3
 508 0376 10       		.byte	0x10
 509 0377 10       		.uleb128 0x10
 510 0378 57010000 		.4byte	.LASF62
 511 037c 06       		.byte	0x6
 512 037d 4B02     		.2byte	0x24b
ARM GAS  C:\Users\rober\AppData\Local\Temp\ccro8Xh7.s 			page 11


 513 037f 76000000 		.4byte	0x76
 514 0383 14       		.byte	0x14
 515 0384 10       		.uleb128 0x10
 516 0385 45020000 		.4byte	.LASF63
 517 0389 06       		.byte	0x6
 518 038a 4C02     		.2byte	0x24c
 519 038c 88000000 		.4byte	0x88
 520 0390 18       		.byte	0x18
 521 0391 10       		.uleb128 0x10
 522 0392 B5030000 		.4byte	.LASF64
 523 0396 06       		.byte	0x6
 524 0397 5202     		.2byte	0x252
 525 0399 1D030000 		.4byte	0x31d
 526 039d 1C       		.byte	0x1c
 527 039e 10       		.uleb128 0x10
 528 039f 6F040000 		.4byte	.LASF65
 529 03a3 06       		.byte	0x6
 530 03a4 5502     		.2byte	0x255
 531 03a6 76000000 		.4byte	0x76
 532 03aa 20       		.byte	0x20
 533 03ab 00       		.byte	0
 534 03ac 0E       		.uleb128 0xe
 535 03ad 3E010000 		.4byte	.LASF66
 536 03b1 06       		.byte	0x6
 537 03b2 5802     		.2byte	0x258
 538 03b4 29030000 		.4byte	0x329
 539 03b8 11       		.uleb128 0x11
 540 03b9 79010000 		.4byte	.LASF76
 541 03bd 01       		.byte	0x1
 542 03be 2E       		.byte	0x2e
 543 03bf 68000000 		.4byte	0x68
 544 03c3 00000000 		.4byte	.LFB513
 545 03c7 14000000 		.4byte	.LFE513-.LFB513
 546 03cb 01       		.uleb128 0x1
 547 03cc 9C       		.byte	0x9c
 548 03cd F8030000 		.4byte	0x3f8
 549 03d1 12       		.uleb128 0x12
 550 03d2 08000000 		.4byte	.LVL0
 551 03d6 2E040000 		.4byte	0x42e
 552 03da E8030000 		.4byte	0x3e8
 553 03de 13       		.uleb128 0x13
 554 03df 01       		.uleb128 0x1
 555 03e0 50       		.byte	0x50
 556 03e1 05       		.uleb128 0x5
 557 03e2 0C       		.byte	0xc
 558 03e3 00000810 		.4byte	0x10080000
 559 03e7 00       		.byte	0
 560 03e8 14       		.uleb128 0x14
 561 03e9 0E000000 		.4byte	.LVL1
 562 03ed 3A040000 		.4byte	0x43a
 563 03f1 13       		.uleb128 0x13
 564 03f2 01       		.uleb128 0x1
 565 03f3 50       		.byte	0x50
 566 03f4 01       		.uleb128 0x1
 567 03f5 30       		.byte	0x30
 568 03f6 00       		.byte	0
 569 03f7 00       		.byte	0
ARM GAS  C:\Users\rober\AppData\Local\Temp\ccro8Xh7.s 			page 12


 570 03f8 15       		.uleb128 0x15
 571 03f9 02030000 		.4byte	.LASF67
 572 03fd 07       		.byte	0x7
 573 03fe 5E       		.byte	0x5e
 574 03ff AC030000 		.4byte	0x3ac
 575 0403 15       		.uleb128 0x15
 576 0404 0C000000 		.4byte	.LASF68
 577 0408 08       		.byte	0x8
 578 0409 1F       		.byte	0x1f
 579 040a 0E040000 		.4byte	0x40e
 580 040e 16       		.uleb128 0x16
 581 040f BD010000 		.4byte	0x1bd
 582 0413 15       		.uleb128 0x15
 583 0414 9C040000 		.4byte	.LASF69
 584 0418 09       		.byte	0x9
 585 0419 1F       		.byte	0x1f
 586 041a 1E040000 		.4byte	0x41e
 587 041e 16       		.uleb128 0x16
 588 041f 01030000 		.4byte	0x301
 589 0423 15       		.uleb128 0x15
 590 0424 3F000000 		.4byte	.LASF70
 591 0428 0A       		.byte	0xa
 592 0429 1F       		.byte	0x1f
 593 042a 0E040000 		.4byte	0x40e
 594 042e 17       		.uleb128 0x17
 595 042f FD030000 		.4byte	.LASF71
 596 0433 FD030000 		.4byte	.LASF71
 597 0437 0B       		.byte	0xb
 598 0438 FE01     		.2byte	0x1fe
 599 043a 17       		.uleb128 0x17
 600 043b E2040000 		.4byte	.LASF72
 601 043f E2040000 		.4byte	.LASF72
 602 0443 0C       		.byte	0xc
 603 0444 F004     		.2byte	0x4f0
 604 0446 00       		.byte	0
 605              		.section	.debug_abbrev,"",%progbits
 606              	.Ldebug_abbrev0:
 607 0000 01       		.uleb128 0x1
 608 0001 11       		.uleb128 0x11
 609 0002 01       		.byte	0x1
 610 0003 25       		.uleb128 0x25
 611 0004 0E       		.uleb128 0xe
 612 0005 13       		.uleb128 0x13
 613 0006 0B       		.uleb128 0xb
 614 0007 03       		.uleb128 0x3
 615 0008 0E       		.uleb128 0xe
 616 0009 1B       		.uleb128 0x1b
 617 000a 0E       		.uleb128 0xe
 618 000b 55       		.uleb128 0x55
 619 000c 17       		.uleb128 0x17
 620 000d 11       		.uleb128 0x11
 621 000e 01       		.uleb128 0x1
 622 000f 10       		.uleb128 0x10
 623 0010 17       		.uleb128 0x17
 624 0011 00       		.byte	0
 625 0012 00       		.byte	0
 626 0013 02       		.uleb128 0x2
ARM GAS  C:\Users\rober\AppData\Local\Temp\ccro8Xh7.s 			page 13


 627 0014 24       		.uleb128 0x24
 628 0015 00       		.byte	0
 629 0016 0B       		.uleb128 0xb
 630 0017 0B       		.uleb128 0xb
 631 0018 3E       		.uleb128 0x3e
 632 0019 0B       		.uleb128 0xb
 633 001a 03       		.uleb128 0x3
 634 001b 0E       		.uleb128 0xe
 635 001c 00       		.byte	0
 636 001d 00       		.byte	0
 637 001e 03       		.uleb128 0x3
 638 001f 16       		.uleb128 0x16
 639 0020 00       		.byte	0
 640 0021 03       		.uleb128 0x3
 641 0022 0E       		.uleb128 0xe
 642 0023 3A       		.uleb128 0x3a
 643 0024 0B       		.uleb128 0xb
 644 0025 3B       		.uleb128 0x3b
 645 0026 0B       		.uleb128 0xb
 646 0027 49       		.uleb128 0x49
 647 0028 13       		.uleb128 0x13
 648 0029 00       		.byte	0
 649 002a 00       		.byte	0
 650 002b 04       		.uleb128 0x4
 651 002c 24       		.uleb128 0x24
 652 002d 00       		.byte	0
 653 002e 0B       		.uleb128 0xb
 654 002f 0B       		.uleb128 0xb
 655 0030 3E       		.uleb128 0x3e
 656 0031 0B       		.uleb128 0xb
 657 0032 03       		.uleb128 0x3
 658 0033 08       		.uleb128 0x8
 659 0034 00       		.byte	0
 660 0035 00       		.byte	0
 661 0036 05       		.uleb128 0x5
 662 0037 35       		.uleb128 0x35
 663 0038 00       		.byte	0
 664 0039 49       		.uleb128 0x49
 665 003a 13       		.uleb128 0x13
 666 003b 00       		.byte	0
 667 003c 00       		.byte	0
 668 003d 06       		.uleb128 0x6
 669 003e 04       		.uleb128 0x4
 670 003f 01       		.byte	0x1
 671 0040 0B       		.uleb128 0xb
 672 0041 0B       		.uleb128 0xb
 673 0042 49       		.uleb128 0x49
 674 0043 13       		.uleb128 0x13
 675 0044 3A       		.uleb128 0x3a
 676 0045 0B       		.uleb128 0xb
 677 0046 3B       		.uleb128 0x3b
 678 0047 05       		.uleb128 0x5
 679 0048 01       		.uleb128 0x1
 680 0049 13       		.uleb128 0x13
 681 004a 00       		.byte	0
 682 004b 00       		.byte	0
 683 004c 07       		.uleb128 0x7
ARM GAS  C:\Users\rober\AppData\Local\Temp\ccro8Xh7.s 			page 14


 684 004d 28       		.uleb128 0x28
 685 004e 00       		.byte	0
 686 004f 03       		.uleb128 0x3
 687 0050 0E       		.uleb128 0xe
 688 0051 1C       		.uleb128 0x1c
 689 0052 0B       		.uleb128 0xb
 690 0053 00       		.byte	0
 691 0054 00       		.byte	0
 692 0055 08       		.uleb128 0x8
 693 0056 0F       		.uleb128 0xf
 694 0057 00       		.byte	0
 695 0058 0B       		.uleb128 0xb
 696 0059 0B       		.uleb128 0xb
 697 005a 00       		.byte	0
 698 005b 00       		.byte	0
 699 005c 09       		.uleb128 0x9
 700 005d 13       		.uleb128 0x13
 701 005e 01       		.byte	0x1
 702 005f 03       		.uleb128 0x3
 703 0060 0E       		.uleb128 0xe
 704 0061 0B       		.uleb128 0xb
 705 0062 0B       		.uleb128 0xb
 706 0063 3A       		.uleb128 0x3a
 707 0064 0B       		.uleb128 0xb
 708 0065 3B       		.uleb128 0x3b
 709 0066 0B       		.uleb128 0xb
 710 0067 01       		.uleb128 0x1
 711 0068 13       		.uleb128 0x13
 712 0069 00       		.byte	0
 713 006a 00       		.byte	0
 714 006b 0A       		.uleb128 0xa
 715 006c 0D       		.uleb128 0xd
 716 006d 00       		.byte	0
 717 006e 03       		.uleb128 0x3
 718 006f 0E       		.uleb128 0xe
 719 0070 3A       		.uleb128 0x3a
 720 0071 0B       		.uleb128 0xb
 721 0072 3B       		.uleb128 0x3b
 722 0073 0B       		.uleb128 0xb
 723 0074 49       		.uleb128 0x49
 724 0075 13       		.uleb128 0x13
 725 0076 38       		.uleb128 0x38
 726 0077 0B       		.uleb128 0xb
 727 0078 00       		.byte	0
 728 0079 00       		.byte	0
 729 007a 0B       		.uleb128 0xb
 730 007b 0F       		.uleb128 0xf
 731 007c 00       		.byte	0
 732 007d 0B       		.uleb128 0xb
 733 007e 0B       		.uleb128 0xb
 734 007f 49       		.uleb128 0x49
 735 0080 13       		.uleb128 0x13
 736 0081 00       		.byte	0
 737 0082 00       		.byte	0
 738 0083 0C       		.uleb128 0xc
 739 0084 15       		.uleb128 0x15
 740 0085 01       		.byte	0x1
ARM GAS  C:\Users\rober\AppData\Local\Temp\ccro8Xh7.s 			page 15


 741 0086 27       		.uleb128 0x27
 742 0087 19       		.uleb128 0x19
 743 0088 01       		.uleb128 0x1
 744 0089 13       		.uleb128 0x13
 745 008a 00       		.byte	0
 746 008b 00       		.byte	0
 747 008c 0D       		.uleb128 0xd
 748 008d 05       		.uleb128 0x5
 749 008e 00       		.byte	0
 750 008f 49       		.uleb128 0x49
 751 0090 13       		.uleb128 0x13
 752 0091 00       		.byte	0
 753 0092 00       		.byte	0
 754 0093 0E       		.uleb128 0xe
 755 0094 16       		.uleb128 0x16
 756 0095 00       		.byte	0
 757 0096 03       		.uleb128 0x3
 758 0097 0E       		.uleb128 0xe
 759 0098 3A       		.uleb128 0x3a
 760 0099 0B       		.uleb128 0xb
 761 009a 3B       		.uleb128 0x3b
 762 009b 05       		.uleb128 0x5
 763 009c 49       		.uleb128 0x49
 764 009d 13       		.uleb128 0x13
 765 009e 00       		.byte	0
 766 009f 00       		.byte	0
 767 00a0 0F       		.uleb128 0xf
 768 00a1 13       		.uleb128 0x13
 769 00a2 01       		.byte	0x1
 770 00a3 03       		.uleb128 0x3
 771 00a4 0E       		.uleb128 0xe
 772 00a5 0B       		.uleb128 0xb
 773 00a6 0B       		.uleb128 0xb
 774 00a7 3A       		.uleb128 0x3a
 775 00a8 0B       		.uleb128 0xb
 776 00a9 3B       		.uleb128 0x3b
 777 00aa 05       		.uleb128 0x5
 778 00ab 01       		.uleb128 0x1
 779 00ac 13       		.uleb128 0x13
 780 00ad 00       		.byte	0
 781 00ae 00       		.byte	0
 782 00af 10       		.uleb128 0x10
 783 00b0 0D       		.uleb128 0xd
 784 00b1 00       		.byte	0
 785 00b2 03       		.uleb128 0x3
 786 00b3 0E       		.uleb128 0xe
 787 00b4 3A       		.uleb128 0x3a
 788 00b5 0B       		.uleb128 0xb
 789 00b6 3B       		.uleb128 0x3b
 790 00b7 05       		.uleb128 0x5
 791 00b8 49       		.uleb128 0x49
 792 00b9 13       		.uleb128 0x13
 793 00ba 38       		.uleb128 0x38
 794 00bb 0B       		.uleb128 0xb
 795 00bc 00       		.byte	0
 796 00bd 00       		.byte	0
 797 00be 11       		.uleb128 0x11
ARM GAS  C:\Users\rober\AppData\Local\Temp\ccro8Xh7.s 			page 16


 798 00bf 2E       		.uleb128 0x2e
 799 00c0 01       		.byte	0x1
 800 00c1 3F       		.uleb128 0x3f
 801 00c2 19       		.uleb128 0x19
 802 00c3 03       		.uleb128 0x3
 803 00c4 0E       		.uleb128 0xe
 804 00c5 3A       		.uleb128 0x3a
 805 00c6 0B       		.uleb128 0xb
 806 00c7 3B       		.uleb128 0x3b
 807 00c8 0B       		.uleb128 0xb
 808 00c9 27       		.uleb128 0x27
 809 00ca 19       		.uleb128 0x19
 810 00cb 49       		.uleb128 0x49
 811 00cc 13       		.uleb128 0x13
 812 00cd 8701     		.uleb128 0x87
 813 00cf 19       		.uleb128 0x19
 814 00d0 11       		.uleb128 0x11
 815 00d1 01       		.uleb128 0x1
 816 00d2 12       		.uleb128 0x12
 817 00d3 06       		.uleb128 0x6
 818 00d4 40       		.uleb128 0x40
 819 00d5 18       		.uleb128 0x18
 820 00d6 9742     		.uleb128 0x2117
 821 00d8 19       		.uleb128 0x19
 822 00d9 01       		.uleb128 0x1
 823 00da 13       		.uleb128 0x13
 824 00db 00       		.byte	0
 825 00dc 00       		.byte	0
 826 00dd 12       		.uleb128 0x12
 827 00de 898201   		.uleb128 0x4109
 828 00e1 01       		.byte	0x1
 829 00e2 11       		.uleb128 0x11
 830 00e3 01       		.uleb128 0x1
 831 00e4 31       		.uleb128 0x31
 832 00e5 13       		.uleb128 0x13
 833 00e6 01       		.uleb128 0x1
 834 00e7 13       		.uleb128 0x13
 835 00e8 00       		.byte	0
 836 00e9 00       		.byte	0
 837 00ea 13       		.uleb128 0x13
 838 00eb 8A8201   		.uleb128 0x410a
 839 00ee 00       		.byte	0
 840 00ef 02       		.uleb128 0x2
 841 00f0 18       		.uleb128 0x18
 842 00f1 9142     		.uleb128 0x2111
 843 00f3 18       		.uleb128 0x18
 844 00f4 00       		.byte	0
 845 00f5 00       		.byte	0
 846 00f6 14       		.uleb128 0x14
 847 00f7 898201   		.uleb128 0x4109
 848 00fa 01       		.byte	0x1
 849 00fb 11       		.uleb128 0x11
 850 00fc 01       		.uleb128 0x1
 851 00fd 31       		.uleb128 0x31
 852 00fe 13       		.uleb128 0x13
 853 00ff 00       		.byte	0
 854 0100 00       		.byte	0
ARM GAS  C:\Users\rober\AppData\Local\Temp\ccro8Xh7.s 			page 17


 855 0101 15       		.uleb128 0x15
 856 0102 34       		.uleb128 0x34
 857 0103 00       		.byte	0
 858 0104 03       		.uleb128 0x3
 859 0105 0E       		.uleb128 0xe
 860 0106 3A       		.uleb128 0x3a
 861 0107 0B       		.uleb128 0xb
 862 0108 3B       		.uleb128 0x3b
 863 0109 0B       		.uleb128 0xb
 864 010a 49       		.uleb128 0x49
 865 010b 13       		.uleb128 0x13
 866 010c 3F       		.uleb128 0x3f
 867 010d 19       		.uleb128 0x19
 868 010e 3C       		.uleb128 0x3c
 869 010f 19       		.uleb128 0x19
 870 0110 00       		.byte	0
 871 0111 00       		.byte	0
 872 0112 16       		.uleb128 0x16
 873 0113 26       		.uleb128 0x26
 874 0114 00       		.byte	0
 875 0115 49       		.uleb128 0x49
 876 0116 13       		.uleb128 0x13
 877 0117 00       		.byte	0
 878 0118 00       		.byte	0
 879 0119 17       		.uleb128 0x17
 880 011a 2E       		.uleb128 0x2e
 881 011b 00       		.byte	0
 882 011c 3F       		.uleb128 0x3f
 883 011d 19       		.uleb128 0x19
 884 011e 3C       		.uleb128 0x3c
 885 011f 19       		.uleb128 0x19
 886 0120 6E       		.uleb128 0x6e
 887 0121 0E       		.uleb128 0xe
 888 0122 03       		.uleb128 0x3
 889 0123 0E       		.uleb128 0xe
 890 0124 3A       		.uleb128 0x3a
 891 0125 0B       		.uleb128 0xb
 892 0126 3B       		.uleb128 0x3b
 893 0127 05       		.uleb128 0x5
 894 0128 00       		.byte	0
 895 0129 00       		.byte	0
 896 012a 00       		.byte	0
 897              		.section	.debug_aranges,"",%progbits
 898 0000 1C000000 		.4byte	0x1c
 899 0004 0200     		.2byte	0x2
 900 0006 00000000 		.4byte	.Ldebug_info0
 901 000a 04       		.byte	0x4
 902 000b 00       		.byte	0
 903 000c 0000     		.2byte	0
 904 000e 0000     		.2byte	0
 905 0010 00000000 		.4byte	.LFB513
 906 0014 14000000 		.4byte	.LFE513-.LFB513
 907 0018 00000000 		.4byte	0
 908 001c 00000000 		.4byte	0
 909              		.section	.debug_ranges,"",%progbits
 910              	.Ldebug_ranges0:
 911 0000 00000000 		.4byte	.LFB513
ARM GAS  C:\Users\rober\AppData\Local\Temp\ccro8Xh7.s 			page 18


 912 0004 14000000 		.4byte	.LFE513
 913 0008 00000000 		.4byte	0
 914 000c 00000000 		.4byte	0
 915              		.section	.debug_line,"",%progbits
 916              	.Ldebug_line0:
 917 0000 7F020000 		.section	.debug_str,"MS",%progbits,1
 917      02006402 
 917      00000201 
 917      FB0E0D00 
 917      01010101 
 918              	.LASF31:
 919 0000 72656C6F 		.ascii	"reloadInput\000"
 919      6164496E 
 919      70757400 
 920              	.LASF68:
 921 000c 43595F45 		.ascii	"CY_EINK_Timer_config\000"
 921      494E4B5F 
 921      54696D65 
 921      725F636F 
 921      6E666967 
 922              	.LASF20:
 923 0021 636C6F63 		.ascii	"clockPrescaler\000"
 923      6B507265 
 923      7363616C 
 923      657200
 924              	.LASF36:
 925 0030 636F756E 		.ascii	"countInputMode\000"
 925      74496E70 
 925      75744D6F 
 925      646500
 926              	.LASF70:
 927 003f 54696D65 		.ascii	"Timer_config\000"
 927      725F636F 
 927      6E666967 
 927      00
 928              	.LASF24:
 929 004c 636F6D70 		.ascii	"compare0\000"
 929      61726530 
 929      00
 930              	.LASF25:
 931 0055 636F6D70 		.ascii	"compare1\000"
 931      61726531 
 931      00
 932              	.LASF54:
 933 005e 63795F73 		.ascii	"cy_stc_tcpwm_pwm_config_t\000"
 933      74635F74 
 933      6370776D 
 933      5F70776D 
 933      5F636F6E 
 934              	.LASF59:
 935 0078 72784275 		.ascii	"rxBufSize\000"
 935      6653697A 
 935      6500
 936              	.LASF0:
 937 0082 73686F72 		.ascii	"short int\000"
 937      7420696E 
 937      7400
ARM GAS  C:\Users\rober\AppData\Local\Temp\ccro8Xh7.s 			page 19


 938              	.LASF11:
 939 008c 73697A65 		.ascii	"sizetype\000"
 939      74797065 
 939      00
 940              	.LASF56:
 941 0095 63795F73 		.ascii	"cy_stc_scb_spi_context\000"
 941      74635F73 
 941      63625F73 
 941      70695F63 
 941      6F6E7465 
 942              	.LASF73:
 943 00ac 474E5520 		.ascii	"GNU C11 5.4.1 20160609 (release) [ARM/embedded-5-br"
 943      43313120 
 943      352E342E 
 943      31203230 
 943      31363036 
 944 00df 616E6368 		.ascii	"anch revision 237715] -mcpu=cortex-m0plus -mthumb -"
 944      20726576 
 944      6973696F 
 944      6E203233 
 944      37373135 
 945 0112 67202D4F 		.ascii	"g -Og -ffunction-sections -ffat-lto-objects\000"
 945      67202D66 
 945      66756E63 
 945      74696F6E 
 945      2D736563 
 946              	.LASF66:
 947 013e 63795F73 		.ascii	"cy_stc_scb_spi_context_t\000"
 947      74635F73 
 947      63625F73 
 947      70695F63 
 947      6F6E7465 
 948              	.LASF62:
 949 0157 74784275 		.ascii	"txBufSize\000"
 949      6653697A 
 949      6500
 950              	.LASF40:
 951 0161 63795F73 		.ascii	"cy_stc_tcpwm_pwm_config\000"
 951      74635F74 
 951      6370776D 
 951      5F70776D 
 951      5F636F6E 
 952              	.LASF76:
 953 0179 6D61696E 		.ascii	"main\000"
 953      00
 954              	.LASF9:
 955 017e 5F5F7569 		.ascii	"__uint32_t\000"
 955      6E743332 
 955      5F7400
 956              	.LASF29:
 957 0189 63617074 		.ascii	"captureInput\000"
 957      75726549 
 957      6E707574 
 957      00
 958              	.LASF60:
 959 0196 72784275 		.ascii	"rxBufIdx\000"
 959      66496478 
ARM GAS  C:\Users\rober\AppData\Local\Temp\ccro8Xh7.s 			page 20


 959      00
 960              	.LASF42:
 961 019f 70776D41 		.ascii	"pwmAlignment\000"
 961      6C69676E 
 961      6D656E74 
 961      00
 962              	.LASF26:
 963 01ac 656E6162 		.ascii	"enableCompareSwap\000"
 963      6C65436F 
 963      6D706172 
 963      65537761 
 963      7000
 964              	.LASF53:
 965 01be 6B696C6C 		.ascii	"killInput\000"
 965      496E7075 
 965      7400
 966              	.LASF27:
 967 01c8 696E7465 		.ascii	"interruptSources\000"
 967      72727570 
 967      74536F75 
 967      72636573 
 967      00
 968              	.LASF49:
 969 01d9 6B696C6C 		.ascii	"killMode\000"
 969      4D6F6465 
 969      00
 970              	.LASF55:
 971 01e2 63795F63 		.ascii	"cy_cb_scb_spi_handle_events_t\000"
 971      625F7363 
 971      625F7370 
 971      695F6861 
 971      6E646C65 
 972              	.LASF14:
 973 0200 666C6F61 		.ascii	"float\000"
 973      7400
 974              	.LASF44:
 975 0206 70657269 		.ascii	"period0\000"
 975      6F643000 
 976              	.LASF45:
 977 020e 70657269 		.ascii	"period1\000"
 977      6F643100 
 978              	.LASF30:
 979 0216 72656C6F 		.ascii	"reloadInputMode\000"
 979      6164496E 
 979      7075744D 
 979      6F646500 
 980              	.LASF6:
 981 0226 6C6F6E67 		.ascii	"long long int\000"
 981      206C6F6E 
 981      6720696E 
 981      7400
 982              	.LASF21:
 983 0234 72756E4D 		.ascii	"runMode\000"
 983      6F646500 
 984              	.LASF4:
 985 023c 6C6F6E67 		.ascii	"long int\000"
 985      20696E74 
ARM GAS  C:\Users\rober\AppData\Local\Temp\ccro8Xh7.s 			page 21


 985      00
 986              	.LASF63:
 987 0245 74784275 		.ascii	"txBufIdx\000"
 987      66496478 
 987      00
 988              	.LASF19:
 989 024e 70657269 		.ascii	"period\000"
 989      6F6400
 990              	.LASF75:
 991 0255 433A5C55 		.ascii	"C:\\Users\\rober\\Desktop\\SMIW\\projekt_smiw\\CE22"
 991      73657273 
 991      5C726F62 
 991      65725C44 
 991      65736B74 
 992 0282 33373237 		.ascii	"3727_EmWin_EInk_Display01\\CE223727_EmWin_EInk_Disp"
 992      5F456D57 
 992      696E5F45 
 992      496E6B5F 
 992      44697370 
 993 02b4 6C617930 		.ascii	"lay01.cydsn\000"
 993      312E6379 
 993      64736E00 
 994              	.LASF35:
 995 02c0 73746F70 		.ascii	"stopInput\000"
 995      496E7075 
 995      7400
 996              	.LASF12:
 997 02ca 6C6F6E67 		.ascii	"long double\000"
 997      20646F75 
 997      626C6500 
 998              	.LASF32:
 999 02d6 73746172 		.ascii	"startInputMode\000"
 999      74496E70 
 999      75744D6F 
 999      646500
 1000              	.LASF1:
 1001 02e5 756E7369 		.ascii	"unsigned char\000"
 1001      676E6564 
 1001      20636861 
 1001      7200
 1002              	.LASF22:
 1003 02f3 636F756E 		.ascii	"countDirection\000"
 1003      74446972 
 1003      65637469 
 1003      6F6E00
 1004              	.LASF67:
 1005 0302 43595F45 		.ascii	"CY_EINK_SPIM_context\000"
 1005      494E4B5F 
 1005      5350494D 
 1005      5F636F6E 
 1005      74657874 
 1006              	.LASF46:
 1007 0317 656E6162 		.ascii	"enablePeriodSwap\000"
 1007      6C655065 
 1007      72696F64 
 1007      53776170 
 1007      00
ARM GAS  C:\Users\rober\AppData\Local\Temp\ccro8Xh7.s 			page 22


 1008              	.LASF2:
 1009 0328 7369676E 		.ascii	"signed char\000"
 1009      65642063 
 1009      68617200 
 1010              	.LASF7:
 1011 0334 6C6F6E67 		.ascii	"long long unsigned int\000"
 1011      206C6F6E 
 1011      6720756E 
 1011      7369676E 
 1011      65642069 
 1012              	.LASF10:
 1013 034b 75696E74 		.ascii	"uint32_t\000"
 1013      33325F74 
 1013      00
 1014              	.LASF23:
 1015 0354 636F6D70 		.ascii	"compareOrCapture\000"
 1015      6172654F 
 1015      72436170 
 1015      74757265 
 1015      00
 1016              	.LASF48:
 1017 0365 696E7665 		.ascii	"invertPWMOutN\000"
 1017      72745057 
 1017      4D4F7574 
 1017      4E00
 1018              	.LASF38:
 1019 0373 63795F73 		.ascii	"cy_stc_tcpwm_counter_config_t\000"
 1019      74635F74 
 1019      6370776D 
 1019      5F636F75 
 1019      6E746572 
 1020              	.LASF17:
 1021 0391 43595F53 		.ascii	"CY_SYSPM_WAIT_FOR_EVENT\000"
 1021      5953504D 
 1021      5F574149 
 1021      545F464F 
 1021      525F4556 
 1022              	.LASF57:
 1023 03a9 73746174 		.ascii	"status\000"
 1023      757300
 1024              	.LASF13:
 1025 03b0 63686172 		.ascii	"char\000"
 1025      00
 1026              	.LASF64:
 1027 03b5 63624576 		.ascii	"cbEvents\000"
 1027      656E7473 
 1027      00
 1028              	.LASF43:
 1029 03be 64656164 		.ascii	"deadTimeClocks\000"
 1029      54696D65 
 1029      436C6F63 
 1029      6B7300
 1030              	.LASF3:
 1031 03cd 73686F72 		.ascii	"short unsigned int\000"
 1031      7420756E 
 1031      7369676E 
 1031      65642069 
ARM GAS  C:\Users\rober\AppData\Local\Temp\ccro8Xh7.s 			page 23


 1031      6E7400
 1032              	.LASF18:
 1033 03e0 5F426F6F 		.ascii	"_Bool\000"
 1033      6C00
 1034              	.LASF58:
 1035 03e6 72784275 		.ascii	"rxBuf\000"
 1035      6600
 1036              	.LASF28:
 1037 03ec 63617074 		.ascii	"captureInputMode\000"
 1037      75726549 
 1037      6E707574 
 1037      4D6F6465 
 1037      00
 1038              	.LASF71:
 1039 03fd 43795F53 		.ascii	"Cy_SysEnableCM4\000"
 1039      7973456E 
 1039      61626C65 
 1039      434D3400 
 1040              	.LASF5:
 1041 040d 6C6F6E67 		.ascii	"long unsigned int\000"
 1041      20756E73 
 1041      69676E65 
 1041      6420696E 
 1041      7400
 1042              	.LASF15:
 1043 041f 646F7562 		.ascii	"double\000"
 1043      6C6500
 1044              	.LASF50:
 1045 0426 73776170 		.ascii	"swapInputMode\000"
 1045      496E7075 
 1045      744D6F64 
 1045      6500
 1046              	.LASF39:
 1047 0434 63795F73 		.ascii	"cy_stc_tcpwm_counter_config\000"
 1047      74635F74 
 1047      6370776D 
 1047      5F636F75 
 1047      6E746572 
 1048              	.LASF61:
 1049 0450 74784275 		.ascii	"txBuf\000"
 1049      6600
 1050              	.LASF33:
 1051 0456 73746172 		.ascii	"startInput\000"
 1051      74496E70 
 1051      757400
 1052              	.LASF34:
 1053 0461 73746F70 		.ascii	"stopInputMode\000"
 1053      496E7075 
 1053      744D6F64 
 1053      6500
 1054              	.LASF65:
 1055 046f 696E6974 		.ascii	"initKey\000"
 1055      4B657900 
 1056              	.LASF51:
 1057 0477 73776170 		.ascii	"swapInput\000"
 1057      496E7075 
 1057      7400
ARM GAS  C:\Users\rober\AppData\Local\Temp\ccro8Xh7.s 			page 24


 1058              	.LASF47:
 1059 0481 696E7665 		.ascii	"invertPWMOut\000"
 1059      72745057 
 1059      4D4F7574 
 1059      00
 1060              	.LASF52:
 1061 048e 6B696C6C 		.ascii	"killInputMode\000"
 1061      496E7075 
 1061      744D6F64 
 1061      6500
 1062              	.LASF69:
 1063 049c 50574D5F 		.ascii	"PWM_config\000"
 1063      636F6E66 
 1063      696700
 1064              	.LASF16:
 1065 04a7 43595F53 		.ascii	"CY_SYSPM_WAIT_FOR_INTERRUPT\000"
 1065      5953504D 
 1065      5F574149 
 1065      545F464F 
 1065      525F494E 
 1066              	.LASF41:
 1067 04c3 70776D4D 		.ascii	"pwmMode\000"
 1067      6F646500 
 1068              	.LASF74:
 1069 04cb 6D61696E 		.ascii	"main_cm0p.c\000"
 1069      5F636D30 
 1069      702E6300 
 1070              	.LASF37:
 1071 04d7 636F756E 		.ascii	"countInput\000"
 1071      74496E70 
 1071      757400
 1072              	.LASF72:
 1073 04e2 43795F53 		.ascii	"Cy_SysPm_DeepSleep\000"
 1073      7973506D 
 1073      5F446565 
 1073      70536C65 
 1073      657000
 1074              	.LASF8:
 1075 04f5 756E7369 		.ascii	"unsigned int\000"
 1075      676E6564 
 1075      20696E74 
 1075      00
 1076              		.ident	"GCC: (GNU Tools for ARM Embedded Processors) 5.4.1 20160609 (release) [ARM/embedded-5-bran
