--------------- Build Started: 07/18/2024 13:47:58 Project: CE223727_EmWin_EInk_Display01, Configuration: ARM GCC 5.4-2016-q2-update Debug ---------------
cydsfit.exe -.appdatapath "C:\Users\rober\AppData\Local\Cypress Semiconductor\PSoC Creator\4.4" -.fdsnotice -.fdswarpdepfile=warp_dependencies.txt -.fdselabdepfile=elab_dependencies.txt -.fdsbldfile=generated_files.txt -.fdsreffile=referenced_files.txt -p C:\Users\rober\Desktop\SMIW_projekt\projekt_smiw\CE223727_EmWin_EInk_Display01\CE223727_EmWin_EInk_Display01.cydsn\CE223727_EmWin_EInk_Display01.cyprj -d CY8C6347BZI-BLD53 -s C:\Users\rober\Desktop\SMIW_projekt\projekt_smiw\CE223727_EmWin_EInk_Display01\CE223727_EmWin_EInk_Display01.cydsn\Generated_Source\PSoC6 -- -yv2 -q10 -ygs -o2 -v3 -.fftcfgtype=LE
Elaborating Design...
HDL Generation...
Synthesis...
Tech Mapping...
Info: plm.M0038: The pin named CY_CPUSS_SWJ_SWCLK_TCLK(0) at location P6[7] prevents usage of special purposes: TCPWM[3].line_compl. (App=cydsfit)
Info: plm.M0038: The pin named CY_CPUSS_SWJ_SWCLK_TCLK(0) at location P6[7] prevents usage of special purposes: TCPWM[19].line_compl. (App=cydsfit)
Info: plm.M0038: The pin named CY_CPUSS_SWJ_SWCLK_TCLK(0) at location P6[7] prevents usage of special purposes: SCB[6].uart_cts. (App=cydsfit)
Info: plm.M0038: The pin named CY_CPUSS_SWJ_SWCLK_TCLK(0) at location P6[7] prevents usage of special purposes: SCB[6].spi_select[0]. (App=cydsfit)
Info: plm.M0038: The pin named CY_CPUSS_SWJ_SWCLK_TCLK(0) at location P6[7] prevents usage of special purposes: SCB[8].spi_select[0]. (App=cydsfit)
Info: plm.M0038: The pin named CY_CPUSS_SWJ_SWDIO_TMS(0) at location P6[6] prevents usage of special purposes: TCPWM[3].line. (App=cydsfit)
Info: plm.M0038: The pin named CY_CPUSS_SWJ_SWDIO_TMS(0) at location P6[6] prevents usage of special purposes: TCPWM[19].line. (App=cydsfit)
Info: plm.M0038: The pin named CY_CPUSS_SWJ_SWDIO_TMS(0) at location P6[6] prevents usage of special purposes: SCB[6].uart_rts. (App=cydsfit)
Info: plm.M0038: The pin named CY_CPUSS_SWJ_SWDIO_TMS(0) at location P6[6] prevents usage of special purposes: SCB[6].spi_clk. (App=cydsfit)
Info: plm.M0038: The pin named CY_CPUSS_SWJ_SWDIO_TMS(0) at location P6[6] prevents usage of special purposes: SCB[8].spi_clk. (App=cydsfit)
Analog Placement...
Analog Routing...
Analog Code Generation...
Digital Placement...
Digital Routing...
Bitstream Generation...
Bitstream Verification...
Static timing analysis...
API Generation...
Dependency Generation...
Cleanup...
The compile step is up to date, no work needs to be done.
arm-none-eabi-gcc.exe -Wl,--start-group -o C:\Users\rober\Desktop\SMIW_projekt\projekt_smiw\CE223727_EmWin_EInk_Display01\CE223727_EmWin_EInk_Display01.cydsn\CortexM0p\ARM_GCC_541\Debug\CE223727_EmWin_EInk_Display01_link.elf Generated_Source\PSoC6\pdl\middleware\emWin\libs\libemWin_nosnts_gcc.a .\CortexM0p\ARM_GCC_541\Debug\startup_psoc63_cm0plus.o .\CortexM0p\ARM_GCC_541\Debug\main_cm0p.o .\CortexM0p\ARM_GCC_541\Debug\system_psoc63_cm0plus.o .\CortexM0p\ARM_GCC_541\Debug\GUIConf.o .\CortexM0p\ARM_GCC_541\Debug\GUI_X.o .\CortexM0p\ARM_GCC_541\Debug\LCDConf.o .\CortexM0p\ARM_GCC_541\Debug\cy_ipc_config.o .\CortexM0p\ARM_GCC_541\Debug\cyfitter_sysint_cfg.o .\CortexM0p\ARM_GCC_541\Debug\cyfitter_cfg.o .\CortexM0p\ARM_GCC_541\Debug\cymetadata.o .\CortexM0p\ARM_GCC_541\Debug\CY_EINK_SPIM.o .\CortexM0p\ARM_GCC_541\Debug\CY_EINK_Timer.o .\CortexM0p\ARM_GCC_541\Debug\Status_SW2.o .\CortexM0p\ARM_GCC_541\Debug\cy_sysint.o .\CortexM0p\ARM_GCC_541\Debug\cy_ipc_drv.o .\CortexM0p\ARM_GCC_541\Debug\cy_ipc_sema.o .\CortexM0p\ARM_GCC_541\Debug\cy_ipc_pipe.o .\CortexM0p\ARM_GCC_541\Debug\cy_sysclk.o .\CortexM0p\ARM_GCC_541\Debug\cy_wdt.o .\CortexM0p\ARM_GCC_541\Debug\cy_tcpwm_counter.o .\CortexM0p\ARM_GCC_541\Debug\cy_tcpwm_pwm.o .\CortexM0p\ARM_GCC_541\Debug\cy_tcpwm_quaddec.o .\CortexM0p\ARM_GCC_541\Debug\cy_scb_common.o .\CortexM0p\ARM_GCC_541\Debug\cy_scb_i2c.o .\CortexM0p\ARM_GCC_541\Debug\cy_scb_ezi2c.o .\CortexM0p\ARM_GCC_541\Debug\cy_scb_spi.o .\CortexM0p\ARM_GCC_541\Debug\cy_scb_uart.o .\CortexM0p\ARM_GCC_541\Debug\cy_efuse.o .\CortexM0p\ARM_GCC_541\Debug\cy_flash.o .\CortexM0p\ARM_GCC_541\Debug\cy_gpio.o .\CortexM0p\ARM_GCC_541\Debug\cy_sysanalog.o .\CortexM0p\ARM_GCC_541\Debug\cy_syspm.o .\CortexM0p\ARM_GCC_541\Debug\cy_syslib.o .\CortexM0p\ARM_GCC_541\Debug\cy_syslib_gcc.o .\CortexM0p\ARM_GCC_541\Debug\cy_trigmux.o .\CortexM0p\ARM_GCC_541\Debug\cy_systick.o .\CortexM0p\ARM_GCC_541\Debug\cy_profile.o .\CortexM0p\ARM_GCC_541\Debug\cy_prot.o .\CortexM0p\ARM_GCC_541\Debug\cy_lvd.o .\CortexM0p\ARM_GCC_541\Debug\cy_ble_clk.o .\CortexM0p\ARM_GCC_541\Debug\PWM.o -mcpu=cortex-m0plus -mthumb -L Generated_Source\PSoC6 -Wl,-Map,.\CortexM0p\ARM_GCC_541\Debug/CE223727_EmWin_EInk_Display01.map -T cy8c6xx7_cm0plus.ld -specs=nano.specs -Wl,--gc-sections -g -ffunction-sections -Og -ffat-lto-objects -Wl,--end-group
"C:\Program Files (x86)\Cypress\PDL\3.0.4\tools\win\elf\cymcuelftool.exe" --sign C:\Users\rober\Desktop\SMIW_projekt\projekt_smiw\CE223727_EmWin_EInk_Display01\CE223727_EmWin_EInk_Display01.cydsn\CortexM0p\ARM_GCC_541\Debug\CE223727_EmWin_EInk_Display01_link.elf --output C:\Users\rober\Desktop\SMIW_projekt\projekt_smiw\CE223727_EmWin_EInk_Display01\CE223727_EmWin_EInk_Display01.cydsn\CortexM0p\ARM_GCC_541\Debug\CE223727_EmWin_EInk_Display01.elf --hex C:\Users\rober\Desktop\SMIW_projekt\projekt_smiw\CE223727_EmWin_EInk_Display01\CE223727_EmWin_EInk_Display01.cydsn\CortexM0p\ARM_GCC_541\Debug\CE223727_EmWin_EInk_Display01.hex
No ELF section .cychecksum found, creating one
Application checksum calculated and stored in ELF section .cychecksum
Checksum calculated and stored in ELF section .cymeta
The compile step is up to date, no work needs to be done.
arm-none-eabi-gcc.exe -Wl,--start-group -o C:\Users\rober\Desktop\SMIW_projekt\projekt_smiw\CE223727_EmWin_EInk_Display01\CE223727_EmWin_EInk_Display01.cydsn\CortexM4\ARM_GCC_541\Debug\CE223727_EmWin_EInk_Display01_link.elf Generated_Source\PSoC6\pdl\middleware\emWin\libs\libemWin_nosnts_gcc.a Generated_Source\PSoC6\pdl\middleware\emWin\libs\libemWin_nosnts_cm4f_gcc.a .\CortexM4\ARM_GCC_541\Debug\startup_psoc63_cm4.o .\CortexM4\ARM_GCC_541\Debug\main_cm4.o .\CortexM4\ARM_GCC_541\Debug\system_psoc63_cm4.o .\CortexM4\ARM_GCC_541\Debug\pervasive_eink_hardware_driver.o .\CortexM4\ARM_GCC_541\Debug\cy_eink_library.o .\CortexM4\ARM_GCC_541\Debug\cy_eink_psoc_interface.o ".\CortexM4\ARM_GCC_541\Debug\Cypress Logo Full Color_PNG_1bpp.o" .\CortexM4\ARM_GCC_541\Debug\GUIConf.o .\CortexM4\ARM_GCC_541\Debug\GUI_X.o .\CortexM4\ARM_GCC_541\Debug\LCDConf.o .\CortexM4\ARM_GCC_541\Debug\cy_ipc_config.o .\CortexM4\ARM_GCC_541\Debug\cyfitter_sysint_cfg.o .\CortexM4\ARM_GCC_541\Debug\cymetadata.o .\CortexM4\ARM_GCC_541\Debug\CY_EINK_SPIM.o .\CortexM4\ARM_GCC_541\Debug\CY_EINK_Timer.o .\CortexM4\ARM_GCC_541\Debug\Status_SW2.o .\CortexM4\ARM_GCC_541\Debug\cy_sysint.o .\CortexM4\ARM_GCC_541\Debug\cy_ipc_drv.o .\CortexM4\ARM_GCC_541\Debug\cy_ipc_sema.o .\CortexM4\ARM_GCC_541\Debug\cy_ipc_pipe.o .\CortexM4\ARM_GCC_541\Debug\cy_sysclk.o .\CortexM4\ARM_GCC_541\Debug\cy_wdt.o .\CortexM4\ARM_GCC_541\Debug\cy_tcpwm_counter.o .\CortexM4\ARM_GCC_541\Debug\cy_tcpwm_pwm.o .\CortexM4\ARM_GCC_541\Debug\cy_tcpwm_quaddec.o .\CortexM4\ARM_GCC_541\Debug\cy_scb_common.o .\CortexM4\ARM_GCC_541\Debug\cy_scb_i2c.o .\CortexM4\ARM_GCC_541\Debug\cy_scb_ezi2c.o .\CortexM4\ARM_GCC_541\Debug\cy_scb_spi.o .\CortexM4\ARM_GCC_541\Debug\cy_scb_uart.o .\CortexM4\ARM_GCC_541\Debug\cy_efuse.o .\CortexM4\ARM_GCC_541\Debug\cy_flash.o .\CortexM4\ARM_GCC_541\Debug\cy_gpio.o .\CortexM4\ARM_GCC_541\Debug\cy_sysanalog.o .\CortexM4\ARM_GCC_541\Debug\cy_syspm.o .\CortexM4\ARM_GCC_541\Debug\cy_syslib.o .\CortexM4\ARM_GCC_541\Debug\cy_syslib_gcc.o .\CortexM4\ARM_GCC_541\Debug\cy_trigmux.o .\CortexM4\ARM_GCC_541\Debug\cy_systick.o .\CortexM4\ARM_GCC_541\Debug\cy_profile.o .\CortexM4\ARM_GCC_541\Debug\cy_prot.o .\CortexM4\ARM_GCC_541\Debug\cy_lvd.o .\CortexM4\ARM_GCC_541\Debug\cy_ble_clk.o .\CortexM4\ARM_GCC_541\Debug\PWM.o -mcpu=cortex-m4 -mfloat-abi=softfp -mfpu=fpv4-sp-d16 -mthumb -L Generated_Source\PSoC6 -Wl,-Map,.\CortexM4\ARM_GCC_541\Debug/CE223727_EmWin_EInk_Display01.map -T cy8c6xx7_cm4_dual.ld -specs=nano.specs -Wl,--gc-sections -g -ffunction-sections -Og -ffat-lto-objects -Wl,--end-group
"C:\Program Files (x86)\Cypress\PDL\3.0.4\tools\win\elf\cymcuelftool.exe" --sign C:\Users\rober\Desktop\SMIW_projekt\projekt_smiw\CE223727_EmWin_EInk_Display01\CE223727_EmWin_EInk_Display01.cydsn\CortexM4\ARM_GCC_541\Debug\CE223727_EmWin_EInk_Display01_link.elf --output C:\Users\rober\Desktop\SMIW_projekt\projekt_smiw\CE223727_EmWin_EInk_Display01\CE223727_EmWin_EInk_Display01.cydsn\CortexM4\ARM_GCC_541\Debug\CE223727_EmWin_EInk_Display01_signed.elf --hex C:\Users\rober\Desktop\SMIW_projekt\projekt_smiw\CE223727_EmWin_EInk_Display01\CE223727_EmWin_EInk_Display01.cydsn\CortexM4\ARM_GCC_541\Debug\CE223727_EmWin_EInk_Display01_signed.hex
No ELF section .cychecksum found, creating one
Application checksum calculated and stored in ELF section .cychecksum
Checksum calculated and stored in ELF section .cymeta
"C:\Program Files (x86)\Cypress\PDL\3.0.4\tools\win\elf\cymcuelftool.exe" --merge C:\Users\rober\Desktop\SMIW_projekt\projekt_smiw\CE223727_EmWin_EInk_Display01\CE223727_EmWin_EInk_Display01.cydsn\CortexM4\ARM_GCC_541\Debug\CE223727_EmWin_EInk_Display01_signed.elf C:\Users\rober\Desktop\SMIW_projekt\projekt_smiw\CE223727_EmWin_EInk_Display01\CE223727_EmWin_EInk_Display01.cydsn\CortexM0p\ARM_GCC_541\Debug\CE223727_EmWin_EInk_Display01.elf --output C:\Users\rober\Desktop\SMIW_projekt\projekt_smiw\CE223727_EmWin_EInk_Display01\CE223727_EmWin_EInk_Display01.cydsn\CortexM4\ARM_GCC_541\Debug\CE223727_EmWin_EInk_Display01.elf --hex C:\Users\rober\Desktop\SMIW_projekt\projekt_smiw\CE223727_EmWin_EInk_Display01\CE223727_EmWin_EInk_Display01.cydsn\CortexM4\ARM_GCC_541\Debug\CE223727_EmWin_EInk_Display01.hex
Application checksum calculated and stored in ELF section .cychecksum
Checksum calculated and stored in ELF section .cymeta
"C:\Program Files (x86)\Cypress\PDL\3.0.4\tools\win\elf\cymcuelftool.exe" -A C:\Users\rober\Desktop\SMIW_projekt\projekt_smiw\CE223727_EmWin_EInk_Display01\CE223727_EmWin_EInk_Display01.cydsn\CortexM4\ARM_GCC_541\Debug\CE223727_EmWin_EInk_Display01.elf
code:59300	sram:34612
--------------- Build Succeeded: 07/18/2024 13:48:22 ---------------
